<?xml version="1.0" encoding="UTF-8"?>
<testsuites name="SpotLove Staging" time="140.063" tests="14" failures="0" errors="0">
   <testsuite name="SpotLove Staging" tests="14" failures="0" errors="0" time="140.063" skipped="0" timestamp="2022-09-20 17:16:02" hostname="pc - localhost" id="Test Suites/SpotLove Staging">
      <properties>
         <property name="deviceName" value="OnePlus GM1910 (Android 11)"/>
         <property name="devicePlatform" value=""/>
         <property name="logFolder" value="/Users/pc/Documents/Katalon Studio/SpotLove_Stagging/Reports/20220920_171550/SpotLove Staging/20220920_171550"/>
         <property name="logFiles" value="/Users/pc/Documents/Katalon Studio/SpotLove_Stagging/Reports/20220920_171550/SpotLove Staging/20220920_171550/execution0.log, /Users/pc/Documents/Katalon Studio/SpotLove_Stagging/Reports/20220920_171550/SpotLove Staging/20220920_171550/appium.log"/>
         <property name="attachments" value=""/>
         <property name="hostName" value="pc - localhost"/>
         <property name="os" value="Mac OS X 64bit"/>
         <property name="appiumServerStatus" value="{&quot;value&quot;:{&quot;build&quot;:{&quot;version&quot;:&quot;1.22.3&quot;}},&quot;sessionId&quot;:null,&quot;status&quot;:0}"/>
         <property name="katalonVersion" value="8.3.0.208"/>
         <property name="deviceOS" value="Android"/>
         <property name="appiumVersion" value="1.22.3"/>
         <property name="deviceModel" value="GM1910"/>
         <property name="hostAddress" value="127.0.0.1"/>
         <property name="deviceManufacturer" value="OnePlus"/>
         <property name="deviceId" value="192.168.88.4:5555"/>
         <property name="deviceName" value="OnePlus GM1910 (Android 11)"/>
         <property name="deviceOSVersion" value="11"/>
      </properties>
      <testcase name="Test Cases/testing/Welcome OnBoarding" time="36.164" classname="Test Cases/testing/Welcome OnBoarding" status="PASSED">
         <system-out><![CDATA[2022-09-20 17:16:02 - [TEST_CASE][PASSED] - Test Cases/testing/Welcome OnBoarding: Test Cases/testing/Welcome OnBoarding

2022-09-20 17:16:04 - [TEST_STEP][PASSED] - startExistingApplication(packageID, STOP_ON_FAILURE): Starting app with application ID: 'com.spotlove'

2022-09-20 17:16:04 - [MESSAGE][INFO] - User set preference: ['deviceId', '']

2022-09-20 17:16:04 - [MESSAGE][INFO] - Detected NodeJS location: "/usr/local/bin/node"

2022-09-20 17:16:06 - [MESSAGE][INFO] - Appium server started on port 51,671

2022-09-20 17:16:26 - [MESSAGE][INFO] - Failed to get OS statusbar's information using default method.

2022-09-20 17:16:26 - [MESSAGE][PASSED] - Starting app with application ID: 'com.spotlove'

2022-09-20 17:16:26 - [TEST_STEP][PASSED] - if (waitForElementPresent(logo, 30)): null

2022-09-20 17:16:31 - [MESSAGE][PASSED] - Element 'Object Repository/Onboarding_One/Logo' is present

2022-09-20 17:16:31 - [TEST_STEP][PASSED] - markPassed("PASSED: SpotLove logo is present on the screen."): PASSED: SpotLove logo is present on the screen.

2022-09-20 17:16:31 - [MESSAGE][PASSED] - PASSED: SpotLove logo is present on the screen.

2022-09-20 17:16:31 - [TEST_STEP][PASSED] - if (waitForElementPresent(welcome, 30)): null

2022-09-20 17:16:32 - [MESSAGE][PASSED] - Element 'Object Repository/Onboarding_One/Welcome to Spot.Love label text' is present

2022-09-20 17:16:32 - [TEST_STEP][PASSED] - markPassed("PASSED: Welcome... label text is present on the screen."): PASSED: Welcome... label text is present on the screen.

2022-09-20 17:16:32 - [MESSAGE][PASSED] - PASSED: Welcome... label text is present on the screen.

2022-09-20 17:16:32 - [TEST_STEP][PASSED] - if (waitForElementPresent(Please, 30)): null

2022-09-20 17:16:32 - [MESSAGE][PASSED] - Element 'Object Repository/Onboarding_One/Please follow these house rules label text' is present

2022-09-20 17:16:32 - [TEST_STEP][PASSED] - markPassed("PASSED: Please... label text is present on the screen."): PASSED: Please... label text is present on the screen.

2022-09-20 17:16:32 - [MESSAGE][PASSED] - PASSED: Please... label text is present on the screen.

2022-09-20 17:16:32 - [TEST_STEP][PASSED] - if (waitForElementPresent(Heart1, 30)): null

2022-09-20 17:16:33 - [MESSAGE][PASSED] - Element 'Object Repository/Onboarding_One/heart icon first' is present

2022-09-20 17:16:33 - [TEST_STEP][PASSED] - markPassed("PASSED: Heart Icon... is present on the screen."): PASSED: Heart Icon... is present on the screen.

2022-09-20 17:16:33 - [MESSAGE][PASSED] - PASSED: Heart Icon... is present on the screen.

2022-09-20 17:16:33 - [TEST_STEP][PASSED] - if (waitForElementPresent(Be, 30)): null

2022-09-20 17:16:33 - [MESSAGE][PASSED] - Element 'Object Repository/Onboarding_One/Be kind label text' is present

2022-09-20 17:16:33 - [TEST_STEP][PASSED] - markPassed("PASSED: Be Kind... label text is present on the screen."): PASSED: Be Kind... label text is present on the screen.

2022-09-20 17:16:33 - [MESSAGE][PASSED] - PASSED: Be Kind... label text is present on the screen.

2022-09-20 17:16:33 - [TEST_STEP][PASSED] - if (waitForElementPresent(Treat, 30)): null

2022-09-20 17:16:34 - [MESSAGE][PASSED] - Element 'Object Repository/Onboarding_One/Treat everyone with respect and kindness label text' is present

2022-09-20 17:16:34 - [TEST_STEP][PASSED] - markPassed("PASSED: Treat... label text is present on the screen."): PASSED: Treat... label text is present on the screen.

2022-09-20 17:16:34 - [MESSAGE][PASSED] - PASSED: Treat... label text is present on the screen.

2022-09-20 17:16:34 - [TEST_STEP][PASSED] - if (waitForElementPresent(Heart2, 30)): null

2022-09-20 17:16:35 - [MESSAGE][PASSED] - Element 'Object Repository/Onboarding_One/heart icon second' is present

2022-09-20 17:16:35 - [TEST_STEP][PASSED] - markPassed("PASSED: Heart Icon... is present on the screen."): PASSED: Heart Icon... is present on the screen.

2022-09-20 17:16:35 - [MESSAGE][PASSED] - PASSED: Heart Icon... is present on the screen.

2022-09-20 17:16:35 - [TEST_STEP][PASSED] - if (waitForElementPresent(Be_You, 30)): null

2022-09-20 17:16:35 - [MESSAGE][PASSED] - Element 'Object Repository/Onboarding_One/Be yourself label text' is present

2022-09-20 17:16:35 - [TEST_STEP][PASSED] - markPassed("PASSED: Be Your... label text is present on the screen."): PASSED: Be Your... label text is present on the screen.

2022-09-20 17:16:35 - [MESSAGE][PASSED] - PASSED: Be Your... label text is present on the screen.

2022-09-20 17:16:35 - [TEST_STEP][PASSED] - if (waitForElementPresent(Be_honest, 30)): null

2022-09-20 17:16:36 - [MESSAGE][PASSED] - Element 'Object Repository/Onboarding_One/Be honest about your age, phots, and bio label text' is present

2022-09-20 17:16:36 - [TEST_STEP][PASSED] - markPassed("PASSED: Be Honest... label text is present on the screen."): PASSED: Be Honest... label text is present on the screen.

2022-09-20 17:16:36 - [MESSAGE][PASSED] - PASSED: Be Honest... label text is present on the screen.

2022-09-20 17:16:36 - [TEST_STEP][PASSED] - if (waitForElementPresent(Heart3, 30)): null

2022-09-20 17:16:37 - [MESSAGE][PASSED] - Element 'Object Repository/Onboarding_One/heart icon third' is present

2022-09-20 17:16:37 - [TEST_STEP][PASSED] - markPassed("PASSED: Heart Icon... is present on the screen."): PASSED: Heart Icon... is present on the screen.

2022-09-20 17:16:37 - [MESSAGE][PASSED] - PASSED: Heart Icon... is present on the screen.

2022-09-20 17:16:37 - [TEST_STEP][PASSED] - if (waitForElementPresent(Be_Out, 30)): null

2022-09-20 17:16:37 - [MESSAGE][PASSED] - Element 'Object Repository/Onboarding_One/Be outspoken label text' is present

2022-09-20 17:16:37 - [TEST_STEP][PASSED] - markPassed("PASSED: Be Out... label text is present on the screen."): PASSED: Be Out... label text is present on the screen.

2022-09-20 17:16:37 - [MESSAGE][PASSED] - PASSED: Be Out... label text is present on the screen.

2022-09-20 17:16:37 - [TEST_STEP][PASSED] - if (waitForElementPresent(Always, 30)): null

2022-09-20 17:16:37 - [MESSAGE][PASSED] - Element 'Object Repository/Onboarding_One/Always report bad behavior label text' is present

2022-09-20 17:16:37 - [TEST_STEP][PASSED] - markPassed("PASSED: Always... label text is present on the screen."): PASSED: Always... label text is present on the screen.

2022-09-20 17:16:37 - [MESSAGE][PASSED] - PASSED: Always... label text is present on the screen.

2022-09-20 17:16:37 - [TEST_STEP][PASSED] - if (waitForElementPresent(Terms, 30)): null

2022-09-20 17:16:38 - [MESSAGE][PASSED] - Element 'Object Repository/Onboarding_One/View terms and Conditions' is present

2022-09-20 17:16:38 - [TEST_STEP][PASSED] - markPassed("PASSED: View Terms and Conditions are show on the screen"): PASSED: View Terms and Conditions are show on the screen

2022-09-20 17:16:38 - [MESSAGE][PASSED] - PASSED: View Terms and Conditions are show on the screen

2022-09-20 17:16:38 - [TEST_STEP][PASSED] - if (waitForElementPresent(Agree, 30)): null

2022-09-20 17:16:38 - [MESSAGE][PASSED] - Element 'Object Repository/Onboarding_One/I Agree Button' is present

2022-09-20 17:16:38 - [TEST_STEP][PASSED] - tap(Agree, 30): Tapped on element 'Object Repository/Onboarding_One/I Agree Button'

2022-09-20 17:16:39 - [MESSAGE][PASSED] - Tapped on element 'Object Repository/Onboarding_One/I Agree Button'

2022-09-20 17:16:39 - [TEST_STEP][PASSED] - markPassed("PASSED: I Agree Button ise show on the screen"): PASSED: I Agree Button ise show on the screen

2022-09-20 17:16:39 - [MESSAGE][PASSED] - PASSED: I Agree Button ise show on the screen]]></system-out>
         <system-err><![CDATA[]]></system-err>
      </testcase>
      <testcase name="Test Cases/testing/Referral Screen" time="3.958" classname="Test Cases/testing/Referral Screen" status="PASSED">
         <system-out><![CDATA[2022-09-20 17:16:39 - [TEST_CASE][PASSED] - Test Cases/testing/Referral Screen: Test Cases/testing/Referral Screen

2022-09-20 17:16:39 - [TEST_STEP][PASSED] - if (waitForElementPresent(Heart_Icon, 30)): null

2022-09-20 17:16:40 - [MESSAGE][PASSED] - Element 'Object Repository/Referral screen/heart Icon' is present

2022-09-20 17:16:40 - [TEST_STEP][PASSED] - markPassed("PASSED: Heart Icon is present on the screen"): PASSED: Heart Icon is present on the screen

2022-09-20 17:16:40 - [MESSAGE][PASSED] - PASSED: Heart Icon is present on the screen

2022-09-20 17:16:40 - [TEST_STEP][PASSED] - if (waitForElementPresent(Howdi, 30)): null

2022-09-20 17:16:40 - [MESSAGE][PASSED] - Element 'Object Repository/Referral screen/How did you hear about us label text' is present

2022-09-20 17:16:40 - [TEST_STEP][PASSED] - markPassed("PASSED: How did... label text is present on the screen"): PASSED: How did... label text is present on the screen

2022-09-20 17:16:40 - [MESSAGE][PASSED] - PASSED: How did... label text is present on the screen

2022-09-20 17:16:40 - [TEST_STEP][PASSED] - if (waitForElementPresent(dropdown, 30)): null

2022-09-20 17:16:41 - [MESSAGE][PASSED] - Element 'Object Repository/Referral screen/Referral dropdown' is present

2022-09-20 17:16:41 - [TEST_STEP][PASSED] - markPassed("PASSED: Dropdown menu is present on the screen"): PASSED: Dropdown menu is present on the screen

2022-09-20 17:16:41 - [MESSAGE][PASSED] - PASSED: Dropdown menu is present on the screen

2022-09-20 17:16:41 - [TEST_STEP][PASSED] - if (waitForElementPresent(Text_box, 30)): null

2022-09-20 17:16:41 - [MESSAGE][PASSED] - Element 'Object Repository/Referral screen/Referral Code text box' is present

2022-09-20 17:16:41 - [TEST_STEP][PASSED] - markPassed("PASSED: Do you... is present on the screen"): PASSED: Do you... is present on the screen

2022-09-20 17:16:41 - [MESSAGE][PASSED] - PASSED: Do you... is present on the screen

2022-09-20 17:16:41 - [TEST_STEP][PASSED] - if (waitForElementPresent(Continue, 30)): null

2022-09-20 17:16:41 - [MESSAGE][PASSED] - Element 'Object Repository/Referral screen/Continue button' is present

2022-09-20 17:16:41 - [TEST_STEP][PASSED] - tap(Continue, 30): Tapped on element 'Object Repository/Referral screen/Continue button'

2022-09-20 17:16:43 - [MESSAGE][PASSED] - Tapped on element 'Object Repository/Referral screen/Continue button'

2022-09-20 17:16:43 - [TEST_STEP][PASSED] - markPassed("PASSED: Continue Button is present on the screen"): PASSED: Continue Button is present on the screen

2022-09-20 17:16:43 - [MESSAGE][PASSED] - PASSED: Continue Button is present on the screen]]></system-out>
         <system-err><![CDATA[]]></system-err>
      </testcase>
      <testcase name="Test Cases/testing/First Name" time="11.945" classname="Test Cases/testing/First Name" status="PASSED">
         <system-out><![CDATA[2022-09-20 17:16:43 - [TEST_CASE][PASSED] - Test Cases/testing/First Name: Test Cases/testing/First Name

2022-09-20 17:16:43 - [TEST_STEP][PASSED] - if (waitForElementPresent(back, 30)): null

2022-09-20 17:16:44 - [MESSAGE][PASSED] - Element 'Object Repository/First name Screen/Back' is present

2022-09-20 17:16:44 - [TEST_STEP][PASSED] - tap(back, 30): Tapped on element 'Object Repository/First name Screen/Back'

2022-09-20 17:16:45 - [MESSAGE][PASSED] - Tapped on element 'Object Repository/First name Screen/Back'

2022-09-20 17:16:45 - [TEST_STEP][PASSED] - markPassed("PASSED: Back Button is present on the screen"): PASSED: Back Button is present on the screen

2022-09-20 17:16:45 - [MESSAGE][PASSED] - PASSED: Back Button is present on the screen

2022-09-20 17:16:45 - [TEST_STEP][PASSED] - if (waitForElementPresent(Previous_Continue, 30)): null

2022-09-20 17:16:46 - [MESSAGE][PASSED] - Element 'Object Repository/Referral screen/Continue button' is present

2022-09-20 17:16:46 - [TEST_STEP][PASSED] - tap(Previous_Continue, 30): Tapped on element 'Object Repository/Referral screen/Continue button'

2022-09-20 17:16:47 - [MESSAGE][PASSED] - Tapped on element 'Object Repository/Referral screen/Continue button'

2022-09-20 17:16:47 - [TEST_STEP][PASSED] - markPassed("PASSED: Continue Button is present on the screen"): PASSED: Continue Button is present on the screen

2022-09-20 17:16:47 - [MESSAGE][PASSED] - PASSED: Continue Button is present on the screen

2022-09-20 17:16:47 - [TEST_STEP][PASSED] - if (waitForElementPresent(card_icon, 30)): null

2022-09-20 17:16:48 - [MESSAGE][PASSED] - Element 'Object Repository/First name Screen/Card Icon' is present

2022-09-20 17:16:48 - [TEST_STEP][PASSED] - markPassed("PASSED: Card Icon is present on the screen"): PASSED: Card Icon is present on the screen

2022-09-20 17:16:48 - [MESSAGE][PASSED] - PASSED: Card Icon is present on the screen

2022-09-20 17:16:48 - [TEST_STEP][PASSED] - if (waitForElementPresent(What, 30)): null

2022-09-20 17:16:49 - [MESSAGE][PASSED] - Element 'Object Repository/First name Screen/What should we call you label text' is present

2022-09-20 17:16:49 - [TEST_STEP][PASSED] - markPassed("PASSED: What should... label text is present on the screen"): PASSED: What should... label text is present on the screen

2022-09-20 17:16:49 - [MESSAGE][PASSED] - PASSED: What should... label text is present on the screen

2022-09-20 17:16:49 - [TEST_STEP][PASSED] - if (waitForElementPresent(Tell_us, 30)): null

2022-09-20 17:16:49 - [MESSAGE][PASSED] - Element 'Object Repository/First name Screen/Tell us your first name label Text' is present

2022-09-20 17:16:49 - [TEST_STEP][PASSED] - markPassed("PASSED: Tell us... label text is present on the screen"): PASSED: Tell us... label text is present on the screen

2022-09-20 17:16:49 - [MESSAGE][PASSED] - PASSED: Tell us... label text is present on the screen

2022-09-20 17:16:49 - [TEST_STEP][PASSED] - if (waitForElementPresent(Name, 30)): null

2022-09-20 17:16:50 - [MESSAGE][PASSED] - Element 'Object Repository/First name Screen/Name text text box' is present

2022-09-20 17:16:50 - [TEST_STEP][PASSED] - setText(Name, F_Name, 30): Text 'Umar' has been set to element 'Object Repository/First name Screen/Name text text box'

2022-09-20 17:16:52 - [MESSAGE][PASSED] - Text 'Umar' has been set to element 'Object Repository/First name Screen/Name text text box'

2022-09-20 17:16:52 - [TEST_STEP][PASSED] - markPassed("PASSED: Name Enter s Successfully"): PASSED: Name Enter s Successfully

2022-09-20 17:16:52 - [MESSAGE][PASSED] - PASSED: Name Enter s Successfully

2022-09-20 17:16:52 - [TEST_STEP][PASSED] - if (waitForElementPresent(Continue, 30)): null

2022-09-20 17:16:53 - [MESSAGE][PASSED] - Element 'Object Repository/First name Screen/Continue Button' is present

2022-09-20 17:16:53 - [TEST_STEP][PASSED] - tap(Continue, 30): Tapped on element 'Object Repository/First name Screen/Continue Button'

2022-09-20 17:16:54 - [MESSAGE][PASSED] - Tapped on element 'Object Repository/First name Screen/Continue Button'

2022-09-20 17:16:54 - [TEST_STEP][PASSED] - markPassed("PASSED: Continue button is present on the screen"): PASSED: Continue button is present on the screen

2022-09-20 17:16:54 - [MESSAGE][PASSED] - PASSED: Continue button is present on the screen

2022-09-20 17:16:54 - [TEST_STEP][PASSED] - if (waitForElementPresent(Cake, 30)): null

2022-09-20 17:16:54 - [MESSAGE][PASSED] - Element 'Object Repository/DOB/Cake icon' is present

2022-09-20 17:16:54 - [TEST_STEP][PASSED] - markPassed("PASSED: Successfully Moved to birthday Screen"): PASSED: Successfully Moved to birthday Screen

2022-09-20 17:16:54 - [MESSAGE][PASSED] - PASSED: Successfully Moved to birthday Screen]]></system-out>
         <system-err><![CDATA[]]></system-err>
      </testcase>
      <testcase name="Test Cases/testing/Birthday" time="14.972" classname="Test Cases/testing/Birthday" status="PASSED">
         <system-out><![CDATA[2022-09-20 17:16:54 - [TEST_CASE][PASSED] - Test Cases/testing/Birthday: Test Cases/testing/Birthday

2022-09-20 17:16:55 - [TEST_STEP][PASSED] - if (waitForElementPresent(Back, 30)): null

2022-09-20 17:16:56 - [MESSAGE][PASSED] - Element 'Object Repository/DOB/Back' is present

2022-09-20 17:16:56 - [TEST_STEP][PASSED] - tap(Back, 30): Tapped on element 'Object Repository/DOB/Back'

2022-09-20 17:16:57 - [MESSAGE][PASSED] - Tapped on element 'Object Repository/DOB/Back'

2022-09-20 17:16:57 - [TEST_STEP][PASSED] - markPassed("PASSED: Back Button is present on the screen"): PASSED: Back Button is present on the screen

2022-09-20 17:16:57 - [MESSAGE][PASSED] - PASSED: Back Button is present on the screen

2022-09-20 17:16:57 - [TEST_STEP][PASSED] - if (waitForElementPresent(Pervious_Continue, 30)): null

2022-09-20 17:16:59 - [MESSAGE][PASSED] - Element 'Object Repository/First name Screen/Continue Button' is present

2022-09-20 17:16:59 - [TEST_STEP][PASSED] - tap(Pervious_Continue, 30): Tapped on element 'Object Repository/First name Screen/Continue Button'

2022-09-20 17:16:59 - [MESSAGE][PASSED] - Tapped on element 'Object Repository/First name Screen/Continue Button'

2022-09-20 17:16:59 - [TEST_STEP][PASSED] - markPassed("PASSED: Continue Button is present on the screen"): PASSED: Continue Button is present on the screen

2022-09-20 17:16:59 - [MESSAGE][PASSED] - PASSED: Continue Button is present on the screen

2022-09-20 17:16:59 - [TEST_STEP][PASSED] - if (waitForElementPresent(cake_icon, 30)): null

2022-09-20 17:17:01 - [MESSAGE][PASSED] - Element 'Object Repository/DOB/Cake icon' is present

2022-09-20 17:17:01 - [TEST_STEP][PASSED] - markPassed("PASSED: Card Icon is present on the screen"): PASSED: Card Icon is present on the screen

2022-09-20 17:17:01 - [MESSAGE][PASSED] - PASSED: Card Icon is present on the screen

2022-09-20 17:17:01 - [TEST_STEP][PASSED] - if (waitForElementPresent(Whatsyour, 30)): null

2022-09-20 17:17:02 - [MESSAGE][PASSED] - Element 'Object Repository/DOB/Whats your date of birth label Text' is present

2022-09-20 17:17:02 - [TEST_STEP][PASSED] - markPassed("PASSED: Whats your... label text is present on the screen"): PASSED: Whats your... label text is present on the screen

2022-09-20 17:17:02 - [MESSAGE][PASSED] - PASSED: Whats your... label text is present on the screen

2022-09-20 17:17:02 - [TEST_STEP][PASSED] - if (waitForElementPresent(Year, 30)): null

2022-09-20 17:17:03 - [MESSAGE][PASSED] - Element 'Object Repository/DOB/Year Picker' is present

2022-09-20 17:17:03 - [TEST_STEP][PASSED] - tap(Year, 30): Tapped on element 'Object Repository/DOB/Year Picker'

2022-09-20 17:17:04 - [MESSAGE][PASSED] - Tapped on element 'Object Repository/DOB/Year Picker'

2022-09-20 17:17:04 - [TEST_STEP][PASSED] - markPassed("PASSED: Year is present on the screen"): PASSED: Year is present on the screen

2022-09-20 17:17:04 - [MESSAGE][PASSED] - PASSED: Year is present on the screen

2022-09-20 17:17:04 - [TEST_STEP][PASSED] - if (waitForElementPresent(Continue, 30)): null

2022-09-20 17:17:05 - [MESSAGE][PASSED] - Element 'Object Repository/DOB/Continue Button' is present

2022-09-20 17:17:05 - [TEST_STEP][PASSED] - tap(Continue, 30): Tapped on element 'Object Repository/DOB/Continue Button'

2022-09-20 17:17:05 - [MESSAGE][PASSED] - Tapped on element 'Object Repository/DOB/Continue Button'

2022-09-20 17:17:05 - [TEST_STEP][PASSED] - markPassed("PASSED: Continue button is present on the screen"): PASSED: Continue button is present on the screen

2022-09-20 17:17:05 - [MESSAGE][PASSED] - PASSED: Continue button is present on the screen

2022-09-20 17:17:05 - [TEST_STEP][PASSED] - if (waitForElementPresent(Please, 30)): null

2022-09-20 17:17:06 - [MESSAGE][PASSED] - Element 'Object Repository/DOB/Please confirm your birthdate label text' is present

2022-09-20 17:17:06 - [TEST_STEP][PASSED] - markPassed("PASSED: Please Confirm... label text is present on the screen"): PASSED: Please Confirm... label text is present on the screen

2022-09-20 17:17:06 - [MESSAGE][PASSED] - PASSED: Please Confirm... label text is present on the screen

2022-09-20 17:17:06 - [TEST_STEP][PASSED] - if (waitForElementPresent(Thiscant, 30)): null

2022-09-20 17:17:07 - [MESSAGE][PASSED] - Element 'Object Repository/DOB/This cant be changed later label text' is present

2022-09-20 17:17:07 - [TEST_STEP][PASSED] - markPassed("PASSED: This cant... label text is present on the screen"): PASSED: This cant... label text is present on the screen

2022-09-20 17:17:07 - [MESSAGE][PASSED] - PASSED: This cant... label text is present on the screen

2022-09-20 17:17:07 - [TEST_STEP][PASSED] - if (waitForElementPresent(C_Continue, 30)): null

2022-09-20 17:17:07 - [MESSAGE][PASSED] - Element 'Object Repository/DOB/C_Continue' is present

2022-09-20 17:17:07 - [TEST_STEP][PASSED] - tap(C_Continue, 30): Tapped on element 'Object Repository/DOB/C_Continue'

2022-09-20 17:17:09 - [MESSAGE][PASSED] - Tapped on element 'Object Repository/DOB/C_Continue'

2022-09-20 17:17:09 - [TEST_STEP][PASSED] - markPassed("PASSED: C_Continue button present on the screen"): PASSED: C_Continue button present on the screen

2022-09-20 17:17:09 - [MESSAGE][PASSED] - PASSED: C_Continue button present on the screen]]></system-out>
         <system-err><![CDATA[]]></system-err>
      </testcase>
      <testcase name="Test Cases/testing/Identifications" time="3.844" classname="Test Cases/testing/Identifications" status="PASSED">
         <system-out><![CDATA[2022-09-20 17:17:09 - [TEST_CASE][PASSED] - Test Cases/testing/Identifications: Test Cases/testing/Identifications

2022-09-20 17:17:10 - [TEST_STEP][PASSED] - if (waitForElementPresent(Back, 30)): null

2022-09-20 17:17:10 - [MESSAGE][PASSED] - Element 'Object Repository/Identify/Back' is present

2022-09-20 17:17:10 - [TEST_STEP][PASSED] - markPassed("PASSED: Back button present on the screen"): PASSED: Back button present on the screen

2022-09-20 17:17:10 - [MESSAGE][PASSED] - PASSED: Back button present on the screen

2022-09-20 17:17:10 - [TEST_STEP][PASSED] - if (waitForElementPresent(Mirror_icon, 30)): null

2022-09-20 17:17:10 - [MESSAGE][PASSED] - Element 'Object Repository/Identify/Mirror Icon' is present

2022-09-20 17:17:10 - [TEST_STEP][PASSED] - markPassed("PASSED: Mirror Icon present on the screen"): PASSED: Mirror Icon present on the screen

2022-09-20 17:17:10 - [MESSAGE][PASSED] - PASSED: Mirror Icon present on the screen

2022-09-20 17:17:10 - [TEST_STEP][PASSED] - if (waitForElementPresent(How_do, 30)): null

2022-09-20 17:17:11 - [MESSAGE][PASSED] - Element 'Object Repository/Identify/How do you identify label text' is present

2022-09-20 17:17:11 - [TEST_STEP][PASSED] - markPassed("PASSED: How do... label text present on the screen"): PASSED: How do... label text present on the screen

2022-09-20 17:17:11 - [MESSAGE][PASSED] - PASSED: How do... label text present on the screen

2022-09-20 17:17:11 - [TEST_STEP][PASSED] - com.spotlove.Utility.random_value(Gender): com.spotlove.Utility.random_value is PASSED

2022-09-20 17:17:11 - [MESSAGE][PASSED] - com.spotlove.Utility.random_value is PASSED

2022-09-20 17:17:11 - [TEST_STEP][PASSED] - if (waitForElementPresent(Continue, 30)): null

2022-09-20 17:17:13 - [MESSAGE][PASSED] - Element 'Object Repository/Identify/Continue Button' is present

2022-09-20 17:17:13 - [TEST_STEP][PASSED] - tap(Continue, 30): Tapped on element 'Object Repository/Identify/Continue Button'

2022-09-20 17:17:13 - [MESSAGE][PASSED] - Tapped on element 'Object Repository/Identify/Continue Button'

2022-09-20 17:17:13 - [TEST_STEP][PASSED] - markPassed("PASSED: Continue button present on the screen"): PASSED: Continue button present on the screen

2022-09-20 17:17:13 - [MESSAGE][PASSED] - PASSED: Continue button present on the screen]]></system-out>
         <system-err><![CDATA[]]></system-err>
      </testcase>
      <testcase name="Test Cases/testing/Into" time="4.153" classname="Test Cases/testing/Into" status="PASSED">
         <system-out><![CDATA[2022-09-20 17:17:13 - [TEST_CASE][PASSED] - Test Cases/testing/Into: Test Cases/testing/Into

2022-09-20 17:17:14 - [TEST_STEP][PASSED] - if (waitForElementPresent(back, 30)): null

2022-09-20 17:17:15 - [MESSAGE][PASSED] - Element 'Object Repository/INTO/Back' is present

2022-09-20 17:17:15 - [TEST_STEP][PASSED] - markPassed("PASSED: Back button present on the screen"): PASSED: Back button present on the screen

2022-09-20 17:17:15 - [MESSAGE][PASSED] - PASSED: Back button present on the screen

2022-09-20 17:17:15 - [TEST_STEP][PASSED] - if (waitForElementPresent(Profile_icon, 30)): null

2022-09-20 17:17:16 - [MESSAGE][PASSED] - Element 'Object Repository/INTO/Profile icon' is present

2022-09-20 17:17:16 - [TEST_STEP][PASSED] - markPassed("PASSED: Profile icon present on the screen"): PASSED: Profile icon present on the screen

2022-09-20 17:17:16 - [MESSAGE][PASSED] - PASSED: Profile icon present on the screen

2022-09-20 17:17:16 - [TEST_STEP][PASSED] - if (waitForElementPresent(Who, 30)): null

2022-09-20 17:17:16 - [MESSAGE][PASSED] - Element 'Object Repository/INTO/Who are you into label text' is present

2022-09-20 17:17:16 - [TEST_STEP][PASSED] - markPassed("PASSED: Who are... label text present on the screen"): PASSED: Who are... label text present on the screen

2022-09-20 17:17:16 - [MESSAGE][PASSED] - PASSED: Who are... label text present on the screen

2022-09-20 17:17:16 - [TEST_STEP][PASSED] - com.spotlove.Utility.random_value(Into): com.spotlove.Utility.random_value is PASSED

2022-09-20 17:17:16 - [MESSAGE][PASSED] - com.spotlove.Utility.random_value is PASSED

2022-09-20 17:17:16 - [TEST_STEP][PASSED] - if (waitForElementPresent(Continue, 30)): null

2022-09-20 17:17:17 - [MESSAGE][PASSED] - Element 'Object Repository/INTO/Continue Button' is present

2022-09-20 17:17:17 - [TEST_STEP][PASSED] - tap(Continue, 30): Tapped on element 'Object Repository/INTO/Continue Button'

2022-09-20 17:17:17 - [MESSAGE][PASSED] - Tapped on element 'Object Repository/INTO/Continue Button'

2022-09-20 17:17:17 - [TEST_STEP][PASSED] - markPassed("PASSED: Continue button present on the screen"): PASSED: Continue button present on the screen

2022-09-20 17:17:17 - [MESSAGE][PASSED] - PASSED: Continue button present on the screen]]></system-out>
         <system-err><![CDATA[]]></system-err>
      </testcase>
      <testcase name="Test Cases/testing/Height Scale" time="5.022" classname="Test Cases/testing/Height Scale" status="PASSED">
         <system-out><![CDATA[2022-09-20 17:17:17 - [TEST_CASE][PASSED] - Test Cases/testing/Height Scale: Test Cases/testing/Height Scale

2022-09-20 17:17:18 - [TEST_STEP][PASSED] - if (waitForElementPresent(Back, 30)): null

2022-09-20 17:17:19 - [MESSAGE][PASSED] - Element 'Object Repository/Height scale/Back' is present

2022-09-20 17:17:19 - [TEST_STEP][PASSED] - markPassed("PASSED: Back button present on the screen"): PASSED: Back button present on the screen

2022-09-20 17:17:19 - [MESSAGE][PASSED] - PASSED: Back button present on the screen

2022-09-20 17:17:19 - [TEST_STEP][PASSED] - if (waitForElementPresent(Scale_icon, 30)): null

2022-09-20 17:17:20 - [MESSAGE][PASSED] - Element 'Object Repository/Height scale/Scale icon' is present

2022-09-20 17:17:20 - [TEST_STEP][PASSED] - markPassed("PASSED: Scale icon present on the screen"): PASSED: Scale icon present on the screen

2022-09-20 17:17:20 - [MESSAGE][PASSED] - PASSED: Scale icon present on the screen

2022-09-20 17:17:20 - [TEST_STEP][PASSED] - if (waitForElementPresent(How, 30)): null

2022-09-20 17:17:21 - [MESSAGE][PASSED] - Element 'Object Repository/Height scale/How tall are you label text' is present

2022-09-20 17:17:21 - [TEST_STEP][PASSED] - markPassed("PASSED: How tall... label text present on the screen"): PASSED: How tall... label text present on the screen

2022-09-20 17:17:21 - [MESSAGE][PASSED] - PASSED: How tall... label text present on the screen

2022-09-20 17:17:21 - [TEST_STEP][PASSED] - if (waitForElementPresent(Continue, 30)): null

2022-09-20 17:17:22 - [MESSAGE][PASSED] - Element 'Object Repository/Height scale/Continue Button' is present

2022-09-20 17:17:22 - [TEST_STEP][PASSED] - tap(Continue, 30): Tapped on element 'Object Repository/Height scale/Continue Button'

2022-09-20 17:17:23 - [MESSAGE][PASSED] - Tapped on element 'Object Repository/Height scale/Continue Button'

2022-09-20 17:17:23 - [TEST_STEP][PASSED] - markPassed("PASSED: Continue Button present on the screen"): PASSED: Continue Button present on the screen

2022-09-20 17:17:23 - [MESSAGE][PASSED] - PASSED: Continue Button present on the screen]]></system-out>
         <system-err><![CDATA[]]></system-err>
      </testcase>
      <testcase name="Test Cases/testing/Ethnicity" time="6.037" classname="Test Cases/testing/Ethnicity" status="PASSED">
         <system-out><![CDATA[2022-09-20 17:17:23 - [TEST_CASE][PASSED] - Test Cases/testing/Ethnicity: Test Cases/testing/Ethnicity

2022-09-20 17:17:23 - [TEST_STEP][PASSED] - if (waitForElementPresent(Back, 30)): null

2022-09-20 17:17:25 - [MESSAGE][PASSED] - Element 'Object Repository/Ethnicity/Back' is present

2022-09-20 17:17:25 - [TEST_STEP][PASSED] - markPassed("PASSED: Back button present on the screen"): PASSED: Back button present on the screen

2022-09-20 17:17:25 - [MESSAGE][PASSED] - PASSED: Back button present on the screen

2022-09-20 17:17:25 - [TEST_STEP][PASSED] - if (waitForElementPresent(Megnifying_icon, 30)): null

2022-09-20 17:17:25 - [MESSAGE][PASSED] - Element 'Object Repository/Ethnicity/Megnifying icon' is present

2022-09-20 17:17:25 - [TEST_STEP][PASSED] - markPassed("PASSED: Megnifying icon present on the screen"): PASSED: Megnifying icon present on the screen

2022-09-20 17:17:25 - [MESSAGE][PASSED] - PASSED: Megnifying icon present on the screen

2022-09-20 17:17:25 - [TEST_STEP][PASSED] - if (waitForElementPresent(Whats, 30)): null

2022-09-20 17:17:26 - [MESSAGE][PASSED] - Element 'Object Repository/Ethnicity/Whats your ethnicity label text' is present

2022-09-20 17:17:26 - [TEST_STEP][PASSED] - markPassed("PASSED: Whats your... label text present on the screen"): PASSED: Whats your... label text present on the screen

2022-09-20 17:17:26 - [MESSAGE][PASSED] - PASSED: Whats your... label text present on the screen

2022-09-20 17:17:26 - [TEST_STEP][PASSED] - com.spotlove.Utility.random_value(Ethnicity): com.spotlove.Utility.random_value is PASSED

2022-09-20 17:17:26 - [MESSAGE][PASSED] - com.spotlove.Utility.random_value is PASSED

2022-09-20 17:17:26 - [TEST_STEP][PASSED] - if (waitForElementPresent(Continue, 30)): null

2022-09-20 17:17:28 - [MESSAGE][PASSED] - Element 'Object Repository/Ethnicity/Continue Button' is present

2022-09-20 17:17:28 - [TEST_STEP][PASSED] - tap(Continue, 30): Tapped on element 'Object Repository/Ethnicity/Continue Button'

2022-09-20 17:17:29 - [MESSAGE][PASSED] - Tapped on element 'Object Repository/Ethnicity/Continue Button'

2022-09-20 17:17:29 - [TEST_STEP][PASSED] - markPassed("PASSED: Continue button present on the screen"): PASSED: Continue button present on the screen

2022-09-20 17:17:29 - [MESSAGE][PASSED] - PASSED: Continue button present on the screen]]></system-out>
         <system-err><![CDATA[]]></system-err>
      </testcase>
      <testcase name="Test Cases/testing/Religion" time="5.897" classname="Test Cases/testing/Religion" status="PASSED">
         <system-out><![CDATA[2022-09-20 17:17:29 - [TEST_CASE][PASSED] - Test Cases/testing/Religion: Test Cases/testing/Religion

2022-09-20 17:17:29 - [TEST_STEP][PASSED] - if (waitForElementPresent(Back, 30)): null

2022-09-20 17:17:31 - [MESSAGE][PASSED] - Element 'Object Repository/Religion/Back' is present

2022-09-20 17:17:31 - [TEST_STEP][PASSED] - markPassed("PASSED: Back button present on the screen"): PASSED: Back button present on the screen

2022-09-20 17:17:31 - [MESSAGE][PASSED] - PASSED: Back button present on the screen

2022-09-20 17:17:31 - [TEST_STEP][PASSED] - if (waitForElementPresent(Book, 30)): null

2022-09-20 17:17:31 - [MESSAGE][PASSED] - Element 'Object Repository/Religion/Book Icon' is present

2022-09-20 17:17:31 - [TEST_STEP][PASSED] - markPassed("PASSED: Book icon present on the screen"): PASSED: Book icon present on the screen

2022-09-20 17:17:31 - [MESSAGE][PASSED] - PASSED: Book icon present on the screen

2022-09-20 17:17:31 - [TEST_STEP][PASSED] - if (waitForElementPresent(What, 30)): null

2022-09-20 17:17:32 - [MESSAGE][PASSED] - Element 'Object Repository/Religion/Whats your religion label text' is present

2022-09-20 17:17:32 - [TEST_STEP][PASSED] - markPassed("PASSED: Whats your... label text present on the screen"): PASSED: Whats your... label text present on the screen

2022-09-20 17:17:32 - [MESSAGE][PASSED] - PASSED: Whats your... label text present on the screen

2022-09-20 17:17:32 - [TEST_STEP][PASSED] - com.spotlove.Utility.random_value(Religion): com.spotlove.Utility.random_value is PASSED

2022-09-20 17:17:32 - [MESSAGE][PASSED] - com.spotlove.Utility.random_value is PASSED

2022-09-20 17:17:32 - [TEST_STEP][PASSED] - if (waitForElementPresent(Continue, 30)): null

2022-09-20 17:17:34 - [MESSAGE][PASSED] - Element 'Object Repository/Religion/continue Button' is present

2022-09-20 17:17:34 - [TEST_STEP][PASSED] - tap(Continue, 30): Tapped on element 'Object Repository/Religion/continue Button'

2022-09-20 17:17:34 - [MESSAGE][PASSED] - Tapped on element 'Object Repository/Religion/continue Button'

2022-09-20 17:17:34 - [TEST_STEP][PASSED] - markPassed("PASSED: Continue button present on the screen"): PASSED: Continue button present on the screen

2022-09-20 17:17:34 - [MESSAGE][PASSED] - PASSED: Continue button present on the screen]]></system-out>
         <system-err><![CDATA[]]></system-err>
      </testcase>
      <testcase name="Test Cases/testing/Relationship" time="6.077" classname="Test Cases/testing/Relationship" status="PASSED">
         <system-out><![CDATA[2022-09-20 17:17:34 - [TEST_CASE][PASSED] - Test Cases/testing/Relationship: Test Cases/testing/Relationship

2022-09-20 17:17:35 - [TEST_STEP][PASSED] - if (waitForElementPresent(Back, 30)): null

2022-09-20 17:17:37 - [MESSAGE][PASSED] - Element 'Object Repository/Relationship/Back' is present

2022-09-20 17:17:37 - [TEST_STEP][PASSED] - markPassed("PASSED: Back button present on the screen"): PASSED: Back button present on the screen

2022-09-20 17:17:37 - [MESSAGE][PASSED] - PASSED: Back button present on the screen

2022-09-20 17:17:37 - [TEST_STEP][PASSED] - if (waitForElementPresent(Heart_Icon, 30)): null

2022-09-20 17:17:37 - [MESSAGE][PASSED] - Element 'Object Repository/Relationship/Heart icon' is present

2022-09-20 17:17:37 - [TEST_STEP][PASSED] - markPassed("PASSED: Heart Icon present on the screen"): PASSED: Heart Icon present on the screen

2022-09-20 17:17:37 - [MESSAGE][PASSED] - PASSED: Heart Icon present on the screen

2022-09-20 17:17:37 - [TEST_STEP][PASSED] - if (waitForElementPresent(Whats, 30)): null

2022-09-20 17:17:37 - [MESSAGE][PASSED] - Element 'Object Repository/Relationship/Whats your relationship status label text' is present

2022-09-20 17:17:37 - [TEST_STEP][PASSED] - markPassed("PASSED: Whats your... label text present on the screen"): PASSED: Whats your... label text present on the screen

2022-09-20 17:17:37 - [MESSAGE][PASSED] - PASSED: Whats your... label text present on the screen

2022-09-20 17:17:37 - [TEST_STEP][PASSED] - com.spotlove.Utility.random_value(Relationship): com.spotlove.Utility.random_value is PASSED

2022-09-20 17:17:38 - [MESSAGE][PASSED] - com.spotlove.Utility.random_value is PASSED

2022-09-20 17:17:38 - [TEST_STEP][PASSED] - if (waitForElementPresent(Continue, 30)): null

2022-09-20 17:17:40 - [MESSAGE][PASSED] - Element 'Object Repository/Relationship/Continue Button' is present

2022-09-20 17:17:40 - [TEST_STEP][PASSED] - tap(Continue, 30): Tapped on element 'Object Repository/Relationship/Continue Button'

2022-09-20 17:17:41 - [MESSAGE][PASSED] - Tapped on element 'Object Repository/Relationship/Continue Button'

2022-09-20 17:17:41 - [TEST_STEP][PASSED] - markPassed("PASSED: Continue button present on the screen"): PASSED: Continue button present on the screen

2022-09-20 17:17:41 - [MESSAGE][PASSED] - PASSED: Continue button present on the screen]]></system-out>
         <system-err><![CDATA[]]></system-err>
      </testcase>
      <testcase name="Test Cases/testing/Family Plan" time="9.704" classname="Test Cases/testing/Family Plan" status="PASSED">
         <system-out><![CDATA[2022-09-20 17:17:41 - [TEST_CASE][PASSED] - Test Cases/testing/Family Plan: Test Cases/testing/Family Plan

2022-09-20 17:17:41 - [TEST_STEP][PASSED] - if (waitForElementPresent(Back, 30)): null

2022-09-20 17:17:43 - [MESSAGE][PASSED] - Element 'Object Repository/Family plan/Back' is present

2022-09-20 17:17:43 - [TEST_STEP][PASSED] - markPassed("PASSED: Back button present on the screen"): PASSED: Back button present on the screen

2022-09-20 17:17:43 - [MESSAGE][PASSED] - PASSED: Back button present on the screen

2022-09-20 17:17:43 - [TEST_STEP][PASSED] - if (waitForElementPresent(Smile_Icon, 30)): null

2022-09-20 17:17:44 - [MESSAGE][PASSED] - Element 'Object Repository/Family plan/Face icon' is present

2022-09-20 17:17:44 - [TEST_STEP][PASSED] - markPassed("PASSED: Smile Icon present on the screen"): PASSED: Smile Icon present on the screen

2022-09-20 17:17:44 - [MESSAGE][PASSED] - PASSED: Smile Icon present on the screen

2022-09-20 17:17:44 - [TEST_STEP][PASSED] - if (waitForElementPresent(Whats, 30)): null

2022-09-20 17:17:44 - [MESSAGE][PASSED] - Element 'Object Repository/Family plan/What are your thoughts on children label text' is present

2022-09-20 17:17:44 - [TEST_STEP][PASSED] - markPassed("PASSED: Whats are... label text present on the screen"): PASSED: Whats are... label text present on the screen

2022-09-20 17:17:44 - [MESSAGE][PASSED] - PASSED: Whats are... label text present on the screen

2022-09-20 17:17:44 - [TEST_STEP][PASSED] - if (waitForElementPresent(Do, 30)): null

2022-09-20 17:17:46 - [MESSAGE][PASSED] - Element 'Object Repository/Family plan/Do you have children label text' is present

2022-09-20 17:17:46 - [TEST_STEP][PASSED] - markPassed("PASSED: Do you... label text present on the screen"): PASSED: Do you... label text present on the screen

2022-09-20 17:17:46 - [MESSAGE][PASSED] - PASSED: Do you... label text present on the screen

2022-09-20 17:17:46 - [TEST_STEP][PASSED] - com.spotlove.Utility.comma_sprt_value(Children): com.spotlove.Utility.comma_sprt_value is PASSED

2022-09-20 17:17:46 - [MESSAGE][PASSED] - com.spotlove.Utility.comma_sprt_value is PASSED

2022-09-20 17:17:46 - [TEST_STEP][PASSED] - if (waitForElementPresent(What_are, 30)): null

2022-09-20 17:17:47 - [MESSAGE][PASSED] - Element 'Object Repository/Family plan/What are your family plans label text' is present

2022-09-20 17:17:47 - [TEST_STEP][PASSED] - markPassed("PASSED: What are Your Family plans label text present on the screen"): PASSED: What are Your Family plans label text present on the screen

2022-09-20 17:17:47 - [MESSAGE][PASSED] - PASSED: What are Your Family plans label text present on the screen

2022-09-20 17:17:47 - [TEST_STEP][PASSED] - com.spotlove.Utility.comma_sprt_value(Plan): com.spotlove.Utility.comma_sprt_value is PASSED

2022-09-20 17:17:49 - [MESSAGE][PASSED] - com.spotlove.Utility.comma_sprt_value is PASSED

2022-09-20 17:17:49 - [TEST_STEP][PASSED] - if (waitForElementPresent(Continue, 30)): null

2022-09-20 17:17:49 - [MESSAGE][PASSED] - Element 'Object Repository/Family plan/Continue Button' is present

2022-09-20 17:17:49 - [TEST_STEP][PASSED] - tap(Continue, 30): Tapped on element 'Object Repository/Family plan/Continue Button'

2022-09-20 17:17:50 - [MESSAGE][PASSED] - Tapped on element 'Object Repository/Family plan/Continue Button'

2022-09-20 17:17:50 - [TEST_STEP][PASSED] - markPassed("PASSED: Continue button present on the screen"): PASSED: Continue button present on the screen

2022-09-20 17:17:50 - [MESSAGE][PASSED] - PASSED: Continue button present on the screen]]></system-out>
         <system-err><![CDATA[]]></system-err>
      </testcase>
      <testcase name="Test Cases/testing/Education" time="5.281" classname="Test Cases/testing/Education" status="PASSED">
         <system-out><![CDATA[2022-09-20 17:17:50 - [TEST_CASE][PASSED] - Test Cases/testing/Education: Test Cases/testing/Education

2022-09-20 17:17:51 - [TEST_STEP][PASSED] - if (waitForElementPresent(Back, 30)): null

2022-09-20 17:17:52 - [MESSAGE][PASSED] - Element 'Object Repository/Education/Back Button' is present

2022-09-20 17:17:52 - [TEST_STEP][PASSED] - markPassed("PASSED: Back button present on the screen"): PASSED: Back button present on the screen

2022-09-20 17:17:52 - [MESSAGE][PASSED] - PASSED: Back button present on the screen

2022-09-20 17:17:52 - [TEST_STEP][PASSED] - if (waitForElementPresent(Edu_hut_Icon, 30)): null

2022-09-20 17:17:52 - [MESSAGE][PASSED] - Element 'Object Repository/Education/Hat icon' is present

2022-09-20 17:17:52 - [TEST_STEP][PASSED] - markPassed("PASSED: Hat Icon present on the screen"): PASSED: Hat Icon present on the screen

2022-09-20 17:17:52 - [MESSAGE][PASSED] - PASSED: Hat Icon present on the screen

2022-09-20 17:17:52 - [TEST_STEP][PASSED] - if (waitForElementPresent(Whats, 30)): null

2022-09-20 17:17:53 - [MESSAGE][PASSED] - Element 'Object Repository/Education/Whats your education background label text' is present

2022-09-20 17:17:53 - [TEST_STEP][PASSED] - markPassed("PASSED: Whats your... label text present on the screen"): PASSED: Whats your... label text present on the screen

2022-09-20 17:17:53 - [MESSAGE][PASSED] - PASSED: Whats your... label text present on the screen

2022-09-20 17:17:53 - [TEST_STEP][PASSED] - com.spotlove.Utility.random_value(Education): com.spotlove.Utility.random_value is PASSED

2022-09-20 17:17:53 - [MESSAGE][PASSED] - com.spotlove.Utility.random_value is PASSED

2022-09-20 17:17:53 - [TEST_STEP][PASSED] - if (waitForElementPresent(Continue, 30)): null

2022-09-20 17:17:55 - [MESSAGE][PASSED] - Element 'Object Repository/Education/Continue' is present

2022-09-20 17:17:55 - [TEST_STEP][PASSED] - tap(Continue, 30): Tapped on element 'Object Repository/Education/Continue'

2022-09-20 17:17:56 - [MESSAGE][PASSED] - Tapped on element 'Object Repository/Education/Continue'

2022-09-20 17:17:56 - [TEST_STEP][PASSED] - markPassed("PASSED: Continue button present on the screen"): PASSED: Continue button present on the screen

2022-09-20 17:17:56 - [MESSAGE][PASSED] - PASSED: Continue button present on the screen]]></system-out>
         <system-err><![CDATA[]]></system-err>
      </testcase>
      <testcase name="Test Cases/testing/Vices" time="17.668" classname="Test Cases/testing/Vices" status="PASSED">
         <system-out><![CDATA[2022-09-20 17:17:56 - [TEST_CASE][PASSED] - Test Cases/testing/Vices: Test Cases/testing/Vices

2022-09-20 17:17:56 - [TEST_STEP][PASSED] - if (waitForElementPresent(Back, 30)): null

2022-09-20 17:17:58 - [MESSAGE][PASSED] - Element 'Object Repository/smoking/back' is present

2022-09-20 17:17:58 - [TEST_STEP][PASSED] - markPassed("PASSED: Back button present on the screen"): PASSED: Back button present on the screen

2022-09-20 17:17:58 - [MESSAGE][PASSED] - PASSED: Back button present on the screen

2022-09-20 17:17:58 - [TEST_STEP][PASSED] - if (waitForElementPresent(Bottle_Icon, 30)): null

2022-09-20 17:17:59 - [MESSAGE][PASSED] - Element 'Object Repository/smoking/Bottle Icon' is present

2022-09-20 17:17:59 - [TEST_STEP][PASSED] - markPassed("PASSED: Bottle Icon present on the screen"): PASSED: Bottle Icon present on the screen

2022-09-20 17:17:59 - [MESSAGE][PASSED] - PASSED: Bottle Icon present on the screen

2022-09-20 17:17:59 - [TEST_STEP][PASSED] - if (waitForElementPresent(Smoking_Switch, 30)): null

2022-09-20 17:17:59 - [MESSAGE][PASSED] - Element 'Object Repository/smoking/Smoking Toggle switch' is present

2022-09-20 17:17:59 - [TEST_STEP][PASSED] - tap(Smoking_Switch, 30): Tapped on element 'Object Repository/smoking/Smoking Toggle switch'

2022-09-20 17:18:02 - [MESSAGE][PASSED] - Tapped on element 'Object Repository/smoking/Smoking Toggle switch'

2022-09-20 17:18:02 - [TEST_STEP][PASSED] - markPassed("PASSED: Smoking Switch Button present on the screen"): PASSED: Smoking Switch Button present on the screen

2022-09-20 17:18:02 - [MESSAGE][PASSED] - PASSED: Smoking Switch Button present on the screen

2022-09-20 17:18:02 - [TEST_STEP][PASSED] - if (waitForElementPresent(Alcohol_Switch, 30)): null

2022-09-20 17:18:02 - [MESSAGE][PASSED] - Element 'Object Repository/smoking/Alcohol Toggle Switch' is present

2022-09-20 17:18:02 - [TEST_STEP][PASSED] - tap(Alcohol_Switch, 30): Tapped on element 'Object Repository/smoking/Alcohol Toggle Switch'

2022-09-20 17:18:04 - [MESSAGE][PASSED] - Tapped on element 'Object Repository/smoking/Alcohol Toggle Switch'

2022-09-20 17:18:04 - [TEST_STEP][PASSED] - markPassed("PASSED: Alcohol Switch Button present on the screen"): PASSED: Alcohol Switch Button present on the screen

2022-09-20 17:18:04 - [MESSAGE][PASSED] - PASSED: Alcohol Switch Button present on the screen

2022-09-20 17:18:04 - [TEST_STEP][PASSED] - if (waitForElementPresent(Marijuana_Switch, 30)): null

2022-09-20 17:18:05 - [MESSAGE][PASSED] - Element 'Object Repository/smoking/Marijuana Toggle Switch' is present

2022-09-20 17:18:05 - [TEST_STEP][PASSED] - tap(Marijuana_Switch, 30): Tapped on element 'Object Repository/smoking/Marijuana Toggle Switch'

2022-09-20 17:18:07 - [MESSAGE][PASSED] - Tapped on element 'Object Repository/smoking/Marijuana Toggle Switch'

2022-09-20 17:18:07 - [TEST_STEP][PASSED] - markPassed("PASSED: Marijuana Switch Button present on the screen"): PASSED: Marijuana Switch Button present on the screen

2022-09-20 17:18:07 - [MESSAGE][PASSED] - PASSED: Marijuana Switch Button present on the screen

2022-09-20 17:18:07 - [TEST_STEP][PASSED] - com.spotlove.Utility.random_value(Smoking): com.spotlove.Utility.random_value is PASSED

2022-09-20 17:18:08 - [MESSAGE][PASSED] - com.spotlove.Utility.random_value is PASSED

2022-09-20 17:18:08 - [TEST_STEP][PASSED] - com.spotlove.Utility.random_value(Marijuana): com.spotlove.Utility.random_value is PASSED

2022-09-20 17:18:10 - [MESSAGE][PASSED] - com.spotlove.Utility.random_value is PASSED

2022-09-20 17:18:10 - [TEST_STEP][PASSED] - com.spotlove.Utility.random_value(Alcohol): com.spotlove.Utility.random_value is PASSED

2022-09-20 17:18:10 - [MESSAGE][PASSED] - com.spotlove.Utility.random_value is PASSED

2022-09-20 17:18:10 - [TEST_STEP][PASSED] - if (waitForElementPresent(Cntinue, 30)): null

2022-09-20 17:18:11 - [MESSAGE][PASSED] - Element 'Object Repository/smoking/Smoking Continue' is present

2022-09-20 17:18:11 - [TEST_STEP][PASSED] - tap(Cntinue, 30): Tapped on element 'Object Repository/smoking/Smoking Continue'

2022-09-20 17:18:13 - [MESSAGE][PASSED] - Tapped on element 'Object Repository/smoking/Smoking Continue'

2022-09-20 17:18:13 - [TEST_STEP][PASSED] - markPassed("PASSED: Continue Button present on the screen"): PASSED: Continue Button present on the screen

2022-09-20 17:18:13 - [MESSAGE][PASSED] - PASSED: Continue Button present on the screen]]></system-out>
         <system-err><![CDATA[]]></system-err>
      </testcase>
      <testcase name="Test Cases/testing/Politices" time="8.903" classname="Test Cases/testing/Politices" status="PASSED">
         <system-out><![CDATA[2022-09-20 17:18:13 - [TEST_CASE][PASSED] - Test Cases/testing/Politices: Test Cases/testing/Politices

2022-09-20 17:18:14 - [TEST_STEP][PASSED] - if (waitForElementPresent(Back, 30)): null

2022-09-20 17:18:15 - [MESSAGE][PASSED] - Element 'Object Repository/Politics/Back' is present

2022-09-20 17:18:15 - [TEST_STEP][PASSED] - markPassed("PASSED: Back button present on the screen"): PASSED: Back button present on the screen

2022-09-20 17:18:15 - [MESSAGE][PASSED] - PASSED: Back button present on the screen

2022-09-20 17:18:15 - [TEST_STEP][PASSED] - if (waitForElementPresent(Politice_Home, 30)): null

2022-09-20 17:18:16 - [MESSAGE][PASSED] - Element 'Object Repository/Politics/Hut Icon' is present

2022-09-20 17:18:16 - [TEST_STEP][PASSED] - markPassed("PASSED: Politice Icon present on the screen"): PASSED: Politice Icon present on the screen

2022-09-20 17:18:16 - [MESSAGE][PASSED] - PASSED: Politice Icon present on the screen

2022-09-20 17:18:16 - [TEST_STEP][PASSED] - if (waitForElementPresent(What, 30)): null

2022-09-20 17:18:17 - [MESSAGE][PASSED] - Element 'Object Repository/Politics/What are your political views label text' is present

2022-09-20 17:18:17 - [TEST_STEP][PASSED] - markPassed("PASSED: What are... label text present on the screen"): PASSED: What are... label text present on the screen

2022-09-20 17:18:17 - [MESSAGE][PASSED] - PASSED: What are... label text present on the screen

2022-09-20 17:18:17 - [TEST_STEP][PASSED] - com.spotlove.Utility.random_value(Political): com.spotlove.Utility.random_value is PASSED

2022-09-20 17:18:19 - [MESSAGE][PASSED] - com.spotlove.Utility.random_value is PASSED

2022-09-20 17:18:19 - [TEST_STEP][PASSED] - if (waitForElementPresent(Continue, 30)): null

2022-09-20 17:18:20 - [MESSAGE][PASSED] - Element 'Object Repository/Politics/Continue Button' is present

2022-09-20 17:18:20 - [TEST_STEP][PASSED] - tap(Continue, 30): Tapped on element 'Object Repository/Politics/Continue Button'

2022-09-20 17:18:22 - [MESSAGE][PASSED] - Tapped on element 'Object Repository/Politics/Continue Button'

2022-09-20 17:18:22 - [TEST_STEP][PASSED] - markPassed("PASSED: Continue Chips button present on the screen"): PASSED: Continue Chips button present on the screen

2022-09-20 17:18:22 - [MESSAGE][PASSED] - PASSED: Continue Chips button present on the screen]]></system-out>
         <system-err><![CDATA[]]></system-err>
      </testcase>
      <system-out><![CDATA[2022-09-20 17:16:02 - [TEST_SUITE][PASSED] - SpotLove Staging: Test Cases/testing/Politices]]></system-out>
      <system-err><![CDATA[]]></system-err>
   </testsuite>
</testsuites>
