<?xml version="1.0" encoding="UTF-8"?>
<testsuites name="Admin" time="17.273" tests="1" failures="0" errors="0">
   <testsuite name="Admin" tests="1" failures="0" errors="0" time="17.273" skipped="0" timestamp="2022-12-05 16:38:15" hostname="pc - 192.168.88.223" id="Test Suites/Admin">
      <properties>
         <property name="deviceName" value=""/>
         <property name="devicePlatform" value=""/>
         <property name="logFolder" value="/Users/pc/Katalon Studio/SpotLove_Stagging/Reports/20221205_163436/Admin/20221205_163439"/>
         <property name="logFiles" value="/Users/pc/Katalon Studio/SpotLove_Stagging/Reports/20221205_163436/Admin/20221205_163439/execution0.log"/>
         <property name="attachments" value=""/>
         <property name="hostName" value="pc - 192.168.88.223"/>
         <property name="os" value="Mac OS X 64bit"/>
         <property name="katalonVersion" value="8.5.1.208"/>
         <property name="browser" value="Chrome 108.0.0.0"/>
         <property name="hostAddress" value="192.168.88.223"/>
         <property name="sessionId" value="d052f258c9fb0f5c5365317a4a1e26c8"/>
         <property name="seleniumVersion" value="3.141.59"/>
         <property name="proxyInformation" value="ProxyInformation { proxyOption=NO_PROXY, proxyServerType=HTTP, username=, password=********, proxyServerAddress=, proxyServerPort=0, executionList=&quot;&quot;, isApplyToDesiredCapabilities=true }"/>
         <property name="platform" value="Mac OS X"/>
      </properties>
      <testcase name="Test Cases/Smoke/Web Portal/Login" time="17.07" classname="Test Cases/Smoke/Web Portal/Login" status="PASSED">
         <system-out><![CDATA[2022-12-05 16:38:15 - [TEST_CASE][PASSED] - Test Cases/Smoke/Web Portal/Login: Test Cases/Smoke/Web Portal/Login

2022-12-05 16:38:16 - [TEST_STEP][PASSED] - Start listener action : sampleBeforeTestCase: null

2022-12-05 16:38:16 - [TEST_STEP][PASSED] - println(testCaseContext.getTestCaseId()): null

2022-12-05 16:38:16 - [TEST_STEP][PASSED] - println(testCaseContext.getTestCaseVariables()): null

2022-12-05 16:38:16 - [TEST_STEP][PASSED] - openBrowser("https://spotlove-production.web.app/spotlove/memberlist", STOP_ON_FAILURE): Browser is opened with url: 'https://spotlove-production.web.app/spotlove/memberlist'

2022-12-05 16:38:16 - [MESSAGE][INFO] - Starting 'Chrome' driver

2022-12-05 16:38:16 - [MESSAGE][INFO] - Action delay is set to 0 milliseconds

2022-12-05 16:38:19 - [MESSAGE][PASSED] - Browser is opened with url: 'https://spotlove-production.web.app/spotlove/memberlist'

2022-12-05 16:38:19 - [TEST_STEP][PASSED] - maximizeWindow(STOP_ON_FAILURE): Current window maximized

2022-12-05 16:38:20 - [MESSAGE][PASSED] - Current window maximized

2022-12-05 16:38:20 - [TEST_STEP][PASSED] - if (waitForElementPresent(User_Name, 10)): null

2022-12-05 16:38:20 - [MESSAGE][PASSED] - Object 'Object Repository/Web portal/User name' is present

2022-12-05 16:38:20 - [TEST_STEP][PASSED] - setText(User_Name, UN_Email, STOP_ON_FAILURE): Text 'umair2@gmail.com' is set on object 'Object Repository/Web portal/User name'

2022-12-05 16:38:20 - [MESSAGE][PASSED] - Text 'umair2@gmail.com' is set on object 'Object Repository/Web portal/User name'

2022-12-05 16:38:20 - [TEST_STEP][PASSED] - setText(Password, UP_Password, STOP_ON_FAILURE): Text 'test123' is set on object 'Object Repository/Web portal/PAssword'

2022-12-05 16:38:20 - [MESSAGE][PASSED] - Text 'test123' is set on object 'Object Repository/Web portal/PAssword'

2022-12-05 16:38:20 - [TEST_STEP][PASSED] - click(btn_Login, STOP_ON_FAILURE): Object: 'Object Repository/Web portal/btn_login' is clicked on

2022-12-05 16:38:20 - [MESSAGE][PASSED] - Object: 'Object Repository/Web portal/btn_login' is clicked on

2022-12-05 16:38:20 - [TEST_STEP][PASSED] - markPassed("Passed! User Logged In Successfully"): Passed! User Logged In Successfully

2022-12-05 16:38:20 - [MESSAGE][PASSED] - Passed! User Logged In Successfully

2022-12-05 16:38:20 - [TEST_STEP][PASSED] - if (waitForElementPresent(btn_search, 10)): null

2022-12-05 16:38:24 - [MESSAGE][PASSED] - Object 'Object Repository/Smoke/Web Portal/btn_Search' is present

2022-12-05 16:38:24 - [TEST_STEP][PASSED] - click(btn_search): Object: 'Object Repository/Smoke/Web Portal/btn_Search' is clicked on

2022-12-05 16:38:24 - [MESSAGE][PASSED] - Object: 'Object Repository/Smoke/Web Portal/btn_Search' is clicked on

2022-12-05 16:38:24 - [TEST_STEP][PASSED] - setText(btn_search_bar, Search_text, STOP_ON_FAILURE): Text 'Joggnu' is set on object 'Object Repository/Smoke/Web Portal/Search Bar'

2022-12-05 16:38:25 - [MESSAGE][PASSED] - Text 'Joggnu' is set on object 'Object Repository/Smoke/Web Portal/Search Bar'

2022-12-05 16:38:25 - [TEST_STEP][PASSED] - markPassed("Passed! User searched"): Passed! User searched

2022-12-05 16:38:25 - [MESSAGE][PASSED] - Passed! User searched

2022-12-05 16:38:25 - [TEST_STEP][PASSED] - delay(5): Delayed 5 second(s)

2022-12-05 16:38:30 - [MESSAGE][PASSED] - Delayed 5 second(s)

2022-12-05 16:38:30 - [TEST_STEP][PASSED] - click(tbl_row): Object: 'Object Repository/Smoke/Web Portal/User select' is clicked on

2022-12-05 16:38:30 - [MESSAGE][PASSED] - Object: 'Object Repository/Smoke/Web Portal/User select' is clicked on

2022-12-05 16:38:30 - [TEST_STEP][PASSED] - click(btn_waitlist): Object: 'Object Repository/Smoke/Web Portal/btn_waitlist' is clicked on

2022-12-05 16:38:32 - [MESSAGE][PASSED] - Object: 'Object Repository/Smoke/Web Portal/btn_waitlist' is clicked on

2022-12-05 16:38:32 - [TEST_STEP][PASSED] - markPassed("Passed! Check user Phone"): Passed! Check user Phone

2022-12-05 16:38:32 - [MESSAGE][PASSED] - Passed! Check user Phone

2022-12-05 16:38:32 - [TEST_STEP][PASSED] - Start listener action : sampleAfterTestCase: null

2022-12-05 16:38:32 - [TEST_STEP][PASSED] - println(testCaseContext.getTestCaseId()): null

2022-12-05 16:38:32 - [TEST_STEP][PASSED] - println(testCaseContext.getTestCaseStatus()): null]]></system-out>
         <system-err><![CDATA[]]></system-err>
      </testcase>
      <system-out><![CDATA[2022-12-05 16:38:15 - [TEST_SUITE][PASSED] - Admin: Test Cases/Smoke/Web Portal/Login]]></system-out>
      <system-err><![CDATA[]]></system-err>
   </testsuite>
</testsuites>
