<?xml version="1.0" encoding="UTF-8"?>
<testsuites name="Updated Regression" time="82.009" tests="1" failures="0" errors="0">
   <testsuite name="Updated Regression" tests="1" failures="0" errors="0" time="82.009" skipped="0" timestamp="2023-01-31 12:04:44" hostname="pc - 192.168.1.13" id="Test Suites/Updated Regression">
      <properties>
         <property name="deviceName" value="samsung SM-A025F (Android 12)"/>
         <property name="devicePlatform" value=""/>
         <property name="logFolder" value="/Users/pc/git/SpotLove-Automation/Reports/20230131_120435/Updated Regression/20230131_120435"/>
         <property name="logFiles" value="/Users/pc/git/SpotLove-Automation/Reports/20230131_120435/Updated Regression/20230131_120435/execution0.log, /Users/pc/git/SpotLove-Automation/Reports/20230131_120435/Updated Regression/20230131_120435/appium.log"/>
         <property name="attachments" value=""/>
         <property name="hostName" value="pc - 192.168.1.13"/>
         <property name="os" value="Mac OS X 64bit"/>
         <property name="appiumServerStatus" value="{&quot;value&quot;:{&quot;build&quot;:{&quot;version&quot;:&quot;1.22.3&quot;}},&quot;sessionId&quot;:null,&quot;status&quot;:0}"/>
         <property name="katalonVersion" value="8.5.5.208"/>
         <property name="deviceOS" value="Android"/>
         <property name="appiumVersion" value="1.22.3"/>
         <property name="deviceModel" value="SM-A025F"/>
         <property name="hostAddress" value="192.168.1.13"/>
         <property name="deviceManufacturer" value="samsung"/>
         <property name="deviceId" value="R9JNC0DKDXJ"/>
         <property name="deviceName" value="samsung SM-A025F (Android 12)"/>
         <property name="deviceOSVersion" value="12"/>
      </properties>
      <testcase name="Test Cases/Regression/TC_001" time="81.785" classname="Test Cases/Regression/TC_001" status="PASSED">
         <system-out><![CDATA[2023-01-31 12:04:45 - [TEST_CASE][PASSED] - Test Cases/Regression/TC_001: Test Cases/Regression/TC_001

2023-01-31 12:04:45 - [TEST_STEP][PASSED] - Start listener action : sampleBeforeTestCase: null

2023-01-31 12:04:45 - [TEST_STEP][PASSED] - println(testCaseContext.getTestCaseId()): null

2023-01-31 12:04:45 - [TEST_STEP][PASSED] - println(testCaseContext.getTestCaseVariables()): null

2023-01-31 12:04:45 - [TEST_STEP][PASSED] - startExistingApplication("com.spotlove.releaseproduction", STOP_ON_FAILURE): Starting app with application ID: 'com.spotlove.releaseproduction'

2023-01-31 12:04:45 - [MESSAGE][INFO] - User set preference: ['deviceId', '']

2023-01-31 12:04:48 - [MESSAGE][INFO] - Detected NodeJS location: "/usr/local/bin/node"

2023-01-31 12:04:49 - [MESSAGE][INFO] - Appium server started on port 61,170

2023-01-31 12:05:04 - [MESSAGE][PASSED] - Starting app with application ID: 'com.spotlove.releaseproduction'

2023-01-31 12:05:04 - [TEST_STEP][PASSED] - image = findTestObject("Object Repository/Regression/SC-001 Intro 1/Middle Screen Pic"): null

2023-01-31 12:05:04 - [TEST_STEP][PASSED] - if (waitForElementPresent(image, 20)): null

2023-01-31 12:05:10 - [MESSAGE][PASSED] - Element 'Object Repository/Regression/SC-001 Intro 1/Middle Screen Pic' is present

2023-01-31 12:05:10 - [TEST_STEP][PASSED] - callTestCase(findTestCase("Test Cases/Regression/LookUps/SL-01 First Intro Screen"), null, STOP_ON_FAILURE): Call Test Case 'Test Cases/Regression/LookUps/SL-01 First Intro Screen' successfully

2023-01-31 12:05:10 - [TEST_CASE][PASSED] - Test Cases/Regression/LookUps/SL-01 First Intro Screen: Test Cases/Regression/LookUps/SL-01 First Intro Screen

2023-01-31 12:05:11 - [TEST_STEP][PASSED] - if (waitForElementPresent(logo, 10)): null

2023-01-31 12:05:11 - [MESSAGE][PASSED] - Element 'Object Repository/Regression/SC-001 Intro 1/Logo SpotLove' is present

2023-01-31 12:05:11 - [TEST_STEP][PASSED] - markPassed("Spot Love Logo Found......!"): Spot Love Logo Found......!

2023-01-31 12:05:11 - [MESSAGE][PASSED] - Spot Love Logo Found......!

2023-01-31 12:05:11 - [TEST_STEP][PASSED] - if (waitForElementPresent(F_lbl_text, 10)): null

2023-01-31 12:05:11 - [MESSAGE][PASSED] - Element 'Object Repository/Regression/SC-001 Intro 1/Lbl text Spot The Perfect' is present

2023-01-31 12:05:11 - [TEST_STEP][PASSED] - markPassed("Spot The Perfect Lbl text Found......!"): Spot The Perfect Lbl text Found......!

2023-01-31 12:05:11 - [MESSAGE][PASSED] - Spot The Perfect Lbl text Found......!

2023-01-31 12:05:11 - [TEST_STEP][PASSED] - if (waitForElementPresent(S_lbl_text, 10)): null

2023-01-31 12:05:12 - [MESSAGE][PASSED] - Element 'Object Repository/Regression/SC-001 Intro 1/Lbl text Someone' is present

2023-01-31 12:05:12 - [TEST_STEP][PASSED] - markPassed("Someone Lbl text Found......!"): Someone Lbl text Found......!

2023-01-31 12:05:12 - [MESSAGE][PASSED] - Someone Lbl text Found......!

2023-01-31 12:05:12 - [TEST_STEP][PASSED] - if (waitForElementPresent(T_lbl_text, 10)): null

2023-01-31 12:05:12 - [MESSAGE][PASSED] - Element 'Object Repository/Regression/SC-001 Intro 1/Lbl text Find the person that checks all your boxes' is present

2023-01-31 12:05:12 - [TEST_STEP][PASSED] - markPassed("Find The Person Lbl text Found......!"): Find The Person Lbl text Found......!

2023-01-31 12:05:12 - [MESSAGE][PASSED] - Find The Person Lbl text Found......!

2023-01-31 12:05:12 - [TEST_STEP][PASSED] - if (waitForElementPresent(Centr_image, 10)): null

2023-01-31 12:05:12 - [MESSAGE][PASSED] - Element 'Object Repository/Regression/SC-001 Intro 1/Middle Screen Pic' is present

2023-01-31 12:05:12 - [TEST_STEP][PASSED] - markPassed("Center Image Found......!"): Center Image Found......!

2023-01-31 12:05:12 - [MESSAGE][PASSED] - Center Image Found......!

2023-01-31 12:05:12 - [TEST_STEP][PASSED] - if (waitForElementPresent(btn_continue, 10)): null

2023-01-31 12:05:13 - [MESSAGE][PASSED] - Element 'Object Repository/Regression/SC-001 Intro 1/btn Conitnue' is present

2023-01-31 12:05:13 - [TEST_STEP][PASSED] - tap(btn_continue, 10): Tapped on element 'Object Repository/Regression/SC-001 Intro 1/btn Conitnue'

2023-01-31 12:05:13 - [MESSAGE][PASSED] - Tapped on element 'Object Repository/Regression/SC-001 Intro 1/btn Conitnue'

2023-01-31 12:05:13 - [TEST_STEP][PASSED] - markPassed("User Navigate to the Second Screen......!"): User Navigate to the Second Screen......!

2023-01-31 12:05:13 - [MESSAGE][PASSED] - User Navigate to the Second Screen......!

2023-01-31 12:05:13 - [MESSAGE][PASSED] - Call Test Case 'Test Cases/Regression/LookUps/SL-01 First Intro Screen' successfully

2023-01-31 12:05:13 - [TEST_STEP][PASSED] - callTestCase(findTestCase("Test Cases/Regression/LookUps/SL-02 Second Intro Screen"), null, STOP_ON_FAILURE): Call Test Case 'Test Cases/Regression/LookUps/SL-02 Second Intro Screen' successfully

2023-01-31 12:05:13 - [TEST_CASE][PASSED] - Test Cases/Regression/LookUps/SL-02 Second Intro Screen: Test Cases/Regression/LookUps/SL-02 Second Intro Screen

2023-01-31 12:05:14 - [TEST_STEP][PASSED] - if (waitForElementPresent(btn_back, 10)): null

2023-01-31 12:05:15 - [MESSAGE][PASSED] - Element 'Object Repository/Regression/SC-002 Intro 2/btn back' is present

2023-01-31 12:05:15 - [TEST_STEP][PASSED] - waitForElementPresent(logo, 10): Element 'Object Repository/Regression/SC-002 Intro 2/Logo Spotlove' is present

2023-01-31 12:05:15 - [MESSAGE][PASSED] - Element 'Object Repository/Regression/SC-002 Intro 2/Logo Spotlove' is present

2023-01-31 12:05:15 - [TEST_STEP][PASSED] - markPassed("Back button Found......!"): Back button Found......!

2023-01-31 12:05:15 - [MESSAGE][PASSED] - Back button Found......!

2023-01-31 12:05:15 - [TEST_STEP][PASSED] - markPassed("Spot Love Logo Found......!"): Spot Love Logo Found......!

2023-01-31 12:05:15 - [MESSAGE][PASSED] - Spot Love Logo Found......!

2023-01-31 12:05:15 - [TEST_STEP][PASSED] - if (waitForElementPresent(F_lbl_text, 10)): null

2023-01-31 12:05:15 - [MESSAGE][PASSED] - Element 'Object Repository/Regression/SC-002 Intro 2/Lbl text - Make a Match With' is present

2023-01-31 12:05:15 - [TEST_STEP][PASSED] - markPassed("Make a Match Lbl text Found......!"): Make a Match Lbl text Found......!

2023-01-31 12:05:15 - [MESSAGE][PASSED] - Make a Match Lbl text Found......!

2023-01-31 12:05:15 - [TEST_STEP][PASSED] - if (waitForElementPresent(S_lbl_text, 10)): null

2023-01-31 12:05:16 - [MESSAGE][PASSED] - Element 'Object Repository/Regression/SC-002 Intro 2/Lbl text - Your Soulmate' is present

2023-01-31 12:05:16 - [TEST_STEP][PASSED] - markPassed("Your Soulmate Lbl text Found......!"): Your Soulmate Lbl text Found......!

2023-01-31 12:05:16 - [MESSAGE][PASSED] - Your Soulmate Lbl text Found......!

2023-01-31 12:05:16 - [TEST_STEP][PASSED] - if (waitForElementPresent(T_lbl_text, 10)): null

2023-01-31 12:05:16 - [MESSAGE][PASSED] - Element 'Object Repository/Regression/SC-002 Intro 2/Lbl text - Its a match when someone likes youback' is present

2023-01-31 12:05:16 - [TEST_STEP][PASSED] - markPassed("It's a match Lbl text Found......!"): It's a match Lbl text Found......!

2023-01-31 12:05:16 - [MESSAGE][PASSED] - It's a match Lbl text Found......!

2023-01-31 12:05:16 - [TEST_STEP][PASSED] - if (waitForElementPresent(Centr_image, 10)): null

2023-01-31 12:05:16 - [MESSAGE][PASSED] - Element 'Object Repository/Regression/SC-002 Intro 2/Middle Screen Pic' is present

2023-01-31 12:05:16 - [TEST_STEP][PASSED] - markPassed("Center Image Found......!"): Center Image Found......!

2023-01-31 12:05:16 - [MESSAGE][PASSED] - Center Image Found......!

2023-01-31 12:05:16 - [TEST_STEP][PASSED] - if (waitForElementPresent(btn_continue, 10)): null

2023-01-31 12:05:16 - [MESSAGE][PASSED] - Element 'Object Repository/Regression/SC-002 Intro 2/btn Continue' is present

2023-01-31 12:05:16 - [TEST_STEP][PASSED] - tap(btn_continue, 10): Tapped on element 'Object Repository/Regression/SC-002 Intro 2/btn Continue'

2023-01-31 12:05:17 - [MESSAGE][PASSED] - Tapped on element 'Object Repository/Regression/SC-002 Intro 2/btn Continue'

2023-01-31 12:05:17 - [TEST_STEP][PASSED] - markPassed("User Navigate to the Third Screen......!"): User Navigate to the Third Screen......!

2023-01-31 12:05:17 - [MESSAGE][PASSED] - User Navigate to the Third Screen......!

2023-01-31 12:05:17 - [MESSAGE][PASSED] - Call Test Case 'Test Cases/Regression/LookUps/SL-02 Second Intro Screen' successfully

2023-01-31 12:05:17 - [TEST_STEP][PASSED] - callTestCase(findTestCase("Test Cases/Regression/LookUps/SL-03 Third Intro Screen"), null, STOP_ON_FAILURE): Call Test Case 'Test Cases/Regression/LookUps/SL-03 Third Intro Screen' successfully

2023-01-31 12:05:17 - [TEST_CASE][PASSED] - Test Cases/Regression/LookUps/SL-03 Third Intro Screen: Test Cases/Regression/LookUps/SL-03 Third Intro Screen

2023-01-31 12:05:17 - [TEST_STEP][PASSED] - if (waitForElementPresent(btn_back, 10)): null

2023-01-31 12:05:18 - [MESSAGE][PASSED] - Element 'Object Repository/Regression/SC-003 Intro 3/btn back' is present

2023-01-31 12:05:18 - [TEST_STEP][PASSED] - waitForElementPresent(logo, 10): Element 'Object Repository/Regression/SC-003 Intro 3/Logo Spotlove' is present

2023-01-31 12:05:18 - [MESSAGE][PASSED] - Element 'Object Repository/Regression/SC-003 Intro 3/Logo Spotlove' is present

2023-01-31 12:05:18 - [TEST_STEP][PASSED] - markPassed("Back button Found......!"): Back button Found......!

2023-01-31 12:05:18 - [MESSAGE][PASSED] - Back button Found......!

2023-01-31 12:05:18 - [TEST_STEP][PASSED] - markPassed("Spot Love Logo Found......!"): Spot Love Logo Found......!

2023-01-31 12:05:18 - [MESSAGE][PASSED] - Spot Love Logo Found......!

2023-01-31 12:05:18 - [TEST_STEP][PASSED] - if (waitForElementPresent(F_lbl_text, 10)): null

2023-01-31 12:05:19 - [MESSAGE][PASSED] - Element 'Object Repository/Regression/SC-003 Intro 3/Lbl text - Connect on Fun' is present

2023-01-31 12:05:19 - [TEST_STEP][PASSED] - markPassed("Spot The Perfect Lbl text Found......!"): Spot The Perfect Lbl text Found......!

2023-01-31 12:05:19 - [MESSAGE][PASSED] - Spot The Perfect Lbl text Found......!

2023-01-31 12:05:19 - [TEST_STEP][PASSED] - if (waitForElementPresent(S_lbl_text, 10)): null

2023-01-31 12:05:19 - [MESSAGE][PASSED] - Element 'Object Repository/Regression/SC-003 Intro 3/Lbl text - Video Dates' is present

2023-01-31 12:05:19 - [TEST_STEP][PASSED] - markPassed("Someone Lbl text Found......!"): Someone Lbl text Found......!

2023-01-31 12:05:19 - [MESSAGE][PASSED] - Someone Lbl text Found......!

2023-01-31 12:05:19 - [TEST_STEP][PASSED] - if (waitForElementPresent(T_lbl_text, 10)): null

2023-01-31 12:05:19 - [MESSAGE][PASSED] - Element 'Object Repository/Regression/SC-003 Intro 3/Lbl text - Connect with your matches through livevideo mixers' is present

2023-01-31 12:05:19 - [TEST_STEP][PASSED] - markPassed("Find The Person Lbl text Found......!"): Find The Person Lbl text Found......!

2023-01-31 12:05:19 - [MESSAGE][PASSED] - Find The Person Lbl text Found......!

2023-01-31 12:05:19 - [TEST_STEP][PASSED] - if (waitForElementPresent(Centr_image, 10)): null

2023-01-31 12:05:19 - [MESSAGE][PASSED] - Element 'Object Repository/Regression/SC-003 Intro 3/MIddle Screen Pic' is present

2023-01-31 12:05:19 - [TEST_STEP][PASSED] - markPassed("Center Image Found......!"): Center Image Found......!

2023-01-31 12:05:19 - [MESSAGE][PASSED] - Center Image Found......!

2023-01-31 12:05:19 - [TEST_STEP][PASSED] - if (waitForElementPresent(btn_continue, 10)): null

2023-01-31 12:05:20 - [MESSAGE][PASSED] - Element 'Object Repository/Regression/SC-003 Intro 3/btn Continue' is present

2023-01-31 12:05:20 - [TEST_STEP][PASSED] - tap(btn_continue, 10): Tapped on element 'Object Repository/Regression/SC-003 Intro 3/btn Continue'

2023-01-31 12:05:20 - [MESSAGE][PASSED] - Tapped on element 'Object Repository/Regression/SC-003 Intro 3/btn Continue'

2023-01-31 12:05:20 - [TEST_STEP][PASSED] - markPassed("User Navigate to the Sign-In selection Screen......!"): User Navigate to the Sign-In selection Screen......!

2023-01-31 12:05:20 - [MESSAGE][PASSED] - User Navigate to the Sign-In selection Screen......!

2023-01-31 12:05:20 - [MESSAGE][PASSED] - Call Test Case 'Test Cases/Regression/LookUps/SL-03 Third Intro Screen' successfully

2023-01-31 12:05:20 - [TEST_STEP][PASSED] - markPassed("Intro Screens Passed Successfully"): Intro Screens Passed Successfully

2023-01-31 12:05:20 - [MESSAGE][PASSED] - Intro Screens Passed Successfully

2023-01-31 12:05:20 - [TEST_STEP][PASSED] - callTestCase(findTestCase("Test Cases/Regression/LookUps/SL-04 Sign In Selection"), null, STOP_ON_FAILURE): Call Test Case 'Test Cases/Regression/LookUps/SL-04 Sign In Selection' successfully

2023-01-31 12:05:20 - [TEST_CASE][PASSED] - Test Cases/Regression/LookUps/SL-04 Sign In Selection: Test Cases/Regression/LookUps/SL-04 Sign In Selection

2023-01-31 12:05:20 - [TEST_STEP][PASSED] - if (waitForElementPresent(guyjhg, 10)): null

2023-01-31 12:05:21 - [MESSAGE][PASSED] - Element 'Object Repository/Regression/SC-004 Sign In-Up screen/Logo Spotlove' is present

2023-01-31 12:05:21 - [TEST_STEP][PASSED] - markPassed("Spot.Love Logo Found......!"): Spot.Love Logo Found......!

2023-01-31 12:05:21 - [MESSAGE][PASSED] - Spot.Love Logo Found......!

2023-01-31 12:05:21 - [TEST_STEP][PASSED] - waitForElementPresent(F_lbl_text, 10): Element 'Object Repository/Regression/SC-004 Sign In-Up screen/Lbl text - Spot Love at First Sight' is present

2023-01-31 12:05:21 - [MESSAGE][PASSED] - Element 'Object Repository/Regression/SC-004 Sign In-Up screen/Lbl text - Spot Love at First Sight' is present

2023-01-31 12:05:21 - [TEST_STEP][PASSED] - markPassed("Spot Love At First Sight label text found......!"): Spot Love At First Sight label text found......!

2023-01-31 12:05:21 - [MESSAGE][PASSED] - Spot Love At First Sight label text found......!

2023-01-31 12:05:21 - [TEST_STEP][PASSED] - if (waitForElementPresent(S_lbl_text, 10)): null

2023-01-31 12:05:22 - [MESSAGE][PASSED] - Element 'Object Repository/Regression/SC-004 Sign In-Up screen/Lbl text - Select an account to continue' is present

2023-01-31 12:05:22 - [TEST_STEP][PASSED] - markPassed("Select an account to Continue label text found......!"): Select an account to Continue label text found......!

2023-01-31 12:05:22 - [MESSAGE][PASSED] - Select an account to Continue label text found......!

2023-01-31 12:05:22 - [TEST_STEP][PASSED] - if (waitForElementPresent(btn_Continue_WPN, 10)): null

2023-01-31 12:05:22 - [MESSAGE][PASSED] - Element 'Object Repository/Regression/SC-004 Sign In-Up screen/btn Continue with Phone number' is present

2023-01-31 12:05:22 - [TEST_STEP][PASSED] - tap(btn_Continue_WPN, 10): Tapped on element 'Object Repository/Regression/SC-004 Sign In-Up screen/btn Continue with Phone number'

2023-01-31 12:05:22 - [MESSAGE][PASSED] - Tapped on element 'Object Repository/Regression/SC-004 Sign In-Up screen/btn Continue with Phone number'

2023-01-31 12:05:22 - [TEST_STEP][PASSED] - markPassed("User Navigate to Phone Numebr Screen......!"): User Navigate to Phone Numebr Screen......!

2023-01-31 12:05:22 - [MESSAGE][PASSED] - User Navigate to Phone Numebr Screen......!

2023-01-31 12:05:22 - [MESSAGE][PASSED] - Call Test Case 'Test Cases/Regression/LookUps/SL-04 Sign In Selection' successfully

2023-01-31 12:05:22 - [TEST_STEP][PASSED] - callTestCase(findTestCase("Test Cases/Regression/LookUps/SL-05 Phone Number Enter Screen"), null, STOP_ON_FAILURE): Call Test Case 'Test Cases/Regression/LookUps/SL-05 Phone Number Enter Screen' successfully

2023-01-31 12:05:22 - [TEST_CASE][PASSED] - Test Cases/Regression/LookUps/SL-05 Phone Number Enter Screen: Test Cases/Regression/LookUps/SL-05 Phone Number Enter Screen

2023-01-31 12:05:23 - [TEST_STEP][PASSED] - if (waitForElementPresent(spotlove_logo, 10)): null

2023-01-31 12:05:24 - [MESSAGE][PASSED] - Element 'Object Repository/Regression/SC-005 Sign-in with Phone number/Logo Spotlove' is present

2023-01-31 12:05:24 - [TEST_STEP][PASSED] - markPassed("Spot.Love Logo Found......!"): Spot.Love Logo Found......!

2023-01-31 12:05:24 - [MESSAGE][PASSED] - Spot.Love Logo Found......!

2023-01-31 12:05:24 - [TEST_STEP][PASSED] - if (waitForElementPresent(btn_back, 10)): null

2023-01-31 12:05:24 - [MESSAGE][PASSED] - Element 'Object Repository/Regression/SC-005 Sign-in with Phone number/btn back' is present

2023-01-31 12:05:24 - [TEST_STEP][PASSED] - markPassed("Back Button Found......!"): Back Button Found......!

2023-01-31 12:05:24 - [MESSAGE][PASSED] - Back Button Found......!

2023-01-31 12:05:24 - [TEST_STEP][PASSED] - if (waitForElementPresent(lbl_first_text, 10)): null

2023-01-31 12:05:24 - [MESSAGE][PASSED] - Element 'Object Repository/Regression/SC-005 Sign-in with Phone number/Lbl text - Sign in to Spot.Love' is present

2023-01-31 12:05:24 - [TEST_STEP][PASSED] - markPassed("Sign in to Spot.Love label text is found......!"): Sign in to Spot.Love label text is found......!

2023-01-31 12:05:24 - [MESSAGE][PASSED] - Sign in to Spot.Love label text is found......!

2023-01-31 12:05:24 - [TEST_STEP][PASSED] - if (waitForElementPresent(lbl_Second_text, 10)): null

2023-01-31 12:05:24 - [MESSAGE][PASSED] - Element 'Object Repository/Regression/SC-005 Sign-in with Phone number/Lbl text - Continue with your phone number' is present

2023-01-31 12:05:24 - [TEST_STEP][PASSED] - markPassed("Continue with your phone number label text is found......!"): Continue with your phone number label text is found......!

2023-01-31 12:05:24 - [MESSAGE][PASSED] - Continue with your phone number label text is found......!

2023-01-31 12:05:24 - [TEST_STEP][PASSED] - if (waitForElementPresent(flag_icon, 10)): null

2023-01-31 12:05:25 - [MESSAGE][PASSED] - Element 'Object Repository/Regression/SC-005 Sign-in with Phone number/dropdown Country Selection' is present

2023-01-31 12:05:25 - [TEST_STEP][PASSED] - markPassed("Country Flag Icon is found......!"): Country Flag Icon is found......!

2023-01-31 12:05:25 - [MESSAGE][PASSED] - Country Flag Icon is found......!

2023-01-31 12:05:25 - [TEST_STEP][PASSED] - tap(flag_icon, 10): Tapped on element 'Object Repository/Regression/SC-005 Sign-in with Phone number/dropdown Country Selection'

2023-01-31 12:05:25 - [MESSAGE][PASSED] - Tapped on element 'Object Repository/Regression/SC-005 Sign-in with Phone number/dropdown Country Selection'

2023-01-31 12:05:25 - [TEST_STEP][PASSED] - markPassed("Country slection dropdown is opened......!"): Country slection dropdown is opened......!

2023-01-31 12:05:25 - [MESSAGE][PASSED] - Country slection dropdown is opened......!

2023-01-31 12:05:25 - [TEST_STEP][PASSED] - if (waitForElementPresent(search_box, 10)): null

2023-01-31 12:05:26 - [MESSAGE][PASSED] - Element 'Object Repository/Regression/SC-005 Sign-in with Phone number/Search box Enter country name' is present

2023-01-31 12:05:26 - [TEST_STEP][PASSED] - setText(search_box, C_Name, 10): Text 'US' has been set to element 'Object Repository/Regression/SC-005 Sign-in with Phone number/Search box Enter country name'

2023-01-31 12:05:28 - [MESSAGE][PASSED] - Text 'US' has been set to element 'Object Repository/Regression/SC-005 Sign-in with Phone number/Search box Enter country name'

2023-01-31 12:05:28 - [TEST_STEP][PASSED] - markPassed("Country Name Entered in the Search Box......!"): Country Name Entered in the Search Box......!

2023-01-31 12:05:28 - [MESSAGE][PASSED] - Country Name Entered in the Search Box......!

2023-01-31 12:05:28 - [TEST_STEP][PASSED] - if (waitForElementPresent(First_index, 10)): null

2023-01-31 12:05:29 - [MESSAGE][PASSED] - Element 'Object Repository/Regression/SC-005 Sign-in with Phone number/Select Country In First Index' is present

2023-01-31 12:05:29 - [TEST_STEP][PASSED] - tap(First_index, 10): Tapped on element 'Object Repository/Regression/SC-005 Sign-in with Phone number/Select Country In First Index'

2023-01-31 12:05:29 - [MESSAGE][PASSED] - Tapped on element 'Object Repository/Regression/SC-005 Sign-in with Phone number/Select Country In First Index'

2023-01-31 12:05:29 - [TEST_STEP][PASSED] - markPassed("Country Selection Successfully......!"): Country Selection Successfully......!

2023-01-31 12:05:29 - [MESSAGE][PASSED] - Country Selection Successfully......!

2023-01-31 12:05:29 - [TEST_STEP][PASSED] - if (waitForElementPresent(Enter_Phonenumber, 10)): null

2023-01-31 12:05:30 - [MESSAGE][PASSED] - Element 'Object Repository/Regression/SC-005 Sign-in with Phone number/Input Phone Number' is present

2023-01-31 12:05:30 - [TEST_STEP][PASSED] - setText(Enter_Phonenumber, PhoneNumber, 10): Text '6505559876' has been set to element 'Object Repository/Regression/SC-005 Sign-in with Phone number/Input Phone Number'

2023-01-31 12:05:31 - [MESSAGE][PASSED] - Text '6505559876' has been set to element 'Object Repository/Regression/SC-005 Sign-in with Phone number/Input Phone Number'

2023-01-31 12:05:31 - [TEST_STEP][PASSED] - markPassed("Phon number Entered......!"): Phon number Entered......!

2023-01-31 12:05:31 - [MESSAGE][PASSED] - Phon number Entered......!

2023-01-31 12:05:31 - [TEST_STEP][PASSED] - com.spotlove.Utility.tap_Continue(): com.spotlove.Utility.tap_Continue is PASSED

2023-01-31 12:05:32 - [MESSAGE][PASSED] - com.spotlove.Utility.tap_Continue is PASSED

2023-01-31 12:05:32 - [MESSAGE][PASSED] - Call Test Case 'Test Cases/Regression/LookUps/SL-05 Phone Number Enter Screen' successfully

2023-01-31 12:05:32 - [TEST_STEP][PASSED] - callTestCase(findTestCase("Test Cases/Regression/LookUps/SL-06 OTP Screen"), null, STOP_ON_FAILURE): Call Test Case 'Test Cases/Regression/LookUps/SL-06 OTP Screen' successfully

2023-01-31 12:05:32 - [TEST_CASE][PASSED] - Test Cases/Regression/LookUps/SL-06 OTP Screen: Test Cases/Regression/LookUps/SL-06 OTP Screen

2023-01-31 12:05:32 - [TEST_STEP][PASSED] - if (waitForElementPresent(spotlove_logo, 10)): null

2023-01-31 12:05:33 - [MESSAGE][PASSED] - Element 'Object Repository/Regression/SC-006 OTP Screen/Logo Spotlove' is present

2023-01-31 12:05:33 - [TEST_STEP][PASSED] - markPassed("Spot.Love Logo Found......!"): Spot.Love Logo Found......!

2023-01-31 12:05:33 - [MESSAGE][PASSED] - Spot.Love Logo Found......!

2023-01-31 12:05:33 - [TEST_STEP][PASSED] - if (waitForElementPresent(btn_back, 10)): null

2023-01-31 12:05:33 - [MESSAGE][PASSED] - Element 'Object Repository/Regression/SC-006 OTP Screen/btn back' is present

2023-01-31 12:05:33 - [TEST_STEP][PASSED] - markPassed("Back Button Found......!"): Back Button Found......!

2023-01-31 12:05:33 - [MESSAGE][PASSED] - Back Button Found......!

2023-01-31 12:05:33 - [TEST_STEP][PASSED] - if (waitForElementPresent(lbl_first_text, 60)): null

2023-01-31 12:05:51 - [MESSAGE][PASSED] - Element 'Object Repository/Regression/SC-006 OTP Screen/Lbl text - Enter your verification code' is present

2023-01-31 12:05:51 - [TEST_STEP][PASSED] - markPassed("Enter your verification code label text is found......!"): Enter your verification code label text is found......!

2023-01-31 12:05:51 - [MESSAGE][PASSED] - Enter your verification code label text is found......!

2023-01-31 12:05:51 - [TEST_STEP][PASSED] - if (waitForElementPresent(lbl_Second_text, 10)): null

2023-01-31 12:05:51 - [MESSAGE][PASSED] - Element 'Object Repository/Regression/SC-006 OTP Screen/Lbl text - Weve sent a pin to Phone Number' is present

2023-01-31 12:05:51 - [TEST_STEP][PASSED] - markPassed("We're sent a pin to +16505559876 label text is found......!"): We're sent a pin to +16505559876 label text is found......!

2023-01-31 12:05:51 - [MESSAGE][PASSED] - We're sent a pin to +16505559876 label text is found......!

2023-01-31 12:05:51 - [TEST_STEP][PASSED] - tap(findTestObject("Object Repository/Smoke/OTP/android.widget.EditText - -"), 15): Tapped on element 'Object Repository/Smoke/OTP/android.widget.EditText - -'

2023-01-31 12:05:52 - [MESSAGE][PASSED] - Tapped on element 'Object Repository/Smoke/OTP/android.widget.EditText - -'

2023-01-31 12:05:52 - [TEST_STEP][PASSED] - setText(findTestObject("Object Repository/Smoke/OTP/android.widget.EditText - - (1)"), "1", 2): Text '1' has been set to element 'Object Repository/Smoke/OTP/android.widget.EditText - - (1)'

2023-01-31 12:05:54 - [MESSAGE][PASSED] - Text '1' has been set to element 'Object Repository/Smoke/OTP/android.widget.EditText - - (1)'

2023-01-31 12:05:54 - [TEST_STEP][PASSED] - setText(findTestObject("Object Repository/Smoke/OTP/android.widget.EditText - - (2)"), "2", 2): Text '2' has been set to element 'Object Repository/Smoke/OTP/android.widget.EditText - - (2)'

2023-01-31 12:05:56 - [MESSAGE][PASSED] - Text '2' has been set to element 'Object Repository/Smoke/OTP/android.widget.EditText - - (2)'

2023-01-31 12:05:56 - [TEST_STEP][PASSED] - setText(findTestObject("Object Repository/Smoke/OTP/android.widget.EditText - - (3)"), "3", 2): Text '3' has been set to element 'Object Repository/Smoke/OTP/android.widget.EditText - - (3)'

2023-01-31 12:05:59 - [MESSAGE][PASSED] - Text '3' has been set to element 'Object Repository/Smoke/OTP/android.widget.EditText - - (3)'

2023-01-31 12:05:59 - [TEST_STEP][PASSED] - setText(findTestObject("Object Repository/Smoke/OTP/android.widget.EditText - - (4)"), "4", 2): Text '4' has been set to element 'Object Repository/Smoke/OTP/android.widget.EditText - - (4)'

2023-01-31 12:06:01 - [MESSAGE][PASSED] - Text '4' has been set to element 'Object Repository/Smoke/OTP/android.widget.EditText - - (4)'

2023-01-31 12:06:01 - [TEST_STEP][PASSED] - setText(findTestObject("Object Repository/Smoke/OTP/android.widget.EditText - - (5)"), "5", 2): Text '5' has been set to element 'Object Repository/Smoke/OTP/android.widget.EditText - - (5)'

2023-01-31 12:06:03 - [MESSAGE][PASSED] - Text '5' has been set to element 'Object Repository/Smoke/OTP/android.widget.EditText - - (5)'

2023-01-31 12:06:03 - [TEST_STEP][PASSED] - setText(findTestObject("Object Repository/Smoke/OTP/android.widget.EditText - - (6)"), "6", 2): Text '6' has been set to element 'Object Repository/Smoke/OTP/android.widget.EditText - - (6)'

2023-01-31 12:06:06 - [MESSAGE][PASSED] - Text '6' has been set to element 'Object Repository/Smoke/OTP/android.widget.EditText - - (6)'

2023-01-31 12:06:06 - [TEST_STEP][PASSED] - com.spotlove.Utility.Verify(): com.spotlove.Utility.Verify is PASSED

2023-01-31 12:06:06 - [MESSAGE][PASSED] - com.spotlove.Utility.Verify is PASSED

2023-01-31 12:06:06 - [MESSAGE][PASSED] - Call Test Case 'Test Cases/Regression/LookUps/SL-06 OTP Screen' successfully

2023-01-31 12:06:06 - [TEST_STEP][PASSED] - Start listener action : sampleAfterTestCase: null

2023-01-31 12:06:06 - [TEST_STEP][PASSED] - println(testCaseContext.getTestCaseId()): null

2023-01-31 12:06:06 - [TEST_STEP][PASSED] - println(testCaseContext.getTestCaseStatus()): null]]></system-out>
         <system-err><![CDATA[]]></system-err>
      </testcase>
      <system-out><![CDATA[2023-01-31 12:04:44 - [TEST_SUITE][PASSED] - Updated Regression: Test Cases/Regression/TC_001]]></system-out>
      <system-err><![CDATA[]]></system-err>
   </testsuite>
</testsuites>
