<?xml version="1.0" encoding="UTF-8"?>
<testsuites name="fhakla" time="28.159" tests="1" failures="0" errors="0">
   <testsuite name="fhakla" tests="1" failures="0" errors="0" time="28.159" skipped="0" timestamp="2023-02-06 13:32:24" hostname="pc - 192.168.1.16" id="Test Suites/fhakla">
      <properties>
         <property name="deviceName" value="samsung SM-A025F (Android 12)"/>
         <property name="devicePlatform" value=""/>
         <property name="logFolder" value="/Users/pc/git/SpotLove-Automation/Reports/20230206_133215/fhakla/20230206_133215"/>
         <property name="logFiles" value="/Users/pc/git/SpotLove-Automation/Reports/20230206_133215/fhakla/20230206_133215/execution0.log, /Users/pc/git/SpotLove-Automation/Reports/20230206_133215/fhakla/20230206_133215/appium.log"/>
         <property name="attachments" value="/Users/pc/git/SpotLove-Automation/Reports/20230206_133215/fhakla/20230206_133215/test screenshot"/>
         <property name="hostName" value="pc - 192.168.1.16"/>
         <property name="os" value="Mac OS X 64bit"/>
         <property name="appiumServerStatus" value="{&quot;value&quot;:{&quot;build&quot;:{&quot;version&quot;:&quot;1.22.3&quot;}},&quot;sessionId&quot;:null,&quot;status&quot;:0}"/>
         <property name="katalonVersion" value="8.5.5.208"/>
         <property name="deviceOS" value="Android"/>
         <property name="appiumVersion" value="1.22.3"/>
         <property name="deviceModel" value="SM-A025F"/>
         <property name="hostAddress" value="192.168.1.16"/>
         <property name="deviceManufacturer" value="samsung"/>
         <property name="deviceId" value="R9JNC0DKDXJ"/>
         <property name="deviceName" value="samsung SM-A025F (Android 12)"/>
         <property name="deviceOSVersion" value="12"/>
      </properties>
      <testcase name="Test Cases/Regression/LookUps/SL-01 First Intro Screen" time="27.925" classname="Test Cases/Regression/LookUps/SL-01 First Intro Screen" status="PASSED">
         <system-out><![CDATA[2023-02-06 13:32:24 - [TEST_CASE][PASSED] - Test Cases/Regression/LookUps/SL-01 First Intro Screen: Test Cases/Regression/LookUps/SL-01 First Intro Screen

2023-02-06 13:32:24 - [TEST_STEP][PASSED] - Start listener action : sampleBeforeTestCase: null

2023-02-06 13:32:24 - [TEST_STEP][PASSED] - println(testCaseContext.getTestCaseId()): null

2023-02-06 13:32:24 - [TEST_STEP][PASSED] - println(testCaseContext.getTestCaseVariables()): null

2023-02-06 13:32:24 - [TEST_STEP][PASSED] - startExistingApplication("com.spotlove.releaseproduction", STOP_ON_FAILURE): Starting app with application ID: 'com.spotlove.releaseproduction'

2023-02-06 13:32:25 - [MESSAGE][INFO] - User set preference: ['deviceId', 'R9JNC0DKDXJ']

2023-02-06 13:32:27 - [MESSAGE][INFO] - Detected NodeJS location: "/usr/local/bin/node"

2023-02-06 13:32:28 - [MESSAGE][INFO] - Appium server started on port 55,705

2023-02-06 13:32:42 - [MESSAGE][PASSED] - Starting app with application ID: 'com.spotlove.releaseproduction'

2023-02-06 13:32:42 - [TEST_STEP][PASSED] - if (waitForElementPresent(logo, 10)): null

2023-02-06 13:32:48 - [MESSAGE][PASSED] - Element 'Object Repository/Regression/SC-001 Intro 1/Logo SpotLove' is present

2023-02-06 13:32:48 - [TEST_STEP][PASSED] - markPassed("Spot Love Logo Found......!"): Spot Love Logo Found......!

2023-02-06 13:32:48 - [MESSAGE][PASSED] - Spot Love Logo Found......!

2023-02-06 13:32:48 - [TEST_STEP][PASSED] - if (waitForElementPresent(F_lbl_text, 10)): null

2023-02-06 13:32:49 - [MESSAGE][PASSED] - Element 'Object Repository/Regression/SC-001 Intro 1/Lbl text Spot The Perfect' is present

2023-02-06 13:32:49 - [TEST_STEP][PASSED] - markPassed("Spot The Perfect Lbl text Found......!"): Spot The Perfect Lbl text Found......!

2023-02-06 13:32:49 - [MESSAGE][PASSED] - Spot The Perfect Lbl text Found......!

2023-02-06 13:32:49 - [TEST_STEP][PASSED] - if (waitForElementPresent(S_lbl_text, 10)): null

2023-02-06 13:32:49 - [MESSAGE][PASSED] - Element 'Object Repository/Regression/SC-001 Intro 1/Lbl text Someone' is present

2023-02-06 13:32:49 - [TEST_STEP][PASSED] - markPassed("Someone Lbl text Found......!"): Someone Lbl text Found......!

2023-02-06 13:32:49 - [MESSAGE][PASSED] - Someone Lbl text Found......!

2023-02-06 13:32:49 - [TEST_STEP][PASSED] - if (waitForElementPresent(T_lbl_text, 10)): null

2023-02-06 13:32:50 - [MESSAGE][PASSED] - Element 'Object Repository/Regression/SC-001 Intro 1/Lbl text Find the person that checks all your boxes' is present

2023-02-06 13:32:50 - [TEST_STEP][PASSED] - markPassed("Find The Person Lbl text Found......!"): Find The Person Lbl text Found......!

2023-02-06 13:32:50 - [MESSAGE][PASSED] - Find The Person Lbl text Found......!

2023-02-06 13:32:50 - [TEST_STEP][PASSED] - if (waitForElementPresent(Centr_image, 10)): null

2023-02-06 13:32:50 - [MESSAGE][PASSED] - Element 'Object Repository/Regression/SC-001 Intro 1/Middle Screen Pic' is present

2023-02-06 13:32:50 - [TEST_STEP][PASSED] - markPassed("Center Image Found......!"): Center Image Found......!

2023-02-06 13:32:50 - [MESSAGE][PASSED] - Center Image Found......!

2023-02-06 13:32:50 - [TEST_STEP][PASSED] - if (waitForElementPresent(btn_continue, 10)): null

2023-02-06 13:32:50 - [MESSAGE][PASSED] - Element 'Object Repository/Regression/SC-001 Intro 1/btn Conitnue' is present

2023-02-06 13:32:50 - [TEST_STEP][PASSED] - com.spotlove.Utility.tap_Continue(): com.spotlove.Utility.tap_Continue is PASSED

2023-02-06 13:32:51 - [MESSAGE][PASSED] - com.spotlove.Utility.tap_Continue is PASSED

2023-02-06 13:32:51 - [TEST_STEP][PASSED] - markPassed("User Navigate to the Second Screen......!"): User Navigate to the Second Screen......!

2023-02-06 13:32:51 - [MESSAGE][PASSED] - User Navigate to the Second Screen......!

2023-02-06 13:32:51 - [TEST_STEP][PASSED] - takeScreenshot("test screenshot"): Screenshot is taken

2023-02-06 13:32:52 - [MESSAGE][PASSED] - Screenshot is taken
[[ATTACHMENT|/Users/pc/git/SpotLove-Automation/Reports/20230206_133215/fhakla/20230206_133215/test screenshot]]

2023-02-06 13:32:52 - [TEST_STEP][PASSED] - Start listener action : sampleAfterTestCase: null

2023-02-06 13:32:52 - [TEST_STEP][PASSED] - println(testCaseContext.getTestCaseId()): null

2023-02-06 13:32:52 - [TEST_STEP][PASSED] - println(testCaseContext.getTestCaseStatus()): null]]></system-out>
         <system-err><![CDATA[]]></system-err>
      </testcase>
      <system-out><![CDATA[2023-02-06 13:32:24 - [TEST_SUITE][PASSED] - fhakla: Test Cases/Regression/LookUps/SL-01 First Intro Screen]]></system-out>
      <system-err><![CDATA[]]></system-err>
   </testsuite>
</testsuites>
