<?xml version="1.0" encoding="UTF-8"?>
<testsuites name="SpotLove Sanity" time="154.586" tests="7" failures="0" errors="0">
   <testsuite name="SpotLove Sanity" tests="7" failures="0" errors="0" time="154.586" skipped="0" timestamp="2022-06-20 16:28:46" hostname="pc - localhost" id="Test Suites/SpotLove Sanity">
      <properties>
         <property name="deviceName" value="OnePlus GM1910 (Android 11)"/>
         <property name="devicePlatform" value=""/>
         <property name="logFolder" value="/Users/pc/Documents/Katalon Studio/SpotLove_Stagging/Reports/20220620_162835/SpotLove Sanity/20220620_162835"/>
         <property name="logFiles" value="/Users/pc/Documents/Katalon Studio/SpotLove_Stagging/Reports/20220620_162835/SpotLove Sanity/20220620_162835/execution0.log, /Users/pc/Documents/Katalon Studio/SpotLove_Stagging/Reports/20220620_162835/SpotLove Sanity/20220620_162835/appium.log"/>
         <property name="attachments" value=""/>
         <property name="hostName" value="pc - localhost"/>
         <property name="os" value="Mac OS X 64bit"/>
         <property name="appiumServerStatus" value="{&quot;value&quot;:{&quot;build&quot;:{&quot;version&quot;:&quot;1.22.3&quot;}},&quot;sessionId&quot;:null,&quot;status&quot;:0}"/>
         <property name="katalonVersion" value="8.3.0.208"/>
         <property name="deviceOS" value="Android"/>
         <property name="appiumVersion" value="1.22.3"/>
         <property name="deviceModel" value="GM1910"/>
         <property name="hostAddress" value="127.0.0.1"/>
         <property name="deviceManufacturer" value="OnePlus"/>
         <property name="deviceId" value="d84a7321"/>
         <property name="deviceName" value="OnePlus GM1910 (Android 11)"/>
         <property name="deviceOSVersion" value="11"/>
      </properties>
      <testcase name="Test Cases/testing/intro 1" time="20.37" classname="Test Cases/testing/intro 1" status="PASSED">
         <system-out><![CDATA[2022-06-20 16:28:47 - [TEST_CASE][PASSED] - Test Cases/testing/intro 1: Test Cases/testing/intro 1

2022-06-20 16:28:47 - [TEST_STEP][PASSED] - startExistingApplication("com.spotlove.releaseproduction", STOP_ON_FAILURE): Starting app with application ID: 'com.spotlove.releaseproduction'

2022-06-20 16:28:48 - [MESSAGE][INFO] - User set preference: ['deviceId', '']

2022-06-20 16:28:48 - [MESSAGE][INFO] - Detected NodeJS location: "/usr/local/bin/node"

2022-06-20 16:28:49 - [MESSAGE][INFO] - Appium server started on port 58,366

2022-06-20 16:29:00 - [MESSAGE][INFO] - Failed to get OS statusbar's information using default method.

2022-06-20 16:29:01 - [MESSAGE][PASSED] - Starting app with application ID: 'com.spotlove.releaseproduction'

2022-06-20 16:29:01 - [TEST_STEP][PASSED] - if (waitForElementPresent(hearticon, 30)): null

2022-06-20 16:29:05 - [MESSAGE][PASSED] - Element 'Object Repository/intro screens/Intro first/Heart icon' is present

2022-06-20 16:29:05 - [TEST_STEP][PASSED] - markPassed("PASSED: App is launched successfully"): PASSED: App is launched successfully

2022-06-20 16:29:05 - [MESSAGE][PASSED] - PASSED: App is launched successfully

2022-06-20 16:29:05 - [TEST_STEP][PASSED] - if (waitForElementPresent(Access, 30)): null

2022-06-20 16:29:05 - [MESSAGE][PASSED] - Element 'Object Repository/intro screens/Intro first/Access to label text' is present

2022-06-20 16:29:05 - [TEST_STEP][PASSED] - markPassed("PASSED: Access label text is present on the screen"): PASSED: Access label text is present on the screen

2022-06-20 16:29:05 - [MESSAGE][PASSED] - PASSED: Access label text is present on the screen

2022-06-20 16:29:05 - [TEST_STEP][PASSED] - if (waitForElementPresent(Matchmakers, 30)): null

2022-06-20 16:29:06 - [MESSAGE][PASSED] - Element 'Object Repository/intro screens/Intro first/Matchmakers label text' is present

2022-06-20 16:29:06 - [TEST_STEP][PASSED] - markPassed("PASSED: Matchmakers label text is present on the screen"): PASSED: Matchmakers label text is present on the screen

2022-06-20 16:29:06 - [MESSAGE][PASSED] - PASSED: Matchmakers label text is present on the screen

2022-06-20 16:29:06 - [TEST_STEP][PASSED] - if (waitForElementPresent(Berief_Labeltext, 30)): null

2022-06-20 16:29:06 - [MESSAGE][PASSED] - Element 'Object Repository/intro screens/Intro first/We have matchmakers that will help you find your perfect match label text' is present

2022-06-20 16:29:06 - [TEST_STEP][PASSED] - markPassed("PASSED: We have.... label text is present on the screen"): PASSED: We have.... label text is present on the screen

2022-06-20 16:29:06 - [MESSAGE][PASSED] - PASSED: We have.... label text is present on the screen

2022-06-20 16:29:06 - [TEST_STEP][PASSED] - if (waitForElementPresent(background, 30)): null

2022-06-20 16:29:06 - [MESSAGE][PASSED] - Element 'Object Repository/intro screens/Intro first/Background image' is present

2022-06-20 16:29:06 - [TEST_STEP][PASSED] - markPassed("PASSED: background Image is present on the screen"): PASSED: background Image is present on the screen

2022-06-20 16:29:06 - [MESSAGE][PASSED] - PASSED: background Image is present on the screen

2022-06-20 16:29:06 - [TEST_STEP][PASSED] - if (waitForElementPresent(continuebutton, 30)): null

2022-06-20 16:29:07 - [MESSAGE][PASSED] - Element 'Object Repository/intro screens/Intro first/Continue Button' is present

2022-06-20 16:29:07 - [TEST_STEP][PASSED] - tap(continuebutton, 30): Tapped on element 'Object Repository/intro screens/Intro first/Continue Button'

2022-06-20 16:29:07 - [MESSAGE][PASSED] - Tapped on element 'Object Repository/intro screens/Intro first/Continue Button'

2022-06-20 16:29:07 - [TEST_STEP][PASSED] - markPassed("Passed: continue button Element is present"): Passed: continue button Element is present

2022-06-20 16:29:07 - [MESSAGE][PASSED] - Passed: continue button Element is present]]></system-out>
         <system-err><![CDATA[]]></system-err>
      </testcase>
      <testcase name="Test Cases/testing/intro 2" time="4.192" classname="Test Cases/testing/intro 2" status="PASSED">
         <system-out><![CDATA[2022-06-20 16:29:07 - [TEST_CASE][PASSED] - Test Cases/testing/intro 2: Test Cases/testing/intro 2

2022-06-20 16:29:08 - [TEST_STEP][PASSED] - if (waitForElementPresent(hearticon, 30)): null

2022-06-20 16:29:08 - [MESSAGE][PASSED] - Element 'Object Repository/intro screens/Second intro/Heart icon' is present

2022-06-20 16:29:08 - [TEST_STEP][PASSED] - markPassed("PASSED: Heart icon is present in the screen"): PASSED: Heart icon is present in the screen

2022-06-20 16:29:08 - [MESSAGE][PASSED] - PASSED: Heart icon is present in the screen

2022-06-20 16:29:08 - [TEST_STEP][PASSED] - if (waitForElementPresent(Connect, 30)): null

2022-06-20 16:29:09 - [MESSAGE][PASSED] - Element 'Object Repository/intro screens/Second intro/Connect On Video label text' is present

2022-06-20 16:29:09 - [TEST_STEP][PASSED] - markPassed("PASSED: Connect label text is present on the screen"): PASSED: Connect label text is present on the screen

2022-06-20 16:29:09 - [MESSAGE][PASSED] - PASSED: Connect label text is present on the screen

2022-06-20 16:29:09 - [TEST_STEP][PASSED] - if (waitForElementPresent(Dates, 30)): null

2022-06-20 16:29:09 - [MESSAGE][PASSED] - Element 'Object Repository/intro screens/Second intro/Dates Label text' is present

2022-06-20 16:29:09 - [TEST_STEP][PASSED] - markPassed("PASSED: Dates label text is present on the screen"): PASSED: Dates label text is present on the screen

2022-06-20 16:29:09 - [MESSAGE][PASSED] - PASSED: Dates label text is present on the screen

2022-06-20 16:29:09 - [TEST_STEP][PASSED] - if (waitForElementPresent(We, 30)): null

2022-06-20 16:29:09 - [MESSAGE][PASSED] - Element 'Object Repository/intro screens/Second intro/We believe in connecting with people through video chat Label text' is present

2022-06-20 16:29:09 - [TEST_STEP][PASSED] - markPassed("PASSED: We.... label text is present on the screen"): PASSED: We.... label text is present on the screen

2022-06-20 16:29:09 - [MESSAGE][PASSED] - PASSED: We.... label text is present on the screen

2022-06-20 16:29:09 - [TEST_STEP][PASSED] - if (waitForElementPresent(background, 30)): null

2022-06-20 16:29:10 - [MESSAGE][PASSED] - Element 'Object Repository/intro screens/Second intro/Background Image' is present

2022-06-20 16:29:10 - [TEST_STEP][PASSED] - markPassed("PASSED: background Image is present on the screen"): PASSED: background Image is present on the screen

2022-06-20 16:29:10 - [MESSAGE][PASSED] - PASSED: background Image is present on the screen

2022-06-20 16:29:10 - [TEST_STEP][PASSED] - if (waitForElementPresent(Continuebutton, 30)): null

2022-06-20 16:29:11 - [MESSAGE][PASSED] - Element 'Object Repository/intro screens/Second intro/Continue button' is present

2022-06-20 16:29:11 - [TEST_STEP][PASSED] - tap(Continuebutton, 30): Tapped on element 'Object Repository/intro screens/Second intro/Continue button'

2022-06-20 16:29:11 - [MESSAGE][PASSED] - Tapped on element 'Object Repository/intro screens/Second intro/Continue button'

2022-06-20 16:29:11 - [TEST_STEP][PASSED] - markPassed("Passed: continue button Element is present"): Passed: continue button Element is present

2022-06-20 16:29:11 - [MESSAGE][PASSED] - Passed: continue button Element is present]]></system-out>
         <system-err><![CDATA[]]></system-err>
      </testcase>
      <testcase name="Test Cases/testing/intro 3" time="5.597" classname="Test Cases/testing/intro 3" status="PASSED">
         <system-out><![CDATA[2022-06-20 16:29:11 - [TEST_CASE][PASSED] - Test Cases/testing/intro 3: Test Cases/testing/intro 3

2022-06-20 16:29:12 - [TEST_STEP][PASSED] - if (waitForElementPresent(hearticon, 30)): null

2022-06-20 16:29:13 - [MESSAGE][PASSED] - Element 'Object Repository/intro screens/Third intro/Heart icon' is present

2022-06-20 16:29:13 - [TEST_STEP][PASSED] - markPassed("PASSED: Heart icon is present in the screen"): PASSED: Heart icon is present in the screen

2022-06-20 16:29:13 - [MESSAGE][PASSED] - PASSED: Heart icon is present in the screen

2022-06-20 16:29:13 - [TEST_STEP][PASSED] - if (waitForElementPresent(Meet_your, 30)): null

2022-06-20 16:29:13 - [MESSAGE][PASSED] - Element 'Object Repository/intro screens/Third intro/Meet Your label text' is present

2022-06-20 16:29:13 - [TEST_STEP][PASSED] - markPassed("PASSED: Meet your label text is present on the screen"): PASSED: Meet your label text is present on the screen

2022-06-20 16:29:13 - [MESSAGE][PASSED] - PASSED: Meet your label text is present on the screen

2022-06-20 16:29:13 - [TEST_STEP][PASSED] - if (waitForElementPresent(Soulmate, 30)): null

2022-06-20 16:29:14 - [MESSAGE][PASSED] - Element 'Object Repository/intro screens/Third intro/Soulmate label text' is present

2022-06-20 16:29:14 - [TEST_STEP][PASSED] - markPassed("PASSED: Soulmate label text is present on the screen"): PASSED: Soulmate label text is present on the screen

2022-06-20 16:29:14 - [MESSAGE][PASSED] - PASSED: Soulmate label text is present on the screen

2022-06-20 16:29:14 - [TEST_STEP][PASSED] - if (waitForElementPresent(Plenty, 30)): null

2022-06-20 16:29:14 - [MESSAGE][PASSED] - Element 'Object Repository/intro screens/Third intro/Plenty of opportunities to find the person that checks all your boxes label text' is present

2022-06-20 16:29:14 - [TEST_STEP][PASSED] - markPassed("PASSED: Plenty.... label text is present on the screen"): PASSED: Plenty.... label text is present on the screen

2022-06-20 16:29:14 - [MESSAGE][PASSED] - PASSED: Plenty.... label text is present on the screen

2022-06-20 16:29:14 - [TEST_STEP][PASSED] - if (waitForElementPresent(background, 30)): null

2022-06-20 16:29:15 - [MESSAGE][PASSED] - Element 'Object Repository/intro screens/Third intro/Background image' is present

2022-06-20 16:29:15 - [TEST_STEP][PASSED] - markPassed("PASSED: background Image is present on the screen"): PASSED: background Image is present on the screen

2022-06-20 16:29:15 - [MESSAGE][PASSED] - PASSED: background Image is present on the screen

2022-06-20 16:29:15 - [TEST_STEP][PASSED] - if (waitForElementPresent(Continuebutton, 30)): null

2022-06-20 16:29:15 - [MESSAGE][PASSED] - Element 'Object Repository/intro screens/Third intro/Continue Button' is present

2022-06-20 16:29:15 - [TEST_STEP][PASSED] - tap(Continuebutton, 30): Tapped on element 'Object Repository/intro screens/Third intro/Continue Button'

2022-06-20 16:29:17 - [MESSAGE][PASSED] - Tapped on element 'Object Repository/intro screens/Third intro/Continue Button'

2022-06-20 16:29:17 - [TEST_STEP][PASSED] - markPassed("Passed: continue button Element is present"): Passed: continue button Element is present

2022-06-20 16:29:17 - [MESSAGE][PASSED] - Passed: continue button Element is present]]></system-out>
         <system-err><![CDATA[]]></system-err>
      </testcase>
      <testcase name="Test Cases/testing/Use Phone Number screen" time="2.279" classname="Test Cases/testing/Use Phone Number screen" status="PASSED">
         <system-out><![CDATA[2022-06-20 16:29:17 - [TEST_CASE][PASSED] - Test Cases/testing/Use Phone Number screen: Test Cases/testing/Use Phone Number screen

2022-06-20 16:29:17 - [TEST_STEP][PASSED] - if (waitForElementPresent(logo, 30)): null

2022-06-20 16:29:18 - [MESSAGE][PASSED] - Element 'Object Repository/Select screen/logo' is present

2022-06-20 16:29:18 - [TEST_STEP][PASSED] - markPassed("PASSED: SignIn Screen launch successfully"): PASSED: SignIn Screen launch successfully

2022-06-20 16:29:18 - [MESSAGE][PASSED] - PASSED: SignIn Screen launch successfully

2022-06-20 16:29:18 - [TEST_STEP][PASSED] - if (waitForElementPresent(Spotlove, 30)): null

2022-06-20 16:29:18 - [MESSAGE][PASSED] - Element 'Object Repository/Select screen/Spot Love at First Sight Login or create an account label text' is present

2022-06-20 16:29:18 - [TEST_STEP][PASSED] - markPassed("PASSED: SpotLove At First Sight label text is present on the screen."): PASSED: SpotLove At First Sight label text is present on the screen.

2022-06-20 16:29:18 - [MESSAGE][PASSED] - PASSED: SpotLove At First Sight label text is present on the screen.

2022-06-20 16:29:18 - [TEST_STEP][PASSED] - if (waitForElementPresent(Continue, 30)): null

2022-06-20 16:29:19 - [MESSAGE][PASSED] - Element 'Object Repository/Select screen/Continue with Phone number' is present

2022-06-20 16:29:19 - [TEST_STEP][PASSED] - tap(Continue, 30): Tapped on element 'Object Repository/Select screen/Continue with Phone number'

2022-06-20 16:29:19 - [MESSAGE][PASSED] - Tapped on element 'Object Repository/Select screen/Continue with Phone number'

2022-06-20 16:29:19 - [TEST_STEP][PASSED] - markPassed("PASSED: Continue With phone is present on the screen."): PASSED: Continue With phone is present on the screen.

2022-06-20 16:29:19 - [MESSAGE][PASSED] - PASSED: Continue With phone is present on the screen.]]></system-out>
         <system-err><![CDATA[]]></system-err>
      </testcase>
      <testcase name="Test Cases/testing/Enter Phone Number" time="15.81" classname="Test Cases/testing/Enter Phone Number" status="PASSED">
         <system-out><![CDATA[2022-06-20 16:29:19 - [TEST_CASE][PASSED] - Test Cases/testing/Enter Phone Number: Test Cases/testing/Enter Phone Number

2022-06-20 16:29:20 - [TEST_STEP][PASSED] - if (waitForElementPresent(Back, 30)): null

2022-06-20 16:29:21 - [MESSAGE][PASSED] - Element 'Object Repository/SignIn To Spot.Love/Back Button' is present

2022-06-20 16:29:21 - [TEST_STEP][PASSED] - tap(Back, 30): Tapped on element 'Object Repository/SignIn To Spot.Love/Back Button'

2022-06-20 16:29:21 - [MESSAGE][PASSED] - Tapped on element 'Object Repository/SignIn To Spot.Love/Back Button'

2022-06-20 16:29:21 - [TEST_STEP][PASSED] - markPassed("PASSED: Continue With phone is present on the screen."): PASSED: Continue With phone is present on the screen.

2022-06-20 16:29:21 - [MESSAGE][PASSED] - PASSED: Continue With phone is present on the screen.

2022-06-20 16:29:21 - [TEST_STEP][PASSED] - if (waitForElementPresent(cntinue, 30)): null

2022-06-20 16:29:23 - [MESSAGE][PASSED] - Element 'Object Repository/Select screen/Continue with Phone number' is present

2022-06-20 16:29:23 - [TEST_STEP][PASSED] - tap(cntinue, 30): Tapped on element 'Object Repository/Select screen/Continue with Phone number'

2022-06-20 16:29:23 - [MESSAGE][PASSED] - Tapped on element 'Object Repository/Select screen/Continue with Phone number'

2022-06-20 16:29:23 - [TEST_STEP][PASSED] - markPassed("PASSED: Continue With phone is present on the screen."): PASSED: Continue With phone is present on the screen.

2022-06-20 16:29:23 - [MESSAGE][PASSED] - PASSED: Continue With phone is present on the screen.

2022-06-20 16:29:23 - [TEST_STEP][PASSED] - if (waitForElementPresent(logo, 30)): null

2022-06-20 16:29:25 - [MESSAGE][PASSED] - Element 'Object Repository/SignIn To Spot.Love/Spotlove Logo' is present

2022-06-20 16:29:25 - [TEST_STEP][PASSED] - markPassed("PASSED: SpotLove logo is present on the screen."): PASSED: SpotLove logo is present on the screen.

2022-06-20 16:29:25 - [MESSAGE][PASSED] - PASSED: SpotLove logo is present on the screen.

2022-06-20 16:29:25 - [TEST_STEP][PASSED] - if (waitForElementPresent(SignIn, 30)): null

2022-06-20 16:29:25 - [MESSAGE][PASSED] - Element 'Object Repository/SignIn To Spot.Love/Sign in to Spot.Love Label Text' is present

2022-06-20 16:29:25 - [TEST_STEP][PASSED] - markPassed("PASSED: signIn to spotlove. is present on the screen."): PASSED: signIn to spotlove. is present on the screen.

2022-06-20 16:29:25 - [MESSAGE][PASSED] - PASSED: signIn to spotlove. is present on the screen.

2022-06-20 16:29:25 - [TEST_STEP][PASSED] - if (waitForElementPresent(Continue, 30)): null

2022-06-20 16:29:26 - [MESSAGE][PASSED] - Element 'Object Repository/SignIn To Spot.Love/Continue with your phone number Label Text' is present

2022-06-20 16:29:26 - [TEST_STEP][PASSED] - markPassed("PASSED: Continue with... is present on the screen."): PASSED: Continue with... is present on the screen.

2022-06-20 16:29:26 - [MESSAGE][PASSED] - PASSED: Continue with... is present on the screen.

2022-06-20 16:29:26 - [TEST_STEP][PASSED] - if (waitForElementPresent(Country, 30)): null

2022-06-20 16:29:26 - [MESSAGE][PASSED] - Element 'Object Repository/SignIn To Spot.Love/Country dropdown' is present

2022-06-20 16:29:26 - [TEST_STEP][PASSED] - tap(Country, 30): Tapped on element 'Object Repository/SignIn To Spot.Love/Country dropdown'

2022-06-20 16:29:27 - [MESSAGE][PASSED] - Tapped on element 'Object Repository/SignIn To Spot.Love/Country dropdown'

2022-06-20 16:29:27 - [TEST_STEP][PASSED] - markPassed("PASSED: Country dropdown is present on the screen."): PASSED: Country dropdown is present on the screen.

2022-06-20 16:29:27 - [MESSAGE][PASSED] - PASSED: Country dropdown is present on the screen.

2022-06-20 16:29:27 - [TEST_STEP][PASSED] - if (waitForElementPresent(Search, 30)): null

2022-06-20 16:29:28 - [MESSAGE][PASSED] - Element 'Object Repository/SignIn To Spot.Love/Enter country name' is present

2022-06-20 16:29:28 - [TEST_STEP][PASSED] - setText(Search, "Pakistan", 30): Text 'Pakistan' has been set to element 'Object Repository/SignIn To Spot.Love/Enter country name'

2022-06-20 16:29:30 - [MESSAGE][PASSED] - Text 'Pakistan' has been set to element 'Object Repository/SignIn To Spot.Love/Enter country name'

2022-06-20 16:29:30 - [TEST_STEP][PASSED] - markPassed("PASSED: Search Country is present on the screen."): PASSED: Search Country is present on the screen.

2022-06-20 16:29:30 - [MESSAGE][PASSED] - PASSED: Search Country is present on the screen.

2022-06-20 16:29:30 - [TEST_STEP][PASSED] - if (waitForElementPresent(first_index, 30)): null

2022-06-20 16:29:31 - [MESSAGE][PASSED] - Element 'Object Repository/SignIn To Spot.Love/First Index of search bar' is present

2022-06-20 16:29:31 - [TEST_STEP][PASSED] - tap(first_index, 30): Tapped on element 'Object Repository/SignIn To Spot.Love/First Index of search bar'

2022-06-20 16:29:31 - [MESSAGE][PASSED] - Tapped on element 'Object Repository/SignIn To Spot.Love/First Index of search bar'

2022-06-20 16:29:31 - [TEST_STEP][PASSED] - markPassed("PASSED: Your Search in the first index Country is present on the screen."): PASSED: Your Search in the first index Country is present on the screen.

2022-06-20 16:29:31 - [MESSAGE][PASSED] - PASSED: Your Search in the first index Country is present on the screen.

2022-06-20 16:29:31 - [TEST_STEP][PASSED] - if (waitForElementPresent(phone, 30)): null

2022-06-20 16:29:32 - [MESSAGE][PASSED] - Element 'Object Repository/SignIn To Spot.Love/Enter Phone Number' is present

2022-06-20 16:29:32 - [TEST_STEP][PASSED] - setText(phone, "3044662898", 30): Text '3044662898' has been set to element 'Object Repository/SignIn To Spot.Love/Enter Phone Number'

2022-06-20 16:29:33 - [MESSAGE][PASSED] - Text '3044662898' has been set to element 'Object Repository/SignIn To Spot.Love/Enter Phone Number'

2022-06-20 16:29:33 - [TEST_STEP][PASSED] - markPassed("PASSED: Phone number enter successfully."): PASSED: Phone number enter successfully.

2022-06-20 16:29:33 - [MESSAGE][PASSED] - PASSED: Phone number enter successfully.

2022-06-20 16:29:33 - [TEST_STEP][PASSED] - if (waitForElementPresent(Continue_Button, 30)): null

2022-06-20 16:29:34 - [MESSAGE][PASSED] - Element 'Object Repository/SignIn To Spot.Love/Continue Button' is present

2022-06-20 16:29:34 - [TEST_STEP][PASSED] - tap(Continue_Button, 30): Tapped on element 'Object Repository/SignIn To Spot.Love/Continue Button'

2022-06-20 16:29:35 - [MESSAGE][PASSED] - Tapped on element 'Object Repository/SignIn To Spot.Love/Continue Button'

2022-06-20 16:29:35 - [TEST_STEP][PASSED] - markPassed("PASSED: Continue button."): PASSED: Continue button.

2022-06-20 16:29:35 - [MESSAGE][PASSED] - PASSED: Continue button.]]></system-out>
         <system-err><![CDATA[]]></system-err>
      </testcase>
      <testcase name="Test Cases/testing/OTP" time="86.102" classname="Test Cases/testing/OTP" status="PASSED">
         <system-out><![CDATA[2022-06-20 16:29:35 - [TEST_CASE][PASSED] - Test Cases/testing/OTP: Test Cases/testing/OTP

2022-06-20 16:29:35 - [TEST_STEP][PASSED] - if (waitForElementPresent(logo, 30)): null

2022-06-20 16:29:36 - [MESSAGE][PASSED] - Element 'Object Repository/OTP Verification/logo' is present

2022-06-20 16:29:36 - [TEST_STEP][PASSED] - markPassed("PASSED: SpotLove logo is present on the screen."): PASSED: SpotLove logo is present on the screen.

2022-06-20 16:29:36 - [MESSAGE][PASSED] - PASSED: SpotLove logo is present on the screen.

2022-06-20 16:29:36 - [TEST_STEP][PASSED] - if (waitForElementPresent(Enter, 30)): null

2022-06-20 16:29:57 - [MESSAGE][PASSED] - Element 'Object Repository/OTP Verification/Enter your verification code label text' is present

2022-06-20 16:29:57 - [TEST_STEP][PASSED] - markPassed("PASSED: Enter Your... label text is present on the screen."): PASSED: Enter Your... label text is present on the screen.

2022-06-20 16:29:57 - [MESSAGE][PASSED] - PASSED: Enter Your... label text is present on the screen.

2022-06-20 16:29:57 - [TEST_STEP][PASSED] - if (waitForElementPresent(We, 30)): null

2022-06-20 16:30:00 - [MESSAGE][PASSED] - Element 'Object Repository/OTP Verification/Weve sent a pin to label text' is present

2022-06-20 16:30:00 - [TEST_STEP][PASSED] - markPassed("PASSED: We have... label text is present on the screen."): PASSED: We have... label text is present on the screen.

2022-06-20 16:30:00 - [MESSAGE][PASSED] - PASSED: We have... label text is present on the screen.

2022-06-20 16:30:00 - [TEST_STEP][PASSED] - if (waitForElementPresent(Verify, 30)): null

2022-06-20 16:30:00 - [MESSAGE][PASSED] - Element 'Object Repository/OTP Verification/Verify' is present

2022-06-20 16:30:00 - [TEST_STEP][PASSED] - markPassed("PASSED: Verify Button is present on the screen."): PASSED: Verify Button is present on the screen.

2022-06-20 16:30:00 - [MESSAGE][PASSED] - PASSED: Verify Button is present on the screen.

2022-06-20 16:30:00 - [TEST_STEP][PASSED] - delay(60): Delayed 60 second(s)

2022-06-20 16:31:00 - [MESSAGE][PASSED] - Delayed 60 second(s)

2022-06-20 16:31:00 - [TEST_STEP][PASSED] - tap(Verify, 30): Tapped on element 'Object Repository/OTP Verification/Verify'

2022-06-20 16:31:01 - [MESSAGE][PASSED] - Tapped on element 'Object Repository/OTP Verification/Verify'

2022-06-20 16:31:01 - [TEST_STEP][PASSED] - markPassed("PASSED: Verify Button Pressed Successfully"): PASSED: Verify Button Pressed Successfully

2022-06-20 16:31:01 - [MESSAGE][PASSED] - PASSED: Verify Button Pressed Successfully]]></system-out>
         <system-err><![CDATA[]]></system-err>
      </testcase>
      <testcase name="Test Cases/testing/Welcome OnBoarding" time="19.897" classname="Test Cases/testing/Welcome OnBoarding" status="PASSED">
         <system-out><![CDATA[2022-06-20 16:31:01 - [TEST_CASE][PASSED] - Test Cases/testing/Welcome OnBoarding: Test Cases/testing/Welcome OnBoarding

2022-06-20 16:31:02 - [TEST_STEP][PASSED] - if (waitForElementPresent(logo, 30)): null

2022-06-20 16:31:15 - [MESSAGE][PASSED] - Element 'Object Repository/Onboarding_One/Logo' is present

2022-06-20 16:31:15 - [TEST_STEP][PASSED] - markPassed("PASSED: SpotLove logo is present on the screen."): PASSED: SpotLove logo is present on the screen.

2022-06-20 16:31:15 - [MESSAGE][PASSED] - PASSED: SpotLove logo is present on the screen.

2022-06-20 16:31:15 - [TEST_STEP][PASSED] - if (waitForElementPresent(welcome, 30)): null

2022-06-20 16:31:15 - [MESSAGE][PASSED] - Element 'Object Repository/Onboarding_One/Welcome to Spot.Love label text' is present

2022-06-20 16:31:15 - [TEST_STEP][PASSED] - markPassed("PASSED: Welcome... label text is present on the screen."): PASSED: Welcome... label text is present on the screen.

2022-06-20 16:31:15 - [MESSAGE][PASSED] - PASSED: Welcome... label text is present on the screen.

2022-06-20 16:31:15 - [TEST_STEP][PASSED] - if (waitForElementPresent(Please, 30)): null

2022-06-20 16:31:15 - [MESSAGE][PASSED] - Element 'Object Repository/Onboarding_One/Please follow these house rules label text' is present

2022-06-20 16:31:15 - [TEST_STEP][PASSED] - markPassed("PASSED: Please... label text is present on the screen."): PASSED: Please... label text is present on the screen.

2022-06-20 16:31:15 - [MESSAGE][PASSED] - PASSED: Please... label text is present on the screen.

2022-06-20 16:31:15 - [TEST_STEP][PASSED] - if (waitForElementPresent(Heart1, 30)): null

2022-06-20 16:31:16 - [MESSAGE][PASSED] - Element 'Object Repository/Onboarding_One/heart icon first' is present

2022-06-20 16:31:16 - [TEST_STEP][PASSED] - markPassed("PASSED: Heart Icon... is present on the screen."): PASSED: Heart Icon... is present on the screen.

2022-06-20 16:31:16 - [MESSAGE][PASSED] - PASSED: Heart Icon... is present on the screen.

2022-06-20 16:31:16 - [TEST_STEP][PASSED] - if (waitForElementPresent(Be, 30)): null

2022-06-20 16:31:16 - [MESSAGE][PASSED] - Element 'Object Repository/Onboarding_One/Be kind label text' is present

2022-06-20 16:31:16 - [TEST_STEP][PASSED] - markPassed("PASSED: Be Kind... label text is present on the screen."): PASSED: Be Kind... label text is present on the screen.

2022-06-20 16:31:16 - [MESSAGE][PASSED] - PASSED: Be Kind... label text is present on the screen.

2022-06-20 16:31:16 - [TEST_STEP][PASSED] - if (waitForElementPresent(Treat, 30)): null

2022-06-20 16:31:16 - [MESSAGE][PASSED] - Element 'Object Repository/Onboarding_One/Treat everyone with respect and kindness label text' is present

2022-06-20 16:31:16 - [TEST_STEP][PASSED] - markPassed("PASSED: Treat... label text is present on the screen."): PASSED: Treat... label text is present on the screen.

2022-06-20 16:31:16 - [MESSAGE][PASSED] - PASSED: Treat... label text is present on the screen.

2022-06-20 16:31:16 - [TEST_STEP][PASSED] - if (waitForElementPresent(Heart2, 30)): null

2022-06-20 16:31:16 - [MESSAGE][PASSED] - Element 'Object Repository/Onboarding_One/heart icon second' is present

2022-06-20 16:31:16 - [TEST_STEP][PASSED] - markPassed("PASSED: Heart Icon... is present on the screen."): PASSED: Heart Icon... is present on the screen.

2022-06-20 16:31:16 - [MESSAGE][PASSED] - PASSED: Heart Icon... is present on the screen.

2022-06-20 16:31:16 - [TEST_STEP][PASSED] - if (waitForElementPresent(Be_You, 30)): null

2022-06-20 16:31:18 - [MESSAGE][PASSED] - Element 'Object Repository/Onboarding_One/Be yourself label text' is present

2022-06-20 16:31:18 - [TEST_STEP][PASSED] - markPassed("PASSED: Be Your... label text is present on the screen."): PASSED: Be Your... label text is present on the screen.

2022-06-20 16:31:18 - [MESSAGE][PASSED] - PASSED: Be Your... label text is present on the screen.

2022-06-20 16:31:18 - [TEST_STEP][PASSED] - if (waitForElementPresent(Be_honest, 30)): null

2022-06-20 16:31:18 - [MESSAGE][PASSED] - Element 'Object Repository/Onboarding_One/Be honest about your age, phots, and bio label text' is present

2022-06-20 16:31:18 - [TEST_STEP][PASSED] - markPassed("PASSED: Be Honest... label text is present on the screen."): PASSED: Be Honest... label text is present on the screen.

2022-06-20 16:31:18 - [MESSAGE][PASSED] - PASSED: Be Honest... label text is present on the screen.

2022-06-20 16:31:18 - [TEST_STEP][PASSED] - if (waitForElementPresent(Heart3, 30)): null

2022-06-20 16:31:18 - [MESSAGE][PASSED] - Element 'Object Repository/Onboarding_One/heart icon third' is present

2022-06-20 16:31:18 - [TEST_STEP][PASSED] - markPassed("PASSED: Heart Icon... is present on the screen."): PASSED: Heart Icon... is present on the screen.

2022-06-20 16:31:18 - [MESSAGE][PASSED] - PASSED: Heart Icon... is present on the screen.

2022-06-20 16:31:18 - [TEST_STEP][PASSED] - if (waitForElementPresent(Be_Out, 30)): null

2022-06-20 16:31:19 - [MESSAGE][PASSED] - Element 'Object Repository/Onboarding_One/Be outspoken label text' is present

2022-06-20 16:31:19 - [TEST_STEP][PASSED] - markPassed("PASSED: Be Out... label text is present on the screen."): PASSED: Be Out... label text is present on the screen.

2022-06-20 16:31:19 - [MESSAGE][PASSED] - PASSED: Be Out... label text is present on the screen.

2022-06-20 16:31:19 - [TEST_STEP][PASSED] - if (waitForElementPresent(Always, 30)): null

2022-06-20 16:31:19 - [MESSAGE][PASSED] - Element 'Object Repository/Onboarding_One/Always report bad behavior label text' is present

2022-06-20 16:31:19 - [TEST_STEP][PASSED] - markPassed("PASSED: Always... label text is present on the screen."): PASSED: Always... label text is present on the screen.

2022-06-20 16:31:19 - [MESSAGE][PASSED] - PASSED: Always... label text is present on the screen.

2022-06-20 16:31:19 - [TEST_STEP][PASSED] - if (waitForElementPresent(Terms, 30)): null

2022-06-20 16:31:19 - [MESSAGE][PASSED] - Element 'Object Repository/Onboarding_One/View terms and Conditions' is present

2022-06-20 16:31:19 - [TEST_STEP][PASSED] - markPassed("PASSED: View Terms and Conditions are show on the screen"): PASSED: View Terms and Conditions are show on the screen

2022-06-20 16:31:19 - [MESSAGE][PASSED] - PASSED: View Terms and Conditions are show on the screen

2022-06-20 16:31:19 - [TEST_STEP][PASSED] - if (waitForElementPresent(Agree, 30)): null

2022-06-20 16:31:19 - [MESSAGE][PASSED] - Element 'Object Repository/Onboarding_One/I Agree Button' is present

2022-06-20 16:31:19 - [TEST_STEP][PASSED] - tap(Agree, 30): Tapped on element 'Object Repository/Onboarding_One/I Agree Button'

2022-06-20 16:31:21 - [MESSAGE][PASSED] - Tapped on element 'Object Repository/Onboarding_One/I Agree Button'

2022-06-20 16:31:21 - [TEST_STEP][PASSED] - markPassed("PASSED: I Agree Button ise show on the screen"): PASSED: I Agree Button ise show on the screen

2022-06-20 16:31:21 - [MESSAGE][PASSED] - PASSED: I Agree Button ise show on the screen]]></system-out>
         <system-err><![CDATA[]]></system-err>
      </testcase>
      <system-out><![CDATA[2022-06-20 16:28:46 - [TEST_SUITE][PASSED] - SpotLove Sanity: Test Cases/testing/Welcome OnBoarding]]></system-out>
      <system-err><![CDATA[]]></system-err>
   </testsuite>
</testsuites>
