<?xml version="1.0" encoding="UTF-8"?>
<testsuites name="SpotLove Sanity" time="543.237" tests="24" failures="2" errors="0">
   <testsuite name="SpotLove Sanity" tests="24" failures="2" errors="0" time="543.237" skipped="0" timestamp="2022-07-19 13:53:02" hostname="pc - localhost" id="Test Suites/SpotLove Sanity">
      <properties>
         <property name="deviceName" value="samsung SM-A025F (Android 11)"/>
         <property name="devicePlatform" value=""/>
         <property name="logFolder" value="/Users/pc/Documents/Katalon Studio/SpotLove_Stagging/Reports/20220719_135254/SpotLove Sanity/20220719_135254"/>
         <property name="logFiles" value="/Users/pc/Documents/Katalon Studio/SpotLove_Stagging/Reports/20220719_135254/SpotLove Sanity/20220719_135254/execution0.log, /Users/pc/Documents/Katalon Studio/SpotLove_Stagging/Reports/20220719_135254/SpotLove Sanity/20220719_135254/appium.log"/>
         <property name="attachments" value=""/>
         <property name="hostName" value="pc - localhost"/>
         <property name="os" value="Mac OS X 64bit"/>
         <property name="appiumServerStatus" value="{&quot;value&quot;:{&quot;build&quot;:{&quot;version&quot;:&quot;1.22.3&quot;}},&quot;sessionId&quot;:null,&quot;status&quot;:0}"/>
         <property name="katalonVersion" value="8.3.0.208"/>
         <property name="deviceOS" value="Android"/>
         <property name="appiumVersion" value="1.22.3"/>
         <property name="deviceModel" value="SM-A025F"/>
         <property name="hostAddress" value="127.0.0.1"/>
         <property name="deviceManufacturer" value="samsung"/>
         <property name="deviceId" value="R9JNC0DKDXJ"/>
         <property name="deviceName" value="samsung SM-A025F (Android 11)"/>
         <property name="deviceOSVersion" value="11"/>
      </properties>
      <testcase name="Test Cases/testing/intro 1" time="27.528" classname="Test Cases/testing/intro 1" status="PASSED">
         <system-out><![CDATA[2022-07-19 13:53:03 - [TEST_CASE][PASSED] - Test Cases/testing/intro 1: Test Cases/testing/intro 1

2022-07-19 13:53:03 - [TEST_STEP][PASSED] - startExistingApplication("com.spotlove.releaseproduction", STOP_ON_FAILURE): Starting app with application ID: 'com.spotlove.releaseproduction'

2022-07-19 13:53:04 - [MESSAGE][INFO] - User set preference: ['deviceId', '']

2022-07-19 13:53:04 - [MESSAGE][INFO] - Detected NodeJS location: "/usr/local/bin/node"

2022-07-19 13:53:05 - [MESSAGE][INFO] - Appium server started on port 62,002

2022-07-19 13:53:20 - [MESSAGE][PASSED] - Starting app with application ID: 'com.spotlove.releaseproduction'

2022-07-19 13:53:20 - [TEST_STEP][PASSED] - if (waitForElementPresent(hearticon, 30)): null

2022-07-19 13:53:29 - [MESSAGE][PASSED] - Element 'Object Repository/intro screens/Intro first/Heart icon' is present

2022-07-19 13:53:29 - [TEST_STEP][PASSED] - markPassed("PASSED: App is launched successfully"): PASSED: App is launched successfully

2022-07-19 13:53:29 - [MESSAGE][PASSED] - PASSED: App is launched successfully

2022-07-19 13:53:29 - [TEST_STEP][PASSED] - if (waitForElementPresent(Access, 30)): null

2022-07-19 13:53:29 - [MESSAGE][PASSED] - Element 'Object Repository/intro screens/Intro first/Access to label text' is present

2022-07-19 13:53:29 - [TEST_STEP][PASSED] - markPassed("PASSED: Access label text is present on the screen"): PASSED: Access label text is present on the screen

2022-07-19 13:53:29 - [MESSAGE][PASSED] - PASSED: Access label text is present on the screen

2022-07-19 13:53:29 - [TEST_STEP][PASSED] - if (waitForElementPresent(Matchmakers, 30)): null

2022-07-19 13:53:29 - [MESSAGE][PASSED] - Element 'Object Repository/intro screens/Intro first/Matchmakers label text' is present

2022-07-19 13:53:29 - [TEST_STEP][PASSED] - markPassed("PASSED: Matchmakers label text is present on the screen"): PASSED: Matchmakers label text is present on the screen

2022-07-19 13:53:29 - [MESSAGE][PASSED] - PASSED: Matchmakers label text is present on the screen

2022-07-19 13:53:29 - [TEST_STEP][PASSED] - if (waitForElementPresent(Berief_Labeltext, 30)): null

2022-07-19 13:53:30 - [MESSAGE][PASSED] - Element 'Object Repository/intro screens/Intro first/We have matchmakers that will help you find your perfect match label text' is present

2022-07-19 13:53:30 - [TEST_STEP][PASSED] - markPassed("PASSED: We have.... label text is present on the screen"): PASSED: We have.... label text is present on the screen

2022-07-19 13:53:30 - [MESSAGE][PASSED] - PASSED: We have.... label text is present on the screen

2022-07-19 13:53:30 - [TEST_STEP][PASSED] - if (waitForElementPresent(background, 30)): null

2022-07-19 13:53:30 - [MESSAGE][PASSED] - Element 'Object Repository/intro screens/Intro first/Background image' is present

2022-07-19 13:53:30 - [TEST_STEP][PASSED] - markPassed("PASSED: background Image is present on the screen"): PASSED: background Image is present on the screen

2022-07-19 13:53:30 - [MESSAGE][PASSED] - PASSED: background Image is present on the screen

2022-07-19 13:53:30 - [TEST_STEP][PASSED] - if (waitForElementPresent(continuebutton, 30)): null

2022-07-19 13:53:30 - [MESSAGE][PASSED] - Element 'Object Repository/intro screens/Intro first/Continue Button' is present

2022-07-19 13:53:30 - [TEST_STEP][PASSED] - tap(continuebutton, 30): Tapped on element 'Object Repository/intro screens/Intro first/Continue Button'

2022-07-19 13:53:30 - [MESSAGE][PASSED] - Tapped on element 'Object Repository/intro screens/Intro first/Continue Button'

2022-07-19 13:53:30 - [TEST_STEP][PASSED] - markPassed("Passed: continue button Element is present"): Passed: continue button Element is present

2022-07-19 13:53:30 - [MESSAGE][PASSED] - Passed: continue button Element is present]]></system-out>
         <system-err><![CDATA[]]></system-err>
      </testcase>
      <testcase name="Test Cases/testing/intro 2" time="2.644" classname="Test Cases/testing/intro 2" status="PASSED">
         <system-out><![CDATA[2022-07-19 13:53:30 - [TEST_CASE][PASSED] - Test Cases/testing/intro 2: Test Cases/testing/intro 2

2022-07-19 13:53:31 - [TEST_STEP][PASSED] - if (waitForElementPresent(hearticon, 30)): null

2022-07-19 13:53:31 - [MESSAGE][PASSED] - Element 'Object Repository/intro screens/Second intro/Heart icon' is present

2022-07-19 13:53:31 - [TEST_STEP][PASSED] - markPassed("PASSED: Heart icon is present in the screen"): PASSED: Heart icon is present in the screen

2022-07-19 13:53:31 - [MESSAGE][PASSED] - PASSED: Heart icon is present in the screen

2022-07-19 13:53:31 - [TEST_STEP][PASSED] - if (waitForElementPresent(Connect, 30)): null

2022-07-19 13:53:31 - [MESSAGE][PASSED] - Element 'Object Repository/intro screens/Second intro/Connect On Video label text' is present

2022-07-19 13:53:31 - [TEST_STEP][PASSED] - markPassed("PASSED: Connect label text is present on the screen"): PASSED: Connect label text is present on the screen

2022-07-19 13:53:31 - [MESSAGE][PASSED] - PASSED: Connect label text is present on the screen

2022-07-19 13:53:31 - [TEST_STEP][PASSED] - if (waitForElementPresent(Dates, 30)): null

2022-07-19 13:53:32 - [MESSAGE][PASSED] - Element 'Object Repository/intro screens/Second intro/Dates Label text' is present

2022-07-19 13:53:32 - [TEST_STEP][PASSED] - markPassed("PASSED: Dates label text is present on the screen"): PASSED: Dates label text is present on the screen

2022-07-19 13:53:32 - [MESSAGE][PASSED] - PASSED: Dates label text is present on the screen

2022-07-19 13:53:32 - [TEST_STEP][PASSED] - if (waitForElementPresent(We, 30)): null

2022-07-19 13:53:32 - [MESSAGE][PASSED] - Element 'Object Repository/intro screens/Second intro/We believe in connecting with people through video chat Label text' is present

2022-07-19 13:53:32 - [TEST_STEP][PASSED] - markPassed("PASSED: We.... label text is present on the screen"): PASSED: We.... label text is present on the screen

2022-07-19 13:53:32 - [MESSAGE][PASSED] - PASSED: We.... label text is present on the screen

2022-07-19 13:53:32 - [TEST_STEP][PASSED] - if (waitForElementPresent(background, 30)): null

2022-07-19 13:53:32 - [MESSAGE][PASSED] - Element 'Object Repository/intro screens/Second intro/Background Image' is present

2022-07-19 13:53:32 - [TEST_STEP][PASSED] - markPassed("PASSED: background Image is present on the screen"): PASSED: background Image is present on the screen

2022-07-19 13:53:32 - [MESSAGE][PASSED] - PASSED: background Image is present on the screen

2022-07-19 13:53:32 - [TEST_STEP][PASSED] - if (waitForElementPresent(Continuebutton, 30)): null

2022-07-19 13:53:33 - [MESSAGE][PASSED] - Element 'Object Repository/intro screens/Second intro/Continue button' is present

2022-07-19 13:53:33 - [TEST_STEP][PASSED] - tap(Continuebutton, 30): Tapped on element 'Object Repository/intro screens/Second intro/Continue button'

2022-07-19 13:53:33 - [MESSAGE][PASSED] - Tapped on element 'Object Repository/intro screens/Second intro/Continue button'

2022-07-19 13:53:33 - [TEST_STEP][PASSED] - markPassed("Passed: continue button Element is present"): Passed: continue button Element is present

2022-07-19 13:53:33 - [MESSAGE][PASSED] - Passed: continue button Element is present]]></system-out>
         <system-err><![CDATA[]]></system-err>
      </testcase>
      <testcase name="Test Cases/testing/intro 3" time="2.781" classname="Test Cases/testing/intro 3" status="PASSED">
         <system-out><![CDATA[2022-07-19 13:53:33 - [TEST_CASE][PASSED] - Test Cases/testing/intro 3: Test Cases/testing/intro 3

2022-07-19 13:53:33 - [TEST_STEP][PASSED] - if (waitForElementPresent(hearticon, 30)): null

2022-07-19 13:53:34 - [MESSAGE][PASSED] - Element 'Object Repository/intro screens/Third intro/Heart icon' is present

2022-07-19 13:53:34 - [TEST_STEP][PASSED] - markPassed("PASSED: Heart icon is present in the screen"): PASSED: Heart icon is present in the screen

2022-07-19 13:53:34 - [MESSAGE][PASSED] - PASSED: Heart icon is present in the screen

2022-07-19 13:53:34 - [TEST_STEP][PASSED] - if (waitForElementPresent(Meet_your, 30)): null

2022-07-19 13:53:34 - [MESSAGE][PASSED] - Element 'Object Repository/intro screens/Third intro/Meet Your label text' is present

2022-07-19 13:53:34 - [TEST_STEP][PASSED] - markPassed("PASSED: Meet your label text is present on the screen"): PASSED: Meet your label text is present on the screen

2022-07-19 13:53:34 - [MESSAGE][PASSED] - PASSED: Meet your label text is present on the screen

2022-07-19 13:53:34 - [TEST_STEP][PASSED] - if (waitForElementPresent(Soulmate, 30)): null

2022-07-19 13:53:34 - [MESSAGE][PASSED] - Element 'Object Repository/intro screens/Third intro/Soulmate label text' is present

2022-07-19 13:53:34 - [TEST_STEP][PASSED] - markPassed("PASSED: Soulmate label text is present on the screen"): PASSED: Soulmate label text is present on the screen

2022-07-19 13:53:34 - [MESSAGE][PASSED] - PASSED: Soulmate label text is present on the screen

2022-07-19 13:53:34 - [TEST_STEP][PASSED] - if (waitForElementPresent(Plenty, 30)): null

2022-07-19 13:53:35 - [MESSAGE][PASSED] - Element 'Object Repository/intro screens/Third intro/Plenty of opportunities to find the person that checks all your boxes label text' is present

2022-07-19 13:53:35 - [TEST_STEP][PASSED] - markPassed("PASSED: Plenty.... label text is present on the screen"): PASSED: Plenty.... label text is present on the screen

2022-07-19 13:53:35 - [MESSAGE][PASSED] - PASSED: Plenty.... label text is present on the screen

2022-07-19 13:53:35 - [TEST_STEP][PASSED] - if (waitForElementPresent(background, 30)): null

2022-07-19 13:53:35 - [MESSAGE][PASSED] - Element 'Object Repository/intro screens/Third intro/Background image' is present

2022-07-19 13:53:35 - [TEST_STEP][PASSED] - markPassed("PASSED: background Image is present on the screen"): PASSED: background Image is present on the screen

2022-07-19 13:53:35 - [MESSAGE][PASSED] - PASSED: background Image is present on the screen

2022-07-19 13:53:35 - [TEST_STEP][PASSED] - if (waitForElementPresent(Continuebutton, 30)): null

2022-07-19 13:53:35 - [MESSAGE][PASSED] - Element 'Object Repository/intro screens/Third intro/Continue Button' is present

2022-07-19 13:53:35 - [TEST_STEP][PASSED] - tap(Continuebutton, 30): Tapped on element 'Object Repository/intro screens/Third intro/Continue Button'

2022-07-19 13:53:36 - [MESSAGE][PASSED] - Tapped on element 'Object Repository/intro screens/Third intro/Continue Button'

2022-07-19 13:53:36 - [TEST_STEP][PASSED] - markPassed("Passed: continue button Element is present"): Passed: continue button Element is present

2022-07-19 13:53:36 - [MESSAGE][PASSED] - Passed: continue button Element is present]]></system-out>
         <system-err><![CDATA[]]></system-err>
      </testcase>
      <testcase name="Test Cases/testing/Use Phone Number screen" time="1.796" classname="Test Cases/testing/Use Phone Number screen" status="PASSED">
         <system-out><![CDATA[2022-07-19 13:53:36 - [TEST_CASE][PASSED] - Test Cases/testing/Use Phone Number screen: Test Cases/testing/Use Phone Number screen

2022-07-19 13:53:36 - [TEST_STEP][PASSED] - if (waitForElementPresent(logo, 30)): null

2022-07-19 13:53:37 - [MESSAGE][PASSED] - Element 'Object Repository/Select screen/logo' is present

2022-07-19 13:53:37 - [TEST_STEP][PASSED] - markPassed("PASSED: SignIn Screen launch successfully"): PASSED: SignIn Screen launch successfully

2022-07-19 13:53:37 - [MESSAGE][PASSED] - PASSED: SignIn Screen launch successfully

2022-07-19 13:53:37 - [TEST_STEP][PASSED] - if (waitForElementPresent(Spotlove, 30)): null

2022-07-19 13:53:37 - [MESSAGE][PASSED] - Element 'Object Repository/Select screen/Spot Love at First Sight Login or create an account label text' is present

2022-07-19 13:53:37 - [TEST_STEP][PASSED] - markPassed("PASSED: SpotLove At First Sight label text is present on the screen."): PASSED: SpotLove At First Sight label text is present on the screen.

2022-07-19 13:53:37 - [MESSAGE][PASSED] - PASSED: SpotLove At First Sight label text is present on the screen.

2022-07-19 13:53:37 - [TEST_STEP][PASSED] - if (waitForElementPresent(Continue, 30)): null

2022-07-19 13:53:37 - [MESSAGE][PASSED] - Element 'Object Repository/Select screen/Continue with Phone number' is present

2022-07-19 13:53:37 - [TEST_STEP][PASSED] - tap(Continue, 30): Tapped on element 'Object Repository/Select screen/Continue with Phone number'

2022-07-19 13:53:37 - [MESSAGE][PASSED] - Tapped on element 'Object Repository/Select screen/Continue with Phone number'

2022-07-19 13:53:37 - [TEST_STEP][PASSED] - markPassed("PASSED: Continue With phone is present on the screen."): PASSED: Continue With phone is present on the screen.

2022-07-19 13:53:37 - [MESSAGE][PASSED] - PASSED: Continue With phone is present on the screen.]]></system-out>
         <system-err><![CDATA[]]></system-err>
      </testcase>
      <testcase name="Test Cases/testing/Enter Phone Number" time="11.837" classname="Test Cases/testing/Enter Phone Number" status="PASSED">
         <system-out><![CDATA[2022-07-19 13:53:37 - [TEST_CASE][PASSED] - Test Cases/testing/Enter Phone Number: Test Cases/testing/Enter Phone Number

2022-07-19 13:53:38 - [TEST_STEP][PASSED] - if (waitForElementPresent(Back, 30)): null

2022-07-19 13:53:39 - [MESSAGE][PASSED] - Element 'Object Repository/SignIn To Spot.Love/Back Button' is present

2022-07-19 13:53:39 - [TEST_STEP][PASSED] - tap(Back, 30): Tapped on element 'Object Repository/SignIn To Spot.Love/Back Button'

2022-07-19 13:53:39 - [MESSAGE][PASSED] - Tapped on element 'Object Repository/SignIn To Spot.Love/Back Button'

2022-07-19 13:53:39 - [TEST_STEP][PASSED] - markPassed("PASSED: Continue With phone is present on the screen."): PASSED: Continue With phone is present on the screen.

2022-07-19 13:53:39 - [MESSAGE][PASSED] - PASSED: Continue With phone is present on the screen.

2022-07-19 13:53:39 - [TEST_STEP][PASSED] - if (waitForElementPresent(cntinue, 30)): null

2022-07-19 13:53:40 - [MESSAGE][PASSED] - Element 'Object Repository/Select screen/Continue with Phone number' is present

2022-07-19 13:53:40 - [TEST_STEP][PASSED] - tap(cntinue, 30): Tapped on element 'Object Repository/Select screen/Continue with Phone number'

2022-07-19 13:53:41 - [MESSAGE][PASSED] - Tapped on element 'Object Repository/Select screen/Continue with Phone number'

2022-07-19 13:53:41 - [TEST_STEP][PASSED] - markPassed("PASSED: Continue With phone is present on the screen."): PASSED: Continue With phone is present on the screen.

2022-07-19 13:53:41 - [MESSAGE][PASSED] - PASSED: Continue With phone is present on the screen.

2022-07-19 13:53:41 - [TEST_STEP][PASSED] - if (waitForElementPresent(logo, 30)): null

2022-07-19 13:53:42 - [MESSAGE][PASSED] - Element 'Object Repository/SignIn To Spot.Love/Spotlove Logo' is present

2022-07-19 13:53:42 - [TEST_STEP][PASSED] - markPassed("PASSED: SpotLove logo is present on the screen."): PASSED: SpotLove logo is present on the screen.

2022-07-19 13:53:42 - [MESSAGE][PASSED] - PASSED: SpotLove logo is present on the screen.

2022-07-19 13:53:42 - [TEST_STEP][PASSED] - if (waitForElementPresent(SignIn, 30)): null

2022-07-19 13:53:42 - [MESSAGE][PASSED] - Element 'Object Repository/SignIn To Spot.Love/Sign in to Spot.Love Label Text' is present

2022-07-19 13:53:42 - [TEST_STEP][PASSED] - markPassed("PASSED: signIn to spotlove. is present on the screen."): PASSED: signIn to spotlove. is present on the screen.

2022-07-19 13:53:42 - [MESSAGE][PASSED] - PASSED: signIn to spotlove. is present on the screen.

2022-07-19 13:53:42 - [TEST_STEP][PASSED] - if (waitForElementPresent(Continue, 30)): null

2022-07-19 13:53:42 - [MESSAGE][PASSED] - Element 'Object Repository/SignIn To Spot.Love/Continue with your phone number Label Text' is present

2022-07-19 13:53:42 - [TEST_STEP][PASSED] - markPassed("PASSED: Continue with... is present on the screen."): PASSED: Continue with... is present on the screen.

2022-07-19 13:53:42 - [MESSAGE][PASSED] - PASSED: Continue with... is present on the screen.

2022-07-19 13:53:42 - [TEST_STEP][PASSED] - if (waitForElementPresent(Dropdown, 30)): null

2022-07-19 13:53:43 - [MESSAGE][PASSED] - Element 'Object Repository/SignIn To Spot.Love/Country dropdown' is present

2022-07-19 13:53:43 - [TEST_STEP][PASSED] - tap(Dropdown, 30): Tapped on element 'Object Repository/SignIn To Spot.Love/Country dropdown'

2022-07-19 13:53:43 - [MESSAGE][PASSED] - Tapped on element 'Object Repository/SignIn To Spot.Love/Country dropdown'

2022-07-19 13:53:43 - [TEST_STEP][PASSED] - markPassed("PASSED: Country dropdown is present on the screen."): PASSED: Country dropdown is present on the screen.

2022-07-19 13:53:43 - [MESSAGE][PASSED] - PASSED: Country dropdown is present on the screen.

2022-07-19 13:53:43 - [TEST_STEP][PASSED] - if (waitForElementPresent(Search, 30)): null

2022-07-19 13:53:44 - [MESSAGE][PASSED] - Element 'Object Repository/SignIn To Spot.Love/Enter country name' is present

2022-07-19 13:53:44 - [TEST_STEP][PASSED] - setText(Search, Country, 30): Text 'Pakistan' has been set to element 'Object Repository/SignIn To Spot.Love/Enter country name'

2022-07-19 13:53:45 - [MESSAGE][PASSED] - Text 'Pakistan' has been set to element 'Object Repository/SignIn To Spot.Love/Enter country name'

2022-07-19 13:53:45 - [TEST_STEP][PASSED] - markPassed("PASSED: Search Country is present on the screen."): PASSED: Search Country is present on the screen.

2022-07-19 13:53:45 - [MESSAGE][PASSED] - PASSED: Search Country is present on the screen.

2022-07-19 13:53:45 - [TEST_STEP][PASSED] - if (waitForElementPresent(first_index, 30)): null

2022-07-19 13:53:46 - [MESSAGE][PASSED] - Element 'Object Repository/SignIn To Spot.Love/First Index of search bar' is present

2022-07-19 13:53:46 - [TEST_STEP][PASSED] - tap(first_index, 30): Tapped on element 'Object Repository/SignIn To Spot.Love/First Index of search bar'

2022-07-19 13:53:46 - [MESSAGE][PASSED] - Tapped on element 'Object Repository/SignIn To Spot.Love/First Index of search bar'

2022-07-19 13:53:46 - [TEST_STEP][PASSED] - markPassed("PASSED: Your Search in the first index Country is present on the screen."): PASSED: Your Search in the first index Country is present on the screen.

2022-07-19 13:53:46 - [MESSAGE][PASSED] - PASSED: Your Search in the first index Country is present on the screen.

2022-07-19 13:53:46 - [TEST_STEP][PASSED] - if (waitForElementPresent(phone, 30)): null

2022-07-19 13:53:47 - [MESSAGE][PASSED] - Element 'Object Repository/SignIn To Spot.Love/Enter Phone Number' is present

2022-07-19 13:53:47 - [TEST_STEP][PASSED] - setText(phone, number, 30): Text '30446628' has been set to element 'Object Repository/SignIn To Spot.Love/Enter Phone Number'

2022-07-19 13:53:48 - [MESSAGE][PASSED] - Text '30446628' has been set to element 'Object Repository/SignIn To Spot.Love/Enter Phone Number'

2022-07-19 13:53:48 - [TEST_STEP][PASSED] - markPassed("PASSED: Phone number enter successfully."): PASSED: Phone number enter successfully.

2022-07-19 13:53:48 - [MESSAGE][PASSED] - PASSED: Phone number enter successfully.

2022-07-19 13:53:48 - [TEST_STEP][PASSED] - if (waitForElementPresent(Continue_Button, 30)): null

2022-07-19 13:53:48 - [MESSAGE][PASSED] - Element 'Object Repository/SignIn To Spot.Love/Continue Button' is present

2022-07-19 13:53:48 - [TEST_STEP][PASSED] - tap(Continue_Button, 30): Tapped on element 'Object Repository/SignIn To Spot.Love/Continue Button'

2022-07-19 13:53:49 - [MESSAGE][PASSED] - Tapped on element 'Object Repository/SignIn To Spot.Love/Continue Button'

2022-07-19 13:53:49 - [TEST_STEP][PASSED] - markPassed("PASSED: Continue button."): PASSED: Continue button.

2022-07-19 13:53:49 - [MESSAGE][PASSED] - PASSED: Continue button.

2022-07-19 13:53:49 - [TEST_STEP][PASSED] - if (waitForElementPresent(OTP, 30)): null

2022-07-19 13:53:49 - [MESSAGE][PASSED] - Element 'Object Repository/OTP Verification/logo' is present

2022-07-19 13:53:49 - [TEST_STEP][PASSED] - markPassed("OTP screen has been displayed"): OTP screen has been displayed

2022-07-19 13:53:49 - [MESSAGE][PASSED] - OTP screen has been displayed]]></system-out>
         <system-err><![CDATA[]]></system-err>
      </testcase>
      <testcase name="Test Cases/testing/Enter Phone Number" time="10.493" classname="Test Cases/testing/Enter Phone Number" status="PASSED">
         <system-out><![CDATA[2022-07-19 13:53:49 - [TEST_CASE][PASSED] - Test Cases/testing/Enter Phone Number: Test Cases/testing/Enter Phone Number

2022-07-19 13:53:50 - [TEST_STEP][PASSED] - if (waitForElementPresent(Back, 30)): null

2022-07-19 13:53:50 - [MESSAGE][PASSED] - Element 'Object Repository/SignIn To Spot.Love/Back Button' is present

2022-07-19 13:53:50 - [TEST_STEP][PASSED] - tap(Back, 30): Tapped on element 'Object Repository/SignIn To Spot.Love/Back Button'

2022-07-19 13:53:50 - [MESSAGE][PASSED] - Tapped on element 'Object Repository/SignIn To Spot.Love/Back Button'

2022-07-19 13:53:50 - [TEST_STEP][PASSED] - markPassed("PASSED: Continue With phone is present on the screen."): PASSED: Continue With phone is present on the screen.

2022-07-19 13:53:50 - [MESSAGE][PASSED] - PASSED: Continue With phone is present on the screen.

2022-07-19 13:53:50 - [TEST_STEP][PASSED] - if (waitForElementPresent(cntinue, 30)): null

2022-07-19 13:53:51 - [MESSAGE][PASSED] - Element 'Object Repository/Select screen/Continue with Phone number' is present

2022-07-19 13:53:51 - [TEST_STEP][PASSED] - tap(cntinue, 30): Tapped on element 'Object Repository/Select screen/Continue with Phone number'

2022-07-19 13:53:52 - [MESSAGE][PASSED] - Tapped on element 'Object Repository/Select screen/Continue with Phone number'

2022-07-19 13:53:52 - [TEST_STEP][PASSED] - markPassed("PASSED: Continue With phone is present on the screen."): PASSED: Continue With phone is present on the screen.

2022-07-19 13:53:52 - [MESSAGE][PASSED] - PASSED: Continue With phone is present on the screen.

2022-07-19 13:53:52 - [TEST_STEP][PASSED] - if (waitForElementPresent(logo, 30)): null

2022-07-19 13:53:53 - [MESSAGE][PASSED] - Element 'Object Repository/SignIn To Spot.Love/Spotlove Logo' is present

2022-07-19 13:53:53 - [TEST_STEP][PASSED] - markPassed("PASSED: SpotLove logo is present on the screen."): PASSED: SpotLove logo is present on the screen.

2022-07-19 13:53:53 - [MESSAGE][PASSED] - PASSED: SpotLove logo is present on the screen.

2022-07-19 13:53:53 - [TEST_STEP][PASSED] - if (waitForElementPresent(SignIn, 30)): null

2022-07-19 13:53:53 - [MESSAGE][PASSED] - Element 'Object Repository/SignIn To Spot.Love/Sign in to Spot.Love Label Text' is present

2022-07-19 13:53:53 - [TEST_STEP][PASSED] - markPassed("PASSED: signIn to spotlove. is present on the screen."): PASSED: signIn to spotlove. is present on the screen.

2022-07-19 13:53:53 - [MESSAGE][PASSED] - PASSED: signIn to spotlove. is present on the screen.

2022-07-19 13:53:53 - [TEST_STEP][PASSED] - if (waitForElementPresent(Continue, 30)): null

2022-07-19 13:53:53 - [MESSAGE][PASSED] - Element 'Object Repository/SignIn To Spot.Love/Continue with your phone number Label Text' is present

2022-07-19 13:53:53 - [TEST_STEP][PASSED] - markPassed("PASSED: Continue with... is present on the screen."): PASSED: Continue with... is present on the screen.

2022-07-19 13:53:53 - [MESSAGE][PASSED] - PASSED: Continue with... is present on the screen.

2022-07-19 13:53:53 - [TEST_STEP][PASSED] - if (waitForElementPresent(Dropdown, 30)): null

2022-07-19 13:53:53 - [MESSAGE][PASSED] - Element 'Object Repository/SignIn To Spot.Love/Country dropdown' is present

2022-07-19 13:53:53 - [TEST_STEP][PASSED] - tap(Dropdown, 30): Tapped on element 'Object Repository/SignIn To Spot.Love/Country dropdown'

2022-07-19 13:53:54 - [MESSAGE][PASSED] - Tapped on element 'Object Repository/SignIn To Spot.Love/Country dropdown'

2022-07-19 13:53:54 - [TEST_STEP][PASSED] - markPassed("PASSED: Country dropdown is present on the screen."): PASSED: Country dropdown is present on the screen.

2022-07-19 13:53:54 - [MESSAGE][PASSED] - PASSED: Country dropdown is present on the screen.

2022-07-19 13:53:54 - [TEST_STEP][PASSED] - if (waitForElementPresent(Search, 30)): null

2022-07-19 13:53:55 - [MESSAGE][PASSED] - Element 'Object Repository/SignIn To Spot.Love/Enter country name' is present

2022-07-19 13:53:55 - [TEST_STEP][PASSED] - setText(Search, Country, 30): Text 'Pakistan' has been set to element 'Object Repository/SignIn To Spot.Love/Enter country name'

2022-07-19 13:53:56 - [MESSAGE][PASSED] - Text 'Pakistan' has been set to element 'Object Repository/SignIn To Spot.Love/Enter country name'

2022-07-19 13:53:56 - [TEST_STEP][PASSED] - markPassed("PASSED: Search Country is present on the screen."): PASSED: Search Country is present on the screen.

2022-07-19 13:53:56 - [MESSAGE][PASSED] - PASSED: Search Country is present on the screen.

2022-07-19 13:53:56 - [TEST_STEP][PASSED] - if (waitForElementPresent(first_index, 30)): null

2022-07-19 13:53:57 - [MESSAGE][PASSED] - Element 'Object Repository/SignIn To Spot.Love/First Index of search bar' is present

2022-07-19 13:53:57 - [TEST_STEP][PASSED] - tap(first_index, 30): Tapped on element 'Object Repository/SignIn To Spot.Love/First Index of search bar'

2022-07-19 13:53:57 - [MESSAGE][PASSED] - Tapped on element 'Object Repository/SignIn To Spot.Love/First Index of search bar'

2022-07-19 13:53:57 - [TEST_STEP][PASSED] - markPassed("PASSED: Your Search in the first index Country is present on the screen."): PASSED: Your Search in the first index Country is present on the screen.

2022-07-19 13:53:57 - [MESSAGE][PASSED] - PASSED: Your Search in the first index Country is present on the screen.

2022-07-19 13:53:57 - [TEST_STEP][PASSED] - if (waitForElementPresent(phone, 30)): null

2022-07-19 13:53:57 - [MESSAGE][PASSED] - Element 'Object Repository/SignIn To Spot.Love/Enter Phone Number' is present

2022-07-19 13:53:57 - [TEST_STEP][PASSED] - setText(phone, number, 30): Text '12345678' has been set to element 'Object Repository/SignIn To Spot.Love/Enter Phone Number'

2022-07-19 13:53:58 - [MESSAGE][PASSED] - Text '12345678' has been set to element 'Object Repository/SignIn To Spot.Love/Enter Phone Number'

2022-07-19 13:53:58 - [TEST_STEP][PASSED] - markPassed("PASSED: Phone number enter successfully."): PASSED: Phone number enter successfully.

2022-07-19 13:53:58 - [MESSAGE][PASSED] - PASSED: Phone number enter successfully.

2022-07-19 13:53:58 - [TEST_STEP][PASSED] - if (waitForElementPresent(Continue_Button, 30)): null

2022-07-19 13:53:59 - [MESSAGE][PASSED] - Element 'Object Repository/SignIn To Spot.Love/Continue Button' is present

2022-07-19 13:53:59 - [TEST_STEP][PASSED] - tap(Continue_Button, 30): Tapped on element 'Object Repository/SignIn To Spot.Love/Continue Button'

2022-07-19 13:53:59 - [MESSAGE][PASSED] - Tapped on element 'Object Repository/SignIn To Spot.Love/Continue Button'

2022-07-19 13:53:59 - [TEST_STEP][PASSED] - markPassed("PASSED: Continue button."): PASSED: Continue button.

2022-07-19 13:53:59 - [MESSAGE][PASSED] - PASSED: Continue button.

2022-07-19 13:53:59 - [TEST_STEP][PASSED] - if (waitForElementPresent(OTP, 30)): null

2022-07-19 13:54:00 - [MESSAGE][PASSED] - Element 'Object Repository/OTP Verification/logo' is present

2022-07-19 13:54:00 - [TEST_STEP][PASSED] - markPassed("OTP screen has been displayed"): OTP screen has been displayed

2022-07-19 13:54:00 - [MESSAGE][PASSED] - OTP screen has been displayed]]></system-out>
         <system-err><![CDATA[]]></system-err>
      </testcase>
      <testcase name="Test Cases/testing/Enter Phone Number" time="11.966" classname="Test Cases/testing/Enter Phone Number" status="PASSED">
         <system-out><![CDATA[2022-07-19 13:54:00 - [TEST_CASE][PASSED] - Test Cases/testing/Enter Phone Number: Test Cases/testing/Enter Phone Number

2022-07-19 13:54:00 - [TEST_STEP][PASSED] - if (waitForElementPresent(Back, 30)): null

2022-07-19 13:54:01 - [MESSAGE][PASSED] - Element 'Object Repository/SignIn To Spot.Love/Back Button' is present

2022-07-19 13:54:01 - [TEST_STEP][PASSED] - tap(Back, 30): Tapped on element 'Object Repository/SignIn To Spot.Love/Back Button'

2022-07-19 13:54:01 - [MESSAGE][PASSED] - Tapped on element 'Object Repository/SignIn To Spot.Love/Back Button'

2022-07-19 13:54:01 - [TEST_STEP][PASSED] - markPassed("PASSED: Continue With phone is present on the screen."): PASSED: Continue With phone is present on the screen.

2022-07-19 13:54:01 - [MESSAGE][PASSED] - PASSED: Continue With phone is present on the screen.

2022-07-19 13:54:01 - [TEST_STEP][PASSED] - if (waitForElementPresent(cntinue, 30)): null

2022-07-19 13:54:02 - [MESSAGE][PASSED] - Element 'Object Repository/Select screen/Continue with Phone number' is present

2022-07-19 13:54:02 - [TEST_STEP][PASSED] - tap(cntinue, 30): Tapped on element 'Object Repository/Select screen/Continue with Phone number'

2022-07-19 13:54:02 - [MESSAGE][PASSED] - Tapped on element 'Object Repository/Select screen/Continue with Phone number'

2022-07-19 13:54:02 - [TEST_STEP][PASSED] - markPassed("PASSED: Continue With phone is present on the screen."): PASSED: Continue With phone is present on the screen.

2022-07-19 13:54:02 - [MESSAGE][PASSED] - PASSED: Continue With phone is present on the screen.

2022-07-19 13:54:02 - [TEST_STEP][PASSED] - if (waitForElementPresent(logo, 30)): null

2022-07-19 13:54:04 - [MESSAGE][PASSED] - Element 'Object Repository/SignIn To Spot.Love/Spotlove Logo' is present

2022-07-19 13:54:04 - [TEST_STEP][PASSED] - markPassed("PASSED: SpotLove logo is present on the screen."): PASSED: SpotLove logo is present on the screen.

2022-07-19 13:54:04 - [MESSAGE][PASSED] - PASSED: SpotLove logo is present on the screen.

2022-07-19 13:54:04 - [TEST_STEP][PASSED] - if (waitForElementPresent(SignIn, 30)): null

2022-07-19 13:54:04 - [MESSAGE][PASSED] - Element 'Object Repository/SignIn To Spot.Love/Sign in to Spot.Love Label Text' is present

2022-07-19 13:54:04 - [TEST_STEP][PASSED] - markPassed("PASSED: signIn to spotlove. is present on the screen."): PASSED: signIn to spotlove. is present on the screen.

2022-07-19 13:54:04 - [MESSAGE][PASSED] - PASSED: signIn to spotlove. is present on the screen.

2022-07-19 13:54:04 - [TEST_STEP][PASSED] - if (waitForElementPresent(Continue, 30)): null

2022-07-19 13:54:04 - [MESSAGE][PASSED] - Element 'Object Repository/SignIn To Spot.Love/Continue with your phone number Label Text' is present

2022-07-19 13:54:04 - [TEST_STEP][PASSED] - markPassed("PASSED: Continue with... is present on the screen."): PASSED: Continue with... is present on the screen.

2022-07-19 13:54:04 - [MESSAGE][PASSED] - PASSED: Continue with... is present on the screen.

2022-07-19 13:54:04 - [TEST_STEP][PASSED] - if (waitForElementPresent(Dropdown, 30)): null

2022-07-19 13:54:04 - [MESSAGE][PASSED] - Element 'Object Repository/SignIn To Spot.Love/Country dropdown' is present

2022-07-19 13:54:04 - [TEST_STEP][PASSED] - tap(Dropdown, 30): Tapped on element 'Object Repository/SignIn To Spot.Love/Country dropdown'

2022-07-19 13:54:04 - [MESSAGE][PASSED] - Tapped on element 'Object Repository/SignIn To Spot.Love/Country dropdown'

2022-07-19 13:54:04 - [TEST_STEP][PASSED] - markPassed("PASSED: Country dropdown is present on the screen."): PASSED: Country dropdown is present on the screen.

2022-07-19 13:54:04 - [MESSAGE][PASSED] - PASSED: Country dropdown is present on the screen.

2022-07-19 13:54:04 - [TEST_STEP][PASSED] - if (waitForElementPresent(Search, 30)): null

2022-07-19 13:54:06 - [MESSAGE][PASSED] - Element 'Object Repository/SignIn To Spot.Love/Enter country name' is present

2022-07-19 13:54:06 - [TEST_STEP][PASSED] - setText(Search, Country, 30): Text 'Pakistan' has been set to element 'Object Repository/SignIn To Spot.Love/Enter country name'

2022-07-19 13:54:07 - [MESSAGE][PASSED] - Text 'Pakistan' has been set to element 'Object Repository/SignIn To Spot.Love/Enter country name'

2022-07-19 13:54:07 - [TEST_STEP][PASSED] - markPassed("PASSED: Search Country is present on the screen."): PASSED: Search Country is present on the screen.

2022-07-19 13:54:07 - [MESSAGE][PASSED] - PASSED: Search Country is present on the screen.

2022-07-19 13:54:07 - [TEST_STEP][PASSED] - if (waitForElementPresent(first_index, 30)): null

2022-07-19 13:54:08 - [MESSAGE][PASSED] - Element 'Object Repository/SignIn To Spot.Love/First Index of search bar' is present

2022-07-19 13:54:08 - [TEST_STEP][PASSED] - tap(first_index, 30): Tapped on element 'Object Repository/SignIn To Spot.Love/First Index of search bar'

2022-07-19 13:54:08 - [MESSAGE][PASSED] - Tapped on element 'Object Repository/SignIn To Spot.Love/First Index of search bar'

2022-07-19 13:54:08 - [TEST_STEP][PASSED] - markPassed("PASSED: Your Search in the first index Country is present on the screen."): PASSED: Your Search in the first index Country is present on the screen.

2022-07-19 13:54:08 - [MESSAGE][PASSED] - PASSED: Your Search in the first index Country is present on the screen.

2022-07-19 13:54:08 - [TEST_STEP][PASSED] - if (waitForElementPresent(phone, 30)): null

2022-07-19 13:54:09 - [MESSAGE][PASSED] - Element 'Object Repository/SignIn To Spot.Love/Enter Phone Number' is present

2022-07-19 13:54:09 - [TEST_STEP][PASSED] - setText(phone, number, 30): Text '304466289' has been set to element 'Object Repository/SignIn To Spot.Love/Enter Phone Number'

2022-07-19 13:54:10 - [MESSAGE][PASSED] - Text '304466289' has been set to element 'Object Repository/SignIn To Spot.Love/Enter Phone Number'

2022-07-19 13:54:10 - [TEST_STEP][PASSED] - markPassed("PASSED: Phone number enter successfully."): PASSED: Phone number enter successfully.

2022-07-19 13:54:10 - [MESSAGE][PASSED] - PASSED: Phone number enter successfully.

2022-07-19 13:54:10 - [TEST_STEP][PASSED] - if (waitForElementPresent(Continue_Button, 30)): null

2022-07-19 13:54:11 - [MESSAGE][PASSED] - Element 'Object Repository/SignIn To Spot.Love/Continue Button' is present

2022-07-19 13:54:11 - [TEST_STEP][PASSED] - tap(Continue_Button, 30): Tapped on element 'Object Repository/SignIn To Spot.Love/Continue Button'

2022-07-19 13:54:11 - [MESSAGE][PASSED] - Tapped on element 'Object Repository/SignIn To Spot.Love/Continue Button'

2022-07-19 13:54:11 - [TEST_STEP][PASSED] - markPassed("PASSED: Continue button."): PASSED: Continue button.

2022-07-19 13:54:11 - [MESSAGE][PASSED] - PASSED: Continue button.

2022-07-19 13:54:11 - [TEST_STEP][PASSED] - if (waitForElementPresent(OTP, 30)): null

2022-07-19 13:54:12 - [MESSAGE][PASSED] - Element 'Object Repository/OTP Verification/logo' is present

2022-07-19 13:54:12 - [TEST_STEP][PASSED] - markPassed("OTP screen has been displayed"): OTP screen has been displayed

2022-07-19 13:54:12 - [MESSAGE][PASSED] - OTP screen has been displayed]]></system-out>
         <system-err><![CDATA[]]></system-err>
      </testcase>
      <testcase name="Test Cases/testing/Enter Phone Number" time="9.938" classname="Test Cases/testing/Enter Phone Number" status="PASSED">
         <system-out><![CDATA[2022-07-19 13:54:12 - [TEST_CASE][PASSED] - Test Cases/testing/Enter Phone Number: Test Cases/testing/Enter Phone Number

2022-07-19 13:54:12 - [TEST_STEP][PASSED] - if (waitForElementPresent(Back, 30)): null

2022-07-19 13:54:12 - [MESSAGE][PASSED] - Element 'Object Repository/SignIn To Spot.Love/Back Button' is present

2022-07-19 13:54:12 - [TEST_STEP][PASSED] - tap(Back, 30): Tapped on element 'Object Repository/SignIn To Spot.Love/Back Button'

2022-07-19 13:54:12 - [MESSAGE][PASSED] - Tapped on element 'Object Repository/SignIn To Spot.Love/Back Button'

2022-07-19 13:54:12 - [TEST_STEP][PASSED] - markPassed("PASSED: Continue With phone is present on the screen."): PASSED: Continue With phone is present on the screen.

2022-07-19 13:54:12 - [MESSAGE][PASSED] - PASSED: Continue With phone is present on the screen.

2022-07-19 13:54:12 - [TEST_STEP][PASSED] - if (waitForElementPresent(cntinue, 30)): null

2022-07-19 13:54:14 - [MESSAGE][PASSED] - Element 'Object Repository/Select screen/Continue with Phone number' is present

2022-07-19 13:54:14 - [TEST_STEP][PASSED] - tap(cntinue, 30): Tapped on element 'Object Repository/Select screen/Continue with Phone number'

2022-07-19 13:54:14 - [MESSAGE][PASSED] - Tapped on element 'Object Repository/Select screen/Continue with Phone number'

2022-07-19 13:54:14 - [TEST_STEP][PASSED] - markPassed("PASSED: Continue With phone is present on the screen."): PASSED: Continue With phone is present on the screen.

2022-07-19 13:54:14 - [MESSAGE][PASSED] - PASSED: Continue With phone is present on the screen.

2022-07-19 13:54:14 - [TEST_STEP][PASSED] - if (waitForElementPresent(logo, 30)): null

2022-07-19 13:54:15 - [MESSAGE][PASSED] - Element 'Object Repository/SignIn To Spot.Love/Spotlove Logo' is present

2022-07-19 13:54:15 - [TEST_STEP][PASSED] - markPassed("PASSED: SpotLove logo is present on the screen."): PASSED: SpotLove logo is present on the screen.

2022-07-19 13:54:15 - [MESSAGE][PASSED] - PASSED: SpotLove logo is present on the screen.

2022-07-19 13:54:15 - [TEST_STEP][PASSED] - if (waitForElementPresent(SignIn, 30)): null

2022-07-19 13:54:15 - [MESSAGE][PASSED] - Element 'Object Repository/SignIn To Spot.Love/Sign in to Spot.Love Label Text' is present

2022-07-19 13:54:15 - [TEST_STEP][PASSED] - markPassed("PASSED: signIn to spotlove. is present on the screen."): PASSED: signIn to spotlove. is present on the screen.

2022-07-19 13:54:15 - [MESSAGE][PASSED] - PASSED: signIn to spotlove. is present on the screen.

2022-07-19 13:54:15 - [TEST_STEP][PASSED] - if (waitForElementPresent(Continue, 30)): null

2022-07-19 13:54:15 - [MESSAGE][PASSED] - Element 'Object Repository/SignIn To Spot.Love/Continue with your phone number Label Text' is present

2022-07-19 13:54:15 - [TEST_STEP][PASSED] - markPassed("PASSED: Continue with... is present on the screen."): PASSED: Continue with... is present on the screen.

2022-07-19 13:54:15 - [MESSAGE][PASSED] - PASSED: Continue with... is present on the screen.

2022-07-19 13:54:15 - [TEST_STEP][PASSED] - if (waitForElementPresent(Dropdown, 30)): null

2022-07-19 13:54:16 - [MESSAGE][PASSED] - Element 'Object Repository/SignIn To Spot.Love/Country dropdown' is present

2022-07-19 13:54:16 - [TEST_STEP][PASSED] - tap(Dropdown, 30): Tapped on element 'Object Repository/SignIn To Spot.Love/Country dropdown'

2022-07-19 13:54:16 - [MESSAGE][PASSED] - Tapped on element 'Object Repository/SignIn To Spot.Love/Country dropdown'

2022-07-19 13:54:16 - [TEST_STEP][PASSED] - markPassed("PASSED: Country dropdown is present on the screen."): PASSED: Country dropdown is present on the screen.

2022-07-19 13:54:16 - [MESSAGE][PASSED] - PASSED: Country dropdown is present on the screen.

2022-07-19 13:54:16 - [TEST_STEP][PASSED] - if (waitForElementPresent(Search, 30)): null

2022-07-19 13:54:17 - [MESSAGE][PASSED] - Element 'Object Repository/SignIn To Spot.Love/Enter country name' is present

2022-07-19 13:54:17 - [TEST_STEP][PASSED] - setText(Search, Country, 30): Text 'Pakistan' has been set to element 'Object Repository/SignIn To Spot.Love/Enter country name'

2022-07-19 13:54:18 - [MESSAGE][PASSED] - Text 'Pakistan' has been set to element 'Object Repository/SignIn To Spot.Love/Enter country name'

2022-07-19 13:54:18 - [TEST_STEP][PASSED] - markPassed("PASSED: Search Country is present on the screen."): PASSED: Search Country is present on the screen.

2022-07-19 13:54:18 - [MESSAGE][PASSED] - PASSED: Search Country is present on the screen.

2022-07-19 13:54:18 - [TEST_STEP][PASSED] - if (waitForElementPresent(first_index, 30)): null

2022-07-19 13:54:19 - [MESSAGE][PASSED] - Element 'Object Repository/SignIn To Spot.Love/First Index of search bar' is present

2022-07-19 13:54:19 - [TEST_STEP][PASSED] - tap(first_index, 30): Tapped on element 'Object Repository/SignIn To Spot.Love/First Index of search bar'

2022-07-19 13:54:19 - [MESSAGE][PASSED] - Tapped on element 'Object Repository/SignIn To Spot.Love/First Index of search bar'

2022-07-19 13:54:19 - [TEST_STEP][PASSED] - markPassed("PASSED: Your Search in the first index Country is present on the screen."): PASSED: Your Search in the first index Country is present on the screen.

2022-07-19 13:54:19 - [MESSAGE][PASSED] - PASSED: Your Search in the first index Country is present on the screen.

2022-07-19 13:54:19 - [TEST_STEP][PASSED] - if (waitForElementPresent(phone, 30)): null

2022-07-19 13:54:20 - [MESSAGE][PASSED] - Element 'Object Repository/SignIn To Spot.Love/Enter Phone Number' is present

2022-07-19 13:54:20 - [TEST_STEP][PASSED] - setText(phone, number, 30): Text '3494954147' has been set to element 'Object Repository/SignIn To Spot.Love/Enter Phone Number'

2022-07-19 13:54:20 - [MESSAGE][PASSED] - Text '3494954147' has been set to element 'Object Repository/SignIn To Spot.Love/Enter Phone Number'

2022-07-19 13:54:20 - [TEST_STEP][PASSED] - markPassed("PASSED: Phone number enter successfully."): PASSED: Phone number enter successfully.

2022-07-19 13:54:20 - [MESSAGE][PASSED] - PASSED: Phone number enter successfully.

2022-07-19 13:54:20 - [TEST_STEP][PASSED] - if (waitForElementPresent(Continue_Button, 30)): null

2022-07-19 13:54:21 - [MESSAGE][PASSED] - Element 'Object Repository/SignIn To Spot.Love/Continue Button' is present

2022-07-19 13:54:21 - [TEST_STEP][PASSED] - tap(Continue_Button, 30): Tapped on element 'Object Repository/SignIn To Spot.Love/Continue Button'

2022-07-19 13:54:21 - [MESSAGE][PASSED] - Tapped on element 'Object Repository/SignIn To Spot.Love/Continue Button'

2022-07-19 13:54:21 - [TEST_STEP][PASSED] - markPassed("PASSED: Continue button."): PASSED: Continue button.

2022-07-19 13:54:21 - [MESSAGE][PASSED] - PASSED: Continue button.

2022-07-19 13:54:21 - [TEST_STEP][PASSED] - if (waitForElementPresent(OTP, 30)): null

2022-07-19 13:54:22 - [MESSAGE][PASSED] - Element 'Object Repository/OTP Verification/logo' is present

2022-07-19 13:54:22 - [TEST_STEP][PASSED] - markPassed("OTP screen has been displayed"): OTP screen has been displayed

2022-07-19 13:54:22 - [MESSAGE][PASSED] - OTP screen has been displayed]]></system-out>
         <system-err><![CDATA[]]></system-err>
      </testcase>
      <testcase name="Test Cases/testing/OTP" time="30.535" classname="Test Cases/testing/OTP" status="FAILED">
         <failure type="FAILED" message="Test Cases/testing/OTP FAILED.
Reason:
com.kms.katalon.core.exception.StepFailedException: FAILED: We have... label text is not present on the screen.
	at com.kms.katalon.core.util.KeywordUtil.markFailed(KeywordUtil.java:19)
	at com.kms.katalon.core.util.KeywordUtil$markFailed$0.call(Unknown Source)
	at OTP.run(OTP:44)
	at com.kms.katalon.core.main.ScriptEngine.run(ScriptEngine.java:194)
	at com.kms.katalon.core.main.ScriptEngine.runScriptAsRawText(ScriptEngine.java:119)
	at com.kms.katalon.core.main.TestCaseExecutor.runScript(TestCaseExecutor.java:445)
	at com.kms.katalon.core.main.TestCaseExecutor.doExecute(TestCaseExecutor.java:436)
	at com.kms.katalon.core.main.TestCaseExecutor.processExecutionPhase(TestCaseExecutor.java:415)
	at com.kms.katalon.core.main.TestCaseExecutor.accessMainPhase(TestCaseExecutor.java:407)
	at com.kms.katalon.core.main.TestCaseExecutor.execute(TestCaseExecutor.java:284)
	at com.kms.katalon.core.main.TestCaseExecutor.execute(TestCaseExecutor.java:366)
	at com.kms.katalon.core.main.TestCaseExecutor.execute(TestCaseExecutor.java:366)
	at com.kms.katalon.core.main.TestCaseExecutor.execute(TestCaseExecutor.java:366)
	at com.kms.katalon.core.common.CommonExecutor.accessTestCaseMainPhase(CommonExecutor.java:65)
	at com.kms.katalon.core.main.TestSuiteExecutor.accessTestSuiteMainPhase(TestSuiteExecutor.java:144)
	at com.kms.katalon.core.main.TestSuiteExecutor.execute(TestSuiteExecutor.java:106)
	at com.kms.katalon.core.main.TestCaseMain.startTestSuite(TestCaseMain.java:185)
	at com.kms.katalon.core.main.TestCaseMain$startTestSuite$0.call(Unknown Source)
	at TempTestSuite1658220774385.run(TempTestSuite1658220774385.groovy:36)
"/>
         <system-out><![CDATA[2022-07-19 13:56:05 - [TEST_CASE][FAILED] - Test Cases/testing/OTP: Test Cases/testing/OTP FAILED.
Reason:
com.kms.katalon.core.exception.StepFailedException: FAILED: We have... label text is not present on the screen.
	at com.kms.katalon.core.util.KeywordUtil.markFailed(KeywordUtil.java:19)
	at com.kms.katalon.core.util.KeywordUtil$markFailed$0.call(Unknown Source)
	at OTP.run(OTP:44)
	at com.kms.katalon.core.main.ScriptEngine.run(ScriptEngine.java:194)
	at com.kms.katalon.core.main.ScriptEngine.runScriptAsRawText(ScriptEngine.java:119)
	at com.kms.katalon.core.main.TestCaseExecutor.runScript(TestCaseExecutor.java:445)
	at com.kms.katalon.core.main.TestCaseExecutor.doExecute(TestCaseExecutor.java:436)
	at com.kms.katalon.core.main.TestCaseExecutor.processExecutionPhase(TestCaseExecutor.java:415)
	at com.kms.katalon.core.main.TestCaseExecutor.accessMainPhase(TestCaseExecutor.java:407)
	at com.kms.katalon.core.main.TestCaseExecutor.execute(TestCaseExecutor.java:284)
	at com.kms.katalon.core.main.TestCaseExecutor.execute(TestCaseExecutor.java:366)
	at com.kms.katalon.core.main.TestCaseExecutor.execute(TestCaseExecutor.java:366)
	at com.kms.katalon.core.main.TestCaseExecutor.execute(TestCaseExecutor.java:366)
	at com.kms.katalon.core.common.CommonExecutor.accessTestCaseMainPhase(CommonExecutor.java:65)
	at com.kms.katalon.core.main.TestSuiteExecutor.accessTestSuiteMainPhase(TestSuiteExecutor.java:144)
	at com.kms.katalon.core.main.TestSuiteExecutor.execute(TestSuiteExecutor.java:106)
	at com.kms.katalon.core.main.TestCaseMain.startTestSuite(TestCaseMain.java:185)
	at com.kms.katalon.core.main.TestCaseMain$startTestSuite$0.call(Unknown Source)
	at TempTestSuite1658220774385.run(TempTestSuite1658220774385.groovy:36)


2022-07-19 13:56:06 - [TEST_STEP][PASSED] - if (waitForElementPresent(logo, 30)): null

2022-07-19 13:56:06 - [MESSAGE][PASSED] - Element 'Object Repository/OTP Verification/logo' is present

2022-07-19 13:56:06 - [TEST_STEP][PASSED] - markPassed("PASSED: SpotLove logo is present on the screen."): PASSED: SpotLove logo is present on the screen.

2022-07-19 13:56:06 - [MESSAGE][PASSED] - PASSED: SpotLove logo is present on the screen.

2022-07-19 13:56:06 - [TEST_STEP][PASSED] - if (waitForElementPresent(Enter, 30)): null

2022-07-19 13:56:06 - [MESSAGE][PASSED] - Element 'Object Repository/OTP Verification/Enter your verification code label text' is present

2022-07-19 13:56:06 - [TEST_STEP][PASSED] - markPassed("PASSED: Enter Your... label text is present on the screen."): PASSED: Enter Your... label text is present on the screen.

2022-07-19 13:56:06 - [MESSAGE][PASSED] - PASSED: Enter Your... label text is present on the screen.

2022-07-19 13:56:06 - [TEST_STEP][PASSED] - if (waitForElementPresent(We, 30)): Object Object Repository/OTP Verification/Weve sent a pin to label text not found

2022-07-19 13:56:36 - [MESSAGE][WARNING] - Object Object Repository/OTP Verification/Weve sent a pin to label text not found

2022-07-19 13:56:36 - [TEST_STEP][FAILED] - else: FAILED: We have... label text is not present on the screen.

2022-07-19 13:56:36 - [TEST_STEP][FAILED] - markFailed("FAILED: We have... label text is not present on the screen."): FAILED: We have... label text is not present on the screen.

2022-07-19 13:56:36 - [MESSAGE][FAILED] - FAILED: We have... label text is not present on the screen.]]></system-out>
         <system-err><![CDATA[2022-07-19 13:56:05 - [TEST_CASE][FAILED] - Test Cases/testing/OTP: Test Cases/testing/OTP FAILED.
Reason:
com.kms.katalon.core.exception.StepFailedException: FAILED: We have... label text is not present on the screen.
	at com.kms.katalon.core.util.KeywordUtil.markFailed(KeywordUtil.java:19)
	at com.kms.katalon.core.util.KeywordUtil$markFailed$0.call(Unknown Source)
	at OTP.run(OTP:44)
	at com.kms.katalon.core.main.ScriptEngine.run(ScriptEngine.java:194)
	at com.kms.katalon.core.main.ScriptEngine.runScriptAsRawText(ScriptEngine.java:119)
	at com.kms.katalon.core.main.TestCaseExecutor.runScript(TestCaseExecutor.java:445)
	at com.kms.katalon.core.main.TestCaseExecutor.doExecute(TestCaseExecutor.java:436)
	at com.kms.katalon.core.main.TestCaseExecutor.processExecutionPhase(TestCaseExecutor.java:415)
	at com.kms.katalon.core.main.TestCaseExecutor.accessMainPhase(TestCaseExecutor.java:407)
	at com.kms.katalon.core.main.TestCaseExecutor.execute(TestCaseExecutor.java:284)
	at com.kms.katalon.core.main.TestCaseExecutor.execute(TestCaseExecutor.java:366)
	at com.kms.katalon.core.main.TestCaseExecutor.execute(TestCaseExecutor.java:366)
	at com.kms.katalon.core.main.TestCaseExecutor.execute(TestCaseExecutor.java:366)
	at com.kms.katalon.core.common.CommonExecutor.accessTestCaseMainPhase(CommonExecutor.java:65)
	at com.kms.katalon.core.main.TestSuiteExecutor.accessTestSuiteMainPhase(TestSuiteExecutor.java:144)
	at com.kms.katalon.core.main.TestSuiteExecutor.execute(TestSuiteExecutor.java:106)
	at com.kms.katalon.core.main.TestCaseMain.startTestSuite(TestCaseMain.java:185)
	at com.kms.katalon.core.main.TestCaseMain$startTestSuite$0.call(Unknown Source)
	at TempTestSuite1658220774385.run(TempTestSuite1658220774385.groovy:36)]]></system-err>
      </testcase>
      <testcase name="Test Cases/testing/Welcome OnBoarding" time="2.537" classname="Test Cases/testing/Welcome OnBoarding" status="PASSED">
         <system-out><![CDATA[2022-07-19 13:56:36 - [TEST_CASE][PASSED] - Test Cases/testing/Welcome OnBoarding: Test Cases/testing/Welcome OnBoarding

2022-07-19 13:56:37 - [TEST_STEP][PASSED] - if (waitForElementPresent(logo, 30)): null

2022-07-19 13:56:37 - [MESSAGE][PASSED] - Element 'Object Repository/Onboarding_One/Logo' is present

2022-07-19 13:56:37 - [TEST_STEP][PASSED] - markPassed("PASSED: SpotLove logo is present on the screen."): PASSED: SpotLove logo is present on the screen.

2022-07-19 13:56:37 - [MESSAGE][PASSED] - PASSED: SpotLove logo is present on the screen.

2022-07-19 13:56:37 - [TEST_STEP][PASSED] - if (waitForElementPresent(welcome, 30)): null

2022-07-19 13:56:37 - [MESSAGE][PASSED] - Element 'Object Repository/Onboarding_One/Welcome to Spot.Love label text' is present

2022-07-19 13:56:37 - [TEST_STEP][PASSED] - markPassed("PASSED: Welcome... label text is present on the screen."): PASSED: Welcome... label text is present on the screen.

2022-07-19 13:56:37 - [MESSAGE][PASSED] - PASSED: Welcome... label text is present on the screen.

2022-07-19 13:56:37 - [TEST_STEP][PASSED] - if (waitForElementPresent(Please, 30)): null

2022-07-19 13:56:37 - [MESSAGE][PASSED] - Element 'Object Repository/Onboarding_One/Please follow these house rules label text' is present

2022-07-19 13:56:37 - [TEST_STEP][PASSED] - markPassed("PASSED: Please... label text is present on the screen."): PASSED: Please... label text is present on the screen.

2022-07-19 13:56:37 - [MESSAGE][PASSED] - PASSED: Please... label text is present on the screen.

2022-07-19 13:56:37 - [TEST_STEP][PASSED] - if (waitForElementPresent(Heart1, 30)): null

2022-07-19 13:56:37 - [MESSAGE][PASSED] - Element 'Object Repository/Onboarding_One/heart icon first' is present

2022-07-19 13:56:37 - [TEST_STEP][PASSED] - markPassed("PASSED: Heart Icon... is present on the screen."): PASSED: Heart Icon... is present on the screen.

2022-07-19 13:56:37 - [MESSAGE][PASSED] - PASSED: Heart Icon... is present on the screen.

2022-07-19 13:56:37 - [TEST_STEP][PASSED] - if (waitForElementPresent(Be, 30)): null

2022-07-19 13:56:37 - [MESSAGE][PASSED] - Element 'Object Repository/Onboarding_One/Be kind label text' is present

2022-07-19 13:56:37 - [TEST_STEP][PASSED] - markPassed("PASSED: Be Kind... label text is present on the screen."): PASSED: Be Kind... label text is present on the screen.

2022-07-19 13:56:37 - [MESSAGE][PASSED] - PASSED: Be Kind... label text is present on the screen.

2022-07-19 13:56:37 - [TEST_STEP][PASSED] - if (waitForElementPresent(Treat, 30)): null

2022-07-19 13:56:37 - [MESSAGE][PASSED] - Element 'Object Repository/Onboarding_One/Treat everyone with respect and kindness label text' is present

2022-07-19 13:56:37 - [TEST_STEP][PASSED] - markPassed("PASSED: Treat... label text is present on the screen."): PASSED: Treat... label text is present on the screen.

2022-07-19 13:56:37 - [MESSAGE][PASSED] - PASSED: Treat... label text is present on the screen.

2022-07-19 13:56:37 - [TEST_STEP][PASSED] - if (waitForElementPresent(Heart2, 30)): null

2022-07-19 13:56:38 - [MESSAGE][PASSED] - Element 'Object Repository/Onboarding_One/heart icon second' is present

2022-07-19 13:56:38 - [TEST_STEP][PASSED] - markPassed("PASSED: Heart Icon... is present on the screen."): PASSED: Heart Icon... is present on the screen.

2022-07-19 13:56:38 - [MESSAGE][PASSED] - PASSED: Heart Icon... is present on the screen.

2022-07-19 13:56:38 - [TEST_STEP][PASSED] - if (waitForElementPresent(Be_You, 30)): null

2022-07-19 13:56:38 - [MESSAGE][PASSED] - Element 'Object Repository/Onboarding_One/Be yourself label text' is present

2022-07-19 13:56:38 - [TEST_STEP][PASSED] - markPassed("PASSED: Be Your... label text is present on the screen."): PASSED: Be Your... label text is present on the screen.

2022-07-19 13:56:38 - [MESSAGE][PASSED] - PASSED: Be Your... label text is present on the screen.

2022-07-19 13:56:38 - [TEST_STEP][PASSED] - if (waitForElementPresent(Be_honest, 30)): null

2022-07-19 13:56:38 - [MESSAGE][PASSED] - Element 'Object Repository/Onboarding_One/Be honest about your age, phots, and bio label text' is present

2022-07-19 13:56:38 - [TEST_STEP][PASSED] - markPassed("PASSED: Be Honest... label text is present on the screen."): PASSED: Be Honest... label text is present on the screen.

2022-07-19 13:56:38 - [MESSAGE][PASSED] - PASSED: Be Honest... label text is present on the screen.

2022-07-19 13:56:38 - [TEST_STEP][PASSED] - if (waitForElementPresent(Heart3, 30)): null

2022-07-19 13:56:38 - [MESSAGE][PASSED] - Element 'Object Repository/Onboarding_One/heart icon third' is present

2022-07-19 13:56:38 - [TEST_STEP][PASSED] - markPassed("PASSED: Heart Icon... is present on the screen."): PASSED: Heart Icon... is present on the screen.

2022-07-19 13:56:38 - [MESSAGE][PASSED] - PASSED: Heart Icon... is present on the screen.

2022-07-19 13:56:38 - [TEST_STEP][PASSED] - if (waitForElementPresent(Be_Out, 30)): null

2022-07-19 13:56:38 - [MESSAGE][PASSED] - Element 'Object Repository/Onboarding_One/Be outspoken label text' is present

2022-07-19 13:56:38 - [TEST_STEP][PASSED] - markPassed("PASSED: Be Out... label text is present on the screen."): PASSED: Be Out... label text is present on the screen.

2022-07-19 13:56:38 - [MESSAGE][PASSED] - PASSED: Be Out... label text is present on the screen.

2022-07-19 13:56:38 - [TEST_STEP][PASSED] - if (waitForElementPresent(Always, 30)): null

2022-07-19 13:56:38 - [MESSAGE][PASSED] - Element 'Object Repository/Onboarding_One/Always report bad behavior label text' is present

2022-07-19 13:56:38 - [TEST_STEP][PASSED] - markPassed("PASSED: Always... label text is present on the screen."): PASSED: Always... label text is present on the screen.

2022-07-19 13:56:38 - [MESSAGE][PASSED] - PASSED: Always... label text is present on the screen.

2022-07-19 13:56:38 - [TEST_STEP][PASSED] - if (waitForElementPresent(Terms, 30)): null

2022-07-19 13:56:38 - [MESSAGE][PASSED] - Element 'Object Repository/Onboarding_One/View terms and Conditions' is present

2022-07-19 13:56:38 - [TEST_STEP][PASSED] - markPassed("PASSED: View Terms and Conditions are show on the screen"): PASSED: View Terms and Conditions are show on the screen

2022-07-19 13:56:38 - [MESSAGE][PASSED] - PASSED: View Terms and Conditions are show on the screen

2022-07-19 13:56:38 - [TEST_STEP][PASSED] - if (waitForElementPresent(Agree, 30)): null

2022-07-19 13:56:38 - [MESSAGE][PASSED] - Element 'Object Repository/Onboarding_One/I Agree Button' is present

2022-07-19 13:56:38 - [TEST_STEP][PASSED] - tap(Agree, 30): Tapped on element 'Object Repository/Onboarding_One/I Agree Button'

2022-07-19 13:56:39 - [MESSAGE][PASSED] - Tapped on element 'Object Repository/Onboarding_One/I Agree Button'

2022-07-19 13:56:39 - [TEST_STEP][PASSED] - markPassed("PASSED: I Agree Button ise show on the screen"): PASSED: I Agree Button ise show on the screen

2022-07-19 13:56:39 - [MESSAGE][PASSED] - PASSED: I Agree Button ise show on the screen]]></system-out>
         <system-err><![CDATA[]]></system-err>
      </testcase>
      <testcase name="Test Cases/testing/Referral Screen" time="1.709" classname="Test Cases/testing/Referral Screen" status="PASSED">
         <system-out><![CDATA[2022-07-19 13:56:39 - [TEST_CASE][PASSED] - Test Cases/testing/Referral Screen: Test Cases/testing/Referral Screen

2022-07-19 13:56:39 - [TEST_STEP][PASSED] - if (waitForElementPresent(Heart_Icon, 30)): null

2022-07-19 13:56:40 - [MESSAGE][PASSED] - Element 'Object Repository/Referral screen/heart Icon' is present

2022-07-19 13:56:40 - [TEST_STEP][PASSED] - markPassed("PASSED: Heart Icon is present on the screen"): PASSED: Heart Icon is present on the screen

2022-07-19 13:56:40 - [MESSAGE][PASSED] - PASSED: Heart Icon is present on the screen

2022-07-19 13:56:40 - [TEST_STEP][PASSED] - if (waitForElementPresent(Howdi, 30)): null

2022-07-19 13:56:40 - [MESSAGE][PASSED] - Element 'Object Repository/Referral screen/How did you hear about us label text' is present

2022-07-19 13:56:40 - [TEST_STEP][PASSED] - markPassed("PASSED: How did... label text is present on the screen"): PASSED: How did... label text is present on the screen

2022-07-19 13:56:40 - [MESSAGE][PASSED] - PASSED: How did... label text is present on the screen

2022-07-19 13:56:40 - [TEST_STEP][PASSED] - if (waitForElementPresent(dropdown, 30)): null

2022-07-19 13:56:40 - [MESSAGE][PASSED] - Element 'Object Repository/Referral screen/Referral dropdown' is present

2022-07-19 13:56:40 - [TEST_STEP][PASSED] - markPassed("PASSED: Dropdown menu is present on the screen"): PASSED: Dropdown menu is present on the screen

2022-07-19 13:56:40 - [MESSAGE][PASSED] - PASSED: Dropdown menu is present on the screen

2022-07-19 13:56:40 - [TEST_STEP][PASSED] - if (waitForElementPresent(Text_box, 30)): null

2022-07-19 13:56:40 - [MESSAGE][PASSED] - Element 'Object Repository/Referral screen/Referral Code text box' is present

2022-07-19 13:56:40 - [TEST_STEP][PASSED] - markPassed("PASSED: Do you... is present on the screen"): PASSED: Do you... is present on the screen

2022-07-19 13:56:40 - [MESSAGE][PASSED] - PASSED: Do you... is present on the screen

2022-07-19 13:56:40 - [TEST_STEP][PASSED] - if (waitForElementPresent(Continue, 30)): null

2022-07-19 13:56:40 - [MESSAGE][PASSED] - Element 'Object Repository/Referral screen/Continue button' is present

2022-07-19 13:56:40 - [TEST_STEP][PASSED] - tap(Continue, 30): Tapped on element 'Object Repository/Referral screen/Continue button'

2022-07-19 13:56:40 - [MESSAGE][PASSED] - Tapped on element 'Object Repository/Referral screen/Continue button'

2022-07-19 13:56:40 - [TEST_STEP][PASSED] - markPassed("PASSED: Continue Button is present on the screen"): PASSED: Continue Button is present on the screen

2022-07-19 13:56:40 - [MESSAGE][PASSED] - PASSED: Continue Button is present on the screen]]></system-out>
         <system-err><![CDATA[]]></system-err>
      </testcase>
      <testcase name="Test Cases/testing/First Name" time="5.646" classname="Test Cases/testing/First Name" status="PASSED">
         <system-out><![CDATA[2022-07-19 13:56:40 - [TEST_CASE][PASSED] - Test Cases/testing/First Name: Test Cases/testing/First Name

2022-07-19 13:56:41 - [TEST_STEP][PASSED] - if (waitForElementPresent(back, 30)): null

2022-07-19 13:56:41 - [MESSAGE][PASSED] - Element 'Object Repository/First name Screen/Back' is present

2022-07-19 13:56:41 - [TEST_STEP][PASSED] - tap(back, 30): Tapped on element 'Object Repository/First name Screen/Back'

2022-07-19 13:56:42 - [MESSAGE][PASSED] - Tapped on element 'Object Repository/First name Screen/Back'

2022-07-19 13:56:42 - [TEST_STEP][PASSED] - markPassed("PASSED: Back Button is present on the screen"): PASSED: Back Button is present on the screen

2022-07-19 13:56:42 - [MESSAGE][PASSED] - PASSED: Back Button is present on the screen

2022-07-19 13:56:42 - [TEST_STEP][PASSED] - if (waitForElementPresent(Previous_Continue, 30)): null

2022-07-19 13:56:42 - [MESSAGE][PASSED] - Element 'Object Repository/Referral screen/Continue button' is present

2022-07-19 13:56:42 - [TEST_STEP][PASSED] - tap(Previous_Continue, 30): Tapped on element 'Object Repository/Referral screen/Continue button'

2022-07-19 13:56:43 - [MESSAGE][PASSED] - Tapped on element 'Object Repository/Referral screen/Continue button'

2022-07-19 13:56:43 - [TEST_STEP][PASSED] - markPassed("PASSED: Continue Button is present on the screen"): PASSED: Continue Button is present on the screen

2022-07-19 13:56:43 - [MESSAGE][PASSED] - PASSED: Continue Button is present on the screen

2022-07-19 13:56:43 - [TEST_STEP][PASSED] - if (waitForElementPresent(card_icon, 30)): null

2022-07-19 13:56:43 - [MESSAGE][PASSED] - Element 'Object Repository/First name Screen/Card Icon' is present

2022-07-19 13:56:43 - [TEST_STEP][PASSED] - markPassed("PASSED: Card Icon is present on the screen"): PASSED: Card Icon is present on the screen

2022-07-19 13:56:43 - [MESSAGE][PASSED] - PASSED: Card Icon is present on the screen

2022-07-19 13:56:43 - [TEST_STEP][PASSED] - if (waitForElementPresent(What, 30)): null

2022-07-19 13:56:44 - [MESSAGE][PASSED] - Element 'Object Repository/First name Screen/What should we call you label text' is present

2022-07-19 13:56:44 - [TEST_STEP][PASSED] - markPassed("PASSED: What should... label text is present on the screen"): PASSED: What should... label text is present on the screen

2022-07-19 13:56:44 - [MESSAGE][PASSED] - PASSED: What should... label text is present on the screen

2022-07-19 13:56:44 - [TEST_STEP][PASSED] - if (waitForElementPresent(Tell_us, 30)): null

2022-07-19 13:56:44 - [MESSAGE][PASSED] - Element 'Object Repository/First name Screen/Tell us your first name label Text' is present

2022-07-19 13:56:44 - [TEST_STEP][PASSED] - markPassed("PASSED: Tell us... label text is present on the screen"): PASSED: Tell us... label text is present on the screen

2022-07-19 13:56:44 - [MESSAGE][PASSED] - PASSED: Tell us... label text is present on the screen

2022-07-19 13:56:44 - [TEST_STEP][PASSED] - if (waitForElementPresent(Name, 30)): null

2022-07-19 13:56:44 - [MESSAGE][PASSED] - Element 'Object Repository/First name Screen/Name text text box' is present

2022-07-19 13:56:44 - [TEST_STEP][PASSED] - setText(Name, "Pakistan", 30): Text 'Pakistan' has been set to element 'Object Repository/First name Screen/Name text text box'

2022-07-19 13:56:45 - [MESSAGE][PASSED] - Text 'Pakistan' has been set to element 'Object Repository/First name Screen/Name text text box'

2022-07-19 13:56:45 - [TEST_STEP][PASSED] - markPassed("PASSED: Name Enter s Successfully"): PASSED: Name Enter s Successfully

2022-07-19 13:56:45 - [MESSAGE][PASSED] - PASSED: Name Enter s Successfully

2022-07-19 13:56:45 - [TEST_STEP][PASSED] - if (waitForElementPresent(Continue, 30)): null

2022-07-19 13:56:46 - [MESSAGE][PASSED] - Element 'Object Repository/First name Screen/Continue Button' is present

2022-07-19 13:56:46 - [TEST_STEP][PASSED] - tap(Continue, 30): Tapped on element 'Object Repository/First name Screen/Continue Button'

2022-07-19 13:56:46 - [MESSAGE][PASSED] - Tapped on element 'Object Repository/First name Screen/Continue Button'

2022-07-19 13:56:46 - [TEST_STEP][PASSED] - markPassed("PASSED: Continue button is present on the screen"): PASSED: Continue button is present on the screen

2022-07-19 13:56:46 - [MESSAGE][PASSED] - PASSED: Continue button is present on the screen]]></system-out>
         <system-err><![CDATA[]]></system-err>
      </testcase>
      <testcase name="Test Cases/testing/Birthday" time="11.386" classname="Test Cases/testing/Birthday" status="PASSED">
         <system-out><![CDATA[2022-07-19 13:56:46 - [TEST_CASE][PASSED] - Test Cases/testing/Birthday: Test Cases/testing/Birthday

2022-07-19 13:56:46 - [TEST_STEP][PASSED] - if (waitForElementPresent(Back, 30)): null

2022-07-19 13:56:49 - [MESSAGE][PASSED] - Element 'Object Repository/DOB/Back' is present

2022-07-19 13:56:49 - [TEST_STEP][PASSED] - tap(Back, 30): Tapped on element 'Object Repository/DOB/Back'

2022-07-19 13:56:50 - [MESSAGE][PASSED] - Tapped on element 'Object Repository/DOB/Back'

2022-07-19 13:56:50 - [TEST_STEP][PASSED] - markPassed("PASSED: Back Button is present on the screen"): PASSED: Back Button is present on the screen

2022-07-19 13:56:50 - [MESSAGE][PASSED] - PASSED: Back Button is present on the screen

2022-07-19 13:56:50 - [TEST_STEP][PASSED] - if (waitForElementPresent(Pervious_Continue, 30)): null

2022-07-19 13:56:51 - [MESSAGE][PASSED] - Element 'Object Repository/First name Screen/Continue Button' is present

2022-07-19 13:56:51 - [TEST_STEP][PASSED] - tap(Pervious_Continue, 30): Tapped on element 'Object Repository/First name Screen/Continue Button'

2022-07-19 13:56:51 - [MESSAGE][PASSED] - Tapped on element 'Object Repository/First name Screen/Continue Button'

2022-07-19 13:56:51 - [TEST_STEP][PASSED] - markPassed("PASSED: Continue Button is present on the screen"): PASSED: Continue Button is present on the screen

2022-07-19 13:56:51 - [MESSAGE][PASSED] - PASSED: Continue Button is present on the screen

2022-07-19 13:56:51 - [TEST_STEP][PASSED] - if (waitForElementPresent(cake_icon, 30)): null

2022-07-19 13:56:51 - [MESSAGE][PASSED] - Element 'Object Repository/DOB/Cake icon' is present

2022-07-19 13:56:51 - [TEST_STEP][PASSED] - markPassed("PASSED: Card Icon is present on the screen"): PASSED: Card Icon is present on the screen

2022-07-19 13:56:51 - [MESSAGE][PASSED] - PASSED: Card Icon is present on the screen

2022-07-19 13:56:51 - [TEST_STEP][PASSED] - if (waitForElementPresent(Whatsyour, 30)): null

2022-07-19 13:56:54 - [MESSAGE][PASSED] - Element 'Object Repository/DOB/Whats your date of birth label Text' is present

2022-07-19 13:56:54 - [TEST_STEP][PASSED] - markPassed("PASSED: Whats your... label text is present on the screen"): PASSED: Whats your... label text is present on the screen

2022-07-19 13:56:54 - [MESSAGE][PASSED] - PASSED: Whats your... label text is present on the screen

2022-07-19 13:56:54 - [TEST_STEP][PASSED] - if (waitForElementPresent(Year, 30)): null

2022-07-19 13:56:54 - [MESSAGE][PASSED] - Element 'Object Repository/DOB/Year Picker' is present

2022-07-19 13:56:54 - [TEST_STEP][PASSED] - tap(Year, 30): Tapped on element 'Object Repository/DOB/Year Picker'

2022-07-19 13:56:55 - [MESSAGE][PASSED] - Tapped on element 'Object Repository/DOB/Year Picker'

2022-07-19 13:56:55 - [TEST_STEP][PASSED] - markPassed("PASSED: Year is present on the screen"): PASSED: Year is present on the screen

2022-07-19 13:56:55 - [MESSAGE][PASSED] - PASSED: Year is present on the screen

2022-07-19 13:56:55 - [TEST_STEP][PASSED] - if (waitForElementPresent(Continue, 30)): null

2022-07-19 13:56:55 - [MESSAGE][PASSED] - Element 'Object Repository/DOB/Continue Button' is present

2022-07-19 13:56:55 - [TEST_STEP][PASSED] - tap(Continue, 30): Tapped on element 'Object Repository/DOB/Continue Button'

2022-07-19 13:56:56 - [MESSAGE][PASSED] - Tapped on element 'Object Repository/DOB/Continue Button'

2022-07-19 13:56:56 - [TEST_STEP][PASSED] - markPassed("PASSED: Continue button is present on the screen"): PASSED: Continue button is present on the screen

2022-07-19 13:56:56 - [MESSAGE][PASSED] - PASSED: Continue button is present on the screen

2022-07-19 13:56:56 - [TEST_STEP][PASSED] - if (waitForElementPresent(Please, 30)): null

2022-07-19 13:56:57 - [MESSAGE][PASSED] - Element 'Object Repository/DOB/Please confirm your birthdate label text' is present

2022-07-19 13:56:57 - [TEST_STEP][PASSED] - markPassed("PASSED: Please Confirm... label text is present on the screen"): PASSED: Please Confirm... label text is present on the screen

2022-07-19 13:56:57 - [MESSAGE][PASSED] - PASSED: Please Confirm... label text is present on the screen

2022-07-19 13:56:57 - [TEST_STEP][PASSED] - if (waitForElementPresent(Thiscant, 30)): null

2022-07-19 13:56:57 - [MESSAGE][PASSED] - Element 'Object Repository/DOB/This cant be changed later label text' is present

2022-07-19 13:56:57 - [TEST_STEP][PASSED] - markPassed("PASSED: This cant... label text is present on the screen"): PASSED: This cant... label text is present on the screen

2022-07-19 13:56:57 - [MESSAGE][PASSED] - PASSED: This cant... label text is present on the screen

2022-07-19 13:56:57 - [TEST_STEP][PASSED] - if (waitForElementPresent(C_Continue, 30)): null

2022-07-19 13:56:57 - [MESSAGE][PASSED] - Element 'Object Repository/DOB/C_Continue' is present

2022-07-19 13:56:57 - [TEST_STEP][PASSED] - tap(C_Continue, 30): Tapped on element 'Object Repository/DOB/C_Continue'

2022-07-19 13:56:57 - [MESSAGE][PASSED] - Tapped on element 'Object Repository/DOB/C_Continue'

2022-07-19 13:56:57 - [TEST_STEP][PASSED] - markPassed("PASSED: C_Continue button present on the screen"): PASSED: C_Continue button present on the screen

2022-07-19 13:56:57 - [MESSAGE][PASSED] - PASSED: C_Continue button present on the screen]]></system-out>
         <system-err><![CDATA[]]></system-err>
      </testcase>
      <testcase name="Test Cases/testing/Identifications" time="5.981" classname="Test Cases/testing/Identifications" status="PASSED">
         <system-out><![CDATA[2022-07-19 13:56:57 - [TEST_CASE][PASSED] - Test Cases/testing/Identifications: Test Cases/testing/Identifications

2022-07-19 13:56:58 - [TEST_STEP][PASSED] - if (waitForElementPresent(Back, 30)): null

2022-07-19 13:56:59 - [MESSAGE][PASSED] - Element 'Object Repository/Identify/Back' is present

2022-07-19 13:56:59 - [TEST_STEP][PASSED] - markPassed("PASSED: Back button present on the screen"): PASSED: Back button present on the screen

2022-07-19 13:56:59 - [MESSAGE][PASSED] - PASSED: Back button present on the screen

2022-07-19 13:56:59 - [TEST_STEP][PASSED] - if (waitForElementPresent(Mirror_icon, 30)): null

2022-07-19 13:56:59 - [MESSAGE][PASSED] - Element 'Object Repository/Identify/Mirror Icon' is present

2022-07-19 13:56:59 - [TEST_STEP][PASSED] - markPassed("PASSED: Mirror Icon present on the screen"): PASSED: Mirror Icon present on the screen

2022-07-19 13:56:59 - [MESSAGE][PASSED] - PASSED: Mirror Icon present on the screen

2022-07-19 13:56:59 - [TEST_STEP][PASSED] - if (waitForElementPresent(How_do, 30)): null

2022-07-19 13:56:59 - [MESSAGE][PASSED] - Element 'Object Repository/Identify/How do you identify label text' is present

2022-07-19 13:56:59 - [TEST_STEP][PASSED] - markPassed("PASSED: How do... label text present on the screen"): PASSED: How do... label text present on the screen

2022-07-19 13:56:59 - [MESSAGE][PASSED] - PASSED: How do... label text present on the screen

2022-07-19 13:56:59 - [TEST_STEP][PASSED] - if (waitForElementPresent(Female_Chips, 30)): null

2022-07-19 13:56:59 - [MESSAGE][PASSED] - Element 'Object Repository/Identify/Female Chips' is present

2022-07-19 13:56:59 - [TEST_STEP][PASSED] - tap(Female_Chips, 30): Tapped on element 'Object Repository/Identify/Female Chips'

2022-07-19 13:57:00 - [MESSAGE][PASSED] - Tapped on element 'Object Repository/Identify/Female Chips'

2022-07-19 13:57:00 - [TEST_STEP][PASSED] - markPassed("PASSED: Female Chips button present on the screen"): PASSED: Female Chips button present on the screen

2022-07-19 13:57:00 - [MESSAGE][PASSED] - PASSED: Female Chips button present on the screen

2022-07-19 13:57:00 - [TEST_STEP][PASSED] - if (waitForElementPresent(Male_Chips, 30)): null

2022-07-19 13:57:00 - [MESSAGE][PASSED] - Element 'Object Repository/Identify/Male Chips' is present

2022-07-19 13:57:00 - [TEST_STEP][PASSED] - tap(Male_Chips, 30): Tapped on element 'Object Repository/Identify/Male Chips'

2022-07-19 13:57:01 - [MESSAGE][PASSED] - Tapped on element 'Object Repository/Identify/Male Chips'

2022-07-19 13:57:01 - [TEST_STEP][PASSED] - markPassed("PASSED: Male Chips button present on the screen"): PASSED: Male Chips button present on the screen

2022-07-19 13:57:01 - [MESSAGE][PASSED] - PASSED: Male Chips button present on the screen

2022-07-19 13:57:01 - [TEST_STEP][PASSED] - if (waitForElementPresent(NonBinary, 30)): null

2022-07-19 13:57:01 - [MESSAGE][PASSED] - Element 'Object Repository/Identify/Non-Binary Chips' is present

2022-07-19 13:57:01 - [TEST_STEP][PASSED] - tap(NonBinary, 30): Tapped on element 'Object Repository/Identify/Non-Binary Chips'

2022-07-19 13:57:02 - [MESSAGE][PASSED] - Tapped on element 'Object Repository/Identify/Non-Binary Chips'

2022-07-19 13:57:02 - [TEST_STEP][PASSED] - markPassed("PASSED: NonBinary Chips button present on the screen"): PASSED: NonBinary Chips button present on the screen

2022-07-19 13:57:02 - [MESSAGE][PASSED] - PASSED: NonBinary Chips button present on the screen

2022-07-19 13:57:02 - [TEST_STEP][PASSED] - if (waitForElementPresent(Male_Chips, 30)): null

2022-07-19 13:57:02 - [MESSAGE][PASSED] - Element 'Object Repository/Identify/Male Chips' is present

2022-07-19 13:57:02 - [TEST_STEP][PASSED] - tap(Male_Chips, 30): Tapped on element 'Object Repository/Identify/Male Chips'

2022-07-19 13:57:02 - [MESSAGE][PASSED] - Tapped on element 'Object Repository/Identify/Male Chips'

2022-07-19 13:57:02 - [TEST_STEP][PASSED] - markPassed("PASSED: Male Chips button present on the screen"): PASSED: Male Chips button present on the screen

2022-07-19 13:57:02 - [MESSAGE][PASSED] - PASSED: Male Chips button present on the screen

2022-07-19 13:57:02 - [TEST_STEP][PASSED] - if (waitForElementPresent(Male_Chips, 30)): null

2022-07-19 13:57:03 - [MESSAGE][PASSED] - Element 'Object Repository/Identify/Male Chips' is present

2022-07-19 13:57:03 - [TEST_STEP][PASSED] - tap(Continue, 30): Tapped on element 'Object Repository/Identify/Continue Button'

2022-07-19 13:57:03 - [MESSAGE][PASSED] - Tapped on element 'Object Repository/Identify/Continue Button'

2022-07-19 13:57:03 - [TEST_STEP][PASSED] - markPassed("PASSED: Continue button present on the screen"): PASSED: Continue button present on the screen

2022-07-19 13:57:03 - [MESSAGE][PASSED] - PASSED: Continue button present on the screen]]></system-out>
         <system-err><![CDATA[]]></system-err>
      </testcase>
      <testcase name="Test Cases/testing/Into" time="6.513" classname="Test Cases/testing/Into" status="PASSED">
         <system-out><![CDATA[2022-07-19 13:57:03 - [TEST_CASE][PASSED] - Test Cases/testing/Into: Test Cases/testing/Into

2022-07-19 13:57:04 - [TEST_STEP][PASSED] - if (waitForElementPresent(back, 30)): null

2022-07-19 13:57:05 - [MESSAGE][PASSED] - Element 'Object Repository/INTO/Back' is present

2022-07-19 13:57:05 - [TEST_STEP][PASSED] - markPassed("PASSED: Back button present on the screen"): PASSED: Back button present on the screen

2022-07-19 13:57:05 - [MESSAGE][PASSED] - PASSED: Back button present on the screen

2022-07-19 13:57:05 - [TEST_STEP][PASSED] - if (waitForElementPresent(Profile_icon, 30)): null

2022-07-19 13:57:05 - [MESSAGE][PASSED] - Element 'Object Repository/INTO/Profile icon' is present

2022-07-19 13:57:05 - [TEST_STEP][PASSED] - markPassed("PASSED: Profile icon present on the screen"): PASSED: Profile icon present on the screen

2022-07-19 13:57:05 - [MESSAGE][PASSED] - PASSED: Profile icon present on the screen

2022-07-19 13:57:05 - [TEST_STEP][PASSED] - if (waitForElementPresent(Who, 30)): null

2022-07-19 13:57:05 - [MESSAGE][PASSED] - Element 'Object Repository/INTO/Who are you into label text' is present

2022-07-19 13:57:05 - [TEST_STEP][PASSED] - markPassed("PASSED: Who are... label text present on the screen"): PASSED: Who are... label text present on the screen

2022-07-19 13:57:05 - [MESSAGE][PASSED] - PASSED: Who are... label text present on the screen

2022-07-19 13:57:05 - [TEST_STEP][PASSED] - if (waitForElementPresent(Women, 30)): null

2022-07-19 13:57:05 - [MESSAGE][PASSED] - Element 'Object Repository/INTO/Female Chips' is present

2022-07-19 13:57:05 - [TEST_STEP][PASSED] - tap(Women, 30): Tapped on element 'Object Repository/INTO/Female Chips'

2022-07-19 13:57:05 - [MESSAGE][PASSED] - Tapped on element 'Object Repository/INTO/Female Chips'

2022-07-19 13:57:05 - [TEST_STEP][PASSED] - markPassed("PASSED: Women Chips button present on the screen"): PASSED: Women Chips button present on the screen

2022-07-19 13:57:05 - [MESSAGE][PASSED] - PASSED: Women Chips button present on the screen

2022-07-19 13:57:05 - [TEST_STEP][PASSED] - if (waitForElementPresent(Men, 30)): null

2022-07-19 13:57:06 - [MESSAGE][PASSED] - Element 'Object Repository/INTO/Male Chips' is present

2022-07-19 13:57:06 - [TEST_STEP][PASSED] - tap(Men, 30): Tapped on element 'Object Repository/INTO/Male Chips'

2022-07-19 13:57:06 - [MESSAGE][PASSED] - Tapped on element 'Object Repository/INTO/Male Chips'

2022-07-19 13:57:06 - [TEST_STEP][PASSED] - markPassed("PASSED: Men Chips button present on the screen"): PASSED: Men Chips button present on the screen

2022-07-19 13:57:06 - [MESSAGE][PASSED] - PASSED: Men Chips button present on the screen

2022-07-19 13:57:06 - [TEST_STEP][PASSED] - if (waitForElementPresent(NonBinary, 30)): null

2022-07-19 13:57:07 - [MESSAGE][PASSED] - Element 'Object Repository/INTO/Non-Binary Chips' is present

2022-07-19 13:57:07 - [TEST_STEP][PASSED] - tap(NonBinary, 30): Tapped on element 'Object Repository/INTO/Non-Binary Chips'

2022-07-19 13:57:07 - [MESSAGE][PASSED] - Tapped on element 'Object Repository/INTO/Non-Binary Chips'

2022-07-19 13:57:07 - [TEST_STEP][PASSED] - markPassed("PASSED: NonBinary Chips button present on the screen"): PASSED: NonBinary Chips button present on the screen

2022-07-19 13:57:07 - [MESSAGE][PASSED] - PASSED: NonBinary Chips button present on the screen

2022-07-19 13:57:07 - [TEST_STEP][PASSED] - if (waitForElementPresent(Men, 30)): null

2022-07-19 13:57:08 - [MESSAGE][PASSED] - Element 'Object Repository/INTO/Male Chips' is present

2022-07-19 13:57:08 - [TEST_STEP][PASSED] - tap(Men, 30): Tapped on element 'Object Repository/INTO/Male Chips'

2022-07-19 13:57:08 - [MESSAGE][PASSED] - Tapped on element 'Object Repository/INTO/Male Chips'

2022-07-19 13:57:08 - [TEST_STEP][PASSED] - markPassed("PASSED: Men Chips button present on the screen"): PASSED: Men Chips button present on the screen

2022-07-19 13:57:08 - [MESSAGE][PASSED] - PASSED: Men Chips button present on the screen

2022-07-19 13:57:08 - [TEST_STEP][PASSED] - if (waitForElementPresent(Anything, 30)): null

2022-07-19 13:57:09 - [MESSAGE][PASSED] - Element 'Object Repository/INTO/Anything Really' is present

2022-07-19 13:57:09 - [TEST_STEP][PASSED] - tap(Anything, 30): Tapped on element 'Object Repository/INTO/Anything Really'

2022-07-19 13:57:09 - [MESSAGE][PASSED] - Tapped on element 'Object Repository/INTO/Anything Really'

2022-07-19 13:57:09 - [TEST_STEP][PASSED] - markPassed("PASSED: Anything Chips button present on the screen"): PASSED: Anything Chips button present on the screen

2022-07-19 13:57:09 - [MESSAGE][PASSED] - PASSED: Anything Chips button present on the screen

2022-07-19 13:57:09 - [TEST_STEP][PASSED] - if (waitForElementPresent(Continue, 30)): null

2022-07-19 13:57:10 - [MESSAGE][PASSED] - Element 'Object Repository/INTO/Continue Button' is present

2022-07-19 13:57:10 - [TEST_STEP][PASSED] - tap(Continue, 30): Tapped on element 'Object Repository/INTO/Continue Button'

2022-07-19 13:57:10 - [MESSAGE][PASSED] - Tapped on element 'Object Repository/INTO/Continue Button'

2022-07-19 13:57:10 - [TEST_STEP][PASSED] - markPassed("PASSED: Continue button present on the screen"): PASSED: Continue button present on the screen

2022-07-19 13:57:10 - [MESSAGE][PASSED] - PASSED: Continue button present on the screen]]></system-out>
         <system-err><![CDATA[]]></system-err>
      </testcase>
      <testcase name="Test Cases/testing/Height Scale" time="2.463" classname="Test Cases/testing/Height Scale" status="PASSED">
         <system-out><![CDATA[2022-07-19 13:57:10 - [TEST_CASE][PASSED] - Test Cases/testing/Height Scale: Test Cases/testing/Height Scale

2022-07-19 13:57:10 - [TEST_STEP][PASSED] - if (waitForElementPresent(Back, 30)): null

2022-07-19 13:57:12 - [MESSAGE][PASSED] - Element 'Object Repository/Height scale/Back' is present

2022-07-19 13:57:12 - [TEST_STEP][PASSED] - markPassed("PASSED: Back button present on the screen"): PASSED: Back button present on the screen

2022-07-19 13:57:12 - [MESSAGE][PASSED] - PASSED: Back button present on the screen

2022-07-19 13:57:12 - [TEST_STEP][PASSED] - if (waitForElementPresent(Scale_icon, 30)): null

2022-07-19 13:57:12 - [MESSAGE][PASSED] - Element 'Object Repository/Height scale/Scale icon' is present

2022-07-19 13:57:12 - [TEST_STEP][PASSED] - markPassed("PASSED: Scale icon present on the screen"): PASSED: Scale icon present on the screen

2022-07-19 13:57:12 - [MESSAGE][PASSED] - PASSED: Scale icon present on the screen

2022-07-19 13:57:12 - [TEST_STEP][PASSED] - if (waitForElementPresent(How, 30)): null

2022-07-19 13:57:12 - [MESSAGE][PASSED] - Element 'Object Repository/Height scale/How tall are you label text' is present

2022-07-19 13:57:12 - [TEST_STEP][PASSED] - markPassed("PASSED: How tall... label text present on the screen"): PASSED: How tall... label text present on the screen

2022-07-19 13:57:12 - [MESSAGE][PASSED] - PASSED: How tall... label text present on the screen

2022-07-19 13:57:12 - [TEST_STEP][PASSED] - if (waitForElementPresent(Continue, 30)): null

2022-07-19 13:57:12 - [MESSAGE][PASSED] - Element 'Object Repository/Height scale/Continue Button' is present

2022-07-19 13:57:12 - [TEST_STEP][PASSED] - tap(Continue, 30): Tapped on element 'Object Repository/Height scale/Continue Button'

2022-07-19 13:57:12 - [MESSAGE][PASSED] - Tapped on element 'Object Repository/Height scale/Continue Button'

2022-07-19 13:57:12 - [TEST_STEP][PASSED] - markPassed("PASSED: Continue Button present on the screen"): PASSED: Continue Button present on the screen

2022-07-19 13:57:12 - [MESSAGE][PASSED] - PASSED: Continue Button present on the screen]]></system-out>
         <system-err><![CDATA[]]></system-err>
      </testcase>
      <testcase name="Test Cases/testing/Ethnicity" time="12.938" classname="Test Cases/testing/Ethnicity" status="PASSED">
         <system-out><![CDATA[2022-07-19 13:57:12 - [TEST_CASE][PASSED] - Test Cases/testing/Ethnicity: Test Cases/testing/Ethnicity

2022-07-19 13:57:13 - [TEST_STEP][PASSED] - if (waitForElementPresent(Back, 30)): null

2022-07-19 13:57:14 - [MESSAGE][PASSED] - Element 'Object Repository/Ethnicity/Back' is present

2022-07-19 13:57:14 - [TEST_STEP][PASSED] - markPassed("PASSED: Back button present on the screen"): PASSED: Back button present on the screen

2022-07-19 13:57:14 - [MESSAGE][PASSED] - PASSED: Back button present on the screen

2022-07-19 13:57:14 - [TEST_STEP][PASSED] - if (waitForElementPresent(Megnifying_icon, 30)): null

2022-07-19 13:57:14 - [MESSAGE][PASSED] - Element 'Object Repository/Ethnicity/Megnifying icon' is present

2022-07-19 13:57:14 - [TEST_STEP][PASSED] - markPassed("PASSED: Megnifying icon present on the screen"): PASSED: Megnifying icon present on the screen

2022-07-19 13:57:14 - [MESSAGE][PASSED] - PASSED: Megnifying icon present on the screen

2022-07-19 13:57:14 - [TEST_STEP][PASSED] - if (waitForElementPresent(Whats, 30)): null

2022-07-19 13:57:15 - [MESSAGE][PASSED] - Element 'Object Repository/Ethnicity/Whats your ethnicity label text' is present

2022-07-19 13:57:15 - [TEST_STEP][PASSED] - markPassed("PASSED: Whats your... label text present on the screen"): PASSED: Whats your... label text present on the screen

2022-07-19 13:57:15 - [MESSAGE][PASSED] - PASSED: Whats your... label text present on the screen

2022-07-19 13:57:15 - [TEST_STEP][PASSED] - if (waitForElementPresent(other, 30)): null

2022-07-19 13:57:15 - [MESSAGE][PASSED] - Element 'Object Repository/Ethnicity/Other' is present

2022-07-19 13:57:15 - [TEST_STEP][PASSED] - tap(other, 30): Tapped on element 'Object Repository/Ethnicity/Other'

2022-07-19 13:57:15 - [MESSAGE][PASSED] - Tapped on element 'Object Repository/Ethnicity/Other'

2022-07-19 13:57:15 - [TEST_STEP][PASSED] - markPassed("PASSED: other Chips button present on the screen"): PASSED: other Chips button present on the screen

2022-07-19 13:57:15 - [MESSAGE][PASSED] - PASSED: other Chips button present on the screen

2022-07-19 13:57:15 - [TEST_STEP][PASSED] - if (waitForElementPresent(Hispanic, 30)): null

2022-07-19 13:57:16 - [MESSAGE][PASSED] - Element 'Object Repository/Ethnicity/Hispanic Latino' is present

2022-07-19 13:57:16 - [TEST_STEP][PASSED] - tap(Hispanic, 30): Tapped on element 'Object Repository/Ethnicity/Hispanic Latino'

2022-07-19 13:57:16 - [MESSAGE][PASSED] - Tapped on element 'Object Repository/Ethnicity/Hispanic Latino'

2022-07-19 13:57:16 - [TEST_STEP][PASSED] - markPassed("PASSED: Hispanic/Latino Chips button present on the screen"): PASSED: Hispanic/Latino Chips button present on the screen

2022-07-19 13:57:16 - [MESSAGE][PASSED] - PASSED: Hispanic/Latino Chips button present on the screen

2022-07-19 13:57:16 - [TEST_STEP][PASSED] - if (waitForElementPresent(East, 30)): null

2022-07-19 13:57:17 - [MESSAGE][PASSED] - Element 'Object Repository/Ethnicity/East Asian' is present

2022-07-19 13:57:17 - [TEST_STEP][PASSED] - tap(East, 30): Tapped on element 'Object Repository/Ethnicity/East Asian'

2022-07-19 13:57:17 - [MESSAGE][PASSED] - Tapped on element 'Object Repository/Ethnicity/East Asian'

2022-07-19 13:57:17 - [TEST_STEP][PASSED] - markPassed("PASSED: East Asian Chips button present on the screen"): PASSED: East Asian Chips button present on the screen

2022-07-19 13:57:17 - [MESSAGE][PASSED] - PASSED: East Asian Chips button present on the screen

2022-07-19 13:57:17 - [TEST_STEP][PASSED] - if (waitForElementPresent(Black, 30)): null

2022-07-19 13:57:18 - [MESSAGE][PASSED] - Element 'Object Repository/Ethnicity/Black African Descent' is present

2022-07-19 13:57:18 - [TEST_STEP][PASSED] - tap(Black, 30): Tapped on element 'Object Repository/Ethnicity/Black African Descent'

2022-07-19 13:57:18 - [MESSAGE][PASSED] - Tapped on element 'Object Repository/Ethnicity/Black African Descent'

2022-07-19 13:57:18 - [TEST_STEP][PASSED] - markPassed("PASSED: Black/African Descent Chips button present on the screen"): PASSED: Black/African Descent Chips button present on the screen

2022-07-19 13:57:18 - [MESSAGE][PASSED] - PASSED: Black/African Descent Chips button present on the screen

2022-07-19 13:57:18 - [TEST_STEP][PASSED] - if (waitForElementPresent(Pacific_Islander, 30)): null

2022-07-19 13:57:19 - [MESSAGE][PASSED] - Element 'Object Repository/Ethnicity/Pacific Islander' is present

2022-07-19 13:57:19 - [TEST_STEP][PASSED] - tap(Pacific_Islander, 30): Tapped on element 'Object Repository/Ethnicity/Pacific Islander'

2022-07-19 13:57:19 - [MESSAGE][PASSED] - Tapped on element 'Object Repository/Ethnicity/Pacific Islander'

2022-07-19 13:57:19 - [TEST_STEP][PASSED] - markPassed("PASSED: Pacific_Islander Chips button present on the screen"): PASSED: Pacific_Islander Chips button present on the screen

2022-07-19 13:57:19 - [MESSAGE][PASSED] - PASSED: Pacific_Islander Chips button present on the screen

2022-07-19 13:57:19 - [TEST_STEP][PASSED] - if (waitForElementPresent(White, 30)): null

2022-07-19 13:57:20 - [MESSAGE][PASSED] - Element 'Object Repository/Ethnicity/White Caucasian' is present

2022-07-19 13:57:20 - [TEST_STEP][PASSED] - tap(White, 30): Tapped on element 'Object Repository/Ethnicity/White Caucasian'

2022-07-19 13:57:20 - [MESSAGE][PASSED] - Tapped on element 'Object Repository/Ethnicity/White Caucasian'

2022-07-19 13:57:20 - [TEST_STEP][PASSED] - markPassed("PASSED: White/Caucasian Chips button present on the screen"): PASSED: White/Caucasian Chips button present on the screen

2022-07-19 13:57:20 - [MESSAGE][PASSED] - PASSED: White/Caucasian Chips button present on the screen

2022-07-19 13:57:20 - [TEST_STEP][PASSED] - if (waitForElementPresent(Middle, 30)): null

2022-07-19 13:57:21 - [MESSAGE][PASSED] - Element 'Object Repository/Ethnicity/Middle Eastern' is present

2022-07-19 13:57:21 - [TEST_STEP][PASSED] - tap(Middle, 30): Tapped on element 'Object Repository/Ethnicity/Middle Eastern'

2022-07-19 13:57:21 - [MESSAGE][PASSED] - Tapped on element 'Object Repository/Ethnicity/Middle Eastern'

2022-07-19 13:57:21 - [TEST_STEP][PASSED] - markPassed("PASSED: Middle Eastren Chips button present on the screen"): PASSED: Middle Eastren Chips button present on the screen

2022-07-19 13:57:21 - [MESSAGE][PASSED] - PASSED: Middle Eastren Chips button present on the screen

2022-07-19 13:57:21 - [TEST_STEP][PASSED] - if (waitForElementPresent(Native, 30)): null

2022-07-19 13:57:22 - [MESSAGE][PASSED] - Element 'Object Repository/Ethnicity/Native American' is present

2022-07-19 13:57:22 - [TEST_STEP][PASSED] - tap(Native, 30): Tapped on element 'Object Repository/Ethnicity/Native American'

2022-07-19 13:57:22 - [MESSAGE][PASSED] - Tapped on element 'Object Repository/Ethnicity/Native American'

2022-07-19 13:57:22 - [TEST_STEP][PASSED] - markPassed("PASSED: Native American Chips button present on the screen"): PASSED: Native American Chips button present on the screen

2022-07-19 13:57:22 - [MESSAGE][PASSED] - PASSED: Native American Chips button present on the screen

2022-07-19 13:57:22 - [TEST_STEP][PASSED] - if (waitForElementPresent(South, 30)): null

2022-07-19 13:57:23 - [MESSAGE][PASSED] - Element 'Object Repository/Ethnicity/South Asian' is present

2022-07-19 13:57:23 - [TEST_STEP][PASSED] - tap(South, 30): Tapped on element 'Object Repository/Ethnicity/South Asian'

2022-07-19 13:57:23 - [MESSAGE][PASSED] - Tapped on element 'Object Repository/Ethnicity/South Asian'

2022-07-19 13:57:23 - [TEST_STEP][PASSED] - markPassed("PASSED: South Asian Chips button present on the screen"): PASSED: South Asian Chips button present on the screen

2022-07-19 13:57:23 - [MESSAGE][PASSED] - PASSED: South Asian Chips button present on the screen

2022-07-19 13:57:23 - [TEST_STEP][PASSED] - if (waitForElementPresent(Prefer, 30)): null

2022-07-19 13:57:24 - [MESSAGE][PASSED] - Element 'Object Repository/Ethnicity/Perfer not to say' is present

2022-07-19 13:57:24 - [TEST_STEP][PASSED] - tap(Prefer, 30): Tapped on element 'Object Repository/Ethnicity/Perfer not to say'

2022-07-19 13:57:24 - [MESSAGE][PASSED] - Tapped on element 'Object Repository/Ethnicity/Perfer not to say'

2022-07-19 13:57:24 - [TEST_STEP][PASSED] - markPassed("PASSED: Prefer not to say Chips button present on the screen"): PASSED: Prefer not to say Chips button present on the screen

2022-07-19 13:57:24 - [MESSAGE][PASSED] - PASSED: Prefer not to say Chips button present on the screen

2022-07-19 13:57:24 - [TEST_STEP][PASSED] - if (waitForElementPresent(Continue, 30)): null

2022-07-19 13:57:25 - [MESSAGE][PASSED] - Element 'Object Repository/Ethnicity/Continue Button' is present

2022-07-19 13:57:25 - [TEST_STEP][PASSED] - tap(Continue, 30): Tapped on element 'Object Repository/Ethnicity/Continue Button'

2022-07-19 13:57:25 - [MESSAGE][PASSED] - Tapped on element 'Object Repository/Ethnicity/Continue Button'

2022-07-19 13:57:25 - [TEST_STEP][PASSED] - markPassed("PASSED: Continue button present on the screen"): PASSED: Continue button present on the screen

2022-07-19 13:57:25 - [MESSAGE][PASSED] - PASSED: Continue button present on the screen]]></system-out>
         <system-err><![CDATA[]]></system-err>
      </testcase>
      <testcase name="Test Cases/testing/Religion" time="12.382" classname="Test Cases/testing/Religion" status="PASSED">
         <system-out><![CDATA[2022-07-19 13:57:25 - [TEST_CASE][PASSED] - Test Cases/testing/Religion: Test Cases/testing/Religion

2022-07-19 13:57:26 - [TEST_STEP][PASSED] - if (waitForElementPresent(Back, 30)): null

2022-07-19 13:57:27 - [MESSAGE][PASSED] - Element 'Object Repository/Religion/Back' is present

2022-07-19 13:57:27 - [TEST_STEP][PASSED] - markPassed("PASSED: Back button present on the screen"): PASSED: Back button present on the screen

2022-07-19 13:57:27 - [MESSAGE][PASSED] - PASSED: Back button present on the screen

2022-07-19 13:57:27 - [TEST_STEP][PASSED] - if (waitForElementPresent(Book, 30)): null

2022-07-19 13:57:27 - [MESSAGE][PASSED] - Element 'Object Repository/Religion/Book Icon' is present

2022-07-19 13:57:27 - [TEST_STEP][PASSED] - markPassed("PASSED: Book icon present on the screen"): PASSED: Book icon present on the screen

2022-07-19 13:57:27 - [MESSAGE][PASSED] - PASSED: Book icon present on the screen

2022-07-19 13:57:27 - [TEST_STEP][PASSED] - if (waitForElementPresent(What, 30)): null

2022-07-19 13:57:28 - [MESSAGE][PASSED] - Element 'Object Repository/Religion/Whats your religion label text' is present

2022-07-19 13:57:28 - [TEST_STEP][PASSED] - markPassed("PASSED: Whats your... label text present on the screen"): PASSED: Whats your... label text present on the screen

2022-07-19 13:57:28 - [MESSAGE][PASSED] - PASSED: Whats your... label text present on the screen

2022-07-19 13:57:28 - [TEST_STEP][PASSED] - if (waitForElementPresent(Sikh, 30)): null

2022-07-19 13:57:28 - [MESSAGE][PASSED] - Element 'Object Repository/Religion/Sikh' is present

2022-07-19 13:57:28 - [TEST_STEP][PASSED] - tap(Sikh, 30): Tapped on element 'Object Repository/Religion/Sikh'

2022-07-19 13:57:28 - [MESSAGE][PASSED] - Tapped on element 'Object Repository/Religion/Sikh'

2022-07-19 13:57:28 - [TEST_STEP][PASSED] - markPassed("PASSED: Sikh Chips button present on the screen"): PASSED: Sikh Chips button present on the screen

2022-07-19 13:57:28 - [MESSAGE][PASSED] - PASSED: Sikh Chips button present on the screen

2022-07-19 13:57:28 - [TEST_STEP][PASSED] - if (waitForElementPresent(Hindu, 30)): null

2022-07-19 13:57:29 - [MESSAGE][PASSED] - Element 'Object Repository/Religion/hindu' is present

2022-07-19 13:57:29 - [TEST_STEP][PASSED] - tap(Hindu, 30): Tapped on element 'Object Repository/Religion/hindu'

2022-07-19 13:57:29 - [MESSAGE][PASSED] - Tapped on element 'Object Repository/Religion/hindu'

2022-07-19 13:57:29 - [TEST_STEP][PASSED] - markPassed("PASSED: Hindu Chips button present on the screen"): PASSED: Hindu Chips button present on the screen

2022-07-19 13:57:29 - [MESSAGE][PASSED] - PASSED: Hindu Chips button present on the screen

2022-07-19 13:57:29 - [TEST_STEP][PASSED] - if (waitForElementPresent(Atheist, 30)): null

2022-07-19 13:57:30 - [MESSAGE][PASSED] - Element 'Object Repository/Religion/Atheist' is present

2022-07-19 13:57:30 - [TEST_STEP][PASSED] - tap(Atheist, 30): Tapped on element 'Object Repository/Religion/Atheist'

2022-07-19 13:57:30 - [MESSAGE][PASSED] - Tapped on element 'Object Repository/Religion/Atheist'

2022-07-19 13:57:30 - [TEST_STEP][PASSED] - markPassed("PASSED: Atheist Chips button present on the screen"): PASSED: Atheist Chips button present on the screen

2022-07-19 13:57:30 - [MESSAGE][PASSED] - PASSED: Atheist Chips button present on the screen

2022-07-19 13:57:30 - [TEST_STEP][PASSED] - if (waitForElementPresent(Spiritual, 30)): null

2022-07-19 13:57:31 - [MESSAGE][PASSED] - Element 'Object Repository/Religion/Spiritual' is present

2022-07-19 13:57:31 - [TEST_STEP][PASSED] - tap(Spiritual, 30): Tapped on element 'Object Repository/Religion/Spiritual'

2022-07-19 13:57:31 - [MESSAGE][PASSED] - Tapped on element 'Object Repository/Religion/Spiritual'

2022-07-19 13:57:31 - [TEST_STEP][PASSED] - markPassed("PASSED: Spiritual Chips button present on the screen"): PASSED: Spiritual Chips button present on the screen

2022-07-19 13:57:31 - [MESSAGE][PASSED] - PASSED: Spiritual Chips button present on the screen

2022-07-19 13:57:31 - [TEST_STEP][PASSED] - if (waitForElementPresent(Christian, 30)): null

2022-07-19 13:57:32 - [MESSAGE][PASSED] - Element 'Object Repository/Religion/Christian' is present

2022-07-19 13:57:32 - [TEST_STEP][PASSED] - tap(Christian, 30): Tapped on element 'Object Repository/Religion/Christian'

2022-07-19 13:57:32 - [MESSAGE][PASSED] - Tapped on element 'Object Repository/Religion/Christian'

2022-07-19 13:57:32 - [TEST_STEP][PASSED] - markPassed("PASSED: Christian Chips button present on the screen"): PASSED: Christian Chips button present on the screen

2022-07-19 13:57:32 - [MESSAGE][PASSED] - PASSED: Christian Chips button present on the screen

2022-07-19 13:57:32 - [TEST_STEP][PASSED] - if (waitForElementPresent(Agnostic, 30)): null

2022-07-19 13:57:33 - [MESSAGE][PASSED] - Element 'Object Repository/Religion/Agnostic' is present

2022-07-19 13:57:33 - [TEST_STEP][PASSED] - tap(Agnostic, 30): Tapped on element 'Object Repository/Religion/Agnostic'

2022-07-19 13:57:33 - [MESSAGE][PASSED] - Tapped on element 'Object Repository/Religion/Agnostic'

2022-07-19 13:57:33 - [TEST_STEP][PASSED] - markPassed("PASSED: Agnostic Chips button present on the screen"): PASSED: Agnostic Chips button present on the screen

2022-07-19 13:57:33 - [MESSAGE][PASSED] - PASSED: Agnostic Chips button present on the screen

2022-07-19 13:57:33 - [TEST_STEP][PASSED] - if (waitForElementPresent(Buddhist, 30)): null

2022-07-19 13:57:34 - [MESSAGE][PASSED] - Element 'Object Repository/Religion/Buddhist Taoist' is present

2022-07-19 13:57:34 - [TEST_STEP][PASSED] - tap(Buddhist, 30): Tapped on element 'Object Repository/Religion/Buddhist Taoist'

2022-07-19 13:57:34 - [MESSAGE][PASSED] - Tapped on element 'Object Repository/Religion/Buddhist Taoist'

2022-07-19 13:57:34 - [TEST_STEP][PASSED] - markPassed("PASSED: Buddhist/Taosit Chips button present on the screen"): PASSED: Buddhist/Taosit Chips button present on the screen

2022-07-19 13:57:34 - [MESSAGE][PASSED] - PASSED: Buddhist/Taosit Chips button present on the screen

2022-07-19 13:57:34 - [TEST_STEP][PASSED] - if (waitForElementPresent(Jewish, 30)): null

2022-07-19 13:57:34 - [MESSAGE][PASSED] - Element 'Object Repository/Religion/Jewish' is present

2022-07-19 13:57:34 - [TEST_STEP][PASSED] - tap(Jewish, 30): Tapped on element 'Object Repository/Religion/Jewish'

2022-07-19 13:57:35 - [MESSAGE][PASSED] - Tapped on element 'Object Repository/Religion/Jewish'

2022-07-19 13:57:35 - [TEST_STEP][PASSED] - markPassed("PASSED: Jewish Chips button present on the screen"): PASSED: Jewish Chips button present on the screen

2022-07-19 13:57:35 - [MESSAGE][PASSED] - PASSED: Jewish Chips button present on the screen

2022-07-19 13:57:35 - [TEST_STEP][PASSED] - if (waitForElementPresent(Catholic, 30)): null

2022-07-19 13:57:35 - [MESSAGE][PASSED] - Element 'Object Repository/Religion/Catholic' is present

2022-07-19 13:57:35 - [TEST_STEP][PASSED] - tap(Catholic, 30): Tapped on element 'Object Repository/Religion/Catholic'

2022-07-19 13:57:36 - [MESSAGE][PASSED] - Tapped on element 'Object Repository/Religion/Catholic'

2022-07-19 13:57:36 - [TEST_STEP][PASSED] - markPassed("PASSED: Catholic Chips button present on the screen"): PASSED: Catholic Chips button present on the screen

2022-07-19 13:57:36 - [MESSAGE][PASSED] - PASSED: Catholic Chips button present on the screen

2022-07-19 13:57:36 - [TEST_STEP][PASSED] - if (waitForElementPresent(Muslim, 30)): null

2022-07-19 13:57:36 - [MESSAGE][PASSED] - Element 'Object Repository/Religion/Muslim' is present

2022-07-19 13:57:36 - [TEST_STEP][PASSED] - tap(Muslim, 30): Tapped on element 'Object Repository/Religion/Muslim'

2022-07-19 13:57:37 - [MESSAGE][PASSED] - Tapped on element 'Object Repository/Religion/Muslim'

2022-07-19 13:57:37 - [TEST_STEP][PASSED] - markPassed("PASSED: Muslim Chips button present on the screen"): PASSED: Muslim Chips button present on the screen

2022-07-19 13:57:37 - [MESSAGE][PASSED] - PASSED: Muslim Chips button present on the screen

2022-07-19 13:57:37 - [TEST_STEP][PASSED] - if (waitForElementPresent(Continue, 30)): null

2022-07-19 13:57:37 - [MESSAGE][PASSED] - Element 'Object Repository/Religion/continue Button' is present

2022-07-19 13:57:37 - [TEST_STEP][PASSED] - tap(Continue, 30): Tapped on element 'Object Repository/Religion/continue Button'

2022-07-19 13:57:38 - [MESSAGE][PASSED] - Tapped on element 'Object Repository/Religion/continue Button'

2022-07-19 13:57:38 - [TEST_STEP][PASSED] - markPassed("PASSED: Continue button present on the screen"): PASSED: Continue button present on the screen

2022-07-19 13:57:38 - [MESSAGE][PASSED] - PASSED: Continue button present on the screen]]></system-out>
         <system-err><![CDATA[]]></system-err>
      </testcase>
      <testcase name="Test Cases/testing/Relationship" time="8.699" classname="Test Cases/testing/Relationship" status="PASSED">
         <system-out><![CDATA[2022-07-19 13:57:38 - [TEST_CASE][PASSED] - Test Cases/testing/Relationship: Test Cases/testing/Relationship

2022-07-19 13:57:38 - [TEST_STEP][PASSED] - if (waitForElementPresent(Back, 30)): null

2022-07-19 13:57:40 - [MESSAGE][PASSED] - Element 'Object Repository/Relationship/Back' is present

2022-07-19 13:57:40 - [TEST_STEP][PASSED] - markPassed("PASSED: Back button present on the screen"): PASSED: Back button present on the screen

2022-07-19 13:57:40 - [MESSAGE][PASSED] - PASSED: Back button present on the screen

2022-07-19 13:57:40 - [TEST_STEP][PASSED] - if (waitForElementPresent(Heart_Icon, 30)): null

2022-07-19 13:57:40 - [MESSAGE][PASSED] - Element 'Object Repository/Relationship/Heart icon' is present

2022-07-19 13:57:40 - [TEST_STEP][PASSED] - markPassed("PASSED: Heart Icon present on the screen"): PASSED: Heart Icon present on the screen

2022-07-19 13:57:40 - [MESSAGE][PASSED] - PASSED: Heart Icon present on the screen

2022-07-19 13:57:40 - [TEST_STEP][PASSED] - if (waitForElementPresent(Whats, 30)): null

2022-07-19 13:57:41 - [MESSAGE][PASSED] - Element 'Object Repository/Relationship/Whats your relationship status label text' is present

2022-07-19 13:57:41 - [TEST_STEP][PASSED] - markPassed("PASSED: Whats your... label text present on the screen"): PASSED: Whats your... label text present on the screen

2022-07-19 13:57:41 - [MESSAGE][PASSED] - PASSED: Whats your... label text present on the screen

2022-07-19 13:57:41 - [TEST_STEP][PASSED] - if (waitForElementPresent(Never, 30)): null

2022-07-19 13:57:41 - [MESSAGE][PASSED] - Element 'Object Repository/Relationship/Never Married' is present

2022-07-19 13:57:41 - [TEST_STEP][PASSED] - tap(Never, 30): Tapped on element 'Object Repository/Relationship/Never Married'

2022-07-19 13:57:42 - [MESSAGE][PASSED] - Tapped on element 'Object Repository/Relationship/Never Married'

2022-07-19 13:57:42 - [TEST_STEP][PASSED] - markPassed("PASSED: Never Married Chips button present on the screen"): PASSED: Never Married Chips button present on the screen

2022-07-19 13:57:42 - [MESSAGE][PASSED] - PASSED: Never Married Chips button present on the screen

2022-07-19 13:57:42 - [TEST_STEP][PASSED] - if (waitForElementPresent(Separated, 30)): null

2022-07-19 13:57:42 - [MESSAGE][PASSED] - Element 'Object Repository/Relationship/Separated' is present

2022-07-19 13:57:42 - [TEST_STEP][PASSED] - tap(Separated, 30): Tapped on element 'Object Repository/Relationship/Separated'

2022-07-19 13:57:43 - [MESSAGE][PASSED] - Tapped on element 'Object Repository/Relationship/Separated'

2022-07-19 13:57:43 - [TEST_STEP][PASSED] - markPassed("PASSED: Separated Chips button present on the screen"): PASSED: Separated Chips button present on the screen

2022-07-19 13:57:43 - [MESSAGE][PASSED] - PASSED: Separated Chips button present on the screen

2022-07-19 13:57:43 - [TEST_STEP][PASSED] - if (waitForElementPresent(Divorced, 30)): null

2022-07-19 13:57:43 - [MESSAGE][PASSED] - Element 'Object Repository/Relationship/Divorced' is present

2022-07-19 13:57:43 - [TEST_STEP][PASSED] - tap(Divorced, 30): Tapped on element 'Object Repository/Relationship/Divorced'

2022-07-19 13:57:43 - [MESSAGE][PASSED] - Tapped on element 'Object Repository/Relationship/Divorced'

2022-07-19 13:57:43 - [TEST_STEP][PASSED] - markPassed("PASSED: Divorced Chips button present on the screen"): PASSED: Divorced Chips button present on the screen

2022-07-19 13:57:43 - [MESSAGE][PASSED] - PASSED: Divorced Chips button present on the screen

2022-07-19 13:57:43 - [TEST_STEP][PASSED] - if (waitForElementPresent(Widowed, 30)): null

2022-07-19 13:57:44 - [MESSAGE][PASSED] - Element 'Object Repository/Relationship/Widowed' is present

2022-07-19 13:57:44 - [TEST_STEP][PASSED] - tap(Widowed, 30): Tapped on element 'Object Repository/Relationship/Widowed'

2022-07-19 13:57:44 - [MESSAGE][PASSED] - Tapped on element 'Object Repository/Relationship/Widowed'

2022-07-19 13:57:44 - [TEST_STEP][PASSED] - markPassed("PASSED: Widowed Chips button present on the screen"): PASSED: Widowed Chips button present on the screen

2022-07-19 13:57:44 - [MESSAGE][PASSED] - PASSED: Widowed Chips button present on the screen

2022-07-19 13:57:44 - [TEST_STEP][PASSED] - if (waitForElementPresent(D_inProgress, 30)): null

2022-07-19 13:57:45 - [MESSAGE][PASSED] - Element 'Object Repository/Relationship/Divorce in Progress' is present

2022-07-19 13:57:45 - [TEST_STEP][PASSED] - tap(D_inProgress, 30): Tapped on element 'Object Repository/Relationship/Divorce in Progress'

2022-07-19 13:57:45 - [MESSAGE][PASSED] - Tapped on element 'Object Repository/Relationship/Divorce in Progress'

2022-07-19 13:57:45 - [TEST_STEP][PASSED] - markPassed("PASSED: Divorce in Progress Chips button present on the screen"): PASSED: Divorce in Progress Chips button present on the screen

2022-07-19 13:57:45 - [MESSAGE][PASSED] - PASSED: Divorce in Progress Chips button present on the screen

2022-07-19 13:57:45 - [TEST_STEP][PASSED] - if (waitForElementPresent(Continue, 30)): null

2022-07-19 13:57:46 - [MESSAGE][PASSED] - Element 'Object Repository/Relationship/Continue Button' is present

2022-07-19 13:57:46 - [TEST_STEP][PASSED] - tap(Continue, 30): Tapped on element 'Object Repository/Relationship/Continue Button'

2022-07-19 13:57:46 - [MESSAGE][PASSED] - Tapped on element 'Object Repository/Relationship/Continue Button'

2022-07-19 13:57:46 - [TEST_STEP][PASSED] - markPassed("PASSED: Continue button present on the screen"): PASSED: Continue button present on the screen

2022-07-19 13:57:46 - [MESSAGE][PASSED] - PASSED: Continue button present on the screen]]></system-out>
         <system-err><![CDATA[]]></system-err>
      </testcase>
      <testcase name="Test Cases/testing/Family Plan" time="9.582" classname="Test Cases/testing/Family Plan" status="PASSED">
         <system-out><![CDATA[2022-07-19 13:57:46 - [TEST_CASE][PASSED] - Test Cases/testing/Family Plan: Test Cases/testing/Family Plan

2022-07-19 13:57:47 - [TEST_STEP][PASSED] - if (waitForElementPresent(Back, 30)): null

2022-07-19 13:57:49 - [MESSAGE][PASSED] - Element 'Object Repository/Family plan/Back' is present

2022-07-19 13:57:49 - [TEST_STEP][PASSED] - markPassed("PASSED: Back button present on the screen"): PASSED: Back button present on the screen

2022-07-19 13:57:49 - [MESSAGE][PASSED] - PASSED: Back button present on the screen

2022-07-19 13:57:49 - [TEST_STEP][PASSED] - if (waitForElementPresent(Smile_Icon, 30)): null

2022-07-19 13:57:49 - [MESSAGE][PASSED] - Element 'Object Repository/Family plan/Face icon' is present

2022-07-19 13:57:49 - [TEST_STEP][PASSED] - markPassed("PASSED: Smile Icon present on the screen"): PASSED: Smile Icon present on the screen

2022-07-19 13:57:49 - [MESSAGE][PASSED] - PASSED: Smile Icon present on the screen

2022-07-19 13:57:49 - [TEST_STEP][PASSED] - if (waitForElementPresent(Whats, 30)): null

2022-07-19 13:57:49 - [MESSAGE][PASSED] - Element 'Object Repository/Family plan/What are your thoughts on children label text' is present

2022-07-19 13:57:49 - [TEST_STEP][PASSED] - markPassed("PASSED: Whats are... label text present on the screen"): PASSED: Whats are... label text present on the screen

2022-07-19 13:57:49 - [MESSAGE][PASSED] - PASSED: Whats are... label text present on the screen

2022-07-19 13:57:49 - [TEST_STEP][PASSED] - if (waitForElementPresent(Do, 30)): null

2022-07-19 13:57:49 - [MESSAGE][PASSED] - Element 'Object Repository/Family plan/Do you have children label text' is present

2022-07-19 13:57:49 - [TEST_STEP][PASSED] - tap(Do, 30): Tapped on element 'Object Repository/Family plan/Do you have children label text'

2022-07-19 13:57:50 - [MESSAGE][PASSED] - Tapped on element 'Object Repository/Family plan/Do you have children label text'

2022-07-19 13:57:50 - [TEST_STEP][PASSED] - markPassed("PASSED: Do you... label text present on the screen"): PASSED: Do you... label text present on the screen

2022-07-19 13:57:50 - [MESSAGE][PASSED] - PASSED: Do you... label text present on the screen

2022-07-19 13:57:50 - [TEST_STEP][PASSED] - if (waitForElementPresent(I_dont, 30)): null

2022-07-19 13:57:50 - [MESSAGE][PASSED] - Element 'Object Repository/Family plan/I dont have Children chips' is present

2022-07-19 13:57:50 - [TEST_STEP][PASSED] - tap(I_dont, 30): Tapped on element 'Object Repository/Family plan/I dont have Children chips'

2022-07-19 13:57:50 - [MESSAGE][PASSED] - Tapped on element 'Object Repository/Family plan/I dont have Children chips'

2022-07-19 13:57:50 - [TEST_STEP][PASSED] - markPassed("PASSED: I dont have Children Chips button present on the screen"): PASSED: I dont have Children Chips button present on the screen

2022-07-19 13:57:50 - [MESSAGE][PASSED] - PASSED: I dont have Children Chips button present on the screen

2022-07-19 13:57:50 - [TEST_STEP][PASSED] - if (waitForElementPresent(I_have, 30)): null

2022-07-19 13:57:51 - [MESSAGE][PASSED] - Element 'Object Repository/Family plan/I have Children Chips' is present

2022-07-19 13:57:51 - [TEST_STEP][PASSED] - tap(I_have, 30): Tapped on element 'Object Repository/Family plan/I have Children Chips'

2022-07-19 13:57:51 - [MESSAGE][PASSED] - Tapped on element 'Object Repository/Family plan/I have Children Chips'

2022-07-19 13:57:51 - [TEST_STEP][PASSED] - markPassed("PASSED: I have Children Chips button present on the screen"): PASSED: I have Children Chips button present on the screen

2022-07-19 13:57:51 - [MESSAGE][PASSED] - PASSED: I have Children Chips button present on the screen

2022-07-19 13:57:51 - [TEST_STEP][PASSED] - if (waitForElementPresent(What_are, 30)): null

2022-07-19 13:57:52 - [MESSAGE][PASSED] - Element 'Object Repository/Family plan/What are your family plans label text' is present

2022-07-19 13:57:52 - [TEST_STEP][PASSED] - tap(What_are, 30): Tapped on element 'Object Repository/Family plan/What are your family plans label text'

2022-07-19 13:57:52 - [MESSAGE][PASSED] - Tapped on element 'Object Repository/Family plan/What are your family plans label text'

2022-07-19 13:57:52 - [TEST_STEP][PASSED] - markPassed("PASSED: What are Your Family plans label text present on the screen"): PASSED: What are Your Family plans label text present on the screen

2022-07-19 13:57:52 - [MESSAGE][PASSED] - PASSED: What are Your Family plans label text present on the screen

2022-07-19 13:57:52 - [TEST_STEP][PASSED] - if (waitForElementPresent(I_dont_have, 30)): null

2022-07-19 13:57:53 - [MESSAGE][PASSED] - Element 'Object Repository/Family plan/I dont want Children chips' is present

2022-07-19 13:57:53 - [TEST_STEP][PASSED] - tap(I_dont_have, 30): Tapped on element 'Object Repository/Family plan/I dont want Children chips'

2022-07-19 13:57:53 - [MESSAGE][PASSED] - Tapped on element 'Object Repository/Family plan/I dont want Children chips'

2022-07-19 13:57:53 - [TEST_STEP][PASSED] - markPassed("PASSED:  I dont want children Chips button present on the screen"): PASSED:  I dont want children Chips button present on the screen

2022-07-19 13:57:53 - [MESSAGE][PASSED] - PASSED:  I dont want children Chips button present on the screen

2022-07-19 13:57:53 - [TEST_STEP][PASSED] - if (waitForElementPresent(Open_to, 30)): null

2022-07-19 13:57:54 - [MESSAGE][PASSED] - Element 'Object Repository/Family plan/I m open to Children' is present

2022-07-19 13:57:54 - [TEST_STEP][PASSED] - tap(Open_to, 30): Tapped on element 'Object Repository/Family plan/I m open to Children'

2022-07-19 13:57:54 - [MESSAGE][PASSED] - Tapped on element 'Object Repository/Family plan/I m open to Children'

2022-07-19 13:57:54 - [TEST_STEP][PASSED] - markPassed("PASSED: I m open to children Chips button present on the screen"): PASSED: I m open to children Chips button present on the screen

2022-07-19 13:57:54 - [MESSAGE][PASSED] - PASSED: I m open to children Chips button present on the screen

2022-07-19 13:57:54 - [TEST_STEP][PASSED] - if (waitForElementPresent(Want_children, 30)): null

2022-07-19 13:57:55 - [MESSAGE][PASSED] - Element 'Object Repository/Family plan/I want Children Chips' is present

2022-07-19 13:57:55 - [TEST_STEP][PASSED] - tap(Want_children, 30): Tapped on element 'Object Repository/Family plan/I want Children Chips'

2022-07-19 13:57:55 - [MESSAGE][PASSED] - Tapped on element 'Object Repository/Family plan/I want Children Chips'

2022-07-19 13:57:55 - [TEST_STEP][PASSED] - markPassed("PASSED: I want Children Chips button present on the screen"): PASSED: I want Children Chips button present on the screen

2022-07-19 13:57:55 - [MESSAGE][PASSED] - PASSED: I want Children Chips button present on the screen

2022-07-19 13:57:55 - [TEST_STEP][PASSED] - if (waitForElementPresent(Continue, 30)): null

2022-07-19 13:57:56 - [MESSAGE][PASSED] - Element 'Object Repository/Family plan/Continue Button' is present

2022-07-19 13:57:56 - [TEST_STEP][PASSED] - tap(Continue, 30): Tapped on element 'Object Repository/Family plan/Continue Button'

2022-07-19 13:57:56 - [MESSAGE][PASSED] - Tapped on element 'Object Repository/Family plan/Continue Button'

2022-07-19 13:57:56 - [TEST_STEP][PASSED] - markPassed("PASSED: Continue button present on the screen"): PASSED: Continue button present on the screen

2022-07-19 13:57:56 - [MESSAGE][PASSED] - PASSED: Continue button present on the screen]]></system-out>
         <system-err><![CDATA[]]></system-err>
      </testcase>
      <testcase name="Test Cases/testing/Education" time="8.986" classname="Test Cases/testing/Education" status="PASSED">
         <system-out><![CDATA[2022-07-19 13:57:56 - [TEST_CASE][PASSED] - Test Cases/testing/Education: Test Cases/testing/Education

2022-07-19 13:57:56 - [TEST_STEP][PASSED] - if (waitForElementPresent(Back, 30)): null

2022-07-19 13:57:58 - [MESSAGE][PASSED] - Element 'Object Repository/Education/Back Button' is present

2022-07-19 13:57:58 - [TEST_STEP][PASSED] - markPassed("PASSED: Back button present on the screen"): PASSED: Back button present on the screen

2022-07-19 13:57:58 - [MESSAGE][PASSED] - PASSED: Back button present on the screen

2022-07-19 13:57:58 - [TEST_STEP][PASSED] - if (waitForElementPresent(Edu_hut_Icon, 30)): null

2022-07-19 13:57:59 - [MESSAGE][PASSED] - Element 'Object Repository/Education/Hat icon' is present

2022-07-19 13:57:59 - [TEST_STEP][PASSED] - markPassed("PASSED: Hat Icon present on the screen"): PASSED: Hat Icon present on the screen

2022-07-19 13:57:59 - [MESSAGE][PASSED] - PASSED: Hat Icon present on the screen

2022-07-19 13:57:59 - [TEST_STEP][PASSED] - if (waitForElementPresent(Whats, 30)): null

2022-07-19 13:57:59 - [MESSAGE][PASSED] - Element 'Object Repository/Education/Whats your education background label text' is present

2022-07-19 13:57:59 - [TEST_STEP][PASSED] - markPassed("PASSED: Whats your... label text present on the screen"): PASSED: Whats your... label text present on the screen

2022-07-19 13:57:59 - [MESSAGE][PASSED] - PASSED: Whats your... label text present on the screen

2022-07-19 13:57:59 - [TEST_STEP][PASSED] - if (waitForElementPresent(Some, 30)): null

2022-07-19 13:57:59 - [MESSAGE][PASSED] - Element 'Object Repository/Education/Some college Chips' is present

2022-07-19 13:57:59 - [TEST_STEP][PASSED] - tap(Some, 30): Tapped on element 'Object Repository/Education/Some college Chips'

2022-07-19 13:57:59 - [MESSAGE][PASSED] - Tapped on element 'Object Repository/Education/Some college Chips'

2022-07-19 13:57:59 - [TEST_STEP][PASSED] - markPassed("PASSED: Some College Chips button present on the screen"): PASSED: Some College Chips button present on the screen

2022-07-19 13:57:59 - [MESSAGE][PASSED] - PASSED: Some College Chips button present on the screen

2022-07-19 13:57:59 - [TEST_STEP][PASSED] - if (waitForElementPresent(PHD, 30)): null

2022-07-19 13:58:00 - [MESSAGE][PASSED] - Element 'Object Repository/Education/Phd Doctoral Chips' is present

2022-07-19 13:58:00 - [TEST_STEP][PASSED] - tap(PHD, 30): Tapped on element 'Object Repository/Education/Phd Doctoral Chips'

2022-07-19 13:58:01 - [MESSAGE][PASSED] - Tapped on element 'Object Repository/Education/Phd Doctoral Chips'

2022-07-19 13:58:01 - [TEST_STEP][PASSED] - markPassed("PASSED: PHD/Doctoral Chips button present on the screen"): PASSED: PHD/Doctoral Chips button present on the screen

2022-07-19 13:58:01 - [MESSAGE][PASSED] - PASSED: PHD/Doctoral Chips button present on the screen

2022-07-19 13:58:01 - [TEST_STEP][PASSED] - if (waitForElementPresent(High, 30)): null

2022-07-19 13:58:01 - [MESSAGE][PASSED] - Element 'Object Repository/Education/HS Diploma Chips' is present

2022-07-19 13:58:01 - [TEST_STEP][PASSED] - tap(High, 30): Tapped on element 'Object Repository/Education/HS Diploma Chips'

2022-07-19 13:58:02 - [MESSAGE][PASSED] - Tapped on element 'Object Repository/Education/HS Diploma Chips'

2022-07-19 13:58:02 - [TEST_STEP][PASSED] - markPassed("PASSED: High School Diploma Chips button present on the screen"): PASSED: High School Diploma Chips button present on the screen

2022-07-19 13:58:02 - [MESSAGE][PASSED] - PASSED: High School Diploma Chips button present on the screen

2022-07-19 13:58:02 - [TEST_STEP][PASSED] - if (waitForElementPresent(College, 30)): null

2022-07-19 13:58:02 - [MESSAGE][PASSED] - Element 'Object Repository/Education/College Degree Chips' is present

2022-07-19 13:58:02 - [TEST_STEP][PASSED] - tap(College, 30): Tapped on element 'Object Repository/Education/College Degree Chips'

2022-07-19 13:58:03 - [MESSAGE][PASSED] - Tapped on element 'Object Repository/Education/College Degree Chips'

2022-07-19 13:58:03 - [TEST_STEP][PASSED] - markPassed("PASSED: College Degree Chips button present on the screen"): PASSED: College Degree Chips button present on the screen

2022-07-19 13:58:03 - [MESSAGE][PASSED] - PASSED: College Degree Chips button present on the screen

2022-07-19 13:58:03 - [TEST_STEP][PASSED] - if (waitForElementPresent(Graduate, 30)): null

2022-07-19 13:58:04 - [MESSAGE][PASSED] - Element 'Object Repository/Education/Graduate Professtional Degree Chips' is present

2022-07-19 13:58:04 - [TEST_STEP][PASSED] - tap(Graduate, 30): Tapped on element 'Object Repository/Education/Graduate Professtional Degree Chips'

2022-07-19 13:58:04 - [MESSAGE][PASSED] - Tapped on element 'Object Repository/Education/Graduate Professtional Degree Chips'

2022-07-19 13:58:04 - [TEST_STEP][PASSED] - markPassed("PASSED: Graduate Professional Degree Chips button present on the screen"): PASSED: Graduate Professional Degree Chips button present on the screen

2022-07-19 13:58:04 - [MESSAGE][PASSED] - PASSED: Graduate Professional Degree Chips button present on the screen

2022-07-19 13:58:04 - [TEST_STEP][PASSED] - if (waitForElementPresent(Continue, 30)): null

2022-07-19 13:58:05 - [MESSAGE][PASSED] - Element 'Object Repository/Education/Continue' is present

2022-07-19 13:58:05 - [TEST_STEP][PASSED] - tap(Continue, 30): Tapped on element 'Object Repository/Education/Continue'

2022-07-19 13:58:05 - [MESSAGE][PASSED] - Tapped on element 'Object Repository/Education/Continue'

2022-07-19 13:58:05 - [TEST_STEP][PASSED] - markPassed("PASSED: Continue button present on the screen"): PASSED: Continue button present on the screen

2022-07-19 13:58:05 - [MESSAGE][PASSED] - PASSED: Continue button present on the screen]]></system-out>
         <system-err><![CDATA[]]></system-err>
      </testcase>
      <testcase name="Test Cases/testing/Vices" time="13.155" classname="Test Cases/testing/Vices" status="PASSED">
         <system-out><![CDATA[2022-07-19 13:58:05 - [TEST_CASE][PASSED] - Test Cases/testing/Vices: Test Cases/testing/Vices

2022-07-19 13:58:06 - [TEST_STEP][PASSED] - if (waitForElementPresent(Back, 30)): null

2022-07-19 13:58:07 - [MESSAGE][PASSED] - Element 'Object Repository/smoking/back' is present

2022-07-19 13:58:07 - [TEST_STEP][PASSED] - markPassed("PASSED: Back button present on the screen"): PASSED: Back button present on the screen

2022-07-19 13:58:07 - [MESSAGE][PASSED] - PASSED: Back button present on the screen

2022-07-19 13:58:07 - [TEST_STEP][PASSED] - if (waitForElementPresent(Bottle_Icon, 30)): null

2022-07-19 13:58:07 - [MESSAGE][PASSED] - Element 'Object Repository/smoking/Bottle Icon' is present

2022-07-19 13:58:07 - [TEST_STEP][PASSED] - markPassed("PASSED: Bottle Icon present on the screen"): PASSED: Bottle Icon present on the screen

2022-07-19 13:58:07 - [MESSAGE][PASSED] - PASSED: Bottle Icon present on the screen

2022-07-19 13:58:07 - [TEST_STEP][PASSED] - if (waitForElementPresent(Smoking_Switch, 30)): null

2022-07-19 13:58:08 - [MESSAGE][PASSED] - Element 'Object Repository/smoking/Smoking Toggle switch' is present

2022-07-19 13:58:08 - [TEST_STEP][PASSED] - tap(Smoking_Switch, 30): Tapped on element 'Object Repository/smoking/Smoking Toggle switch'

2022-07-19 13:58:08 - [MESSAGE][PASSED] - Tapped on element 'Object Repository/smoking/Smoking Toggle switch'

2022-07-19 13:58:08 - [TEST_STEP][PASSED] - markPassed("PASSED: Smoking Switch Button present on the screen"): PASSED: Smoking Switch Button present on the screen

2022-07-19 13:58:08 - [MESSAGE][PASSED] - PASSED: Smoking Switch Button present on the screen

2022-07-19 13:58:08 - [TEST_STEP][PASSED] - if (waitForElementPresent(Alcohol_Switch, 30)): null

2022-07-19 13:58:09 - [MESSAGE][PASSED] - Element 'Object Repository/smoking/Alcohol Toggle Switch' is present

2022-07-19 13:58:09 - [TEST_STEP][PASSED] - tap(Alcohol_Switch, 30): Tapped on element 'Object Repository/smoking/Alcohol Toggle Switch'

2022-07-19 13:58:09 - [MESSAGE][PASSED] - Tapped on element 'Object Repository/smoking/Alcohol Toggle Switch'

2022-07-19 13:58:09 - [TEST_STEP][PASSED] - markPassed("PASSED: Alcohol Switch Button present on the screen"): PASSED: Alcohol Switch Button present on the screen

2022-07-19 13:58:09 - [MESSAGE][PASSED] - PASSED: Alcohol Switch Button present on the screen

2022-07-19 13:58:09 - [TEST_STEP][PASSED] - if (waitForElementPresent(Marijuana_Switch, 30)): null

2022-07-19 13:58:10 - [MESSAGE][PASSED] - Element 'Object Repository/smoking/Marijuana Toggle Switch' is present

2022-07-19 13:58:10 - [TEST_STEP][PASSED] - tap(Marijuana_Switch, 30): Tapped on element 'Object Repository/smoking/Marijuana Toggle Switch'

2022-07-19 13:58:11 - [MESSAGE][PASSED] - Tapped on element 'Object Repository/smoking/Marijuana Toggle Switch'

2022-07-19 13:58:11 - [TEST_STEP][PASSED] - markPassed("PASSED: Marijuana Switch Button present on the screen"): PASSED: Marijuana Switch Button present on the screen

2022-07-19 13:58:11 - [MESSAGE][PASSED] - PASSED: Marijuana Switch Button present on the screen

2022-07-19 13:58:11 - [TEST_STEP][PASSED] - if (waitForElementPresent(Socially_Mari, 30)): null

2022-07-19 13:58:11 - [MESSAGE][PASSED] - Element 'Object Repository/smoking/Socially Mari' is present

2022-07-19 13:58:11 - [TEST_STEP][PASSED] - tap(Socially_Mari, 30): Tapped on element 'Object Repository/smoking/Socially Mari'

2022-07-19 13:58:12 - [MESSAGE][PASSED] - Tapped on element 'Object Repository/smoking/Socially Mari'

2022-07-19 13:58:12 - [TEST_STEP][PASSED] - markPassed("PASSED: Socially Chips Button present on the screen"): PASSED: Socially Chips Button present on the screen

2022-07-19 13:58:12 - [MESSAGE][PASSED] - PASSED: Socially Chips Button present on the screen

2022-07-19 13:58:12 - [TEST_STEP][PASSED] - if (waitForElementPresent(Never_SM, 30)): null

2022-07-19 13:58:12 - [MESSAGE][PASSED] - Element 'Object Repository/smoking/Never SM' is present

2022-07-19 13:58:12 - [TEST_STEP][PASSED] - tap(Never_SM, 30): Tapped on element 'Object Repository/smoking/Never SM'

2022-07-19 13:58:13 - [MESSAGE][PASSED] - Tapped on element 'Object Repository/smoking/Never SM'

2022-07-19 13:58:13 - [TEST_STEP][PASSED] - markPassed("PASSED: Never Chips Button present on the screen"): PASSED: Never Chips Button present on the screen

2022-07-19 13:58:13 - [MESSAGE][PASSED] - PASSED: Never Chips Button present on the screen

2022-07-19 13:58:13 - [TEST_STEP][PASSED] - if (waitForElementPresent(Socially_SM, 30)): null

2022-07-19 13:58:13 - [MESSAGE][PASSED] - Element 'Object Repository/smoking/Socially SM' is present

2022-07-19 13:58:13 - [TEST_STEP][PASSED] - tap(Socially_SM, 30): Tapped on element 'Object Repository/smoking/Socially SM'

2022-07-19 13:58:13 - [MESSAGE][PASSED] - Tapped on element 'Object Repository/smoking/Socially SM'

2022-07-19 13:58:13 - [TEST_STEP][PASSED] - markPassed("PASSED: Socially Chips Button present on the screen"): PASSED: Socially Chips Button present on the screen

2022-07-19 13:58:13 - [MESSAGE][PASSED] - PASSED: Socially Chips Button present on the screen

2022-07-19 13:58:13 - [TEST_STEP][PASSED] - if (waitForElementPresent(Never_AL, 30)): null

2022-07-19 13:58:14 - [MESSAGE][PASSED] - Element 'Object Repository/smoking/Never AL' is present

2022-07-19 13:58:14 - [TEST_STEP][PASSED] - tap(Never_AL, 30): Tapped on element 'Object Repository/smoking/Never AL'

2022-07-19 13:58:14 - [MESSAGE][PASSED] - Tapped on element 'Object Repository/smoking/Never AL'

2022-07-19 13:58:14 - [TEST_STEP][PASSED] - markPassed("PASSED: Never Chips Button present on the screen"): PASSED: Never Chips Button present on the screen

2022-07-19 13:58:14 - [MESSAGE][PASSED] - PASSED: Never Chips Button present on the screen

2022-07-19 13:58:14 - [TEST_STEP][PASSED] - if (waitForElementPresent(Often_Mari, 30)): null

2022-07-19 13:58:15 - [MESSAGE][PASSED] - Element 'Object Repository/smoking/Often Mari' is present

2022-07-19 13:58:15 - [TEST_STEP][PASSED] - tap(Often_Mari, 30): Tapped on element 'Object Repository/smoking/Often Mari'

2022-07-19 13:58:15 - [MESSAGE][PASSED] - Tapped on element 'Object Repository/smoking/Often Mari'

2022-07-19 13:58:15 - [TEST_STEP][PASSED] - markPassed("PASSED: Often Chips Button present on the screen"): PASSED: Often Chips Button present on the screen

2022-07-19 13:58:15 - [MESSAGE][PASSED] - PASSED: Often Chips Button present on the screen

2022-07-19 13:58:15 - [TEST_STEP][PASSED] - if (waitForElementPresent(Socially_AL, 30)): null

2022-07-19 13:58:16 - [MESSAGE][PASSED] - Element 'Object Repository/smoking/Socially AL' is present

2022-07-19 13:58:16 - [TEST_STEP][PASSED] - tap(Socially_AL, 30): Tapped on element 'Object Repository/smoking/Socially AL'

2022-07-19 13:58:16 - [MESSAGE][PASSED] - Tapped on element 'Object Repository/smoking/Socially AL'

2022-07-19 13:58:16 - [TEST_STEP][PASSED] - markPassed("PASSED: Socially Chips Button present on the screen"): PASSED: Socially Chips Button present on the screen

2022-07-19 13:58:16 - [MESSAGE][PASSED] - PASSED: Socially Chips Button present on the screen

2022-07-19 13:58:16 - [TEST_STEP][PASSED] - if (waitForElementPresent(Never_Mari, 30)): null

2022-07-19 13:58:17 - [MESSAGE][PASSED] - Element 'Object Repository/smoking/Never Mari' is present

2022-07-19 13:58:17 - [TEST_STEP][PASSED] - tap(Never_Mari, 30): Tapped on element 'Object Repository/smoking/Never Mari'

2022-07-19 13:58:17 - [MESSAGE][PASSED] - Tapped on element 'Object Repository/smoking/Never Mari'

2022-07-19 13:58:17 - [TEST_STEP][PASSED] - markPassed("PASSED: Never Chips Button present on the screen"): PASSED: Never Chips Button present on the screen

2022-07-19 13:58:17 - [MESSAGE][PASSED] - PASSED: Never Chips Button present on the screen

2022-07-19 13:58:17 - [TEST_STEP][PASSED] - if (waitForElementPresent(Continue, 30)): null

2022-07-19 13:58:18 - [MESSAGE][PASSED] - Element 'Object Repository/smoking/Continue Button' is present

2022-07-19 13:58:18 - [TEST_STEP][PASSED] - tap(Continue, 30): Tapped on element 'Object Repository/smoking/Continue Button'

2022-07-19 13:58:18 - [MESSAGE][PASSED] - Tapped on element 'Object Repository/smoking/Continue Button'

2022-07-19 13:58:18 - [TEST_STEP][PASSED] - markPassed("PASSED: Continue Button present on the screen"): PASSED: Continue Button present on the screen

2022-07-19 13:58:18 - [MESSAGE][PASSED] - PASSED: Continue Button present on the screen]]></system-out>
         <system-err><![CDATA[]]></system-err>
      </testcase>
      <testcase name="Test Cases/testing/Politices" time="7.44" classname="Test Cases/testing/Politices" status="PASSED">
         <system-out><![CDATA[2022-07-19 13:58:49 - [TEST_CASE][PASSED] - Test Cases/testing/Politices: Test Cases/testing/Politices

2022-07-19 13:58:49 - [TEST_STEP][PASSED] - if (waitForElementPresent(Back, 30)): null

2022-07-19 13:58:51 - [MESSAGE][PASSED] - Element 'Object Repository/Politics/Back' is present

2022-07-19 13:58:51 - [TEST_STEP][PASSED] - markPassed("PASSED: Back button present on the screen"): PASSED: Back button present on the screen

2022-07-19 13:58:51 - [MESSAGE][PASSED] - PASSED: Back button present on the screen

2022-07-19 13:58:51 - [TEST_STEP][PASSED] - if (waitForElementPresent(Politice_Home, 30)): null

2022-07-19 13:58:51 - [MESSAGE][PASSED] - Element 'Object Repository/Politics/Hut Icon' is present

2022-07-19 13:58:51 - [TEST_STEP][PASSED] - markPassed("PASSED: Politice Icon present on the screen"): PASSED: Politice Icon present on the screen

2022-07-19 13:58:51 - [MESSAGE][PASSED] - PASSED: Politice Icon present on the screen

2022-07-19 13:58:51 - [TEST_STEP][PASSED] - if (waitForElementPresent(What, 30)): null

2022-07-19 13:58:52 - [MESSAGE][PASSED] - Element 'Object Repository/Politics/What are your political views label text' is present

2022-07-19 13:58:52 - [TEST_STEP][PASSED] - markPassed("PASSED: What are... label text present on the screen"): PASSED: What are... label text present on the screen

2022-07-19 13:58:52 - [MESSAGE][PASSED] - PASSED: What are... label text present on the screen

2022-07-19 13:58:52 - [TEST_STEP][PASSED] - if (waitForElementPresent(Liberal, 30)): null

2022-07-19 13:58:52 - [MESSAGE][PASSED] - Element 'Object Repository/Politics/Liberal Chips' is present

2022-07-19 13:58:52 - [TEST_STEP][PASSED] - tap(Liberal, 30): Tapped on element 'Object Repository/Politics/Liberal Chips'

2022-07-19 13:58:52 - [MESSAGE][PASSED] - Tapped on element 'Object Repository/Politics/Liberal Chips'

2022-07-19 13:58:52 - [TEST_STEP][PASSED] - markPassed("PASSED: Liberal Chips button present on the screen"): PASSED: Liberal Chips button present on the screen

2022-07-19 13:58:52 - [MESSAGE][PASSED] - PASSED: Liberal Chips button present on the screen

2022-07-19 13:58:52 - [TEST_STEP][PASSED] - if (waitForElementPresent(Conservative, 30)): null

2022-07-19 13:58:53 - [MESSAGE][PASSED] - Element 'Object Repository/Politics/Conservative Chips' is present

2022-07-19 13:58:53 - [TEST_STEP][PASSED] - tap(Conservative, 30): Tapped on element 'Object Repository/Politics/Conservative Chips'

2022-07-19 13:58:53 - [MESSAGE][PASSED] - Tapped on element 'Object Repository/Politics/Conservative Chips'

2022-07-19 13:58:53 - [TEST_STEP][PASSED] - markPassed("PASSED: Conservative Chips button present on the screen"): PASSED: Conservative Chips button present on the screen

2022-07-19 13:58:53 - [MESSAGE][PASSED] - PASSED: Conservative Chips button present on the screen

2022-07-19 13:58:53 - [TEST_STEP][PASSED] - if (waitForElementPresent(Moderate, 30)): null

2022-07-19 13:58:54 - [MESSAGE][PASSED] - Element 'Object Repository/Politics/Moderate Chips' is present

2022-07-19 13:58:54 - [TEST_STEP][PASSED] - tap(Moderate, 30): Tapped on element 'Object Repository/Politics/Moderate Chips'

2022-07-19 13:58:54 - [MESSAGE][PASSED] - Tapped on element 'Object Repository/Politics/Moderate Chips'

2022-07-19 13:58:54 - [TEST_STEP][PASSED] - markPassed("PASSED: Moderate Chips button present on the screen"): PASSED: Moderate Chips button present on the screen

2022-07-19 13:58:54 - [MESSAGE][PASSED] - PASSED: Moderate Chips button present on the screen

2022-07-19 13:58:54 - [TEST_STEP][PASSED] - if (waitForElementPresent(Apolitical, 30)): null

2022-07-19 13:58:55 - [MESSAGE][PASSED] - Element 'Object Repository/Politics/Apolitical Chips' is present

2022-07-19 13:58:55 - [TEST_STEP][PASSED] - tap(Apolitical, 30): Tapped on element 'Object Repository/Politics/Apolitical Chips'

2022-07-19 13:58:55 - [MESSAGE][PASSED] - Tapped on element 'Object Repository/Politics/Apolitical Chips'

2022-07-19 13:58:55 - [TEST_STEP][PASSED] - markPassed("PASSED: Apolitical Chips button present on the screen"): PASSED: Apolitical Chips button present on the screen

2022-07-19 13:58:55 - [MESSAGE][PASSED] - PASSED: Apolitical Chips button present on the screen

2022-07-19 13:58:55 - [TEST_STEP][PASSED] - if (waitForElementPresent(Continue, 30)): null

2022-07-19 13:58:56 - [MESSAGE][PASSED] - Element 'Object Repository/Politics/Continue Button' is present

2022-07-19 13:58:56 - [TEST_STEP][PASSED] - tap(Continue, 30): Tapped on element 'Object Repository/Politics/Continue Button'

2022-07-19 13:58:56 - [MESSAGE][PASSED] - Tapped on element 'Object Repository/Politics/Continue Button'

2022-07-19 13:58:56 - [TEST_STEP][PASSED] - markPassed("PASSED: Continue Chips button present on the screen"): PASSED: Continue Chips button present on the screen

2022-07-19 13:58:56 - [MESSAGE][PASSED] - PASSED: Continue Chips button present on the screen]]></system-out>
         <system-err><![CDATA[]]></system-err>
      </testcase>
      <testcase name="Test Cases/testing/Gallery" time="32.403" classname="Test Cases/testing/Gallery" status="FAILED">
         <failure type="FAILED" message="Test Cases/testing/Gallery FAILED.
Reason:
com.kms.katalon.core.exception.StepFailedException: FAILED: Open Camera Button is not present on the screen
	at com.kms.katalon.core.util.KeywordUtil.markFailed(KeywordUtil.java:19)
	at com.kms.katalon.core.util.KeywordUtil$markFailed$0.call(Unknown Source)
	at Gallery.run(Gallery:121)
	at com.kms.katalon.core.main.ScriptEngine.run(ScriptEngine.java:194)
	at com.kms.katalon.core.main.ScriptEngine.runScriptAsRawText(ScriptEngine.java:119)
	at com.kms.katalon.core.main.TestCaseExecutor.runScript(TestCaseExecutor.java:445)
	at com.kms.katalon.core.main.TestCaseExecutor.doExecute(TestCaseExecutor.java:436)
	at com.kms.katalon.core.main.TestCaseExecutor.processExecutionPhase(TestCaseExecutor.java:415)
	at com.kms.katalon.core.main.TestCaseExecutor.accessMainPhase(TestCaseExecutor.java:407)
	at com.kms.katalon.core.main.TestCaseExecutor.execute(TestCaseExecutor.java:284)
	at com.kms.katalon.core.main.TestCaseExecutor.execute(TestCaseExecutor.java:366)
	at com.kms.katalon.core.main.TestCaseExecutor.execute(TestCaseExecutor.java:366)
	at com.kms.katalon.core.main.TestCaseExecutor.execute(TestCaseExecutor.java:366)
	at com.kms.katalon.core.common.CommonExecutor.accessTestCaseMainPhase(CommonExecutor.java:65)
	at com.kms.katalon.core.main.TestSuiteExecutor.accessTestSuiteMainPhase(TestSuiteExecutor.java:144)
	at com.kms.katalon.core.main.TestSuiteExecutor.execute(TestSuiteExecutor.java:106)
	at com.kms.katalon.core.main.TestCaseMain.startTestSuite(TestCaseMain.java:185)
	at com.kms.katalon.core.main.TestCaseMain$startTestSuite$0.call(Unknown Source)
	at TempTestSuite1658220774385.run(TempTestSuite1658220774385.groovy:36)
"/>
         <system-out><![CDATA[2022-07-19 14:01:33 - [TEST_CASE][FAILED] - Test Cases/testing/Gallery: Test Cases/testing/Gallery FAILED.
Reason:
com.kms.katalon.core.exception.StepFailedException: FAILED: Open Camera Button is not present on the screen
	at com.kms.katalon.core.util.KeywordUtil.markFailed(KeywordUtil.java:19)
	at com.kms.katalon.core.util.KeywordUtil$markFailed$0.call(Unknown Source)
	at Gallery.run(Gallery:121)
	at com.kms.katalon.core.main.ScriptEngine.run(ScriptEngine.java:194)
	at com.kms.katalon.core.main.ScriptEngine.runScriptAsRawText(ScriptEngine.java:119)
	at com.kms.katalon.core.main.TestCaseExecutor.runScript(TestCaseExecutor.java:445)
	at com.kms.katalon.core.main.TestCaseExecutor.doExecute(TestCaseExecutor.java:436)
	at com.kms.katalon.core.main.TestCaseExecutor.processExecutionPhase(TestCaseExecutor.java:415)
	at com.kms.katalon.core.main.TestCaseExecutor.accessMainPhase(TestCaseExecutor.java:407)
	at com.kms.katalon.core.main.TestCaseExecutor.execute(TestCaseExecutor.java:284)
	at com.kms.katalon.core.main.TestCaseExecutor.execute(TestCaseExecutor.java:366)
	at com.kms.katalon.core.main.TestCaseExecutor.execute(TestCaseExecutor.java:366)
	at com.kms.katalon.core.main.TestCaseExecutor.execute(TestCaseExecutor.java:366)
	at com.kms.katalon.core.common.CommonExecutor.accessTestCaseMainPhase(CommonExecutor.java:65)
	at com.kms.katalon.core.main.TestSuiteExecutor.accessTestSuiteMainPhase(TestSuiteExecutor.java:144)
	at com.kms.katalon.core.main.TestSuiteExecutor.execute(TestSuiteExecutor.java:106)
	at com.kms.katalon.core.main.TestCaseMain.startTestSuite(TestCaseMain.java:185)
	at com.kms.katalon.core.main.TestCaseMain$startTestSuite$0.call(Unknown Source)
	at TempTestSuite1658220774385.run(TempTestSuite1658220774385.groovy:36)


2022-07-19 14:01:34 - [TEST_STEP][PASSED] - if (waitForElementPresent(Gallery_Icon, 30)): null

2022-07-19 14:01:34 - [MESSAGE][PASSED] - Element 'Object Repository/Gallery screen/Gallery Icon' is present

2022-07-19 14:01:34 - [TEST_STEP][PASSED] - markPassed("PASSED: Gallery Icon present on the screen"): PASSED: Gallery Icon present on the screen

2022-07-19 14:01:34 - [MESSAGE][PASSED] - PASSED: Gallery Icon present on the screen

2022-07-19 14:01:34 - [TEST_STEP][PASSED] - if (waitForElementPresent(Add, 30)): null

2022-07-19 14:01:34 - [MESSAGE][PASSED] - Element 'Object Repository/Gallery screen/Add profile photos label text' is present

2022-07-19 14:01:34 - [TEST_STEP][PASSED] - markPassed("PASSED: Add Profile... label text present on the screen"): PASSED: Add Profile... label text present on the screen

2022-07-19 14:01:34 - [MESSAGE][PASSED] - PASSED: Add Profile... label text present on the screen

2022-07-19 14:01:34 - [TEST_STEP][PASSED] - if (waitForElementPresent(Add1, 30)): null

2022-07-19 14:01:35 - [MESSAGE][PASSED] - Element 'Object Repository/Gallery screen/Add 3 photos to continue label text' is present

2022-07-19 14:01:35 - [TEST_STEP][PASSED] - markPassed("PASSED: Add 3 Profile... label text present on the screen"): PASSED: Add 3 Profile... label text present on the screen

2022-07-19 14:01:35 - [MESSAGE][PASSED] - PASSED: Add 3 Profile... label text present on the screen

2022-07-19 14:01:35 - [TEST_STEP][PASSED] - if (waitForElementPresent(Main, 30)): null

2022-07-19 14:01:35 - [MESSAGE][PASSED] - Element 'Object Repository/Gallery screen/MAIN PHOTO label text' is present

2022-07-19 14:01:35 - [TEST_STEP][PASSED] - markPassed("PASSED: Main Photo label text present on the screen"): PASSED: Main Photo label text present on the screen

2022-07-19 14:01:35 - [MESSAGE][PASSED] - PASSED: Main Photo label text present on the screen

2022-07-19 14:01:35 - [TEST_STEP][PASSED] - if (waitForElementPresent(Pic_Picker, 30)): null

2022-07-19 14:01:35 - [MESSAGE][PASSED] - Element 'Object Repository/Gallery screen/Pic picker block' is present

2022-07-19 14:01:35 - [TEST_STEP][PASSED] - tap(Pic_Picker, 30): Tapped on element 'Object Repository/Gallery screen/Pic picker block'

2022-07-19 14:01:36 - [MESSAGE][PASSED] - Tapped on element 'Object Repository/Gallery screen/Pic picker block'

2022-07-19 14:01:36 - [TEST_STEP][PASSED] - markPassed("PASSED: Pic Picker Button present on the screen"): PASSED: Pic Picker Button present on the screen

2022-07-19 14:01:36 - [MESSAGE][PASSED] - PASSED: Pic Picker Button present on the screen

2022-07-19 14:01:36 - [TEST_STEP][PASSED] - if (waitForElementPresent(Take_Photo, 30)): Object Object Repository/Gallery screen/Take Photo not found

2022-07-19 14:02:06 - [MESSAGE][WARNING] - Object Object Repository/Gallery screen/Take Photo not found

2022-07-19 14:02:06 - [TEST_STEP][FAILED] - else: FAILED: Open Camera Button is not present on the screen

2022-07-19 14:02:06 - [TEST_STEP][FAILED] - markFailed("FAILED: Open Camera Button is not present on the screen"): FAILED: Open Camera Button is not present on the screen

2022-07-19 14:02:06 - [MESSAGE][FAILED] - FAILED: Open Camera Button is not present on the screen]]></system-out>
         <system-err><![CDATA[2022-07-19 14:01:33 - [TEST_CASE][FAILED] - Test Cases/testing/Gallery: Test Cases/testing/Gallery FAILED.
Reason:
com.kms.katalon.core.exception.StepFailedException: FAILED: Open Camera Button is not present on the screen
	at com.kms.katalon.core.util.KeywordUtil.markFailed(KeywordUtil.java:19)
	at com.kms.katalon.core.util.KeywordUtil$markFailed$0.call(Unknown Source)
	at Gallery.run(Gallery:121)
	at com.kms.katalon.core.main.ScriptEngine.run(ScriptEngine.java:194)
	at com.kms.katalon.core.main.ScriptEngine.runScriptAsRawText(ScriptEngine.java:119)
	at com.kms.katalon.core.main.TestCaseExecutor.runScript(TestCaseExecutor.java:445)
	at com.kms.katalon.core.main.TestCaseExecutor.doExecute(TestCaseExecutor.java:436)
	at com.kms.katalon.core.main.TestCaseExecutor.processExecutionPhase(TestCaseExecutor.java:415)
	at com.kms.katalon.core.main.TestCaseExecutor.accessMainPhase(TestCaseExecutor.java:407)
	at com.kms.katalon.core.main.TestCaseExecutor.execute(TestCaseExecutor.java:284)
	at com.kms.katalon.core.main.TestCaseExecutor.execute(TestCaseExecutor.java:366)
	at com.kms.katalon.core.main.TestCaseExecutor.execute(TestCaseExecutor.java:366)
	at com.kms.katalon.core.main.TestCaseExecutor.execute(TestCaseExecutor.java:366)
	at com.kms.katalon.core.common.CommonExecutor.accessTestCaseMainPhase(CommonExecutor.java:65)
	at com.kms.katalon.core.main.TestSuiteExecutor.accessTestSuiteMainPhase(TestSuiteExecutor.java:144)
	at com.kms.katalon.core.main.TestSuiteExecutor.execute(TestSuiteExecutor.java:106)
	at com.kms.katalon.core.main.TestCaseMain.startTestSuite(TestCaseMain.java:185)
	at com.kms.katalon.core.main.TestCaseMain$startTestSuite$0.call(Unknown Source)
	at TempTestSuite1658220774385.run(TempTestSuite1658220774385.groovy:36)]]></system-err>
      </testcase>
      <system-out><![CDATA[2022-07-19 13:53:02 - [TEST_SUITE][FAILED] - SpotLove Sanity: Test Cases/testing/OTP FAILED.
Reason:
com.kms.katalon.core.exception.StepFailedException: FAILED: Enter Your... label text is not present on the screen.
	at com.kms.katalon.core.util.KeywordUtil.markFailed(KeywordUtil.java:19)
	at com.kms.katalon.core.util.KeywordUtil$markFailed$0.call(Unknown Source)
	at OTP.run(OTP:47)
	at com.kms.katalon.core.main.ScriptEngine.run(ScriptEngine.java:194)
	at com.kms.katalon.core.main.ScriptEngine.runScriptAsRawText(ScriptEngine.java:119)
	at com.kms.katalon.core.main.TestCaseExecutor.runScript(TestCaseExecutor.java:445)
	at com.kms.katalon.core.main.TestCaseExecutor.doExecute(TestCaseExecutor.java:436)
	at com.kms.katalon.core.main.TestCaseExecutor.processExecutionPhase(TestCaseExecutor.java:415)
	at com.kms.katalon.core.main.TestCaseExecutor.accessMainPhase(TestCaseExecutor.java:407)
	at com.kms.katalon.core.main.TestCaseExecutor.execute(TestCaseExecutor.java:284)
	at com.kms.katalon.core.common.CommonExecutor.accessTestCaseMainPhase(CommonExecutor.java:65)
	at com.kms.katalon.core.main.TestSuiteExecutor.accessTestSuiteMainPhase(TestSuiteExecutor.java:144)
	at com.kms.katalon.core.main.TestSuiteExecutor.execute(TestSuiteExecutor.java:106)
	at com.kms.katalon.core.main.TestCaseMain.startTestSuite(TestCaseMain.java:185)
	at com.kms.katalon.core.main.TestCaseMain$startTestSuite$0.call(Unknown Source)
	at TempTestSuite1658220774385.run(TempTestSuite1658220774385.groovy:36)]]></system-out>
      <system-err><![CDATA[2022-07-19 13:53:02 - [TEST_SUITE][FAILED] - SpotLove Sanity: Test Cases/testing/OTP FAILED.
Reason:
com.kms.katalon.core.exception.StepFailedException: FAILED: Enter Your... label text is not present on the screen.
	at com.kms.katalon.core.util.KeywordUtil.markFailed(KeywordUtil.java:19)
	at com.kms.katalon.core.util.KeywordUtil$markFailed$0.call(Unknown Source)
	at OTP.run(OTP:47)
	at com.kms.katalon.core.main.ScriptEngine.run(ScriptEngine.java:194)
	at com.kms.katalon.core.main.ScriptEngine.runScriptAsRawText(ScriptEngine.java:119)
	at com.kms.katalon.core.main.TestCaseExecutor.runScript(TestCaseExecutor.java:445)
	at com.kms.katalon.core.main.TestCaseExecutor.doExecute(TestCaseExecutor.java:436)
	at com.kms.katalon.core.main.TestCaseExecutor.processExecutionPhase(TestCaseExecutor.java:415)
	at com.kms.katalon.core.main.TestCaseExecutor.accessMainPhase(TestCaseExecutor.java:407)
	at com.kms.katalon.core.main.TestCaseExecutor.execute(TestCaseExecutor.java:284)
	at com.kms.katalon.core.common.CommonExecutor.accessTestCaseMainPhase(CommonExecutor.java:65)
	at com.kms.katalon.core.main.TestSuiteExecutor.accessTestSuiteMainPhase(TestSuiteExecutor.java:144)
	at com.kms.katalon.core.main.TestSuiteExecutor.execute(TestSuiteExecutor.java:106)
	at com.kms.katalon.core.main.TestCaseMain.startTestSuite(TestCaseMain.java:185)
	at com.kms.katalon.core.main.TestCaseMain$startTestSuite$0.call(Unknown Source)
	at TempTestSuite1658220774385.run(TempTestSuite1658220774385.groovy:36)]]></system-err>
   </testsuite>
</testsuites>
