<?xml version="1.0" encoding="UTF-8"?>
<testsuites name="fhakla" time="32.133" tests="2" failures="0" errors="0">
   <testsuite name="fhakla" tests="2" failures="0" errors="0" time="32.133" skipped="0" timestamp="2023-02-06 13:35:36" hostname="pc - 192.168.1.16" id="Test Suites/fhakla">
      <properties>
         <property name="deviceName" value="samsung SM-A025F (Android 12)"/>
         <property name="devicePlatform" value=""/>
         <property name="logFolder" value="/Users/pc/git/SpotLove-Automation/Reports/20230206_133527/fhakla/20230206_133527"/>
         <property name="logFiles" value="/Users/pc/git/SpotLove-Automation/Reports/20230206_133527/fhakla/20230206_133527/execution0.log, /Users/pc/git/SpotLove-Automation/Reports/20230206_133527/fhakla/20230206_133527/appium.log"/>
         <property name="attachments" value="/Users/pc/git/SpotLove-Automation/Reports/20230206_133527/fhakla/20230206_133527/test screenshot"/>
         <property name="hostName" value="pc - 192.168.1.16"/>
         <property name="os" value="Mac OS X 64bit"/>
         <property name="appiumServerStatus" value="{&quot;value&quot;:{&quot;build&quot;:{&quot;version&quot;:&quot;1.22.3&quot;}},&quot;sessionId&quot;:null,&quot;status&quot;:0}"/>
         <property name="katalonVersion" value="8.5.5.208"/>
         <property name="deviceOS" value="Android"/>
         <property name="appiumVersion" value="1.22.3"/>
         <property name="deviceModel" value="SM-A025F"/>
         <property name="hostAddress" value="192.168.1.16"/>
         <property name="deviceManufacturer" value="samsung"/>
         <property name="deviceId" value="R9JNC0DKDXJ"/>
         <property name="deviceName" value="samsung SM-A025F (Android 12)"/>
         <property name="deviceOSVersion" value="12"/>
      </properties>
      <testcase name="Test Cases/Regression/LookUps/SL-01 First Intro Screen" time="28.998" classname="Test Cases/Regression/LookUps/SL-01 First Intro Screen" status="PASSED">
         <system-out><![CDATA[2023-02-06 13:35:36 - [TEST_CASE][PASSED] - Test Cases/Regression/LookUps/SL-01 First Intro Screen: Test Cases/Regression/LookUps/SL-01 First Intro Screen

2023-02-06 13:35:36 - [TEST_STEP][PASSED] - Start listener action : sampleBeforeTestCase: null

2023-02-06 13:35:36 - [TEST_STEP][PASSED] - println(testCaseContext.getTestCaseId()): null

2023-02-06 13:35:36 - [TEST_STEP][PASSED] - println(testCaseContext.getTestCaseVariables()): null

2023-02-06 13:35:36 - [TEST_STEP][PASSED] - startExistingApplication("com.spotlove.releaseproduction", STOP_ON_FAILURE): Starting app with application ID: 'com.spotlove.releaseproduction'

2023-02-06 13:35:37 - [MESSAGE][INFO] - User set preference: ['deviceId', 'R9JNC0DKDXJ']

2023-02-06 13:35:39 - [MESSAGE][INFO] - Detected NodeJS location: "/usr/local/bin/node"

2023-02-06 13:35:41 - [MESSAGE][INFO] - Appium server started on port 56,334

2023-02-06 13:35:55 - [MESSAGE][PASSED] - Starting app with application ID: 'com.spotlove.releaseproduction'

2023-02-06 13:35:55 - [TEST_STEP][PASSED] - if (waitForElementPresent(logo, 10)): null

2023-02-06 13:36:01 - [MESSAGE][PASSED] - Element 'Object Repository/Regression/SC-001 Intro 1/Logo SpotLove' is present

2023-02-06 13:36:01 - [TEST_STEP][PASSED] - markPassed("Spot Love Logo Found......!"): Spot Love Logo Found......!

2023-02-06 13:36:01 - [MESSAGE][PASSED] - Spot Love Logo Found......!

2023-02-06 13:36:01 - [TEST_STEP][PASSED] - if (waitForElementPresent(F_lbl_text, 10)): null

2023-02-06 13:36:02 - [MESSAGE][PASSED] - Element 'Object Repository/Regression/SC-001 Intro 1/Lbl text Spot The Perfect' is present

2023-02-06 13:36:02 - [TEST_STEP][PASSED] - markPassed("Spot The Perfect Lbl text Found......!"): Spot The Perfect Lbl text Found......!

2023-02-06 13:36:02 - [MESSAGE][PASSED] - Spot The Perfect Lbl text Found......!

2023-02-06 13:36:02 - [TEST_STEP][PASSED] - if (waitForElementPresent(S_lbl_text, 10)): null

2023-02-06 13:36:02 - [MESSAGE][PASSED] - Element 'Object Repository/Regression/SC-001 Intro 1/Lbl text Someone' is present

2023-02-06 13:36:02 - [TEST_STEP][PASSED] - markPassed("Someone Lbl text Found......!"): Someone Lbl text Found......!

2023-02-06 13:36:02 - [MESSAGE][PASSED] - Someone Lbl text Found......!

2023-02-06 13:36:02 - [TEST_STEP][PASSED] - if (waitForElementPresent(T_lbl_text, 10)): null

2023-02-06 13:36:03 - [MESSAGE][PASSED] - Element 'Object Repository/Regression/SC-001 Intro 1/Lbl text Find the person that checks all your boxes' is present

2023-02-06 13:36:03 - [TEST_STEP][PASSED] - markPassed("Find The Person Lbl text Found......!"): Find The Person Lbl text Found......!

2023-02-06 13:36:03 - [MESSAGE][PASSED] - Find The Person Lbl text Found......!

2023-02-06 13:36:03 - [TEST_STEP][PASSED] - if (waitForElementPresent(Centr_image, 10)): null

2023-02-06 13:36:03 - [MESSAGE][PASSED] - Element 'Object Repository/Regression/SC-001 Intro 1/Middle Screen Pic' is present

2023-02-06 13:36:03 - [TEST_STEP][PASSED] - markPassed("Center Image Found......!"): Center Image Found......!

2023-02-06 13:36:03 - [MESSAGE][PASSED] - Center Image Found......!

2023-02-06 13:36:03 - [TEST_STEP][PASSED] - if (waitForElementPresent(btn_continue, 10)): null

2023-02-06 13:36:03 - [MESSAGE][PASSED] - Element 'Object Repository/Regression/SC-001 Intro 1/btn Conitnue' is present

2023-02-06 13:36:03 - [TEST_STEP][PASSED] - com.spotlove.Utility.tap_Continue(): com.spotlove.Utility.tap_Continue is PASSED

2023-02-06 13:36:04 - [MESSAGE][PASSED] - com.spotlove.Utility.tap_Continue is PASSED

2023-02-06 13:36:04 - [TEST_STEP][PASSED] - markPassed("User Navigate to the Second Screen......!"): User Navigate to the Second Screen......!

2023-02-06 13:36:04 - [MESSAGE][PASSED] - User Navigate to the Second Screen......!

2023-02-06 13:36:04 - [TEST_STEP][PASSED] - takeScreenshot("test screenshot"): Screenshot is taken

2023-02-06 13:36:05 - [MESSAGE][PASSED] - Screenshot is taken
[[ATTACHMENT|/Users/pc/git/SpotLove-Automation/Reports/20230206_133527/fhakla/20230206_133527/test screenshot]]

2023-02-06 13:36:05 - [TEST_STEP][PASSED] - Start listener action : sampleAfterTestCase: null

2023-02-06 13:36:05 - [TEST_STEP][PASSED] - println(testCaseContext.getTestCaseId()): null

2023-02-06 13:36:05 - [TEST_STEP][PASSED] - println(testCaseContext.getTestCaseStatus()): null]]></system-out>
         <system-err><![CDATA[]]></system-err>
      </testcase>
      <testcase name="Test Cases/Regression/LookUps/SL-02 Second Intro Screen" time="2.912" classname="Test Cases/Regression/LookUps/SL-02 Second Intro Screen" status="PASSED">
         <system-out><![CDATA[2023-02-06 13:36:05 - [TEST_CASE][PASSED] - Test Cases/Regression/LookUps/SL-02 Second Intro Screen: Test Cases/Regression/LookUps/SL-02 Second Intro Screen

2023-02-06 13:36:05 - [TEST_STEP][PASSED] - Start listener action : sampleBeforeTestCase: null

2023-02-06 13:36:05 - [TEST_STEP][PASSED] - println(testCaseContext.getTestCaseId()): null

2023-02-06 13:36:05 - [TEST_STEP][PASSED] - println(testCaseContext.getTestCaseVariables()): null

2023-02-06 13:36:05 - [TEST_STEP][PASSED] - if (waitForElementPresent(btn_back, 10)): null

2023-02-06 13:36:06 - [MESSAGE][PASSED] - Element 'Object Repository/Regression/SC-002 Intro 2/btn back' is present

2023-02-06 13:36:06 - [TEST_STEP][PASSED] - waitForElementPresent(logo, 10): Element 'Object Repository/Regression/SC-002 Intro 2/Logo Spotlove' is present

2023-02-06 13:36:06 - [MESSAGE][PASSED] - Element 'Object Repository/Regression/SC-002 Intro 2/Logo Spotlove' is present

2023-02-06 13:36:06 - [TEST_STEP][PASSED] - markPassed("Back button Found......!"): Back button Found......!

2023-02-06 13:36:06 - [MESSAGE][PASSED] - Back button Found......!

2023-02-06 13:36:06 - [TEST_STEP][PASSED] - markPassed("Spot Love Logo Found......!"): Spot Love Logo Found......!

2023-02-06 13:36:06 - [MESSAGE][PASSED] - Spot Love Logo Found......!

2023-02-06 13:36:06 - [TEST_STEP][PASSED] - if (waitForElementPresent(F_lbl_text, 10)): null

2023-02-06 13:36:06 - [MESSAGE][PASSED] - Element 'Object Repository/Regression/SC-002 Intro 2/Lbl text - Make a Match With' is present

2023-02-06 13:36:06 - [TEST_STEP][PASSED] - markPassed("Make a Match Lbl text Found......!"): Make a Match Lbl text Found......!

2023-02-06 13:36:06 - [MESSAGE][PASSED] - Make a Match Lbl text Found......!

2023-02-06 13:36:06 - [TEST_STEP][PASSED] - if (waitForElementPresent(S_lbl_text, 10)): null

2023-02-06 13:36:07 - [MESSAGE][PASSED] - Element 'Object Repository/Regression/SC-002 Intro 2/Lbl text - Your Soulmate' is present

2023-02-06 13:36:07 - [TEST_STEP][PASSED] - markPassed("Your Soulmate Lbl text Found......!"): Your Soulmate Lbl text Found......!

2023-02-06 13:36:07 - [MESSAGE][PASSED] - Your Soulmate Lbl text Found......!

2023-02-06 13:36:07 - [TEST_STEP][PASSED] - if (waitForElementPresent(T_lbl_text, 10)): null

2023-02-06 13:36:07 - [MESSAGE][PASSED] - Element 'Object Repository/Regression/SC-002 Intro 2/Lbl text - Its a match when someone likes youback' is present

2023-02-06 13:36:07 - [TEST_STEP][PASSED] - markPassed("It's a match Lbl text Found......!"): It's a match Lbl text Found......!

2023-02-06 13:36:07 - [MESSAGE][PASSED] - It's a match Lbl text Found......!

2023-02-06 13:36:07 - [TEST_STEP][PASSED] - if (waitForElementPresent(Centr_image, 10)): null

2023-02-06 13:36:07 - [MESSAGE][PASSED] - Element 'Object Repository/Regression/SC-002 Intro 2/Middle Screen Pic' is present

2023-02-06 13:36:07 - [TEST_STEP][PASSED] - markPassed("Center Image Found......!"): Center Image Found......!

2023-02-06 13:36:07 - [MESSAGE][PASSED] - Center Image Found......!

2023-02-06 13:36:07 - [TEST_STEP][PASSED] - if (waitForElementPresent(btn_continue, 10)): null

2023-02-06 13:36:07 - [MESSAGE][PASSED] - Element 'Object Repository/Regression/SC-002 Intro 2/btn Continue' is present

2023-02-06 13:36:07 - [TEST_STEP][PASSED] - com.spotlove.Utility.tap_Continue(): com.spotlove.Utility.tap_Continue is PASSED

2023-02-06 13:36:08 - [MESSAGE][PASSED] - com.spotlove.Utility.tap_Continue is PASSED

2023-02-06 13:36:08 - [TEST_STEP][PASSED] - markPassed("User Navigate to the Third Screen......!"): User Navigate to the Third Screen......!

2023-02-06 13:36:08 - [MESSAGE][PASSED] - User Navigate to the Third Screen......!

2023-02-06 13:36:08 - [TEST_STEP][PASSED] - Start listener action : sampleAfterTestCase: null

2023-02-06 13:36:08 - [TEST_STEP][PASSED] - println(testCaseContext.getTestCaseId()): null

2023-02-06 13:36:08 - [TEST_STEP][PASSED] - println(testCaseContext.getTestCaseStatus()): null]]></system-out>
         <system-err><![CDATA[]]></system-err>
      </testcase>
      <system-out><![CDATA[2023-02-06 13:35:36 - [TEST_SUITE][PASSED] - fhakla: Test Cases/Regression/LookUps/SL-02 Second Intro Screen]]></system-out>
      <system-err><![CDATA[]]></system-err>
   </testsuite>
</testsuites>
