<?xml version="1.0" encoding="UTF-8"?>
<testsuites name="Updated Regression" time="386.959" tests="20" failures="0" errors="0">
   <testsuite name="Updated Regression" tests="20" failures="0" errors="0" time="386.959" skipped="0" timestamp="2023-02-03 20:22:27" hostname="pc - 192.168.1.13" id="Test Suites/Updated Regression">
      <properties>
         <property name="deviceName" value="OnePlus GM1910 (Android 11)"/>
         <property name="devicePlatform" value=""/>
         <property name="logFolder" value="/Users/pc/git/SpotLove-Automation/Reports/20230203_202218/Updated Regression/20230203_202218"/>
         <property name="logFiles" value="/Users/pc/git/SpotLove-Automation/Reports/20230203_202218/Updated Regression/20230203_202218/execution0.log, /Users/pc/git/SpotLove-Automation/Reports/20230203_202218/Updated Regression/20230203_202218/appium.log"/>
         <property name="attachments" value="/Users/pc/git/SpotLove-Automation/Reports/20230203_202218/Updated Regression/20230203_202218/test screenshot"/>
         <property name="hostName" value="pc - 192.168.1.13"/>
         <property name="os" value="Mac OS X 64bit"/>
         <property name="appiumServerStatus" value="{&quot;value&quot;:{&quot;build&quot;:{&quot;version&quot;:&quot;1.22.3&quot;}},&quot;sessionId&quot;:null,&quot;status&quot;:0}"/>
         <property name="katalonVersion" value="8.5.5.208"/>
         <property name="deviceOS" value="Android"/>
         <property name="appiumVersion" value="1.22.3"/>
         <property name="deviceModel" value="GM1910"/>
         <property name="hostAddress" value="192.168.1.13"/>
         <property name="deviceManufacturer" value="OnePlus"/>
         <property name="deviceId" value="d84a7321"/>
         <property name="deviceName" value="OnePlus GM1910 (Android 11)"/>
         <property name="deviceOSVersion" value="11"/>
      </properties>
      <testcase name="Test Cases/Regression/LookUps/SL-01 First Intro Screen" time="21.732" classname="Test Cases/Regression/LookUps/SL-01 First Intro Screen" status="PASSED">
         <system-out><![CDATA[2023-02-03 20:22:27 - [TEST_CASE][PASSED] - Test Cases/Regression/LookUps/SL-01 First Intro Screen: Test Cases/Regression/LookUps/SL-01 First Intro Screen

2023-02-03 20:22:28 - [TEST_STEP][PASSED] - Start listener action : sampleBeforeTestCase: null

2023-02-03 20:22:28 - [TEST_STEP][PASSED] - println(testCaseContext.getTestCaseId()): null

2023-02-03 20:22:28 - [TEST_STEP][PASSED] - println(testCaseContext.getTestCaseVariables()): null

2023-02-03 20:22:28 - [TEST_STEP][PASSED] - startExistingApplication("com.spotlove.releaseproduction", STOP_ON_FAILURE): Starting app with application ID: 'com.spotlove.releaseproduction'

2023-02-03 20:22:28 - [MESSAGE][INFO] - User set preference: ['deviceId', 'd84a7321']

2023-02-03 20:22:31 - [MESSAGE][INFO] - Detected NodeJS location: "/usr/local/bin/node"

2023-02-03 20:22:32 - [MESSAGE][INFO] - Appium server started on port 53,222

2023-02-03 20:22:41 - [MESSAGE][INFO] - Failed to get OS statusbar's information using default method.

2023-02-03 20:22:42 - [MESSAGE][PASSED] - Starting app with application ID: 'com.spotlove.releaseproduction'

2023-02-03 20:22:42 - [TEST_STEP][PASSED] - if (waitForElementPresent(logo, 10)): null

2023-02-03 20:22:45 - [MESSAGE][PASSED] - Element 'Object Repository/Regression/SC-001 Intro 1/Logo SpotLove' is present

2023-02-03 20:22:45 - [TEST_STEP][PASSED] - markPassed("Spot Love Logo Found......!"): Spot Love Logo Found......!

2023-02-03 20:22:45 - [MESSAGE][PASSED] - Spot Love Logo Found......!

2023-02-03 20:22:45 - [TEST_STEP][PASSED] - if (waitForElementPresent(F_lbl_text, 10)): null

2023-02-03 20:22:45 - [MESSAGE][PASSED] - Element 'Object Repository/Regression/SC-001 Intro 1/Lbl text Spot The Perfect' is present

2023-02-03 20:22:45 - [TEST_STEP][PASSED] - markPassed("Spot The Perfect Lbl text Found......!"): Spot The Perfect Lbl text Found......!

2023-02-03 20:22:45 - [MESSAGE][PASSED] - Spot The Perfect Lbl text Found......!

2023-02-03 20:22:45 - [TEST_STEP][PASSED] - if (waitForElementPresent(S_lbl_text, 10)): null

2023-02-03 20:22:45 - [MESSAGE][PASSED] - Element 'Object Repository/Regression/SC-001 Intro 1/Lbl text Someone' is present

2023-02-03 20:22:45 - [TEST_STEP][PASSED] - markPassed("Someone Lbl text Found......!"): Someone Lbl text Found......!

2023-02-03 20:22:45 - [MESSAGE][PASSED] - Someone Lbl text Found......!

2023-02-03 20:22:45 - [TEST_STEP][PASSED] - if (waitForElementPresent(T_lbl_text, 10)): null

2023-02-03 20:22:47 - [MESSAGE][PASSED] - Element 'Object Repository/Regression/SC-001 Intro 1/Lbl text Find the person that checks all your boxes' is present

2023-02-03 20:22:47 - [TEST_STEP][PASSED] - markPassed("Find The Person Lbl text Found......!"): Find The Person Lbl text Found......!

2023-02-03 20:22:47 - [MESSAGE][PASSED] - Find The Person Lbl text Found......!

2023-02-03 20:22:47 - [TEST_STEP][PASSED] - if (waitForElementPresent(Centr_image, 10)): null

2023-02-03 20:22:47 - [MESSAGE][PASSED] - Element 'Object Repository/Regression/SC-001 Intro 1/Middle Screen Pic' is present

2023-02-03 20:22:47 - [TEST_STEP][PASSED] - markPassed("Center Image Found......!"): Center Image Found......!

2023-02-03 20:22:47 - [MESSAGE][PASSED] - Center Image Found......!

2023-02-03 20:22:47 - [TEST_STEP][PASSED] - if (waitForElementPresent(btn_continue, 10)): null

2023-02-03 20:22:47 - [MESSAGE][PASSED] - Element 'Object Repository/Regression/SC-001 Intro 1/btn Conitnue' is present

2023-02-03 20:22:47 - [TEST_STEP][PASSED] - tap(btn_continue, 10): Tapped on element 'Object Repository/Regression/SC-001 Intro 1/btn Conitnue'

2023-02-03 20:22:48 - [MESSAGE][PASSED] - Tapped on element 'Object Repository/Regression/SC-001 Intro 1/btn Conitnue'

2023-02-03 20:22:48 - [TEST_STEP][PASSED] - markPassed("User Navigate to the Second Screen......!"): User Navigate to the Second Screen......!

2023-02-03 20:22:48 - [MESSAGE][PASSED] - User Navigate to the Second Screen......!

2023-02-03 20:22:48 - [TEST_STEP][PASSED] - takeScreenshot("test screenshot"): Screenshot is taken

2023-02-03 20:22:49 - [MESSAGE][PASSED] - Screenshot is taken
[[ATTACHMENT|/Users/pc/git/SpotLove-Automation/Reports/20230203_202218/Updated Regression/20230203_202218/test screenshot]]

2023-02-03 20:22:49 - [TEST_STEP][PASSED] - Start listener action : sampleAfterTestCase: null

2023-02-03 20:22:49 - [TEST_STEP][PASSED] - println(testCaseContext.getTestCaseId()): null

2023-02-03 20:22:49 - [TEST_STEP][PASSED] - println(testCaseContext.getTestCaseStatus()): null]]></system-out>
         <system-err><![CDATA[]]></system-err>
      </testcase>
      <testcase name="Test Cases/Regression/LookUps/SL-02 Second Intro Screen" time="4.708" classname="Test Cases/Regression/LookUps/SL-02 Second Intro Screen" status="PASSED">
         <system-out><![CDATA[2023-02-03 20:22:49 - [TEST_CASE][PASSED] - Test Cases/Regression/LookUps/SL-02 Second Intro Screen: Test Cases/Regression/LookUps/SL-02 Second Intro Screen

2023-02-03 20:22:49 - [TEST_STEP][PASSED] - Start listener action : sampleBeforeTestCase: null

2023-02-03 20:22:49 - [TEST_STEP][PASSED] - println(testCaseContext.getTestCaseId()): null

2023-02-03 20:22:49 - [TEST_STEP][PASSED] - println(testCaseContext.getTestCaseVariables()): null

2023-02-03 20:22:50 - [TEST_STEP][PASSED] - if (waitForElementPresent(btn_back, 10)): null

2023-02-03 20:22:50 - [MESSAGE][PASSED] - Element 'Object Repository/Regression/SC-002 Intro 2/btn back' is present

2023-02-03 20:22:50 - [TEST_STEP][PASSED] - waitForElementPresent(logo, 10): Element 'Object Repository/Regression/SC-002 Intro 2/Logo Spotlove' is present

2023-02-03 20:22:50 - [MESSAGE][PASSED] - Element 'Object Repository/Regression/SC-002 Intro 2/Logo Spotlove' is present

2023-02-03 20:22:50 - [TEST_STEP][PASSED] - markPassed("Back button Found......!"): Back button Found......!

2023-02-03 20:22:50 - [MESSAGE][PASSED] - Back button Found......!

2023-02-03 20:22:50 - [TEST_STEP][PASSED] - markPassed("Spot Love Logo Found......!"): Spot Love Logo Found......!

2023-02-03 20:22:50 - [MESSAGE][PASSED] - Spot Love Logo Found......!

2023-02-03 20:22:50 - [TEST_STEP][PASSED] - if (waitForElementPresent(F_lbl_text, 10)): null

2023-02-03 20:22:51 - [MESSAGE][PASSED] - Element 'Object Repository/Regression/SC-002 Intro 2/Lbl text - Make a Match With' is present

2023-02-03 20:22:51 - [TEST_STEP][PASSED] - markPassed("Make a Match Lbl text Found......!"): Make a Match Lbl text Found......!

2023-02-03 20:22:51 - [MESSAGE][PASSED] - Make a Match Lbl text Found......!

2023-02-03 20:22:51 - [TEST_STEP][PASSED] - if (waitForElementPresent(S_lbl_text, 10)): null

2023-02-03 20:22:51 - [MESSAGE][PASSED] - Element 'Object Repository/Regression/SC-002 Intro 2/Lbl text - Your Soulmate' is present

2023-02-03 20:22:51 - [TEST_STEP][PASSED] - markPassed("Your Soulmate Lbl text Found......!"): Your Soulmate Lbl text Found......!

2023-02-03 20:22:51 - [MESSAGE][PASSED] - Your Soulmate Lbl text Found......!

2023-02-03 20:22:51 - [TEST_STEP][PASSED] - if (waitForElementPresent(T_lbl_text, 10)): null

2023-02-03 20:22:51 - [MESSAGE][PASSED] - Element 'Object Repository/Regression/SC-002 Intro 2/Lbl text - Its a match when someone likes youback' is present

2023-02-03 20:22:51 - [TEST_STEP][PASSED] - markPassed("It's a match Lbl text Found......!"): It's a match Lbl text Found......!

2023-02-03 20:22:51 - [MESSAGE][PASSED] - It's a match Lbl text Found......!

2023-02-03 20:22:51 - [TEST_STEP][PASSED] - if (waitForElementPresent(Centr_image, 10)): null

2023-02-03 20:22:52 - [MESSAGE][PASSED] - Element 'Object Repository/Regression/SC-002 Intro 2/Middle Screen Pic' is present

2023-02-03 20:22:52 - [TEST_STEP][PASSED] - markPassed("Center Image Found......!"): Center Image Found......!

2023-02-03 20:22:52 - [MESSAGE][PASSED] - Center Image Found......!

2023-02-03 20:22:52 - [TEST_STEP][PASSED] - if (waitForElementPresent(btn_continue, 10)): null

2023-02-03 20:22:52 - [MESSAGE][PASSED] - Element 'Object Repository/Regression/SC-002 Intro 2/btn Continue' is present

2023-02-03 20:22:52 - [TEST_STEP][PASSED] - tap(btn_continue, 10): Tapped on element 'Object Repository/Regression/SC-002 Intro 2/btn Continue'

2023-02-03 20:22:54 - [MESSAGE][PASSED] - Tapped on element 'Object Repository/Regression/SC-002 Intro 2/btn Continue'

2023-02-03 20:22:54 - [TEST_STEP][PASSED] - markPassed("User Navigate to the Third Screen......!"): User Navigate to the Third Screen......!

2023-02-03 20:22:54 - [MESSAGE][PASSED] - User Navigate to the Third Screen......!

2023-02-03 20:22:54 - [TEST_STEP][PASSED] - Start listener action : sampleAfterTestCase: null

2023-02-03 20:22:54 - [TEST_STEP][PASSED] - println(testCaseContext.getTestCaseId()): null

2023-02-03 20:22:54 - [TEST_STEP][PASSED] - println(testCaseContext.getTestCaseStatus()): null]]></system-out>
         <system-err><![CDATA[]]></system-err>
      </testcase>
      <testcase name="Test Cases/Regression/LookUps/SL-03 Third Intro Screen" time="6.356" classname="Test Cases/Regression/LookUps/SL-03 Third Intro Screen" status="PASSED">
         <system-out><![CDATA[2023-02-03 20:22:54 - [TEST_CASE][PASSED] - Test Cases/Regression/LookUps/SL-03 Third Intro Screen: Test Cases/Regression/LookUps/SL-03 Third Intro Screen

2023-02-03 20:22:54 - [TEST_STEP][PASSED] - Start listener action : sampleBeforeTestCase: null

2023-02-03 20:22:54 - [TEST_STEP][PASSED] - println(testCaseContext.getTestCaseId()): null

2023-02-03 20:22:54 - [TEST_STEP][PASSED] - println(testCaseContext.getTestCaseVariables()): null

2023-02-03 20:22:54 - [TEST_STEP][PASSED] - if (waitForElementPresent(btn_back, 10)): null

2023-02-03 20:22:55 - [MESSAGE][PASSED] - Element 'Object Repository/Regression/SC-003 Intro 3/btn back' is present

2023-02-03 20:22:55 - [TEST_STEP][PASSED] - waitForElementPresent(logo, 10): Element 'Object Repository/Regression/SC-003 Intro 3/Logo Spotlove' is present

2023-02-03 20:22:55 - [MESSAGE][PASSED] - Element 'Object Repository/Regression/SC-003 Intro 3/Logo Spotlove' is present

2023-02-03 20:22:55 - [TEST_STEP][PASSED] - markPassed("Back button Found......!"): Back button Found......!

2023-02-03 20:22:55 - [MESSAGE][PASSED] - Back button Found......!

2023-02-03 20:22:55 - [TEST_STEP][PASSED] - markPassed("Spot Love Logo Found......!"): Spot Love Logo Found......!

2023-02-03 20:22:55 - [MESSAGE][PASSED] - Spot Love Logo Found......!

2023-02-03 20:22:55 - [TEST_STEP][PASSED] - if (waitForElementPresent(F_lbl_text, 10)): null

2023-02-03 20:22:57 - [MESSAGE][PASSED] - Element 'Object Repository/Regression/SC-003 Intro 3/Lbl text - Connect on Fun' is present

2023-02-03 20:22:57 - [TEST_STEP][PASSED] - markPassed("Spot The Perfect Lbl text Found......!"): Spot The Perfect Lbl text Found......!

2023-02-03 20:22:57 - [MESSAGE][PASSED] - Spot The Perfect Lbl text Found......!

2023-02-03 20:22:57 - [TEST_STEP][PASSED] - if (waitForElementPresent(S_lbl_text, 10)): null

2023-02-03 20:22:57 - [MESSAGE][PASSED] - Element 'Object Repository/Regression/SC-003 Intro 3/Lbl text - Video Dates' is present

2023-02-03 20:22:57 - [TEST_STEP][PASSED] - markPassed("Someone Lbl text Found......!"): Someone Lbl text Found......!

2023-02-03 20:22:57 - [MESSAGE][PASSED] - Someone Lbl text Found......!

2023-02-03 20:22:57 - [TEST_STEP][PASSED] - if (waitForElementPresent(T_lbl_text, 10)): null

2023-02-03 20:22:58 - [MESSAGE][PASSED] - Element 'Object Repository/Regression/SC-003 Intro 3/Lbl text - Connect with your matches through livevideo mixers' is present

2023-02-03 20:22:58 - [TEST_STEP][PASSED] - markPassed("Find The Person Lbl text Found......!"): Find The Person Lbl text Found......!

2023-02-03 20:22:58 - [MESSAGE][PASSED] - Find The Person Lbl text Found......!

2023-02-03 20:22:58 - [TEST_STEP][PASSED] - if (waitForElementPresent(Centr_image, 10)): null

2023-02-03 20:22:58 - [MESSAGE][PASSED] - Element 'Object Repository/Regression/SC-003 Intro 3/MIddle Screen Pic' is present

2023-02-03 20:22:58 - [TEST_STEP][PASSED] - markPassed("Center Image Found......!"): Center Image Found......!

2023-02-03 20:22:58 - [MESSAGE][PASSED] - Center Image Found......!

2023-02-03 20:22:58 - [TEST_STEP][PASSED] - if (waitForElementPresent(btn_continue, 10)): null

2023-02-03 20:22:58 - [MESSAGE][PASSED] - Element 'Object Repository/Regression/SC-003 Intro 3/btn Continue' is present

2023-02-03 20:22:58 - [TEST_STEP][PASSED] - tap(btn_continue, 10): Tapped on element 'Object Repository/Regression/SC-003 Intro 3/btn Continue'

2023-02-03 20:23:00 - [MESSAGE][PASSED] - Tapped on element 'Object Repository/Regression/SC-003 Intro 3/btn Continue'

2023-02-03 20:23:00 - [TEST_STEP][PASSED] - markPassed("User Navigate to the Sign-In selection Screen......!"): User Navigate to the Sign-In selection Screen......!

2023-02-03 20:23:00 - [MESSAGE][PASSED] - User Navigate to the Sign-In selection Screen......!

2023-02-03 20:23:00 - [TEST_STEP][PASSED] - Start listener action : sampleAfterTestCase: null

2023-02-03 20:23:00 - [TEST_STEP][PASSED] - println(testCaseContext.getTestCaseId()): null

2023-02-03 20:23:00 - [TEST_STEP][PASSED] - println(testCaseContext.getTestCaseStatus()): null]]></system-out>
         <system-err><![CDATA[]]></system-err>
      </testcase>
      <testcase name="Test Cases/Regression/LookUps/SL-04 Sign In Selection" time="3.779" classname="Test Cases/Regression/LookUps/SL-04 Sign In Selection" status="PASSED">
         <system-out><![CDATA[2023-02-03 20:23:00 - [TEST_CASE][PASSED] - Test Cases/Regression/LookUps/SL-04 Sign In Selection: Test Cases/Regression/LookUps/SL-04 Sign In Selection

2023-02-03 20:23:00 - [TEST_STEP][PASSED] - Start listener action : sampleBeforeTestCase: null

2023-02-03 20:23:00 - [TEST_STEP][PASSED] - println(testCaseContext.getTestCaseId()): null

2023-02-03 20:23:00 - [TEST_STEP][PASSED] - println(testCaseContext.getTestCaseVariables()): null

2023-02-03 20:23:00 - [TEST_STEP][PASSED] - if (waitForElementPresent(F_lbl_text, 10)): null

2023-02-03 20:23:02 - [MESSAGE][PASSED] - Element 'Object Repository/Regression/SC-004 Sign In-Up screen/Lbl text - Spot Love at First Sight' is present

2023-02-03 20:23:02 - [TEST_STEP][PASSED] - markPassed("Spot Love At First Sight label text found......!"): Spot Love At First Sight label text found......!

2023-02-03 20:23:02 - [MESSAGE][PASSED] - Spot Love At First Sight label text found......!

2023-02-03 20:23:02 - [TEST_STEP][PASSED] - if (waitForElementPresent(S_lbl_text, 10)): null

2023-02-03 20:23:02 - [MESSAGE][PASSED] - Element 'Object Repository/Regression/SC-004 Sign In-Up screen/Lbl text - Select an account to continue' is present

2023-02-03 20:23:02 - [TEST_STEP][PASSED] - markPassed("Select an account to Continue label text found......!"): Select an account to Continue label text found......!

2023-02-03 20:23:02 - [MESSAGE][PASSED] - Select an account to Continue label text found......!

2023-02-03 20:23:02 - [TEST_STEP][PASSED] - if (waitForElementPresent(btn_Continue_WPN, 10)): null

2023-02-03 20:23:02 - [MESSAGE][PASSED] - Element 'Object Repository/Regression/SC-004 Sign In-Up screen/btn Continue with Phone number' is present

2023-02-03 20:23:02 - [TEST_STEP][PASSED] - tap(btn_Continue_WPN, 10): Tapped on element 'Object Repository/Regression/SC-004 Sign In-Up screen/btn Continue with Phone number'

2023-02-03 20:23:04 - [MESSAGE][PASSED] - Tapped on element 'Object Repository/Regression/SC-004 Sign In-Up screen/btn Continue with Phone number'

2023-02-03 20:23:04 - [TEST_STEP][PASSED] - markPassed("User Navigate to Phone Numebr Screen......!"): User Navigate to Phone Numebr Screen......!

2023-02-03 20:23:04 - [MESSAGE][PASSED] - User Navigate to Phone Numebr Screen......!

2023-02-03 20:23:04 - [TEST_STEP][PASSED] - Start listener action : sampleAfterTestCase: null

2023-02-03 20:23:04 - [TEST_STEP][PASSED] - println(testCaseContext.getTestCaseId()): null

2023-02-03 20:23:04 - [TEST_STEP][PASSED] - println(testCaseContext.getTestCaseStatus()): null]]></system-out>
         <system-err><![CDATA[]]></system-err>
      </testcase>
      <testcase name="Test Cases/Regression/LookUps/SL-05 Phone Number Enter Screen" time="13.054" classname="Test Cases/Regression/LookUps/SL-05 Phone Number Enter Screen" status="PASSED">
         <system-out><![CDATA[2023-02-03 20:23:04 - [TEST_CASE][PASSED] - Test Cases/Regression/LookUps/SL-05 Phone Number Enter Screen: Test Cases/Regression/LookUps/SL-05 Phone Number Enter Screen

2023-02-03 20:23:04 - [TEST_STEP][PASSED] - Start listener action : sampleBeforeTestCase: null

2023-02-03 20:23:04 - [TEST_STEP][PASSED] - println(testCaseContext.getTestCaseId()): null

2023-02-03 20:23:04 - [TEST_STEP][PASSED] - println(testCaseContext.getTestCaseVariables()): null

2023-02-03 20:23:04 - [TEST_STEP][PASSED] - if (waitForElementPresent(spotlove_logo, 10)): null

2023-02-03 20:23:06 - [MESSAGE][PASSED] - Element 'Object Repository/Regression/SC-005 Sign-in with Phone number/Logo Spotlove' is present

2023-02-03 20:23:06 - [TEST_STEP][PASSED] - markPassed("Spot.Love Logo Found......!"): Spot.Love Logo Found......!

2023-02-03 20:23:06 - [MESSAGE][PASSED] - Spot.Love Logo Found......!

2023-02-03 20:23:06 - [TEST_STEP][PASSED] - if (waitForElementPresent(btn_back, 10)): null

2023-02-03 20:23:06 - [MESSAGE][PASSED] - Element 'Object Repository/Regression/SC-005 Sign-in with Phone number/btn back' is present

2023-02-03 20:23:06 - [TEST_STEP][PASSED] - markPassed("Back Button Found......!"): Back Button Found......!

2023-02-03 20:23:06 - [MESSAGE][PASSED] - Back Button Found......!

2023-02-03 20:23:06 - [TEST_STEP][PASSED] - if (waitForElementPresent(lbl_first_text, 10)): null

2023-02-03 20:23:07 - [MESSAGE][PASSED] - Element 'Object Repository/Regression/SC-005 Sign-in with Phone number/Lbl text - Sign in to Spot.Love' is present

2023-02-03 20:23:07 - [TEST_STEP][PASSED] - markPassed("Sign in to Spot.Love label text is found......!"): Sign in to Spot.Love label text is found......!

2023-02-03 20:23:07 - [MESSAGE][PASSED] - Sign in to Spot.Love label text is found......!

2023-02-03 20:23:07 - [TEST_STEP][PASSED] - if (waitForElementPresent(lbl_Second_text, 10)): null

2023-02-03 20:23:09 - [MESSAGE][PASSED] - Element 'Object Repository/Regression/SC-005 Sign-in with Phone number/Lbl text - Continue with your phone number' is present

2023-02-03 20:23:09 - [TEST_STEP][PASSED] - markPassed("Continue with your phone number label text is found......!"): Continue with your phone number label text is found......!

2023-02-03 20:23:09 - [MESSAGE][PASSED] - Continue with your phone number label text is found......!

2023-02-03 20:23:09 - [TEST_STEP][PASSED] - if (waitForElementPresent(flag_icon, 10)): null

2023-02-03 20:23:09 - [MESSAGE][PASSED] - Element 'Object Repository/Regression/SC-005 Sign-in with Phone number/dropdown Country Selection' is present

2023-02-03 20:23:09 - [TEST_STEP][PASSED] - markPassed("Country Flag Icon is found......!"): Country Flag Icon is found......!

2023-02-03 20:23:09 - [MESSAGE][PASSED] - Country Flag Icon is found......!

2023-02-03 20:23:09 - [TEST_STEP][PASSED] - tap(flag_icon, 10): Tapped on element 'Object Repository/Regression/SC-005 Sign-in with Phone number/dropdown Country Selection'

2023-02-03 20:23:10 - [MESSAGE][PASSED] - Tapped on element 'Object Repository/Regression/SC-005 Sign-in with Phone number/dropdown Country Selection'

2023-02-03 20:23:10 - [TEST_STEP][PASSED] - markPassed("Country slection dropdown is opened......!"): Country slection dropdown is opened......!

2023-02-03 20:23:10 - [MESSAGE][PASSED] - Country slection dropdown is opened......!

2023-02-03 20:23:10 - [TEST_STEP][PASSED] - if (waitForElementPresent(search_box, 10)): null

2023-02-03 20:23:10 - [MESSAGE][PASSED] - Element 'Object Repository/Regression/SC-005 Sign-in with Phone number/Search box Enter country name' is present

2023-02-03 20:23:10 - [TEST_STEP][PASSED] - setText(search_box, C_Name, 10): Text 'US' has been set to element 'Object Repository/Regression/SC-005 Sign-in with Phone number/Search box Enter country name'

2023-02-03 20:23:12 - [MESSAGE][PASSED] - Text 'US' has been set to element 'Object Repository/Regression/SC-005 Sign-in with Phone number/Search box Enter country name'

2023-02-03 20:23:12 - [TEST_STEP][PASSED] - markPassed("Country Name Entered in the Search Box......!"): Country Name Entered in the Search Box......!

2023-02-03 20:23:12 - [MESSAGE][PASSED] - Country Name Entered in the Search Box......!

2023-02-03 20:23:12 - [TEST_STEP][PASSED] - if (waitForElementPresent(First_index, 10)): null

2023-02-03 20:23:13 - [MESSAGE][PASSED] - Element 'Object Repository/Regression/SC-005 Sign-in with Phone number/Select Country In First Index' is present

2023-02-03 20:23:13 - [TEST_STEP][PASSED] - tap(First_index, 10): Tapped on element 'Object Repository/Regression/SC-005 Sign-in with Phone number/Select Country In First Index'

2023-02-03 20:23:14 - [MESSAGE][PASSED] - Tapped on element 'Object Repository/Regression/SC-005 Sign-in with Phone number/Select Country In First Index'

2023-02-03 20:23:14 - [TEST_STEP][PASSED] - markPassed("Country Selection Successfully......!"): Country Selection Successfully......!

2023-02-03 20:23:14 - [MESSAGE][PASSED] - Country Selection Successfully......!

2023-02-03 20:23:14 - [TEST_STEP][PASSED] - if (waitForElementPresent(Enter_Phonenumber, 10)): null

2023-02-03 20:23:15 - [MESSAGE][PASSED] - Element 'Object Repository/Regression/SC-005 Sign-in with Phone number/Input Phone Number' is present

2023-02-03 20:23:15 - [TEST_STEP][PASSED] - setText(Enter_Phonenumber, PhoneNumber, 10): Text '6505559876' has been set to element 'Object Repository/Regression/SC-005 Sign-in with Phone number/Input Phone Number'

2023-02-03 20:23:16 - [MESSAGE][PASSED] - Text '6505559876' has been set to element 'Object Repository/Regression/SC-005 Sign-in with Phone number/Input Phone Number'

2023-02-03 20:23:16 - [TEST_STEP][PASSED] - markPassed("Phon number Entered......!"): Phon number Entered......!

2023-02-03 20:23:16 - [MESSAGE][PASSED] - Phon number Entered......!

2023-02-03 20:23:16 - [TEST_STEP][PASSED] - com.spotlove.Utility.tap_Continue(): com.spotlove.Utility.tap_Continue is PASSED

2023-02-03 20:23:17 - [MESSAGE][PASSED] - com.spotlove.Utility.tap_Continue is PASSED

2023-02-03 20:23:17 - [TEST_STEP][PASSED] - Start listener action : sampleAfterTestCase: null

2023-02-03 20:23:17 - [TEST_STEP][PASSED] - println(testCaseContext.getTestCaseId()): null

2023-02-03 20:23:17 - [TEST_STEP][PASSED] - println(testCaseContext.getTestCaseStatus()): null]]></system-out>
         <system-err><![CDATA[]]></system-err>
      </testcase>
      <testcase name="Test Cases/Regression/LookUps/SL-06 OTP Screen" time="32.995" classname="Test Cases/Regression/LookUps/SL-06 OTP Screen" status="PASSED">
         <system-out><![CDATA[2023-02-03 20:23:17 - [TEST_CASE][PASSED] - Test Cases/Regression/LookUps/SL-06 OTP Screen: Test Cases/Regression/LookUps/SL-06 OTP Screen

2023-02-03 20:23:17 - [TEST_STEP][PASSED] - Start listener action : sampleBeforeTestCase: null

2023-02-03 20:23:17 - [TEST_STEP][PASSED] - println(testCaseContext.getTestCaseId()): null

2023-02-03 20:23:17 - [TEST_STEP][PASSED] - println(testCaseContext.getTestCaseVariables()): null

2023-02-03 20:23:17 - [TEST_STEP][PASSED] - if (waitForElementPresent(spotlove_logo, 10)): null

2023-02-03 20:23:18 - [MESSAGE][PASSED] - Element 'Object Repository/Regression/SC-006 OTP Screen/Logo Spotlove' is present

2023-02-03 20:23:18 - [TEST_STEP][PASSED] - markPassed("Spot.Love Logo Found......!"): Spot.Love Logo Found......!

2023-02-03 20:23:18 - [MESSAGE][PASSED] - Spot.Love Logo Found......!

2023-02-03 20:23:18 - [TEST_STEP][PASSED] - if (waitForElementPresent(btn_back, 10)): null

2023-02-03 20:23:18 - [MESSAGE][PASSED] - Element 'Object Repository/Regression/SC-006 OTP Screen/btn back' is present

2023-02-03 20:23:18 - [TEST_STEP][PASSED] - markPassed("Back Button Found......!"): Back Button Found......!

2023-02-03 20:23:18 - [MESSAGE][PASSED] - Back Button Found......!

2023-02-03 20:23:18 - [TEST_STEP][PASSED] - if (waitForElementPresent(lbl_first_text, 60)): null

2023-02-03 20:23:30 - [MESSAGE][PASSED] - Element 'Object Repository/Regression/SC-006 OTP Screen/Lbl text - Enter your verification code' is present

2023-02-03 20:23:30 - [TEST_STEP][PASSED] - markPassed("Enter your verification code label text is found......!"): Enter your verification code label text is found......!

2023-02-03 20:23:30 - [MESSAGE][PASSED] - Enter your verification code label text is found......!

2023-02-03 20:23:30 - [TEST_STEP][PASSED] - if (waitForElementPresent(lbl_Second_text, 10)): null

2023-02-03 20:23:30 - [MESSAGE][PASSED] - Element 'Object Repository/Regression/SC-006 OTP Screen/Lbl text - Weve sent a pin to Phone Number' is present

2023-02-03 20:23:30 - [TEST_STEP][PASSED] - markPassed("We're sent a pin to +16505559876 label text is found......!"): We're sent a pin to +16505559876 label text is found......!

2023-02-03 20:23:30 - [MESSAGE][PASSED] - We're sent a pin to +16505559876 label text is found......!

2023-02-03 20:23:30 - [TEST_STEP][PASSED] - tap(findTestObject("Object Repository/Smoke/OTP/android.widget.EditText - -"), 15): Tapped on element 'Object Repository/Smoke/OTP/android.widget.EditText - -'

2023-02-03 20:23:31 - [MESSAGE][PASSED] - Tapped on element 'Object Repository/Smoke/OTP/android.widget.EditText - -'

2023-02-03 20:23:31 - [TEST_STEP][PASSED] - setText(findTestObject("Object Repository/Smoke/OTP/android.widget.EditText - - (1)"), "1", 2): Text '1' has been set to element 'Object Repository/Smoke/OTP/android.widget.EditText - - (1)'

2023-02-03 20:23:35 - [MESSAGE][PASSED] - Text '1' has been set to element 'Object Repository/Smoke/OTP/android.widget.EditText - - (1)'

2023-02-03 20:23:35 - [TEST_STEP][PASSED] - setText(findTestObject("Object Repository/Smoke/OTP/android.widget.EditText - - (2)"), "2", 2): Text '2' has been set to element 'Object Repository/Smoke/OTP/android.widget.EditText - - (2)'

2023-02-03 20:23:38 - [MESSAGE][PASSED] - Text '2' has been set to element 'Object Repository/Smoke/OTP/android.widget.EditText - - (2)'

2023-02-03 20:23:38 - [TEST_STEP][PASSED] - setText(findTestObject("Object Repository/Smoke/OTP/android.widget.EditText - - (3)"), "3", 2): Text '3' has been set to element 'Object Repository/Smoke/OTP/android.widget.EditText - - (3)'

2023-02-03 20:23:41 - [MESSAGE][PASSED] - Text '3' has been set to element 'Object Repository/Smoke/OTP/android.widget.EditText - - (3)'

2023-02-03 20:23:41 - [TEST_STEP][PASSED] - setText(findTestObject("Object Repository/Smoke/OTP/android.widget.EditText - - (4)"), "4", 2): Text '4' has been set to element 'Object Repository/Smoke/OTP/android.widget.EditText - - (4)'

2023-02-03 20:23:44 - [MESSAGE][PASSED] - Text '4' has been set to element 'Object Repository/Smoke/OTP/android.widget.EditText - - (4)'

2023-02-03 20:23:44 - [TEST_STEP][PASSED] - setText(findTestObject("Object Repository/Smoke/OTP/android.widget.EditText - - (5)"), "5", 2): Text '5' has been set to element 'Object Repository/Smoke/OTP/android.widget.EditText - - (5)'

2023-02-03 20:23:46 - [MESSAGE][PASSED] - Text '5' has been set to element 'Object Repository/Smoke/OTP/android.widget.EditText - - (5)'

2023-02-03 20:23:46 - [TEST_STEP][PASSED] - setText(findTestObject("Object Repository/Smoke/OTP/android.widget.EditText - - (6)"), "6", 2): Text '6' has been set to element 'Object Repository/Smoke/OTP/android.widget.EditText - - (6)'

2023-02-03 20:23:49 - [MESSAGE][PASSED] - Text '6' has been set to element 'Object Repository/Smoke/OTP/android.widget.EditText - - (6)'

2023-02-03 20:23:49 - [TEST_STEP][PASSED] - com.spotlove.Utility.Verify(): com.spotlove.Utility.Verify is PASSED

2023-02-03 20:23:50 - [MESSAGE][PASSED] - com.spotlove.Utility.Verify is PASSED

2023-02-03 20:23:50 - [TEST_STEP][PASSED] - Start listener action : sampleAfterTestCase: null

2023-02-03 20:23:50 - [TEST_STEP][PASSED] - println(testCaseContext.getTestCaseId()): null

2023-02-03 20:23:50 - [TEST_STEP][PASSED] - println(testCaseContext.getTestCaseStatus()): null]]></system-out>
         <system-err><![CDATA[]]></system-err>
      </testcase>
      <testcase name="Test Cases/Regression/LookUps/SL-07 Welcome To SpotLove" time="10.009" classname="Test Cases/Regression/LookUps/SL-07 Welcome To SpotLove" status="PASSED">
         <system-out><![CDATA[2023-02-03 20:23:50 - [TEST_CASE][PASSED] - Test Cases/Regression/LookUps/SL-07 Welcome To SpotLove: Test Cases/Regression/LookUps/SL-07 Welcome To SpotLove

2023-02-03 20:23:51 - [TEST_STEP][PASSED] - Start listener action : sampleBeforeTestCase: null

2023-02-03 20:23:51 - [TEST_STEP][PASSED] - println(testCaseContext.getTestCaseId()): null

2023-02-03 20:23:51 - [TEST_STEP][PASSED] - println(testCaseContext.getTestCaseVariables()): null

2023-02-03 20:23:51 - [TEST_STEP][PASSED] - if (waitForElementPresent(Logo_Spotlove, 10)): null

2023-02-03 20:23:53 - [MESSAGE][PASSED] - Element 'Object Repository/Regression/SC-007 Welcome Onboard Screen/Logo spotlove' is present

2023-02-03 20:23:53 - [TEST_STEP][PASSED] - markPassed("Spot.Love Logo Found......!"): Spot.Love Logo Found......!

2023-02-03 20:23:53 - [MESSAGE][PASSED] - Spot.Love Logo Found......!

2023-02-03 20:23:53 - [TEST_STEP][PASSED] - if (waitForElementPresent(lbl_txt_first, 10)): null

2023-02-03 20:23:53 - [MESSAGE][PASSED] - Element 'Object Repository/Regression/SC-007 Welcome Onboard Screen/Lbl text - Welcome to Spot.Love' is present

2023-02-03 20:23:53 - [TEST_STEP][PASSED] - markPassed("Welcome to Spot.Love lbl text Found......!"): Welcome to Spot.Love lbl text Found......!

2023-02-03 20:23:53 - [MESSAGE][PASSED] - Welcome to Spot.Love lbl text Found......!

2023-02-03 20:23:53 - [TEST_STEP][PASSED] - if (waitForElementPresent(lbl_txt_Sec, 10)): null

2023-02-03 20:23:53 - [MESSAGE][PASSED] - Element 'Object Repository/Regression/SC-007 Welcome Onboard Screen/Lbl Text - Please follow these house rules' is present

2023-02-03 20:23:53 - [TEST_STEP][PASSED] - markPassed("Please follow these house rules lbl text Found......!"): Please follow these house rules lbl text Found......!

2023-02-03 20:23:53 - [MESSAGE][PASSED] - Please follow these house rules lbl text Found......!

2023-02-03 20:23:53 - [TEST_STEP][PASSED] - if (waitForElementPresent(first_heart_icon, 10)): null

2023-02-03 20:23:53 - [MESSAGE][PASSED] - Element 'Object Repository/Regression/SC-007 Welcome Onboard Screen/First Heart Icon' is present

2023-02-03 20:23:53 - [TEST_STEP][PASSED] - markPassed("First Heart Icon Found......!"): First Heart Icon Found......!

2023-02-03 20:23:53 - [MESSAGE][PASSED] - First Heart Icon Found......!

2023-02-03 20:23:53 - [TEST_STEP][PASSED] - if (waitForElementPresent(Be_kind_lbl, 10)): null

2023-02-03 20:23:54 - [MESSAGE][PASSED] - Element 'Object Repository/Regression/SC-007 Welcome Onboard Screen/Lbl text - Be kind' is present

2023-02-03 20:23:54 - [TEST_STEP][PASSED] - markPassed("Be Kind lbl text Found......!"): Be Kind lbl text Found......!

2023-02-03 20:23:54 - [MESSAGE][PASSED] - Be Kind lbl text Found......!

2023-02-03 20:23:54 - [TEST_STEP][PASSED] - if (waitForElementPresent(Treat_lbl, 10)): null

2023-02-03 20:23:54 - [MESSAGE][PASSED] - Element 'Object Repository/Regression/SC-007 Welcome Onboard Screen/Lbl text - Treat everyone with respect andkindness' is present

2023-02-03 20:23:54 - [TEST_STEP][PASSED] - markPassed("Treat everyone with respect and kindness lbl text Found......!"): Treat everyone with respect and kindness lbl text Found......!

2023-02-03 20:23:54 - [MESSAGE][PASSED] - Treat everyone with respect and kindness lbl text Found......!

2023-02-03 20:23:54 - [TEST_STEP][PASSED] - if (waitForElementPresent(Second_heart_icon, 10)): null

2023-02-03 20:23:54 - [MESSAGE][PASSED] - Element 'Object Repository/Regression/SC-007 Welcome Onboard Screen/Second Heart Icon' is present

2023-02-03 20:23:54 - [TEST_STEP][PASSED] - markPassed("Second Heart Icon Found......!"): Second Heart Icon Found......!

2023-02-03 20:23:54 - [MESSAGE][PASSED] - Second Heart Icon Found......!

2023-02-03 20:23:54 - [TEST_STEP][PASSED] - if (waitForElementPresent(Be_your_lbl, 10)): null

2023-02-03 20:23:55 - [MESSAGE][PASSED] - Element 'Object Repository/Regression/SC-007 Welcome Onboard Screen/Lbl text - Be yourself' is present

2023-02-03 20:23:55 - [TEST_STEP][PASSED] - markPassed("Be yourself lbl text Found......!"): Be yourself lbl text Found......!

2023-02-03 20:23:55 - [MESSAGE][PASSED] - Be yourself lbl text Found......!

2023-02-03 20:23:55 - [TEST_STEP][PASSED] - if (waitForElementPresent(Be_honest_lbl, 10)): null

2023-02-03 20:23:56 - [MESSAGE][PASSED] - Element 'Object Repository/Regression/SC-007 Welcome Onboard Screen/Lbl text - Be honest about your age, photos, andbio' is present

2023-02-03 20:23:56 - [TEST_STEP][PASSED] - markPassed("Be honest about your age, photos, and bio lbl text Found......!"): Be honest about your age, photos, and bio lbl text Found......!

2023-02-03 20:23:56 - [MESSAGE][PASSED] - Be honest about your age, photos, and bio lbl text Found......!

2023-02-03 20:23:56 - [TEST_STEP][PASSED] - if (waitForElementPresent(Third_heart_icon, 10)): null

2023-02-03 20:23:56 - [MESSAGE][PASSED] - Element 'Object Repository/Regression/SC-007 Welcome Onboard Screen/Third Heart Icon' is present

2023-02-03 20:23:56 - [TEST_STEP][PASSED] - markPassed("Third Heart Icon Found......!"): Third Heart Icon Found......!

2023-02-03 20:23:56 - [MESSAGE][PASSED] - Third Heart Icon Found......!

2023-02-03 20:23:56 - [TEST_STEP][PASSED] - if (waitForElementPresent(Be_out_lbl, 10)): null

2023-02-03 20:23:56 - [MESSAGE][PASSED] - Element 'Object Repository/Regression/SC-007 Welcome Onboard Screen/Lbl text - Be outspoken' is present

2023-02-03 20:23:56 - [TEST_STEP][PASSED] - markPassed("Be outspoken lbl text Found......!"): Be outspoken lbl text Found......!

2023-02-03 20:23:56 - [MESSAGE][PASSED] - Be outspoken lbl text Found......!

2023-02-03 20:23:56 - [TEST_STEP][PASSED] - if (waitForElementPresent(Always_lbl, 10)): null

2023-02-03 20:23:58 - [MESSAGE][PASSED] - Element 'Object Repository/Regression/SC-007 Welcome Onboard Screen/Lbl text - Always report bad behavior' is present

2023-02-03 20:23:58 - [TEST_STEP][PASSED] - markPassed("Always reported bad behavior lbl text Found......!"): Always reported bad behavior lbl text Found......!

2023-02-03 20:23:58 - [MESSAGE][PASSED] - Always reported bad behavior lbl text Found......!

2023-02-03 20:23:58 - [TEST_STEP][PASSED] - if (waitForElementPresent(View_term, 10)): null

2023-02-03 20:23:58 - [MESSAGE][PASSED] - Element 'Object Repository/Regression/SC-007 Welcome Onboard Screen/Text - Terms And Conditions' is present

2023-02-03 20:23:58 - [TEST_STEP][PASSED] - markPassed("Terms and Conditions Link is functional......!"): Terms and Conditions Link is functional......!

2023-02-03 20:23:58 - [MESSAGE][PASSED] - Terms and Conditions Link is functional......!

2023-02-03 20:23:58 - [TEST_STEP][PASSED] - if (waitForElementPresent(btn_Agree, 10)): null

2023-02-03 20:23:58 - [MESSAGE][PASSED] - Element 'Object Repository/Regression/SC-007 Welcome Onboard Screen/btn I Agree' is present

2023-02-03 20:23:58 - [TEST_STEP][PASSED] - tap(btn_Agree, 10): Tapped on element 'Object Repository/Regression/SC-007 Welcome Onboard Screen/btn I Agree'

2023-02-03 20:23:59 - [MESSAGE][PASSED] - Tapped on element 'Object Repository/Regression/SC-007 Welcome Onboard Screen/btn I Agree'

2023-02-03 20:23:59 - [TEST_STEP][PASSED] - markPassed("I Agree button found, User navigate to the Source Screen......!"): I Agree button found, User navigate to the Source Screen......!

2023-02-03 20:23:59 - [MESSAGE][PASSED] - I Agree button found, User navigate to the Source Screen......!

2023-02-03 20:23:59 - [TEST_STEP][PASSED] - if (waitForElementPresent(Source_heart, 10)): null

2023-02-03 20:24:00 - [MESSAGE][PASSED] - Element 'Object Repository/Regression/SC-008 Referel Screen/Heart Icon' is present

2023-02-03 20:24:00 - [TEST_STEP][PASSED] - markPassed("Heart icon found......!"): Heart icon found......!

2023-02-03 20:24:00 - [MESSAGE][PASSED] - Heart icon found......!

2023-02-03 20:24:00 - [TEST_STEP][PASSED] - Start listener action : sampleAfterTestCase: null

2023-02-03 20:24:00 - [TEST_STEP][PASSED] - println(testCaseContext.getTestCaseId()): null

2023-02-03 20:24:00 - [TEST_STEP][PASSED] - println(testCaseContext.getTestCaseStatus()): null]]></system-out>
         <system-err><![CDATA[]]></system-err>
      </testcase>
      <testcase name="Test Cases/Regression/LookUps/SL-08 Source Screen" time="6.003" classname="Test Cases/Regression/LookUps/SL-08 Source Screen" status="PASSED">
         <system-out><![CDATA[2023-02-03 20:24:00 - [TEST_CASE][PASSED] - Test Cases/Regression/LookUps/SL-08 Source Screen: Test Cases/Regression/LookUps/SL-08 Source Screen

2023-02-03 20:24:00 - [TEST_STEP][PASSED] - Start listener action : sampleBeforeTestCase: null

2023-02-03 20:24:00 - [TEST_STEP][PASSED] - println(testCaseContext.getTestCaseId()): null

2023-02-03 20:24:00 - [TEST_STEP][PASSED] - println(testCaseContext.getTestCaseVariables()): null

2023-02-03 20:24:00 - [TEST_STEP][PASSED] - if (waitForElementPresent(Source_heart, 10)): null

2023-02-03 20:24:01 - [MESSAGE][PASSED] - Element 'Object Repository/Regression/SC-008 Referel Screen/Heart Icon' is present

2023-02-03 20:24:01 - [TEST_STEP][PASSED] - markPassed("Heart icon found......!"): Heart icon found......!

2023-02-03 20:24:01 - [MESSAGE][PASSED] - Heart icon found......!

2023-02-03 20:24:01 - [TEST_STEP][PASSED] - if (waitForElementPresent(lbl_how, 10)): null

2023-02-03 20:24:02 - [MESSAGE][PASSED] - Element 'Object Repository/Regression/SC-008 Referel Screen/Lbl text - How did you hear about us' is present

2023-02-03 20:24:02 - [TEST_STEP][PASSED] - markPassed("How did you hear about us? label text found......!"): How did you hear about us? label text found......!

2023-02-03 20:24:02 - [MESSAGE][PASSED] - How did you hear about us? label text found......!

2023-02-03 20:24:02 - [TEST_STEP][PASSED] - if (waitForElementPresent(lbl_Referral, 10)): null

2023-02-03 20:24:02 - [MESSAGE][PASSED] - Element 'Object Repository/Regression/SC-008 Referel Screen/lbl text - Referral' is present

2023-02-03 20:24:02 - [TEST_STEP][PASSED] - markPassed("Referral label text found......!"): Referral label text found......!

2023-02-03 20:24:02 - [MESSAGE][PASSED] - Referral label text found......!

2023-02-03 20:24:02 - [TEST_STEP][PASSED] - if (waitForElementPresent(lbl_Do, 10)): null

2023-02-03 20:24:02 - [MESSAGE][PASSED] - Element 'Object Repository/Regression/SC-008 Referel Screen/lbl text - Do you have a referral code' is present

2023-02-03 20:24:02 - [TEST_STEP][PASSED] - markPassed("Do you have a referral code? label text found......!"): Do you have a referral code? label text found......!

2023-02-03 20:24:02 - [MESSAGE][PASSED] - Do you have a referral code? label text found......!

2023-02-03 20:24:02 - [TEST_STEP][PASSED] - if (waitForElementPresent(lbl_code, 10)): null

2023-02-03 20:24:04 - [MESSAGE][PASSED] - Element 'Object Repository/Regression/SC-008 Referel Screen/lbl text - Referral Code' is present

2023-02-03 20:24:04 - [TEST_STEP][PASSED] - markPassed("Referral code? label text found......!"): Referral code? label text found......!

2023-02-03 20:24:04 - [MESSAGE][PASSED] - Referral code? label text found......!

2023-02-03 20:24:04 - [TEST_STEP][PASSED] - if (waitForElementPresent(btn_continue, 10)): null

2023-02-03 20:24:04 - [MESSAGE][PASSED] - Element 'Object Repository/Regression/SC-008 Referel Screen/btn Continue' is present

2023-02-03 20:24:04 - [TEST_STEP][PASSED] - tap(btn_continue, 10): Tapped on element 'Object Repository/Regression/SC-008 Referel Screen/btn Continue'

2023-02-03 20:24:06 - [MESSAGE][PASSED] - Tapped on element 'Object Repository/Regression/SC-008 Referel Screen/btn Continue'

2023-02-03 20:24:06 - [TEST_STEP][PASSED] - markPassed("User navigate to the First Name Screen......!"): User navigate to the First Name Screen......!

2023-02-03 20:24:06 - [MESSAGE][PASSED] - User navigate to the First Name Screen......!

2023-02-03 20:24:06 - [TEST_STEP][PASSED] - if (waitForElementPresent(card_icon, 10)): null

2023-02-03 20:24:06 - [MESSAGE][PASSED] - Element 'Object Repository/Regression/SC-009 First Name Screen/Contact icon' is present

2023-02-03 20:24:06 - [TEST_STEP][PASSED] - markPassed("Card icon found on First Name Screen......!"): Card icon found on First Name Screen......!

2023-02-03 20:24:06 - [MESSAGE][PASSED] - Card icon found on First Name Screen......!

2023-02-03 20:24:06 - [TEST_STEP][PASSED] - Start listener action : sampleAfterTestCase: null

2023-02-03 20:24:06 - [TEST_STEP][PASSED] - println(testCaseContext.getTestCaseId()): null

2023-02-03 20:24:06 - [TEST_STEP][PASSED] - println(testCaseContext.getTestCaseStatus()): null]]></system-out>
         <system-err><![CDATA[]]></system-err>
      </testcase>
      <testcase name="Test Cases/Regression/LookUps/SL-09 First Name" time="24.038" classname="Test Cases/Regression/LookUps/SL-09 First Name" status="PASSED">
         <system-out><![CDATA[2023-02-03 20:24:06 - [TEST_CASE][PASSED] - Test Cases/Regression/LookUps/SL-09 First Name: Test Cases/Regression/LookUps/SL-09 First Name

2023-02-03 20:24:06 - [TEST_STEP][PASSED] - Start listener action : sampleBeforeTestCase: null

2023-02-03 20:24:06 - [TEST_STEP][PASSED] - println(testCaseContext.getTestCaseId()): null

2023-02-03 20:24:06 - [TEST_STEP][PASSED] - println(testCaseContext.getTestCaseVariables()): null

2023-02-03 20:24:07 - [TEST_STEP][PASSED] - if (waitForElementPresent(btn_back, 10)): null

2023-02-03 20:24:07 - [MESSAGE][PASSED] - Element 'Object Repository/Regression/SC-009 First Name Screen/btn back' is present

2023-02-03 20:24:07 - [TEST_STEP][PASSED] - com.spotlove.Utility.tap_back(): com.spotlove.Utility.tap_back is PASSED

2023-02-03 20:24:07 - [MESSAGE][PASSED] - com.spotlove.Utility.tap_back is PASSED

2023-02-03 20:24:07 - [TEST_STEP][PASSED] - markPassed("User navigate back to the Source screen......!"): User navigate back to the Source screen......!

2023-02-03 20:24:07 - [MESSAGE][PASSED] - User navigate back to the Source screen......!

2023-02-03 20:24:07 - [TEST_STEP][PASSED] - if (waitForElementPresent(btn_Continue2, 10)): null

2023-02-03 20:24:08 - [MESSAGE][PASSED] - Element 'Object Repository/Regression/SC-008 Referel Screen/btn Continue' is present

2023-02-03 20:24:08 - [TEST_STEP][PASSED] - com.spotlove.Utility.tap_Continue(): com.spotlove.Utility.tap_Continue is PASSED

2023-02-03 20:24:08 - [MESSAGE][PASSED] - com.spotlove.Utility.tap_Continue is PASSED

2023-02-03 20:24:08 - [TEST_STEP][PASSED] - markPassed("User navigate Move forword to the First Name screen......!"): User navigate Move forword to the First Name screen......!

2023-02-03 20:24:08 - [MESSAGE][PASSED] - User navigate Move forword to the First Name screen......!

2023-02-03 20:24:08 - [TEST_STEP][PASSED] - if (waitForElementPresent(Contact_icon, 30)): null

2023-02-03 20:24:09 - [MESSAGE][PASSED] - Element 'Object Repository/Regression/SC-009 First Name Screen/Contact icon' is present

2023-02-03 20:24:09 - [TEST_STEP][PASSED] - markPassed("Contact icon found......!"): Contact icon found......!

2023-02-03 20:24:09 - [MESSAGE][PASSED] - Contact icon found......!

2023-02-03 20:24:09 - [TEST_STEP][PASSED] - if (waitForElementPresent(lbl_what, 10)): null

2023-02-03 20:24:09 - [MESSAGE][PASSED] - Element 'Object Repository/Regression/SC-009 First Name Screen/Lbl text - What should we call you' is present

2023-02-03 20:24:09 - [TEST_STEP][PASSED] - markPassed("What should we call you? label text found......!"): What should we call you? label text found......!

2023-02-03 20:24:09 - [MESSAGE][PASSED] - What should we call you? label text found......!

2023-02-03 20:24:09 - [TEST_STEP][PASSED] - if (waitForElementPresent(lbl_tell, 10)): null

2023-02-03 20:24:09 - [MESSAGE][PASSED] - Element 'Object Repository/Regression/SC-009 First Name Screen/Lbl text - Tell us your first name' is present

2023-02-03 20:24:09 - [TEST_STEP][PASSED] - markPassed("Tell us your first name label text found......!"): Tell us your first name label text found......!

2023-02-03 20:24:09 - [MESSAGE][PASSED] - Tell us your first name label text found......!

2023-02-03 20:24:09 - [TEST_STEP][PASSED] - if (waitForElementPresent(First_Name, 10)): null

2023-02-03 20:24:10 - [MESSAGE][PASSED] - Element 'Object Repository/Regression/SC-009 First Name Screen/Input name field' is present

2023-02-03 20:24:10 - [TEST_STEP][PASSED] - setText(First_Name, S_First_Name, 0): Text 'Hamza' has been set to element 'Object Repository/Regression/SC-009 First Name Screen/Input name field'

2023-02-03 20:24:10 - [MESSAGE][WARNING] - Timeout '0' is invalid. Using default page load timeout: '30'

2023-02-03 20:24:12 - [MESSAGE][PASSED] - Text 'Hamza' has been set to element 'Object Repository/Regression/SC-009 First Name Screen/Input name field'

2023-02-03 20:24:12 - [TEST_STEP][PASSED] - markPassed("First name Entered text......!"): First name Entered text......!

2023-02-03 20:24:12 - [MESSAGE][PASSED] - First name Entered text......!

2023-02-03 20:24:12 - [TEST_STEP][PASSED] - if (waitForElementPresent(btn_continue, 10)): null

2023-02-03 20:24:13 - [MESSAGE][PASSED] - Element 'Object Repository/Regression/SC-009 First Name Screen/btn Continue' is present

2023-02-03 20:24:13 - [TEST_STEP][PASSED] - tap(btn_continue, 10): Tapped on element 'Object Repository/Regression/SC-009 First Name Screen/btn Continue'

2023-02-03 20:24:13 - [MESSAGE][PASSED] - Tapped on element 'Object Repository/Regression/SC-009 First Name Screen/btn Continue'

2023-02-03 20:24:13 - [TEST_STEP][PASSED] - delay(15): Delayed 15 second(s)

2023-02-03 20:24:28 - [MESSAGE][PASSED] - Delayed 15 second(s)

2023-02-03 20:24:28 - [TEST_STEP][PASSED] - markPassed("User navigate Move forword to the Birth date screen......!"): User navigate Move forword to the Birth date screen......!

2023-02-03 20:24:28 - [MESSAGE][PASSED] - User navigate Move forword to the Birth date screen......!

2023-02-03 20:24:28 - [TEST_STEP][PASSED] - if (waitForElementPresent(cake_icon, 10)): null

2023-02-03 20:24:30 - [MESSAGE][PASSED] - Element 'Object Repository/Regression/SC-010 DOB Screen/cake Icon' is present

2023-02-03 20:24:30 - [TEST_STEP][PASSED] - markPassed("Cake icon found......!"): Cake icon found......!

2023-02-03 20:24:30 - [MESSAGE][PASSED] - Cake icon found......!

2023-02-03 20:24:30 - [TEST_STEP][PASSED] - Start listener action : sampleAfterTestCase: null

2023-02-03 20:24:30 - [TEST_STEP][PASSED] - println(testCaseContext.getTestCaseId()): null

2023-02-03 20:24:30 - [TEST_STEP][PASSED] - println(testCaseContext.getTestCaseStatus()): null]]></system-out>
         <system-err><![CDATA[]]></system-err>
      </testcase>
      <testcase name="Test Cases/Regression/LookUps/SL-10 Birth date" time="19.775" classname="Test Cases/Regression/LookUps/SL-10 Birth date" status="PASSED">
         <system-out><![CDATA[2023-02-03 20:24:30 - [TEST_CASE][PASSED] - Test Cases/Regression/LookUps/SL-10 Birth date: Test Cases/Regression/LookUps/SL-10 Birth date

2023-02-03 20:24:31 - [TEST_STEP][PASSED] - Start listener action : sampleBeforeTestCase: null

2023-02-03 20:24:31 - [TEST_STEP][PASSED] - println(testCaseContext.getTestCaseId()): null

2023-02-03 20:24:31 - [TEST_STEP][PASSED] - println(testCaseContext.getTestCaseVariables()): null

2023-02-03 20:24:31 - [TEST_STEP][PASSED] - if (waitForElementPresent(btn_back, 10)): null

2023-02-03 20:24:31 - [MESSAGE][PASSED] - Element 'Object Repository/Regression/SC-010 DOB Screen/btn back' is present

2023-02-03 20:24:31 - [TEST_STEP][PASSED] - tap(btn_back, 10): Tapped on element 'Object Repository/Regression/SC-010 DOB Screen/btn back'

2023-02-03 20:24:32 - [MESSAGE][PASSED] - Tapped on element 'Object Repository/Regression/SC-010 DOB Screen/btn back'

2023-02-03 20:24:32 - [TEST_STEP][PASSED] - markPassed("User navigate back to the First Name screen......!"): User navigate back to the First Name screen......!

2023-02-03 20:24:32 - [MESSAGE][PASSED] - User navigate back to the First Name screen......!

2023-02-03 20:24:32 - [TEST_STEP][PASSED] - if (waitForElementPresent(Contact_icon, 10)): null

2023-02-03 20:24:33 - [MESSAGE][PASSED] - Element 'Object Repository/Regression/SC-009 First Name Screen/Lbl text - What should we call you' is present

2023-02-03 20:24:33 - [TEST_STEP][PASSED] - tap(btn_previous_continue, 10): Tapped on element 'Object Repository/Regression/SC-009 First Name Screen/btn Continue'

2023-02-03 20:24:34 - [MESSAGE][PASSED] - Tapped on element 'Object Repository/Regression/SC-009 First Name Screen/btn Continue'

2023-02-03 20:24:34 - [TEST_STEP][PASSED] - markPassed("User navigate Move forword to the Date of Birth screen......!"): User navigate Move forword to the Date of Birth screen......!

2023-02-03 20:24:34 - [MESSAGE][PASSED] - User navigate Move forword to the Date of Birth screen......!

2023-02-03 20:24:34 - [TEST_STEP][PASSED] - if (waitForElementPresent(Cake_icon, 10)): null

2023-02-03 20:24:34 - [MESSAGE][PASSED] - Element 'Object Repository/Regression/SC-010 DOB Screen/cake Icon' is present

2023-02-03 20:24:34 - [TEST_STEP][PASSED] - markPassed("Cake icon found......!"): Cake icon found......!

2023-02-03 20:24:34 - [MESSAGE][PASSED] - Cake icon found......!

2023-02-03 20:24:34 - [TEST_STEP][PASSED] - if (waitForElementPresent(lbl_what, 10)): null

2023-02-03 20:24:37 - [MESSAGE][PASSED] - Element 'Object Repository/Regression/SC-010 DOB Screen/Lbl text - Whats your date of birth' is present

2023-02-03 20:24:37 - [TEST_STEP][PASSED] - markPassed("What's your date of birth? label text found......!"): What's your date of birth? label text found......!

2023-02-03 20:24:37 - [MESSAGE][PASSED] - What's your date of birth? label text found......!

2023-02-03 20:24:37 - [TEST_STEP][PASSED] - if (waitForElementPresent(lbl_AGe, 10)): null

2023-02-03 20:24:37 - [MESSAGE][PASSED] - Element 'Object Repository/Regression/SC-010 DOB Screen/Age Confirmation' is present

2023-02-03 20:24:37 - [TEST_STEP][PASSED] - markPassed("Age xx label text found......!"): Age xx label text found......!

2023-02-03 20:24:37 - [MESSAGE][PASSED] - Age xx label text found......!

2023-02-03 20:24:37 - [TEST_STEP][PASSED] - if (waitForElementPresent(lbl_This, 10)): null

2023-02-03 20:24:38 - [MESSAGE][PASSED] - Element 'Object Repository/Regression/SC-010 DOB Screen/Lbl text - This cant be changed later' is present

2023-02-03 20:24:38 - [TEST_STEP][PASSED] - markPassed("This can't be changed later label text found......!"): This can't be changed later label text found......!

2023-02-03 20:24:38 - [MESSAGE][PASSED] - This can't be changed later label text found......!

2023-02-03 20:24:38 - [TEST_STEP][PASSED] - if (waitForElementPresent(btn_continue, 10)): null

2023-02-03 20:24:39 - [MESSAGE][PASSED] - Element 'Object Repository/Regression/SC-010 DOB Screen/btn Continue' is present

2023-02-03 20:24:39 - [TEST_STEP][PASSED] - tap(btn_continue, 10): Tapped on element 'Object Repository/Regression/SC-010 DOB Screen/btn Continue'

2023-02-03 20:24:41 - [MESSAGE][PASSED] - Tapped on element 'Object Repository/Regression/SC-010 DOB Screen/btn Continue'

2023-02-03 20:24:41 - [TEST_STEP][PASSED] - markPassed("PopUp should opened on the screen.......!"): PopUp should opened on the screen.......!

2023-02-03 20:24:41 - [MESSAGE][PASSED] - PopUp should opened on the screen.......!

2023-02-03 20:24:41 - [TEST_STEP][PASSED] - if (waitForElementPresent(lbl_Please, 10)): null

2023-02-03 20:24:42 - [MESSAGE][PASSED] - Element 'Object Repository/Regression/SC-010 DOB Screen/Lbl text - Please confirm your birthdate' is present

2023-02-03 20:24:42 - [TEST_STEP][PASSED] - markPassed("Please confirm your birthdate on the PopUp label text found.......!"): Please confirm your birthdate on the PopUp label text found.......!

2023-02-03 20:24:42 - [MESSAGE][PASSED] - Please confirm your birthdate on the PopUp label text found.......!

2023-02-03 20:24:42 - [TEST_STEP][PASSED] - if (waitForElementPresent(lbl_can, 10)): null

2023-02-03 20:24:43 - [MESSAGE][PASSED] - Element 'Object Repository/Regression/SC-010 DOB Screen/Lbl text - This cant be changed later on POPUP' is present

2023-02-03 20:24:43 - [TEST_STEP][PASSED] - markPassed("This can't be changed later label text found.......!"): This can't be changed later label text found.......!

2023-02-03 20:24:43 - [MESSAGE][PASSED] - This can't be changed later label text found.......!

2023-02-03 20:24:43 - [TEST_STEP][PASSED] - if (waitForElementPresent(Age_cofirm, 10)): null

2023-02-03 20:24:43 - [MESSAGE][PASSED] - Element 'Object Repository/Regression/SC-010 DOB Screen/DOB confirmation' is present

2023-02-03 20:24:43 - [TEST_STEP][PASSED] - markPassed("Age Confirmation label text found.......!"): Age Confirmation label text found.......!

2023-02-03 20:24:43 - [MESSAGE][PASSED] - Age Confirmation label text found.......!

2023-02-03 20:24:43 - [TEST_STEP][PASSED] - if (waitForElementPresent(DOB_cofirmation, 10)): null

2023-02-03 20:24:44 - [MESSAGE][PASSED] - Element 'Object Repository/Regression/SC-010 DOB Screen/DOB confirmation' is present

2023-02-03 20:24:44 - [TEST_STEP][PASSED] - markPassed("DOB Confirmation label text found.......!"): DOB Confirmation label text found.......!

2023-02-03 20:24:44 - [MESSAGE][PASSED] - DOB Confirmation label text found.......!

2023-02-03 20:24:44 - [TEST_STEP][PASSED] - if (waitForElementPresent(btn_edit, 10)): null

2023-02-03 20:24:44 - [MESSAGE][PASSED] - Element 'Object Repository/Regression/SC-010 DOB Screen/btn edit on POPUP' is present

2023-02-03 20:24:44 - [TEST_STEP][PASSED] - tap(btn_edit, 10): Tapped on element 'Object Repository/Regression/SC-010 DOB Screen/btn edit on POPUP'

2023-02-03 20:24:44 - [MESSAGE][PASSED] - Tapped on element 'Object Repository/Regression/SC-010 DOB Screen/btn edit on POPUP'

2023-02-03 20:24:44 - [TEST_STEP][PASSED] - markPassed("User navigate back to the Date of Birth.......!"): User navigate back to the Date of Birth.......!

2023-02-03 20:24:44 - [MESSAGE][PASSED] - User navigate back to the Date of Birth.......!

2023-02-03 20:24:44 - [TEST_STEP][PASSED] - if (waitForElementPresent(btn_continue, 10)): null

2023-02-03 20:24:46 - [MESSAGE][PASSED] - Element 'Object Repository/Regression/SC-010 DOB Screen/btn Continue' is present

2023-02-03 20:24:46 - [TEST_STEP][PASSED] - tap(btn_continue, 10): Tapped on element 'Object Repository/Regression/SC-010 DOB Screen/btn Continue'

2023-02-03 20:24:46 - [MESSAGE][PASSED] - Tapped on element 'Object Repository/Regression/SC-010 DOB Screen/btn Continue'

2023-02-03 20:24:46 - [TEST_STEP][PASSED] - markPassed("PopUp should opened on the screen.......!"): PopUp should opened on the screen.......!

2023-02-03 20:24:46 - [MESSAGE][PASSED] - PopUp should opened on the screen.......!

2023-02-03 20:24:46 - [TEST_STEP][PASSED] - if (waitForElementPresent(btn_continue_popup, 10)): null

2023-02-03 20:24:47 - [MESSAGE][PASSED] - Element 'Object Repository/Regression/SC-010 DOB Screen/btn Continue on POPUP' is present

2023-02-03 20:24:47 - [TEST_STEP][PASSED] - tap(btn_continue_popup, 10): Tapped on element 'Object Repository/Regression/SC-010 DOB Screen/btn Continue on POPUP'

2023-02-03 20:24:49 - [MESSAGE][PASSED] - Tapped on element 'Object Repository/Regression/SC-010 DOB Screen/btn Continue on POPUP'

2023-02-03 20:24:49 - [TEST_STEP][PASSED] - markPassed("User navigate to the Gender Screen.......!"): User navigate to the Gender Screen.......!

2023-02-03 20:24:49 - [MESSAGE][PASSED] - User navigate to the Gender Screen.......!

2023-02-03 20:24:49 - [TEST_STEP][PASSED] - if (waitForElementPresent(mirror_icon, 10)): null

2023-02-03 20:24:50 - [MESSAGE][PASSED] - Element 'Object Repository/Regression/SC-011 Gender/Mirror Icon' is present

2023-02-03 20:24:50 - [TEST_STEP][PASSED] - markPassed("Mirror icon found on Gender Screen.......!"): Mirror icon found on Gender Screen.......!

2023-02-03 20:24:50 - [MESSAGE][PASSED] - Mirror icon found on Gender Screen.......!

2023-02-03 20:24:50 - [TEST_STEP][PASSED] - Start listener action : sampleAfterTestCase: null

2023-02-03 20:24:50 - [TEST_STEP][PASSED] - println(testCaseContext.getTestCaseId()): null

2023-02-03 20:24:50 - [TEST_STEP][PASSED] - println(testCaseContext.getTestCaseStatus()): null]]></system-out>
         <system-err><![CDATA[]]></system-err>
      </testcase>
      <testcase name="Test Cases/Regression/LookUps/SL-11 Gender Screen" time="16.995" classname="Test Cases/Regression/LookUps/SL-11 Gender Screen" status="PASSED">
         <system-out><![CDATA[2023-02-03 20:24:50 - [TEST_CASE][PASSED] - Test Cases/Regression/LookUps/SL-11 Gender Screen: Test Cases/Regression/LookUps/SL-11 Gender Screen

2023-02-03 20:24:50 - [TEST_STEP][PASSED] - Start listener action : sampleBeforeTestCase: null

2023-02-03 20:24:50 - [TEST_STEP][PASSED] - println(testCaseContext.getTestCaseId()): null

2023-02-03 20:24:50 - [TEST_STEP][PASSED] - println(testCaseContext.getTestCaseVariables()): null

2023-02-03 20:24:50 - [TEST_STEP][PASSED] - if (waitForElementPresent(btn_back, 10)): null

2023-02-03 20:24:52 - [MESSAGE][PASSED] - Element 'Object Repository/Regression/SC-011 Gender/btn back' is present

2023-02-03 20:24:52 - [TEST_STEP][PASSED] - tap(btn_back, 10): Tapped on element 'Object Repository/Regression/SC-011 Gender/btn back'

2023-02-03 20:24:52 - [MESSAGE][PASSED] - Tapped on element 'Object Repository/Regression/SC-011 Gender/btn back'

2023-02-03 20:24:52 - [TEST_STEP][PASSED] - markPassed("User navigate back to the Birthday screen......!"): User navigate back to the Birthday screen......!

2023-02-03 20:24:52 - [MESSAGE][PASSED] - User navigate back to the Birthday screen......!

2023-02-03 20:24:52 - [TEST_STEP][PASSED] - if (waitForElementPresent(cake_icon, 10)): null

2023-02-03 20:24:54 - [MESSAGE][PASSED] - Element 'Object Repository/Regression/SC-010 DOB Screen/btn Continue' is present

2023-02-03 20:24:54 - [TEST_STEP][PASSED] - markPassed("Cake icon found on Birthday screen......!"): Cake icon found on Birthday screen......!

2023-02-03 20:24:54 - [MESSAGE][PASSED] - Cake icon found on Birthday screen......!

2023-02-03 20:24:54 - [TEST_STEP][PASSED] - if (waitForElementPresent(btn_continue, 10)): null

2023-02-03 20:24:55 - [MESSAGE][PASSED] - Element 'Object Repository/Regression/SC-010 DOB Screen/btn Continue' is present

2023-02-03 20:24:55 - [TEST_STEP][PASSED] - tap(btn_continue, 10): Tapped on element 'Object Repository/Regression/SC-010 DOB Screen/btn Continue'

2023-02-03 20:24:55 - [MESSAGE][PASSED] - Tapped on element 'Object Repository/Regression/SC-010 DOB Screen/btn Continue'

2023-02-03 20:24:55 - [TEST_STEP][PASSED] - markPassed("PopUp should opened on the screen.......!"): PopUp should opened on the screen.......!

2023-02-03 20:24:55 - [MESSAGE][PASSED] - PopUp should opened on the screen.......!

2023-02-03 20:24:55 - [TEST_STEP][PASSED] - if (waitForElementPresent(btn_continue_popup, 10)): null

2023-02-03 20:24:57 - [MESSAGE][PASSED] - Element 'Object Repository/Regression/SC-010 DOB Screen/btn Continue on POPUP' is present

2023-02-03 20:24:57 - [TEST_STEP][PASSED] - tap(btn_continue_popup, 10): Tapped on element 'Object Repository/Regression/SC-010 DOB Screen/btn Continue on POPUP'

2023-02-03 20:24:58 - [MESSAGE][PASSED] - Tapped on element 'Object Repository/Regression/SC-010 DOB Screen/btn Continue on POPUP'

2023-02-03 20:24:58 - [TEST_STEP][PASSED] - markPassed("User navigate to the Gender Screen.......!"): User navigate to the Gender Screen.......!

2023-02-03 20:24:58 - [MESSAGE][PASSED] - User navigate to the Gender Screen.......!

2023-02-03 20:24:58 - [TEST_STEP][PASSED] - if (waitForElementPresent(mirror_icon, 10)): null

2023-02-03 20:24:59 - [MESSAGE][PASSED] - Element 'Object Repository/Regression/SC-011 Gender/Mirror Icon' is present

2023-02-03 20:24:59 - [TEST_STEP][PASSED] - markPassed("Mirror icon found on Gender Screen.......!"): Mirror icon found on Gender Screen.......!

2023-02-03 20:24:59 - [MESSAGE][PASSED] - Mirror icon found on Gender Screen.......!

2023-02-03 20:24:59 - [TEST_STEP][PASSED] - if (waitForElementPresent(lbl_how, 10)): null

2023-02-03 20:25:00 - [MESSAGE][PASSED] - Element 'Object Repository/Regression/SC-011 Gender/Lbl text - How do you identify' is present

2023-02-03 20:25:00 - [TEST_STEP][PASSED] - markPassed("How do you identify? label text found.......!"): How do you identify? label text found.......!

2023-02-03 20:25:00 - [MESSAGE][PASSED] - How do you identify? label text found.......!

2023-02-03 20:25:00 - [TEST_STEP][PASSED] - com.spotlove.Utility.dating_Pref(random): com.spotlove.Utility.dating_Pref is PASSED

2023-02-03 20:25:02 - [MESSAGE][PASSED] - com.spotlove.Utility.dating_Pref is PASSED

2023-02-03 20:25:02 - [TEST_STEP][PASSED] - markPassed("Gender selection successfully.......!"): Gender selection successfully.......!

2023-02-03 20:25:02 - [MESSAGE][PASSED] - Gender selection successfully.......!

2023-02-03 20:25:02 - [TEST_STEP][PASSED] - if (waitForElementPresent(btn_G_Continue, 10)): null

2023-02-03 20:25:04 - [MESSAGE][PASSED] - Element 'Object Repository/Regression/SC-011 Gender/btn Continue' is present

2023-02-03 20:25:04 - [TEST_STEP][PASSED] - tap(btn_G_Continue, 10): Tapped on element 'Object Repository/Regression/SC-011 Gender/btn Continue'

2023-02-03 20:25:04 - [MESSAGE][PASSED] - Tapped on element 'Object Repository/Regression/SC-011 Gender/btn Continue'

2023-02-03 20:25:04 - [TEST_STEP][PASSED] - markPassed("User navigate to the Sexual Orientation Screen.......!"): User navigate to the Sexual Orientation Screen.......!

2023-02-03 20:25:04 - [MESSAGE][PASSED] - User navigate to the Sexual Orientation Screen.......!

2023-02-03 20:25:04 - [TEST_STEP][PASSED] - if (waitForElementPresent(profile_icon, 10)): null

2023-02-03 20:25:07 - [MESSAGE][PASSED] - Element 'Object Repository/Regression/SC-012 Into/Person Icon' is present

2023-02-03 20:25:07 - [TEST_STEP][PASSED] - markPassed("Profile icon found on next Screen.......!"): Profile icon found on next Screen.......!

2023-02-03 20:25:07 - [MESSAGE][PASSED] - Profile icon found on next Screen.......!

2023-02-03 20:25:07 - [TEST_STEP][PASSED] - Start listener action : sampleAfterTestCase: null

2023-02-03 20:25:07 - [TEST_STEP][PASSED] - println(testCaseContext.getTestCaseId()): null

2023-02-03 20:25:07 - [TEST_STEP][PASSED] - println(testCaseContext.getTestCaseStatus()): null]]></system-out>
         <system-err><![CDATA[]]></system-err>
      </testcase>
      <testcase name="Test Cases/Regression/LookUps/SL-12 Sexual Orientation" time="18.337" classname="Test Cases/Regression/LookUps/SL-12 Sexual Orientation" status="PASSED">
         <system-out><![CDATA[2023-02-03 20:25:07 - [TEST_CASE][PASSED] - Test Cases/Regression/LookUps/SL-12 Sexual Orientation: Test Cases/Regression/LookUps/SL-12 Sexual Orientation

2023-02-03 20:25:07 - [TEST_STEP][PASSED] - Start listener action : sampleBeforeTestCase: null

2023-02-03 20:25:07 - [TEST_STEP][PASSED] - println(testCaseContext.getTestCaseId()): null

2023-02-03 20:25:07 - [TEST_STEP][PASSED] - println(testCaseContext.getTestCaseVariables()): null

2023-02-03 20:25:07 - [TEST_STEP][PASSED] - if (waitForElementPresent(btn_back, 10)): null

2023-02-03 20:25:08 - [MESSAGE][PASSED] - Element 'Object Repository/Regression/SC-012 Into/btn back' is present

2023-02-03 20:25:08 - [TEST_STEP][PASSED] - tap(btn_back, 10): Tapped on element 'Object Repository/Regression/SC-012 Into/btn back'

2023-02-03 20:25:08 - [MESSAGE][PASSED] - Tapped on element 'Object Repository/Regression/SC-012 Into/btn back'

2023-02-03 20:25:08 - [TEST_STEP][PASSED] - markPassed("User navigate back to the Gender screen......!"): User navigate back to the Gender screen......!

2023-02-03 20:25:08 - [MESSAGE][PASSED] - User navigate back to the Gender screen......!

2023-02-03 20:25:08 - [TEST_STEP][PASSED] - delay(10): Delayed 10 second(s)

2023-02-03 20:25:18 - [MESSAGE][PASSED] - Delayed 10 second(s)

2023-02-03 20:25:18 - [TEST_STEP][PASSED] - if (waitForElementPresent(mirror_icon, 20)): null

2023-02-03 20:25:19 - [MESSAGE][PASSED] - Element 'Object Repository/Regression/SC-011 Gender/Mirror Icon' is present

2023-02-03 20:25:19 - [TEST_STEP][PASSED] - markPassed("Mirror icon found on Gender screen......!"): Mirror icon found on Gender screen......!

2023-02-03 20:25:19 - [MESSAGE][PASSED] - Mirror icon found on Gender screen......!

2023-02-03 20:25:19 - [TEST_STEP][PASSED] - if (waitForElementPresent(btn_continue, 10)): null

2023-02-03 20:25:19 - [MESSAGE][PASSED] - Element 'Object Repository/Regression/SC-011 Gender/btn Continue' is present

2023-02-03 20:25:19 - [TEST_STEP][PASSED] - tap(btn_continue, 10): Tapped on element 'Object Repository/Regression/SC-011 Gender/btn Continue'

2023-02-03 20:25:20 - [MESSAGE][PASSED] - Tapped on element 'Object Repository/Regression/SC-011 Gender/btn Continue'

2023-02-03 20:25:20 - [TEST_STEP][PASSED] - markPassed("User navigate to the Gender Screen......!"): User navigate to the Gender Screen......!

2023-02-03 20:25:20 - [MESSAGE][PASSED] - User navigate to the Gender Screen......!

2023-02-03 20:25:20 - [TEST_STEP][PASSED] - if (waitForElementPresent(profile_icon, 10)): null

2023-02-03 20:25:21 - [MESSAGE][PASSED] - Element 'Object Repository/Regression/SC-012 Into/Person Icon' is present

2023-02-03 20:25:21 - [TEST_STEP][PASSED] - markPassed("Profile icon found on Into screen......!"): Profile icon found on Into screen......!

2023-02-03 20:25:21 - [MESSAGE][PASSED] - Profile icon found on Into screen......!

2023-02-03 20:25:21 - [TEST_STEP][PASSED] - if (waitForElementPresent(lbl_Who, 10)): null

2023-02-03 20:25:22 - [MESSAGE][PASSED] - Element 'Object Repository/Regression/SC-012 Into/Lbl text - Who are you into' is present

2023-02-03 20:25:22 - [TEST_STEP][PASSED] - markPassed("Who are you into? label text found......!"): Who are you into? label text found......!

2023-02-03 20:25:22 - [MESSAGE][PASSED] - Who are you into? label text found......!

2023-02-03 20:25:22 - [TEST_STEP][PASSED] - com.spotlove.Utility.dating_Pref(random): com.spotlove.Utility.dating_Pref is PASSED

2023-02-03 20:25:23 - [MESSAGE][PASSED] - com.spotlove.Utility.dating_Pref is PASSED

2023-02-03 20:25:23 - [TEST_STEP][PASSED] - markPassed("Partner gender Selection successfully......!"): Partner gender Selection successfully......!

2023-02-03 20:25:23 - [MESSAGE][PASSED] - Partner gender Selection successfully......!

2023-02-03 20:25:23 - [TEST_STEP][PASSED] - if (waitForElementPresent(btn_S_Continue, 10)): null

2023-02-03 20:25:24 - [MESSAGE][PASSED] - Element 'Object Repository/Regression/SC-012 Into/btn continue' is present

2023-02-03 20:25:24 - [TEST_STEP][PASSED] - tap(btn_S_Continue, 10): Tapped on element 'Object Repository/Regression/SC-012 Into/btn continue'

2023-02-03 20:25:25 - [MESSAGE][PASSED] - Tapped on element 'Object Repository/Regression/SC-012 Into/btn continue'

2023-02-03 20:25:25 - [TEST_STEP][PASSED] - markPassed("User navigate to the Height Screen.......!"): User navigate to the Height Screen.......!

2023-02-03 20:25:25 - [MESSAGE][PASSED] - User navigate to the Height Screen.......!

2023-02-03 20:25:25 - [TEST_STEP][PASSED] - if (waitForElementPresent(Scale_icon, 10)): null

2023-02-03 20:25:25 - [MESSAGE][PASSED] - Element 'Object Repository/Regression/SC-013 Height/scale icon' is present

2023-02-03 20:25:25 - [TEST_STEP][PASSED] - markPassed("Scale icon found on next Screen.......!"): Scale icon found on next Screen.......!

2023-02-03 20:25:25 - [MESSAGE][PASSED] - Scale icon found on next Screen.......!

2023-02-03 20:25:25 - [TEST_STEP][PASSED] - Start listener action : sampleAfterTestCase: null

2023-02-03 20:25:25 - [TEST_STEP][PASSED] - println(testCaseContext.getTestCaseId()): null

2023-02-03 20:25:25 - [TEST_STEP][PASSED] - println(testCaseContext.getTestCaseStatus()): null]]></system-out>
         <system-err><![CDATA[]]></system-err>
      </testcase>
      <testcase name="Test Cases/Regression/LookUps/SL-13 Height Screen" time="20.917" classname="Test Cases/Regression/LookUps/SL-13 Height Screen" status="PASSED">
         <system-out><![CDATA[2023-02-03 20:25:25 - [TEST_CASE][PASSED] - Test Cases/Regression/LookUps/SL-13 Height Screen: Test Cases/Regression/LookUps/SL-13 Height Screen

2023-02-03 20:25:25 - [TEST_STEP][PASSED] - Start listener action : sampleBeforeTestCase: null

2023-02-03 20:25:25 - [TEST_STEP][PASSED] - println(testCaseContext.getTestCaseId()): null

2023-02-03 20:25:25 - [TEST_STEP][PASSED] - println(testCaseContext.getTestCaseVariables()): null

2023-02-03 20:25:26 - [TEST_STEP][PASSED] - if (waitForElementPresent(btn_back, 10)): null

2023-02-03 20:25:27 - [MESSAGE][PASSED] - Element 'Object Repository/Regression/SC-013 Height/btn back' is present

2023-02-03 20:25:27 - [TEST_STEP][PASSED] - tap(btn_back, 10): Tapped on element 'Object Repository/Regression/SC-013 Height/btn back'

2023-02-03 20:25:28 - [MESSAGE][PASSED] - Tapped on element 'Object Repository/Regression/SC-013 Height/btn back'

2023-02-03 20:25:28 - [TEST_STEP][PASSED] - markPassed("User navigate back to the Sexual Orientation screen......!"): User navigate back to the Sexual Orientation screen......!

2023-02-03 20:25:28 - [MESSAGE][PASSED] - User navigate back to the Sexual Orientation screen......!

2023-02-03 20:25:28 - [TEST_STEP][PASSED] - delay(10): Delayed 10 second(s)

2023-02-03 20:25:38 - [MESSAGE][PASSED] - Delayed 10 second(s)

2023-02-03 20:25:38 - [TEST_STEP][PASSED] - if (waitForElementPresent(profile_icon, 10)): null

2023-02-03 20:25:40 - [MESSAGE][PASSED] - Element 'Object Repository/Regression/SC-012 Into/Person Icon' is present

2023-02-03 20:25:40 - [TEST_STEP][PASSED] - markPassed("Profile icon found on Gender screen......!"): Profile icon found on Gender screen......!

2023-02-03 20:25:40 - [MESSAGE][PASSED] - Profile icon found on Gender screen......!

2023-02-03 20:25:40 - [TEST_STEP][PASSED] - if (waitForElementPresent(btn_continue, 10)): null

2023-02-03 20:25:40 - [MESSAGE][PASSED] - Element 'Object Repository/Regression/SC-012 Into/btn continue' is present

2023-02-03 20:25:40 - [TEST_STEP][PASSED] - tap(btn_continue, 10): Tapped on element 'Object Repository/Regression/SC-012 Into/btn continue'

2023-02-03 20:25:40 - [MESSAGE][PASSED] - Tapped on element 'Object Repository/Regression/SC-012 Into/btn continue'

2023-02-03 20:25:40 - [TEST_STEP][PASSED] - markPassed("User navigate to the Height Screen......!"): User navigate to the Height Screen......!

2023-02-03 20:25:40 - [MESSAGE][PASSED] - User navigate to the Height Screen......!

2023-02-03 20:25:40 - [TEST_STEP][PASSED] - if (waitForElementPresent(scale_icon, 10)): null

2023-02-03 20:25:43 - [MESSAGE][PASSED] - Element 'Object Repository/Regression/SC-013 Height/scale icon' is present

2023-02-03 20:25:43 - [TEST_STEP][PASSED] - markPassed("Scale icon found on Into screen......!"): Scale icon found on Into screen......!

2023-02-03 20:25:43 - [MESSAGE][PASSED] - Scale icon found on Into screen......!

2023-02-03 20:25:43 - [TEST_STEP][PASSED] - if (waitForElementPresent(lbl_How, 10)): null

2023-02-03 20:25:44 - [MESSAGE][PASSED] - Element 'Object Repository/Regression/SC-013 Height/Lbl text - How tall are you' is present

2023-02-03 20:25:44 - [TEST_STEP][PASSED] - markPassed("How tall are you? label text found......!"): How tall are you? label text found......!

2023-02-03 20:25:44 - [MESSAGE][PASSED] - How tall are you? label text found......!

2023-02-03 20:25:44 - [TEST_STEP][PASSED] - if (waitForElementPresent(btn_H_Continue, 10)): null

2023-02-03 20:25:44 - [MESSAGE][PASSED] - Element 'Object Repository/Regression/SC-013 Height/btn continue' is present

2023-02-03 20:25:44 - [TEST_STEP][PASSED] - tap(btn_H_Continue, 10): Tapped on element 'Object Repository/Regression/SC-013 Height/btn continue'

2023-02-03 20:25:46 - [MESSAGE][PASSED] - Tapped on element 'Object Repository/Regression/SC-013 Height/btn continue'

2023-02-03 20:25:46 - [TEST_STEP][PASSED] - markPassed("User navigate to the Ethnicity Screen.......!"): User navigate to the Ethnicity Screen.......!

2023-02-03 20:25:46 - [MESSAGE][PASSED] - User navigate to the Ethnicity Screen.......!

2023-02-03 20:25:46 - [TEST_STEP][PASSED] - if (waitForElementPresent(ethnicity_icon, 10)): null

2023-02-03 20:25:46 - [MESSAGE][PASSED] - Element 'Object Repository/Regression/SC-014 Ethnicity/Ethnicity Icon' is present

2023-02-03 20:25:46 - [TEST_STEP][PASSED] - markPassed("Ethnicity icon found on next Screen.......!"): Ethnicity icon found on next Screen.......!

2023-02-03 20:25:46 - [MESSAGE][PASSED] - Ethnicity icon found on next Screen.......!

2023-02-03 20:25:46 - [TEST_STEP][PASSED] - Start listener action : sampleAfterTestCase: null

2023-02-03 20:25:46 - [TEST_STEP][PASSED] - println(testCaseContext.getTestCaseId()): null

2023-02-03 20:25:46 - [TEST_STEP][PASSED] - println(testCaseContext.getTestCaseStatus()): null]]></system-out>
         <system-err><![CDATA[]]></system-err>
      </testcase>
      <testcase name="Test Cases/Regression/LookUps/SL-14 Ethnicity" time="29.765" classname="Test Cases/Regression/LookUps/SL-14 Ethnicity" status="PASSED">
         <system-out><![CDATA[2023-02-03 20:25:46 - [TEST_CASE][PASSED] - Test Cases/Regression/LookUps/SL-14 Ethnicity: Test Cases/Regression/LookUps/SL-14 Ethnicity

2023-02-03 20:25:46 - [TEST_STEP][PASSED] - Start listener action : sampleBeforeTestCase: null

2023-02-03 20:25:46 - [TEST_STEP][PASSED] - println(testCaseContext.getTestCaseId()): null

2023-02-03 20:25:46 - [TEST_STEP][PASSED] - println(testCaseContext.getTestCaseVariables()): null

2023-02-03 20:25:47 - [TEST_STEP][PASSED] - if (waitForElementPresent(btn_back, 10)): null

2023-02-03 20:25:49 - [MESSAGE][PASSED] - Element 'Object Repository/Regression/SC-014 Ethnicity/btn back' is present

2023-02-03 20:25:49 - [TEST_STEP][PASSED] - tap(btn_back, 10): Tapped on element 'Object Repository/Regression/SC-014 Ethnicity/btn back'

2023-02-03 20:25:49 - [MESSAGE][PASSED] - Tapped on element 'Object Repository/Regression/SC-014 Ethnicity/btn back'

2023-02-03 20:25:49 - [TEST_STEP][PASSED] - markPassed("User navigate back to the Height screen......!"): User navigate back to the Height screen......!

2023-02-03 20:25:49 - [MESSAGE][PASSED] - User navigate back to the Height screen......!

2023-02-03 20:25:49 - [TEST_STEP][PASSED] - delay(10): Delayed 10 second(s)

2023-02-03 20:25:59 - [MESSAGE][PASSED] - Delayed 10 second(s)

2023-02-03 20:25:59 - [TEST_STEP][PASSED] - if (waitForElementPresent(scale_icon, 20)): null

2023-02-03 20:26:01 - [MESSAGE][PASSED] - Element 'Object Repository/Regression/SC-013 Height/scale icon' is present

2023-02-03 20:26:01 - [TEST_STEP][PASSED] - markPassed("Scale icon found on Height screen......!"): Scale icon found on Height screen......!

2023-02-03 20:26:01 - [MESSAGE][PASSED] - Scale icon found on Height screen......!

2023-02-03 20:26:01 - [TEST_STEP][PASSED] - if (waitForElementPresent(btn_continue, 10)): null

2023-02-03 20:26:01 - [MESSAGE][PASSED] - Element 'Object Repository/Regression/SC-013 Height/btn continue' is present

2023-02-03 20:26:01 - [TEST_STEP][PASSED] - tap(btn_continue, 10): Tapped on element 'Object Repository/Regression/SC-013 Height/btn continue'

2023-02-03 20:26:02 - [MESSAGE][PASSED] - Tapped on element 'Object Repository/Regression/SC-013 Height/btn continue'

2023-02-03 20:26:02 - [TEST_STEP][PASSED] - markPassed("User navigate to the Ethnicity Screen......!"): User navigate to the Ethnicity Screen......!

2023-02-03 20:26:02 - [MESSAGE][PASSED] - User navigate to the Ethnicity Screen......!

2023-02-03 20:26:02 - [TEST_STEP][PASSED] - if (waitForElementPresent(ethnicity_icon, 10)): null

2023-02-03 20:26:04 - [MESSAGE][PASSED] - Element 'Object Repository/Regression/SC-014 Ethnicity/Ethnicity Icon' is present

2023-02-03 20:26:04 - [TEST_STEP][PASSED] - markPassed("Ethnicity icon found on Ethnicity screen......!"): Ethnicity icon found on Ethnicity screen......!

2023-02-03 20:26:04 - [MESSAGE][PASSED] - Ethnicity icon found on Ethnicity screen......!

2023-02-03 20:26:04 - [TEST_STEP][PASSED] - if (waitForElementPresent(lbl_What, 10)): null

2023-02-03 20:26:04 - [MESSAGE][PASSED] - Element 'Object Repository/Regression/SC-014 Ethnicity/Lbl text - Whats your ethnicity' is present

2023-02-03 20:26:04 - [TEST_STEP][PASSED] - markPassed("What's your ethnicity? label text found......!"): What's your ethnicity? label text found......!

2023-02-03 20:26:04 - [MESSAGE][PASSED] - What's your ethnicity? label text found......!

2023-02-03 20:26:04 - [TEST_STEP][PASSED] - com.spotlove.Utility.dating_Pref(random): com.spotlove.Utility.dating_Pref is PASSED

2023-02-03 20:26:13 - [MESSAGE][PASSED] - com.spotlove.Utility.dating_Pref is PASSED

2023-02-03 20:26:13 - [TEST_STEP][PASSED] - markPassed("Ethnicity Selection successfully......!"): Ethnicity Selection successfully......!

2023-02-03 20:26:13 - [MESSAGE][PASSED] - Ethnicity Selection successfully......!

2023-02-03 20:26:13 - [TEST_STEP][PASSED] - if (waitForElementPresent(btn_E_Continue, 10)): null

2023-02-03 20:26:14 - [MESSAGE][PASSED] - Element 'Object Repository/Regression/SC-014 Ethnicity/btn Continue' is present

2023-02-03 20:26:14 - [TEST_STEP][PASSED] - tap(btn_E_Continue, 10): Tapped on element 'Object Repository/Regression/SC-014 Ethnicity/btn Continue'

2023-02-03 20:26:14 - [MESSAGE][PASSED] - Tapped on element 'Object Repository/Regression/SC-014 Ethnicity/btn Continue'

2023-02-03 20:26:14 - [TEST_STEP][PASSED] - markPassed("User navigate to the Height Screen.......!"): User navigate to the Height Screen.......!

2023-02-03 20:26:14 - [MESSAGE][PASSED] - User navigate to the Height Screen.......!

2023-02-03 20:26:14 - [TEST_STEP][PASSED] - if (waitForElementPresent(book_icon, 10)): null

2023-02-03 20:26:16 - [MESSAGE][PASSED] - Element 'Object Repository/Regression/SC-015 Religion/Holy Book Icon' is present

2023-02-03 20:26:16 - [TEST_STEP][PASSED] - markPassed("Holly Book icon found on next Screen.......!"): Holly Book icon found on next Screen.......!

2023-02-03 20:26:16 - [MESSAGE][PASSED] - Holly Book icon found on next Screen.......!

2023-02-03 20:26:16 - [TEST_STEP][PASSED] - Start listener action : sampleAfterTestCase: null

2023-02-03 20:26:16 - [TEST_STEP][PASSED] - println(testCaseContext.getTestCaseId()): null

2023-02-03 20:26:16 - [TEST_STEP][PASSED] - println(testCaseContext.getTestCaseStatus()): null]]></system-out>
         <system-err><![CDATA[]]></system-err>
      </testcase>
      <testcase name="Test Cases/Regression/LookUps/SL-15 Religion" time="31.098" classname="Test Cases/Regression/LookUps/SL-15 Religion" status="PASSED">
         <system-out><![CDATA[2023-02-03 20:26:16 - [TEST_CASE][PASSED] - Test Cases/Regression/LookUps/SL-15 Religion: Test Cases/Regression/LookUps/SL-15 Religion

2023-02-03 20:26:16 - [TEST_STEP][PASSED] - Start listener action : sampleBeforeTestCase: null

2023-02-03 20:26:16 - [TEST_STEP][PASSED] - println(testCaseContext.getTestCaseId()): null

2023-02-03 20:26:16 - [TEST_STEP][PASSED] - println(testCaseContext.getTestCaseVariables()): null

2023-02-03 20:26:16 - [TEST_STEP][PASSED] - if (waitForElementPresent(btn_back, 10)): null

2023-02-03 20:26:17 - [MESSAGE][PASSED] - Element 'Object Repository/Regression/SC-015 Religion/btn back' is present

2023-02-03 20:26:17 - [TEST_STEP][PASSED] - tap(btn_back, 10): Tapped on element 'Object Repository/Regression/SC-015 Religion/btn back'

2023-02-03 20:26:19 - [MESSAGE][PASSED] - Tapped on element 'Object Repository/Regression/SC-015 Religion/btn back'

2023-02-03 20:26:19 - [TEST_STEP][PASSED] - markPassed("User navigate back to the Ethinicity screen......!"): User navigate back to the Ethinicity screen......!

2023-02-03 20:26:19 - [MESSAGE][PASSED] - User navigate back to the Ethinicity screen......!

2023-02-03 20:26:19 - [TEST_STEP][PASSED] - delay(10): Delayed 10 second(s)

2023-02-03 20:26:29 - [MESSAGE][PASSED] - Delayed 10 second(s)

2023-02-03 20:26:29 - [TEST_STEP][PASSED] - if (waitForElementPresent(ethnicity_icon, 20)): null

2023-02-03 20:26:32 - [MESSAGE][PASSED] - Element 'Object Repository/Regression/SC-014 Ethnicity/Ethnicity Icon' is present

2023-02-03 20:26:32 - [TEST_STEP][PASSED] - markPassed("Ethnicity icon found on Ethnicty screen......!"): Ethnicity icon found on Ethnicty screen......!

2023-02-03 20:26:32 - [MESSAGE][PASSED] - Ethnicity icon found on Ethnicty screen......!

2023-02-03 20:26:32 - [TEST_STEP][PASSED] - if (waitForElementPresent(btn_continue, 10)): null

2023-02-03 20:26:32 - [MESSAGE][PASSED] - Element 'Object Repository/Regression/SC-014 Ethnicity/btn Continue' is present

2023-02-03 20:26:32 - [TEST_STEP][PASSED] - tap(btn_continue, 10): Tapped on element 'Object Repository/Regression/SC-014 Ethnicity/btn Continue'

2023-02-03 20:26:34 - [MESSAGE][PASSED] - Tapped on element 'Object Repository/Regression/SC-014 Ethnicity/btn Continue'

2023-02-03 20:26:34 - [TEST_STEP][PASSED] - markPassed("User navigate to the Religon Screen......!"): User navigate to the Religon Screen......!

2023-02-03 20:26:34 - [MESSAGE][PASSED] - User navigate to the Religon Screen......!

2023-02-03 20:26:34 - [TEST_STEP][PASSED] - if (waitForElementPresent(book_icon, 10)): null

2023-02-03 20:26:34 - [MESSAGE][PASSED] - Element 'Object Repository/Regression/SC-015 Religion/Holy Book Icon' is present

2023-02-03 20:26:34 - [TEST_STEP][PASSED] - markPassed("Book icon found on Religon screen......!"): Book icon found on Religon screen......!

2023-02-03 20:26:34 - [MESSAGE][PASSED] - Book icon found on Religon screen......!

2023-02-03 20:26:34 - [TEST_STEP][PASSED] - if (waitForElementPresent(lbl_What, 10)): null

2023-02-03 20:26:38 - [MESSAGE][PASSED] - Element 'Object Repository/Regression/SC-015 Religion/Lbl text - Whats your religion' is present

2023-02-03 20:26:38 - [TEST_STEP][PASSED] - markPassed("What's your religon? label text found......!"): What's your religon? label text found......!

2023-02-03 20:26:38 - [MESSAGE][PASSED] - What's your religon? label text found......!

2023-02-03 20:26:38 - [TEST_STEP][PASSED] - com.spotlove.Utility.dating_Pref(random): com.spotlove.Utility.dating_Pref is PASSED

2023-02-03 20:26:46 - [MESSAGE][PASSED] - com.spotlove.Utility.dating_Pref is PASSED

2023-02-03 20:26:46 - [TEST_STEP][PASSED] - markPassed("Religon Selection successfully......!"): Religon Selection successfully......!

2023-02-03 20:26:46 - [MESSAGE][PASSED] - Religon Selection successfully......!

2023-02-03 20:26:46 - [TEST_STEP][PASSED] - if (waitForElementPresent(btn_R_Continue, 10)): null

2023-02-03 20:26:46 - [MESSAGE][PASSED] - Element 'Object Repository/Regression/SC-015 Religion/btn Continue' is present

2023-02-03 20:26:46 - [TEST_STEP][PASSED] - tap(btn_R_Continue, 10): Tapped on element 'Object Repository/Regression/SC-015 Religion/btn Continue'

2023-02-03 20:26:47 - [MESSAGE][PASSED] - Tapped on element 'Object Repository/Regression/SC-015 Religion/btn Continue'

2023-02-03 20:26:47 - [TEST_STEP][PASSED] - markPassed("User navigate to the Ethnicity Screen.......!"): User navigate to the Ethnicity Screen.......!

2023-02-03 20:26:47 - [MESSAGE][PASSED] - User navigate to the Ethnicity Screen.......!

2023-02-03 20:26:47 - [TEST_STEP][PASSED] - if (waitForElementPresent(heart_icon, 10)): null

2023-02-03 20:26:47 - [MESSAGE][PASSED] - Element 'Object Repository/Regression/SC-016 Relationship Status/Heart icon' is present

2023-02-03 20:26:47 - [TEST_STEP][PASSED] - markPassed("Heart icon found on next Screen.......!"): Heart icon found on next Screen.......!

2023-02-03 20:26:47 - [MESSAGE][PASSED] - Heart icon found on next Screen.......!

2023-02-03 20:26:47 - [TEST_STEP][PASSED] - Start listener action : sampleAfterTestCase: null

2023-02-03 20:26:47 - [TEST_STEP][PASSED] - println(testCaseContext.getTestCaseId()): null

2023-02-03 20:26:47 - [TEST_STEP][PASSED] - println(testCaseContext.getTestCaseStatus()): null]]></system-out>
         <system-err><![CDATA[]]></system-err>
      </testcase>
      <testcase name="Test Cases/Regression/LookUps/SL-16 Relationship Status" time="24.163" classname="Test Cases/Regression/LookUps/SL-16 Relationship Status" status="PASSED">
         <system-out><![CDATA[2023-02-03 20:26:47 - [TEST_CASE][PASSED] - Test Cases/Regression/LookUps/SL-16 Relationship Status: Test Cases/Regression/LookUps/SL-16 Relationship Status

2023-02-03 20:26:47 - [TEST_STEP][PASSED] - Start listener action : sampleBeforeTestCase: null

2023-02-03 20:26:47 - [TEST_STEP][PASSED] - println(testCaseContext.getTestCaseId()): null

2023-02-03 20:26:47 - [TEST_STEP][PASSED] - println(testCaseContext.getTestCaseVariables()): null

2023-02-03 20:26:47 - [TEST_STEP][PASSED] - if (waitForElementPresent(btn_back, 10)): null

2023-02-03 20:26:49 - [MESSAGE][PASSED] - Element 'Object Repository/Regression/SC-016 Relationship Status/btn back' is present

2023-02-03 20:26:49 - [TEST_STEP][PASSED] - tap(btn_back, 10): Tapped on element 'Object Repository/Regression/SC-016 Relationship Status/btn back'

2023-02-03 20:26:50 - [MESSAGE][PASSED] - Tapped on element 'Object Repository/Regression/SC-016 Relationship Status/btn back'

2023-02-03 20:26:50 - [TEST_STEP][PASSED] - markPassed("User navigate back to the Religon screen......!"): User navigate back to the Religon screen......!

2023-02-03 20:26:50 - [MESSAGE][PASSED] - User navigate back to the Religon screen......!

2023-02-03 20:26:50 - [TEST_STEP][PASSED] - delay(10): Delayed 10 second(s)

2023-02-03 20:27:00 - [MESSAGE][PASSED] - Delayed 10 second(s)

2023-02-03 20:27:00 - [TEST_STEP][PASSED] - if (waitForElementPresent(book_icon, 20)): null

2023-02-03 20:27:01 - [MESSAGE][PASSED] - Element 'Object Repository/Regression/SC-015 Religion/Holy Book Icon' is present

2023-02-03 20:27:01 - [TEST_STEP][PASSED] - markPassed("book icon found on Religon screen......!"): book icon found on Religon screen......!

2023-02-03 20:27:01 - [MESSAGE][PASSED] - book icon found on Religon screen......!

2023-02-03 20:27:01 - [TEST_STEP][PASSED] - if (waitForElementPresent(btn_continue, 10)): null

2023-02-03 20:27:01 - [MESSAGE][PASSED] - Element 'Object Repository/Regression/SC-015 Religion/btn Continue' is present

2023-02-03 20:27:01 - [TEST_STEP][PASSED] - tap(btn_continue, 10): Tapped on element 'Object Repository/Regression/SC-015 Religion/btn Continue'

2023-02-03 20:27:02 - [MESSAGE][PASSED] - Tapped on element 'Object Repository/Regression/SC-015 Religion/btn Continue'

2023-02-03 20:27:02 - [TEST_STEP][PASSED] - markPassed("User navigate to the Reletionship Status Screen......!"): User navigate to the Reletionship Status Screen......!

2023-02-03 20:27:02 - [MESSAGE][PASSED] - User navigate to the Reletionship Status Screen......!

2023-02-03 20:27:02 - [TEST_STEP][PASSED] - if (waitForElementPresent(heart_icon, 10)): null

2023-02-03 20:27:02 - [MESSAGE][PASSED] - Element 'Object Repository/Regression/SC-016 Relationship Status/Heart icon' is present

2023-02-03 20:27:02 - [TEST_STEP][PASSED] - markPassed("Heart icon found on Reletionship Status screen......!"): Heart icon found on Reletionship Status screen......!

2023-02-03 20:27:02 - [MESSAGE][PASSED] - Heart icon found on Reletionship Status screen......!

2023-02-03 20:27:02 - [TEST_STEP][PASSED] - if (waitForElementPresent(lbl_What, 10)): null

2023-02-03 20:27:04 - [MESSAGE][PASSED] - Element 'Object Repository/Regression/SC-016 Relationship Status/Lbl text - Whats your relationship status' is present

2023-02-03 20:27:04 - [TEST_STEP][PASSED] - markPassed("What's your Reletionship Status? label text found......!"): What's your Reletionship Status? label text found......!

2023-02-03 20:27:04 - [MESSAGE][PASSED] - What's your Reletionship Status? label text found......!

2023-02-03 20:27:04 - [TEST_STEP][PASSED] - com.spotlove.Utility.dating_Pref(random): com.spotlove.Utility.dating_Pref is PASSED

2023-02-03 20:27:09 - [MESSAGE][PASSED] - com.spotlove.Utility.dating_Pref is PASSED

2023-02-03 20:27:09 - [TEST_STEP][PASSED] - markPassed("Reletionship Status Selection successfully......!"): Reletionship Status Selection successfully......!

2023-02-03 20:27:09 - [MESSAGE][PASSED] - Reletionship Status Selection successfully......!

2023-02-03 20:27:09 - [TEST_STEP][PASSED] - if (waitForElementPresent(btn_R_Continue, 10)): null

2023-02-03 20:27:10 - [MESSAGE][PASSED] - Element 'Object Repository/Regression/SC-016 Relationship Status/btn continue' is present

2023-02-03 20:27:10 - [TEST_STEP][PASSED] - tap(btn_R_Continue, 10): Tapped on element 'Object Repository/Regression/SC-016 Relationship Status/btn continue'

2023-02-03 20:27:11 - [MESSAGE][PASSED] - Tapped on element 'Object Repository/Regression/SC-016 Relationship Status/btn continue'

2023-02-03 20:27:11 - [TEST_STEP][PASSED] - markPassed("User navigate to the Children & Family Plan Screen.......!"): User navigate to the Children & Family Plan Screen.......!

2023-02-03 20:27:11 - [MESSAGE][PASSED] - User navigate to the Children & Family Plan Screen.......!

2023-02-03 20:27:11 - [TEST_STEP][PASSED] - if (waitForElementPresent(face_icon, 10)): null

2023-02-03 20:27:11 - [MESSAGE][PASSED] - Element 'Object Repository/Regression/SC-017 Family Plan/Face icon' is present

2023-02-03 20:27:11 - [TEST_STEP][PASSED] - markPassed("Face icon found on next Screen.......!"): Face icon found on next Screen.......!

2023-02-03 20:27:11 - [MESSAGE][PASSED] - Face icon found on next Screen.......!

2023-02-03 20:27:11 - [TEST_STEP][PASSED] - Start listener action : sampleAfterTestCase: null

2023-02-03 20:27:11 - [TEST_STEP][PASSED] - println(testCaseContext.getTestCaseId()): null

2023-02-03 20:27:11 - [TEST_STEP][PASSED] - println(testCaseContext.getTestCaseStatus()): null]]></system-out>
         <system-err><![CDATA[]]></system-err>
      </testcase>
      <testcase name="Test Cases/Regression/LookUps/SL-17 Family Plan" time="25.702" classname="Test Cases/Regression/LookUps/SL-17 Family Plan" status="PASSED">
         <system-out><![CDATA[2023-02-03 20:27:11 - [TEST_CASE][PASSED] - Test Cases/Regression/LookUps/SL-17 Family Plan: Test Cases/Regression/LookUps/SL-17 Family Plan

2023-02-03 20:27:11 - [TEST_STEP][PASSED] - Start listener action : sampleBeforeTestCase: null

2023-02-03 20:27:11 - [TEST_STEP][PASSED] - println(testCaseContext.getTestCaseId()): null

2023-02-03 20:27:11 - [TEST_STEP][PASSED] - println(testCaseContext.getTestCaseVariables()): null

2023-02-03 20:27:12 - [TEST_STEP][PASSED] - if (waitForElementPresent(btn_back, 10)): null

2023-02-03 20:27:14 - [MESSAGE][PASSED] - Element 'Object Repository/Regression/SC-017 Family Plan/btn back' is present

2023-02-03 20:27:14 - [TEST_STEP][PASSED] - tap(btn_back, 10): Tapped on element 'Object Repository/Regression/SC-017 Family Plan/btn back'

2023-02-03 20:27:14 - [MESSAGE][PASSED] - Tapped on element 'Object Repository/Regression/SC-017 Family Plan/btn back'

2023-02-03 20:27:14 - [TEST_STEP][PASSED] - markPassed("User navigate back to the Relationship Status screen......!"): User navigate back to the Relationship Status screen......!

2023-02-03 20:27:14 - [MESSAGE][PASSED] - User navigate back to the Relationship Status screen......!

2023-02-03 20:27:14 - [TEST_STEP][PASSED] - delay(10): Delayed 10 second(s)

2023-02-03 20:27:24 - [MESSAGE][PASSED] - Delayed 10 second(s)

2023-02-03 20:27:24 - [TEST_STEP][PASSED] - if (waitForElementPresent(heart_icon, 20)): null

2023-02-03 20:27:25 - [MESSAGE][PASSED] - Element 'Object Repository/Regression/SC-016 Relationship Status/Heart icon' is present

2023-02-03 20:27:25 - [TEST_STEP][PASSED] - markPassed("Heart icon found on  Relationship Status screen......!"): Heart icon found on  Relationship Status screen......!

2023-02-03 20:27:25 - [MESSAGE][PASSED] - Heart icon found on  Relationship Status screen......!

2023-02-03 20:27:25 - [TEST_STEP][PASSED] - if (waitForElementPresent(btn_continue, 10)): null

2023-02-03 20:27:26 - [MESSAGE][PASSED] - Element 'Object Repository/Regression/SC-016 Relationship Status/btn continue' is present

2023-02-03 20:27:26 - [TEST_STEP][PASSED] - tap(btn_continue, 10): Tapped on element 'Object Repository/Regression/SC-016 Relationship Status/btn continue'

2023-02-03 20:27:26 - [MESSAGE][PASSED] - Tapped on element 'Object Repository/Regression/SC-016 Relationship Status/btn continue'

2023-02-03 20:27:26 - [TEST_STEP][PASSED] - markPassed("User navigate to the Family Plan Screen......!"): User navigate to the Family Plan Screen......!

2023-02-03 20:27:26 - [MESSAGE][PASSED] - User navigate to the Family Plan Screen......!

2023-02-03 20:27:26 - [TEST_STEP][PASSED] - if (waitForElementPresent(face_icon, 10)): null

2023-02-03 20:27:28 - [MESSAGE][PASSED] - Element 'Object Repository/Regression/SC-017 Family Plan/Face icon' is present

2023-02-03 20:27:28 - [TEST_STEP][PASSED] - markPassed("Face icon found on Family Plan screen......!"): Face icon found on Family Plan screen......!

2023-02-03 20:27:28 - [MESSAGE][PASSED] - Face icon found on Family Plan screen......!

2023-02-03 20:27:28 - [TEST_STEP][PASSED] - if (waitForElementPresent(lbl_tell, 10)): null

2023-02-03 20:27:28 - [MESSAGE][PASSED] - Element 'Object Repository/Regression/SC-017 Family Plan/Lbl text - Tell us about your family' is present

2023-02-03 20:27:28 - [TEST_STEP][PASSED] - markPassed("Tell us about your family label text found......!"): Tell us about your family label text found......!

2023-02-03 20:27:28 - [MESSAGE][PASSED] - Tell us about your family label text found......!

2023-02-03 20:27:28 - [TEST_STEP][PASSED] - if (waitForElementPresent(lbl_do, 10)): null

2023-02-03 20:27:29 - [MESSAGE][PASSED] - Element 'Object Repository/Regression/SC-017 Family Plan/Lbl text - Do you have children' is present

2023-02-03 20:27:29 - [TEST_STEP][PASSED] - markPassed("Do you have children? label text found......!"): Do you have children? label text found......!

2023-02-03 20:27:29 - [MESSAGE][PASSED] - Do you have children? label text found......!

2023-02-03 20:27:29 - [TEST_STEP][PASSED] - com.spotlove.Utility.comma_sprt_value(random): com.spotlove.Utility.comma_sprt_value is PASSED

2023-02-03 20:27:29 - [MESSAGE][PASSED] - com.spotlove.Utility.comma_sprt_value is PASSED

2023-02-03 20:27:29 - [TEST_STEP][PASSED] - markPassed("Children Selection successfully......!"): Children Selection successfully......!

2023-02-03 20:27:29 - [MESSAGE][PASSED] - Children Selection successfully......!

2023-02-03 20:27:29 - [TEST_STEP][PASSED] - if (waitForElementPresent(lbl_what, 10)): null

2023-02-03 20:27:30 - [MESSAGE][PASSED] - Element 'Object Repository/Regression/SC-017 Family Plan/Lbl text - What are your family plans' is present

2023-02-03 20:27:30 - [TEST_STEP][PASSED] - markPassed("What are your family Plans? label text found......!"): What are your family Plans? label text found......!

2023-02-03 20:27:30 - [MESSAGE][PASSED] - What are your family Plans? label text found......!

2023-02-03 20:27:30 - [TEST_STEP][PASSED] - com.spotlove.Utility.dating_Pref(randoom): com.spotlove.Utility.dating_Pref is PASSED

2023-02-03 20:27:32 - [MESSAGE][PASSED] - com.spotlove.Utility.dating_Pref is PASSED

2023-02-03 20:27:32 - [TEST_STEP][PASSED] - markPassed("Family Plan Selection successfully......!"): Family Plan Selection successfully......!

2023-02-03 20:27:32 - [MESSAGE][PASSED] - Family Plan Selection successfully......!

2023-02-03 20:27:32 - [TEST_STEP][PASSED] - if (waitForElementPresent(btn_F_Continue, 10)): null

2023-02-03 20:27:34 - [MESSAGE][PASSED] - Element 'Object Repository/Regression/SC-017 Family Plan/btn Continue' is present

2023-02-03 20:27:34 - [TEST_STEP][PASSED] - tap(btn_F_Continue, 10): Tapped on element 'Object Repository/Regression/SC-017 Family Plan/btn Continue'

2023-02-03 20:27:36 - [MESSAGE][PASSED] - Tapped on element 'Object Repository/Regression/SC-017 Family Plan/btn Continue'

2023-02-03 20:27:36 - [TEST_STEP][PASSED] - markPassed("User navigate to the Education Screen.......!"): User navigate to the Education Screen.......!

2023-02-03 20:27:36 - [MESSAGE][PASSED] - User navigate to the Education Screen.......!

2023-02-03 20:27:36 - [TEST_STEP][PASSED] - if (waitForElementPresent(studyHat_icon, 10)): null

2023-02-03 20:27:37 - [MESSAGE][PASSED] - Element 'Object Repository/Regression/SC-018 Education/Hat Icon' is present

2023-02-03 20:27:37 - [TEST_STEP][PASSED] - markPassed("Study Hat icon found on next Screen.......!"): Study Hat icon found on next Screen.......!

2023-02-03 20:27:37 - [MESSAGE][PASSED] - Study Hat icon found on next Screen.......!

2023-02-03 20:27:37 - [TEST_STEP][PASSED] - Start listener action : sampleAfterTestCase: null

2023-02-03 20:27:37 - [TEST_STEP][PASSED] - println(testCaseContext.getTestCaseId()): null

2023-02-03 20:27:37 - [TEST_STEP][PASSED] - println(testCaseContext.getTestCaseStatus()): null]]></system-out>
         <system-err><![CDATA[]]></system-err>
      </testcase>
      <testcase name="Test Cases/Regression/LookUps/SL-18 Education" time="19.246" classname="Test Cases/Regression/LookUps/SL-18 Education" status="PASSED">
         <system-out><![CDATA[2023-02-03 20:27:37 - [TEST_CASE][PASSED] - Test Cases/Regression/LookUps/SL-18 Education: Test Cases/Regression/LookUps/SL-18 Education

2023-02-03 20:27:37 - [TEST_STEP][PASSED] - Start listener action : sampleBeforeTestCase: null

2023-02-03 20:27:37 - [TEST_STEP][PASSED] - println(testCaseContext.getTestCaseId()): null

2023-02-03 20:27:37 - [TEST_STEP][PASSED] - println(testCaseContext.getTestCaseVariables()): null

2023-02-03 20:27:37 - [TEST_STEP][PASSED] - if (waitForElementPresent(btn_back, 10)): null

2023-02-03 20:27:38 - [MESSAGE][PASSED] - Element 'Object Repository/Regression/SC-018 Education/btn back' is present

2023-02-03 20:27:38 - [TEST_STEP][PASSED] - tap(btn_back, 10): Tapped on element 'Object Repository/Regression/SC-018 Education/btn back'

2023-02-03 20:27:39 - [MESSAGE][PASSED] - Tapped on element 'Object Repository/Regression/SC-018 Education/btn back'

2023-02-03 20:27:39 - [TEST_STEP][PASSED] - markPassed("User navigate back to the Family Plans screen......!"): User navigate back to the Family Plans screen......!

2023-02-03 20:27:39 - [MESSAGE][PASSED] - User navigate back to the Family Plans screen......!

2023-02-03 20:27:39 - [TEST_STEP][PASSED] - delay(10): Delayed 10 second(s)

2023-02-03 20:27:49 - [MESSAGE][PASSED] - Delayed 10 second(s)

2023-02-03 20:27:49 - [TEST_STEP][PASSED] - if (waitForElementPresent(face_icon, 20)): null

2023-02-03 20:27:49 - [MESSAGE][PASSED] - Element 'Object Repository/Regression/SC-017 Family Plan/Face icon' is present

2023-02-03 20:27:49 - [TEST_STEP][PASSED] - markPassed("Face icon found on Religon screen......!"): Face icon found on Religon screen......!

2023-02-03 20:27:49 - [MESSAGE][PASSED] - Face icon found on Religon screen......!

2023-02-03 20:27:49 - [TEST_STEP][PASSED] - if (waitForElementPresent(btn_continue, 10)): null

2023-02-03 20:27:50 - [MESSAGE][PASSED] - Element 'Object Repository/Regression/SC-017 Family Plan/btn Continue' is present

2023-02-03 20:27:50 - [TEST_STEP][PASSED] - tap(btn_continue, 10): Tapped on element 'Object Repository/Regression/SC-017 Family Plan/btn Continue'

2023-02-03 20:27:50 - [MESSAGE][PASSED] - Tapped on element 'Object Repository/Regression/SC-017 Family Plan/btn Continue'

2023-02-03 20:27:50 - [TEST_STEP][PASSED] - markPassed("User navigate to the Education Screen......!"): User navigate to the Education Screen......!

2023-02-03 20:27:50 - [MESSAGE][PASSED] - User navigate to the Education Screen......!

2023-02-03 20:27:50 - [TEST_STEP][PASSED] - if (waitForElementPresent(hat_icon, 10)): null

2023-02-03 20:27:52 - [MESSAGE][PASSED] - Element 'Object Repository/Regression/SC-018 Education/Hat Icon' is present

2023-02-03 20:27:52 - [TEST_STEP][PASSED] - markPassed("Hat icon found on Education screen......!"): Hat icon found on Education screen......!

2023-02-03 20:27:52 - [MESSAGE][PASSED] - Hat icon found on Education screen......!

2023-02-03 20:27:52 - [TEST_STEP][PASSED] - if (waitForElementPresent(lbl_What, 10)): null

2023-02-03 20:27:52 - [MESSAGE][PASSED] - Element 'Object Repository/Regression/SC-018 Education/Lbl text - Whats your education background' is present

2023-02-03 20:27:52 - [TEST_STEP][PASSED] - markPassed("What's your Education background? label text found......!"): What's your Education background? label text found......!

2023-02-03 20:27:52 - [MESSAGE][PASSED] - What's your Education background? label text found......!

2023-02-03 20:27:52 - [TEST_STEP][PASSED] - com.spotlove.Utility.dating_Pref(random): com.spotlove.Utility.dating_Pref is PASSED

2023-02-03 20:27:54 - [MESSAGE][PASSED] - com.spotlove.Utility.dating_Pref is PASSED

2023-02-03 20:27:54 - [TEST_STEP][PASSED] - markPassed("Education Selection successfully......!"): Education Selection successfully......!

2023-02-03 20:27:54 - [MESSAGE][PASSED] - Education Selection successfully......!

2023-02-03 20:27:54 - [TEST_STEP][PASSED] - if (waitForElementPresent(btn_E_Continue, 10)): null

2023-02-03 20:27:55 - [MESSAGE][PASSED] - Element 'Object Repository/Regression/SC-018 Education/btn continue' is present

2023-02-03 20:27:55 - [TEST_STEP][PASSED] - tap(btn_E_Continue, 10): Tapped on element 'Object Repository/Regression/SC-018 Education/btn continue'

2023-02-03 20:27:56 - [MESSAGE][PASSED] - Tapped on element 'Object Repository/Regression/SC-018 Education/btn continue'

2023-02-03 20:27:56 - [TEST_STEP][PASSED] - markPassed("User navigate to the Vices Screen.......!"): User navigate to the Vices Screen.......!

2023-02-03 20:27:56 - [MESSAGE][PASSED] - User navigate to the Vices Screen.......!

2023-02-03 20:27:56 - [TEST_STEP][PASSED] - if (waitForElementPresent(bottle_icon, 10)): null

2023-02-03 20:27:56 - [MESSAGE][PASSED] - Element 'Object Repository/Regression/SC-019 Vices/bottle icon' is present

2023-02-03 20:27:56 - [TEST_STEP][PASSED] - markPassed("Bottle icon found on next Screen.......!"): Bottle icon found on next Screen.......!

2023-02-03 20:27:56 - [MESSAGE][PASSED] - Bottle icon found on next Screen.......!

2023-02-03 20:27:56 - [TEST_STEP][PASSED] - Start listener action : sampleAfterTestCase: null

2023-02-03 20:27:56 - [TEST_STEP][PASSED] - println(testCaseContext.getTestCaseId()): null

2023-02-03 20:27:56 - [TEST_STEP][PASSED] - println(testCaseContext.getTestCaseStatus()): null]]></system-out>
         <system-err><![CDATA[]]></system-err>
      </testcase>
      <testcase name="Test Cases/Regression/LookUps/Sl-19 Vices" time="35.979" classname="Test Cases/Regression/LookUps/Sl-19 Vices" status="PASSED">
         <system-out><![CDATA[2023-02-03 20:27:56 - [TEST_CASE][PASSED] - Test Cases/Regression/LookUps/Sl-19 Vices: Test Cases/Regression/LookUps/Sl-19 Vices

2023-02-03 20:27:56 - [TEST_STEP][PASSED] - Start listener action : sampleBeforeTestCase: null

2023-02-03 20:27:56 - [TEST_STEP][PASSED] - println(testCaseContext.getTestCaseId()): null

2023-02-03 20:27:56 - [TEST_STEP][PASSED] - println(testCaseContext.getTestCaseVariables()): null

2023-02-03 20:27:57 - [TEST_STEP][PASSED] - if (waitForElementPresent(btn_back, 10)): null

2023-02-03 20:27:58 - [MESSAGE][PASSED] - Element 'Object Repository/Regression/SC-019 Vices/btn back' is present

2023-02-03 20:27:58 - [TEST_STEP][PASSED] - tap(btn_back, 10): Tapped on element 'Object Repository/Regression/SC-019 Vices/btn back'

2023-02-03 20:28:00 - [MESSAGE][PASSED] - Tapped on element 'Object Repository/Regression/SC-019 Vices/btn back'

2023-02-03 20:28:00 - [TEST_STEP][PASSED] - markPassed("User navigate back to the Education screen......!"): User navigate back to the Education screen......!

2023-02-03 20:28:00 - [MESSAGE][PASSED] - User navigate back to the Education screen......!

2023-02-03 20:28:00 - [TEST_STEP][PASSED] - delay(10): Delayed 10 second(s)

2023-02-03 20:28:10 - [MESSAGE][PASSED] - Delayed 10 second(s)

2023-02-03 20:28:10 - [TEST_STEP][PASSED] - if (waitForElementPresent(hat_icon, 20)): null

2023-02-03 20:28:10 - [MESSAGE][PASSED] - Element 'Object Repository/Regression/SC-018 Education/Hat Icon' is present

2023-02-03 20:28:10 - [TEST_STEP][PASSED] - markPassed("Hat icon found on Education screen......!"): Hat icon found on Education screen......!

2023-02-03 20:28:10 - [MESSAGE][PASSED] - Hat icon found on Education screen......!

2023-02-03 20:28:10 - [TEST_STEP][PASSED] - if (waitForElementPresent(btn_continue, 10)): null

2023-02-03 20:28:11 - [MESSAGE][PASSED] - Element 'Object Repository/Regression/SC-018 Education/btn continue' is present

2023-02-03 20:28:11 - [TEST_STEP][PASSED] - tap(btn_continue, 10): Tapped on element 'Object Repository/Regression/SC-018 Education/btn continue'

2023-02-03 20:28:12 - [MESSAGE][PASSED] - Tapped on element 'Object Repository/Regression/SC-018 Education/btn continue'

2023-02-03 20:28:12 - [TEST_STEP][PASSED] - markPassed("User navigate to the Vices Screen......!"): User navigate to the Vices Screen......!

2023-02-03 20:28:12 - [MESSAGE][PASSED] - User navigate to the Vices Screen......!

2023-02-03 20:28:12 - [TEST_STEP][PASSED] - if (waitForElementPresent(bottle_icon, 10)): null

2023-02-03 20:28:13 - [MESSAGE][PASSED] - Element 'Object Repository/Regression/SC-019 Vices/bottle icon' is present

2023-02-03 20:28:13 - [TEST_STEP][PASSED] - markPassed("Bottle icon found on Vices screen......!"): Bottle icon found on Vices screen......!

2023-02-03 20:28:13 - [MESSAGE][PASSED] - Bottle icon found on Vices screen......!

2023-02-03 20:28:13 - [TEST_STEP][PASSED] - if (waitForElementPresent(lbl_What, 10)): null

2023-02-03 20:28:14 - [MESSAGE][PASSED] - Element 'Object Repository/Regression/SC-019 Vices/Lbl text - What are your vices' is present

2023-02-03 20:28:14 - [TEST_STEP][PASSED] - markPassed("What are your vices? label text found......!"): What are your vices? label text found......!

2023-02-03 20:28:14 - [MESSAGE][PASSED] - What are your vices? label text found......!

2023-02-03 20:28:14 - [TEST_STEP][PASSED] - if (waitForElementPresent(btn_toggle_M, 10)): null

2023-02-03 20:28:15 - [MESSAGE][PASSED] - Element 'Object Repository/Regression/SC-019 Vices/btn_Marijuano_Switch - OFF' is present

2023-02-03 20:28:15 - [TEST_STEP][PASSED] - tap(btn_toggle_M, 10): Tapped on element 'Object Repository/Regression/SC-019 Vices/btn_Marijuano_Switch - OFF'

2023-02-03 20:28:16 - [MESSAGE][PASSED] - Tapped on element 'Object Repository/Regression/SC-019 Vices/btn_Marijuano_Switch - OFF'

2023-02-03 20:28:16 - [TEST_STEP][PASSED] - markPassed("Marijuana Toggle button On......!"): Marijuana Toggle button On......!

2023-02-03 20:28:16 - [MESSAGE][PASSED] - Marijuana Toggle button On......!

2023-02-03 20:28:16 - [TEST_STEP][PASSED] - if (waitForElementPresent(btn_toggle_S, 10)): null

2023-02-03 20:28:17 - [MESSAGE][PASSED] - Element 'Object Repository/Regression/SC-019 Vices/btn_Smoking_Switch - OFF' is present

2023-02-03 20:28:17 - [TEST_STEP][PASSED] - tap(btn_toggle_S, 10): Tapped on element 'Object Repository/Regression/SC-019 Vices/btn_Smoking_Switch - OFF'

2023-02-03 20:28:17 - [MESSAGE][PASSED] - Tapped on element 'Object Repository/Regression/SC-019 Vices/btn_Smoking_Switch - OFF'

2023-02-03 20:28:17 - [TEST_STEP][PASSED] - markPassed("Smoking Toggle button On......!"): Smoking Toggle button On......!

2023-02-03 20:28:17 - [MESSAGE][PASSED] - Smoking Toggle button On......!

2023-02-03 20:28:17 - [TEST_STEP][PASSED] - if (waitForElementPresent(btn_toggle_A, 10)): null

2023-02-03 20:28:18 - [MESSAGE][PASSED] - Element 'Object Repository/Regression/SC-019 Vices/btn_Alcohol_Switch - OFF' is present

2023-02-03 20:28:18 - [TEST_STEP][PASSED] - tap(btn_toggle_A, 10): Tapped on element 'Object Repository/Regression/SC-019 Vices/btn_Alcohol_Switch - OFF'

2023-02-03 20:28:19 - [MESSAGE][PASSED] - Tapped on element 'Object Repository/Regression/SC-019 Vices/btn_Alcohol_Switch - OFF'

2023-02-03 20:28:19 - [TEST_STEP][PASSED] - markPassed("Alcohol Toggle button On......!"): Alcohol Toggle button On......!

2023-02-03 20:28:19 - [MESSAGE][PASSED] - Alcohol Toggle button On......!

2023-02-03 20:28:19 - [TEST_STEP][PASSED] - com.spotlove.Utility.dating_Pref(A_random): com.spotlove.Utility.dating_Pref is PASSED

2023-02-03 20:28:22 - [MESSAGE][PASSED] - com.spotlove.Utility.dating_Pref is PASSED

2023-02-03 20:28:22 - [TEST_STEP][PASSED] - markPassed("Alcohol Toggle button On......!"): Alcohol Toggle button On......!

2023-02-03 20:28:22 - [MESSAGE][PASSED] - Alcohol Toggle button On......!

2023-02-03 20:28:22 - [TEST_STEP][PASSED] - com.spotlove.Utility.dating_Pref(S_random): com.spotlove.Utility.dating_Pref is PASSED

2023-02-03 20:28:25 - [MESSAGE][PASSED] - com.spotlove.Utility.dating_Pref is PASSED

2023-02-03 20:28:25 - [TEST_STEP][PASSED] - markPassed("Smoking Selected......!"): Smoking Selected......!

2023-02-03 20:28:25 - [MESSAGE][PASSED] - Smoking Selected......!

2023-02-03 20:28:25 - [TEST_STEP][PASSED] - com.spotlove.Utility.dating_Pref(M_random): com.spotlove.Utility.dating_Pref is PASSED

2023-02-03 20:28:28 - [MESSAGE][PASSED] - com.spotlove.Utility.dating_Pref is PASSED

2023-02-03 20:28:28 - [TEST_STEP][PASSED] - markPassed("Marijuana Selected......!"): Marijuana Selected......!

2023-02-03 20:28:28 - [MESSAGE][PASSED] - Marijuana Selected......!

2023-02-03 20:28:28 - [TEST_STEP][PASSED] - if (waitForElementPresent(btn_V_Continue, 10)): null

2023-02-03 20:28:29 - [MESSAGE][PASSED] - Element 'Object Repository/Regression/SC-019 Vices/android.widget.TextView - Continue' is present

2023-02-03 20:28:29 - [TEST_STEP][PASSED] - tap(btn_V_Continue, 10): Tapped on element 'Object Repository/Regression/SC-019 Vices/android.widget.TextView - Continue'

2023-02-03 20:28:32 - [MESSAGE][PASSED] - Tapped on element 'Object Repository/Regression/SC-019 Vices/android.widget.TextView - Continue'

2023-02-03 20:28:32 - [TEST_STEP][PASSED] - markPassed("User navigate to the justice Screen.......!"): User navigate to the justice Screen.......!

2023-02-03 20:28:32 - [MESSAGE][PASSED] - User navigate to the justice Screen.......!

2023-02-03 20:28:32 - [TEST_STEP][PASSED] - if (waitForElementPresent(justice_icon, 10)): null

2023-02-03 20:28:32 - [MESSAGE][PASSED] - Element 'Object Repository/Regression/SC-020 Politics/justics Icon' is present

2023-02-03 20:28:32 - [TEST_STEP][PASSED] - markPassed("justice icon found on next Screen.......!"): justice icon found on next Screen.......!

2023-02-03 20:28:32 - [MESSAGE][PASSED] - justice icon found on next Screen.......!

2023-02-03 20:28:32 - [TEST_STEP][PASSED] - Start listener action : sampleAfterTestCase: null

2023-02-03 20:28:32 - [TEST_STEP][PASSED] - println(testCaseContext.getTestCaseId()): null

2023-02-03 20:28:32 - [TEST_STEP][PASSED] - println(testCaseContext.getTestCaseStatus()): null]]></system-out>
         <system-err><![CDATA[]]></system-err>
      </testcase>
      <testcase name="Test Cases/Regression/LookUps/SL-20 Politics" time="22.007" classname="Test Cases/Regression/LookUps/SL-20 Politics" status="PASSED">
         <system-out><![CDATA[2023-02-03 20:28:32 - [TEST_CASE][PASSED] - Test Cases/Regression/LookUps/SL-20 Politics: Test Cases/Regression/LookUps/SL-20 Politics

2023-02-03 20:28:32 - [TEST_STEP][PASSED] - Start listener action : sampleBeforeTestCase: null

2023-02-03 20:28:32 - [TEST_STEP][PASSED] - println(testCaseContext.getTestCaseId()): null

2023-02-03 20:28:32 - [TEST_STEP][PASSED] - println(testCaseContext.getTestCaseVariables()): null

2023-02-03 20:28:32 - [TEST_STEP][PASSED] - if (waitForElementPresent(btn_back, 10)): null

2023-02-03 20:28:33 - [MESSAGE][PASSED] - Element 'Object Repository/Regression/SC-020 Politics/btn back' is present

2023-02-03 20:28:33 - [TEST_STEP][PASSED] - tap(btn_back, 10): Tapped on element 'Object Repository/Regression/SC-020 Politics/btn back'

2023-02-03 20:28:34 - [MESSAGE][PASSED] - Tapped on element 'Object Repository/Regression/SC-020 Politics/btn back'

2023-02-03 20:28:34 - [TEST_STEP][PASSED] - markPassed("User navigate back to the Vices screen......!"): User navigate back to the Vices screen......!

2023-02-03 20:28:34 - [MESSAGE][PASSED] - User navigate back to the Vices screen......!

2023-02-03 20:28:34 - [TEST_STEP][PASSED] - delay(10): Delayed 10 second(s)

2023-02-03 20:28:44 - [MESSAGE][PASSED] - Delayed 10 second(s)

2023-02-03 20:28:44 - [TEST_STEP][PASSED] - if (waitForElementPresent(bottle_icon, 20)): null

2023-02-03 20:28:44 - [MESSAGE][PASSED] - Element 'Object Repository/Regression/SC-019 Vices/bottle icon' is present

2023-02-03 20:28:44 - [TEST_STEP][PASSED] - markPassed("bottle icon found on Vices screen......!"): bottle icon found on Vices screen......!

2023-02-03 20:28:44 - [MESSAGE][PASSED] - bottle icon found on Vices screen......!

2023-02-03 20:28:44 - [TEST_STEP][PASSED] - if (waitForElementPresent(btn_continue, 10)): null

2023-02-03 20:28:45 - [MESSAGE][PASSED] - Element 'Object Repository/Regression/SC-019 Vices/android.widget.TextView - Continue' is present

2023-02-03 20:28:45 - [TEST_STEP][PASSED] - tap(btn_continue, 10): Tapped on element 'Object Repository/Regression/SC-019 Vices/android.widget.TextView - Continue'

2023-02-03 20:28:46 - [MESSAGE][PASSED] - Tapped on element 'Object Repository/Regression/SC-019 Vices/android.widget.TextView - Continue'

2023-02-03 20:28:46 - [TEST_STEP][PASSED] - markPassed("User navigate to the Politics Screen......!"): User navigate to the Politics Screen......!

2023-02-03 20:28:46 - [MESSAGE][PASSED] - User navigate to the Politics Screen......!

2023-02-03 20:28:46 - [TEST_STEP][PASSED] - if (waitForElementPresent(Justics_icon, 10)): null

2023-02-03 20:28:46 - [MESSAGE][PASSED] - Element 'Object Repository/Regression/SC-020 Politics/justics Icon' is present

2023-02-03 20:28:46 - [TEST_STEP][PASSED] - markPassed("Justics icon found on Politics screen......!"): Justics icon found on Politics screen......!

2023-02-03 20:28:46 - [MESSAGE][PASSED] - Justics icon found on Politics screen......!

2023-02-03 20:28:46 - [TEST_STEP][PASSED] - if (waitForElementPresent(lbl_What, 10)): null

2023-02-03 20:28:48 - [MESSAGE][PASSED] - Element 'Object Repository/Regression/SC-020 Politics/Lbl text - What are your political views' is present

2023-02-03 20:28:48 - [TEST_STEP][PASSED] - markPassed("What are your political views? label text found......!"): What are your political views? label text found......!

2023-02-03 20:28:48 - [MESSAGE][PASSED] - What are your political views? label text found......!

2023-02-03 20:28:48 - [TEST_STEP][PASSED] - com.spotlove.Utility.dating_Pref(random): com.spotlove.Utility.dating_Pref is PASSED

2023-02-03 20:28:51 - [MESSAGE][PASSED] - com.spotlove.Utility.dating_Pref is PASSED

2023-02-03 20:28:51 - [TEST_STEP][PASSED] - markPassed("Political view Selection successfully......!"): Political view Selection successfully......!

2023-02-03 20:28:51 - [MESSAGE][PASSED] - Political view Selection successfully......!

2023-02-03 20:28:51 - [TEST_STEP][PASSED] - if (waitForElementPresent(btn_P_Continue, 10)): null

2023-02-03 20:28:52 - [MESSAGE][PASSED] - Element 'Object Repository/Regression/SC-020 Politics/btn continue' is present

2023-02-03 20:28:52 - [TEST_STEP][PASSED] - tap(btn_P_Continue, 10): Tapped on element 'Object Repository/Regression/SC-020 Politics/btn continue'

2023-02-03 20:28:52 - [MESSAGE][PASSED] - Tapped on element 'Object Repository/Regression/SC-020 Politics/btn continue'

2023-02-03 20:28:52 - [TEST_STEP][PASSED] - markPassed("User navigate to the Gallery Screen.......!"): User navigate to the Gallery Screen.......!

2023-02-03 20:28:52 - [MESSAGE][PASSED] - User navigate to the Gallery Screen.......!

2023-02-03 20:28:52 - [TEST_STEP][PASSED] - if (waitForElementPresent(Gallery_icon, 10)): null

2023-02-03 20:28:54 - [MESSAGE][PASSED] - Element 'Object Repository/Regression/SC-021 Gallery/Gallery Icon' is present

2023-02-03 20:28:54 - [TEST_STEP][PASSED] - markPassed("Gallery icon found on next Screen.......!"): Gallery icon found on next Screen.......!

2023-02-03 20:28:54 - [MESSAGE][PASSED] - Gallery icon found on next Screen.......!

2023-02-03 20:28:54 - [TEST_STEP][PASSED] - Start listener action : sampleAfterTestCase: null

2023-02-03 20:28:54 - [TEST_STEP][PASSED] - println(testCaseContext.getTestCaseId()): null

2023-02-03 20:28:54 - [TEST_STEP][PASSED] - println(testCaseContext.getTestCaseStatus()): null]]></system-out>
         <system-err><![CDATA[]]></system-err>
      </testcase>
      <system-out><![CDATA[2023-02-03 20:22:27 - [TEST_SUITE][PASSED] - Updated Regression: Test Cases/Regression/LookUps/SL-20 Politics]]></system-out>
      <system-err><![CDATA[]]></system-err>
   </testsuite>
</testsuites>
