<?xml version="1.0" encoding="UTF-8"?>
<testsuites name="Smoke" time="105.486" tests="1" failures="0" errors="0">
   <testsuite name="Smoke" tests="1" failures="0" errors="0" time="105.486" skipped="0" timestamp="2022-12-01 15:29:01" hostname="pc - hamza-mac-book" id="Test Suites/Smoke">
      <properties>
         <property name="deviceName" value="samsung SM-A325F (Android 12)"/>
         <property name="devicePlatform" value=""/>
         <property name="logFolder" value="/Users/pc/Katalon Studio/SpotLove_Stagging/Reports/20221201_152852/Smoke/20221201_152852"/>
         <property name="logFiles" value="/Users/pc/Katalon Studio/SpotLove_Stagging/Reports/20221201_152852/Smoke/20221201_152852/execution0.log, /Users/pc/Katalon Studio/SpotLove_Stagging/Reports/20221201_152852/Smoke/20221201_152852/appium.log"/>
         <property name="attachments" value=""/>
         <property name="hostName" value="pc - hamza-mac-book"/>
         <property name="os" value="Mac OS X 64bit"/>
         <property name="appiumServerStatus" value="{&quot;value&quot;:{&quot;build&quot;:{&quot;version&quot;:&quot;1.22.3&quot;}},&quot;sessionId&quot;:null,&quot;status&quot;:0}"/>
         <property name="katalonVersion" value="8.5.1.208"/>
         <property name="deviceOS" value="Android"/>
         <property name="appiumVersion" value="1.22.3"/>
         <property name="deviceModel" value="SM-A325F"/>
         <property name="hostAddress" value="192.168.1.21"/>
         <property name="deviceManufacturer" value="samsung"/>
         <property name="deviceId" value="RF8RC109TVZ"/>
         <property name="deviceName" value="samsung SM-A325F (Android 12)"/>
         <property name="deviceOSVersion" value="12"/>
      </properties>
      <testcase name="Test Cases/Smoke/TC_001" time="105.168" classname="Test Cases/Smoke/TC_001" status="PASSED">
         <system-out><![CDATA[2022-12-01 15:29:01 - [TEST_CASE][PASSED] - Test Cases/Smoke/TC_001: Test Cases/Smoke/TC_001

2022-12-01 15:29:01 - [TEST_STEP][PASSED] - startExistingApplication("com.spotlove.releaseproduction", STOP_ON_FAILURE): Starting app with application ID: 'com.spotlove.releaseproduction'

2022-12-01 15:29:02 - [MESSAGE][INFO] - User set preference: ['deviceId', '']

2022-12-01 15:29:04 - [MESSAGE][INFO] - Detected NodeJS location: "/usr/local/bin/node"

2022-12-01 15:29:06 - [MESSAGE][INFO] - Appium server started on port 64,163

2022-12-01 15:29:18 - [MESSAGE][PASSED] - Starting app with application ID: 'com.spotlove.releaseproduction'

2022-12-01 15:29:18 - [TEST_STEP][PASSED] - check_image = findTestObject("Object Repository/Smoke/Verify Login Sign Up/Intro screen image"): null

2022-12-01 15:29:18 - [TEST_STEP][PASSED] - if (waitForElementPresent(check_image, 10)): null

2022-12-01 15:29:23 - [MESSAGE][PASSED] - Element 'Object Repository/Smoke/Verify Login Sign Up/Intro screen image' is present

2022-12-01 15:29:23 - [TEST_STEP][PASSED] - callTestCase(findTestCase("Test Cases/Smoke/LookUps For Sign IN UP/Screen1_Intro Screens"), null, STOP_ON_FAILURE): Call Test Case 'Test Cases/Smoke/LookUps For Sign IN UP/Screen1_Intro Screens' successfully

2022-12-01 15:29:23 - [TEST_CASE][PASSED] - Test Cases/Smoke/LookUps For Sign IN UP/Screen1_Intro Screens: Test Cases/Smoke/LookUps For Sign IN UP/Screen1_Intro Screens

2022-12-01 15:29:24 - [TEST_STEP][PASSED] - if (waitForElementPresent(btn_Continue1, 10)): null

2022-12-01 15:29:24 - [MESSAGE][PASSED] - Element 'Object Repository/Smoke/Intro Screen/Continue button ON intro1' is present

2022-12-01 15:29:24 - [TEST_STEP][PASSED] - tap(btn_Continue1, 5): Tapped on element 'Object Repository/Smoke/Intro Screen/Continue button ON intro1'

2022-12-01 15:29:25 - [MESSAGE][PASSED] - Tapped on element 'Object Repository/Smoke/Intro Screen/Continue button ON intro1'

2022-12-01 15:29:25 - [TEST_STEP][PASSED] - print("First Intro Screen Verified Successfully......."): null

2022-12-01 15:29:25 - [TEST_STEP][PASSED] - if (waitForElementPresent(btn_Continue2, 10)): null

2022-12-01 15:29:26 - [MESSAGE][PASSED] - Element 'Object Repository/Smoke/Intro Screen/Continue button ON intro2' is present

2022-12-01 15:29:26 - [TEST_STEP][PASSED] - tap(btn_Continue2, 5): Tapped on element 'Object Repository/Smoke/Intro Screen/Continue button ON intro2'

2022-12-01 15:29:26 - [MESSAGE][PASSED] - Tapped on element 'Object Repository/Smoke/Intro Screen/Continue button ON intro2'

2022-12-01 15:29:26 - [TEST_STEP][PASSED] - print("Second Intro Screen Verified Successfully......."): null

2022-12-01 15:29:26 - [TEST_STEP][PASSED] - if (waitForElementPresent(btn_Continue3, 10)): null

2022-12-01 15:29:28 - [MESSAGE][PASSED] - Element 'Object Repository/Smoke/Intro Screen/Continue button ON intro3' is present

2022-12-01 15:29:28 - [TEST_STEP][PASSED] - tap(btn_Continue3, 5): Tapped on element 'Object Repository/Smoke/Intro Screen/Continue button ON intro3'

2022-12-01 15:29:28 - [MESSAGE][PASSED] - Tapped on element 'Object Repository/Smoke/Intro Screen/Continue button ON intro3'

2022-12-01 15:29:28 - [TEST_STEP][PASSED] - print("Third Intro Screen Verified Successfully......."): null

2022-12-01 15:29:28 - [MESSAGE][PASSED] - Call Test Case 'Test Cases/Smoke/LookUps For Sign IN UP/Screen1_Intro Screens' successfully

2022-12-01 15:29:28 - [TEST_STEP][PASSED] - markPassed("Screen1_Intro Passed Successfully"): Screen1_Intro Passed Successfully

2022-12-01 15:29:28 - [MESSAGE][PASSED] - Screen1_Intro Passed Successfully

2022-12-01 15:29:28 - [TEST_STEP][PASSED] - callTestCase(findTestCase("Test Cases/Smoke/LookUps For Sign IN UP/Screen2_Welcome Screen"), null, STOP_ON_FAILURE): Call Test Case 'Test Cases/Smoke/LookUps For Sign IN UP/Screen2_Welcome Screen' successfully

2022-12-01 15:29:28 - [TEST_CASE][PASSED] - Test Cases/Smoke/LookUps For Sign IN UP/Screen2_Welcome Screen: Test Cases/Smoke/LookUps For Sign IN UP/Screen2_Welcome Screen

2022-12-01 15:29:28 - [TEST_STEP][PASSED] - if (waitForElementPresent(btn_Continue, 30)): null

2022-12-01 15:29:29 - [MESSAGE][PASSED] - Element 'Object Repository/Smoke/Sign In Selection/btn Continue with phone number' is present

2022-12-01 15:29:29 - [TEST_STEP][PASSED] - delay(5): Delayed 5 second(s)

2022-12-01 15:29:34 - [MESSAGE][PASSED] - Delayed 5 second(s)

2022-12-01 15:29:34 - [TEST_STEP][PASSED] - tap(btn_Continue, 15): Tapped on element 'Object Repository/Smoke/Sign In Selection/btn Continue with phone number'

2022-12-01 15:29:35 - [MESSAGE][PASSED] - Tapped on element 'Object Repository/Smoke/Sign In Selection/btn Continue with phone number'

2022-12-01 15:29:35 - [TEST_STEP][PASSED] - markPassed("Phone number selected......"): Phone number selected......

2022-12-01 15:29:35 - [MESSAGE][PASSED] - Phone number selected......

2022-12-01 15:29:35 - [MESSAGE][PASSED] - Call Test Case 'Test Cases/Smoke/LookUps For Sign IN UP/Screen2_Welcome Screen' successfully

2022-12-01 15:29:35 - [TEST_STEP][PASSED] - callTestCase(findTestCase("Test Cases/Smoke/LookUps For Sign IN UP/Screen3_Phone Number (Enter number)"), ["CName":CName, "PNumber":PNumber], STOP_ON_FAILURE): Call Test Case 'Test Cases/Smoke/LookUps For Sign IN UP/Screen3_Phone Number (Enter number)' successfully

2022-12-01 15:29:35 - [TEST_CASE][PASSED] - Test Cases/Smoke/LookUps For Sign IN UP/Screen3_Phone Number (Enter number): Test Cases/Smoke/LookUps For Sign IN UP/Screen3_Phone Number (Enter number)

2022-12-01 15:29:35 - [TEST_STEP][PASSED] - callTestCase(findTestCase("Test Cases/Smoke/LookUps For Sign IN UP/Screen3/Tap on dropdown Menu"), null, STOP_ON_FAILURE): Call Test Case 'Test Cases/Smoke/LookUps For Sign IN UP/Screen3/Tap on dropdown Menu' successfully

2022-12-01 15:29:35 - [TEST_CASE][PASSED] - Test Cases/Smoke/LookUps For Sign IN UP/Screen3/Tap on dropdown Menu: Test Cases/Smoke/LookUps For Sign IN UP/Screen3/Tap on dropdown Menu

2022-12-01 15:29:35 - [TEST_STEP][PASSED] - btn = "Object Repository/Smoke/Insertion of phone number/list_dropdown": null

2022-12-01 15:29:35 - [TEST_STEP][PASSED] - tap(findTestObject(btn), 5): Tapped on element 'Object Repository/Smoke/Insertion of phone number/list_dropdown'

2022-12-01 15:29:37 - [MESSAGE][PASSED] - Tapped on element 'Object Repository/Smoke/Insertion of phone number/list_dropdown'

2022-12-01 15:29:37 - [TEST_STEP][PASSED] - delay(5): Delayed 5 second(s)

2022-12-01 15:29:42 - [MESSAGE][PASSED] - Delayed 5 second(s)

2022-12-01 15:29:42 - [MESSAGE][PASSED] - Call Test Case 'Test Cases/Smoke/LookUps For Sign IN UP/Screen3/Tap on dropdown Menu' successfully

2022-12-01 15:29:42 - [TEST_STEP][PASSED] - callTestCase(findTestCase("Test Cases/Smoke/LookUps For Sign IN UP/Screen3/Search country by name"), ["CName":CName], STOP_ON_FAILURE): Call Test Case 'Test Cases/Smoke/LookUps For Sign IN UP/Screen3/Search country by name' successfully

2022-12-01 15:29:42 - [TEST_CASE][PASSED] - Test Cases/Smoke/LookUps For Sign IN UP/Screen3/Search country by name: Test Cases/Smoke/LookUps For Sign IN UP/Screen3/Search country by name

2022-12-01 15:29:42 - [TEST_STEP][PASSED] - Name_f = "Object Repository/Smoke/Insertion of phone number/Enter country name (searchbox)": null

2022-12-01 15:29:42 - [TEST_STEP][PASSED] - tap(findTestObject(Name_f), 5): Tapped on element 'Object Repository/Smoke/Insertion of phone number/Enter country name (searchbox)'

2022-12-01 15:29:43 - [MESSAGE][PASSED] - Tapped on element 'Object Repository/Smoke/Insertion of phone number/Enter country name (searchbox)'

2022-12-01 15:29:43 - [TEST_STEP][PASSED] - sendKeys(findTestObject(Name_f), CName): Send keys 'US' on test object 'Object Repository/Smoke/Insertion of phone number/Enter country name (searchbox)' successfully.

2022-12-01 15:29:46 - [MESSAGE][PASSED] - Send keys 'US' on test object 'Object Repository/Smoke/Insertion of phone number/Enter country name (searchbox)' successfully.

2022-12-01 15:29:46 - [TEST_STEP][PASSED] - CName1 = "Object Repository/Smoke/Insertion of phone number/First_index search list": null

2022-12-01 15:29:46 - [TEST_STEP][PASSED] - tap(findTestObject(CName1), 5): Tapped on element 'Object Repository/Smoke/Insertion of phone number/First_index search list'

2022-12-01 15:29:47 - [MESSAGE][PASSED] - Tapped on element 'Object Repository/Smoke/Insertion of phone number/First_index search list'

2022-12-01 15:29:47 - [MESSAGE][PASSED] - Call Test Case 'Test Cases/Smoke/LookUps For Sign IN UP/Screen3/Search country by name' successfully

2022-12-01 15:29:47 - [TEST_STEP][PASSED] - callTestCase(findTestCase("Test Cases/Smoke/LookUps For Sign IN UP/Screen3/Enter Phone number"), ["PNumber":PNumber], STOP_ON_FAILURE): Call Test Case 'Test Cases/Smoke/LookUps For Sign IN UP/Screen3/Enter Phone number' successfully

2022-12-01 15:29:47 - [TEST_CASE][PASSED] - Test Cases/Smoke/LookUps For Sign IN UP/Screen3/Enter Phone number: Test Cases/Smoke/LookUps For Sign IN UP/Screen3/Enter Phone number

2022-12-01 15:29:47 - [TEST_STEP][PASSED] - btn = "Object Repository/Smoke/Insertion of phone number/Phone Number": null

2022-12-01 15:29:47 - [TEST_STEP][PASSED] - sendKeys(findTestObject(btn), PNumber): Send keys '6505557654' on test object 'Object Repository/Smoke/Insertion of phone number/Phone Number' successfully.

2022-12-01 15:29:48 - [MESSAGE][PASSED] - Send keys '6505557654' on test object 'Object Repository/Smoke/Insertion of phone number/Phone Number' successfully.

2022-12-01 15:29:48 - [MESSAGE][PASSED] - Call Test Case 'Test Cases/Smoke/LookUps For Sign IN UP/Screen3/Enter Phone number' successfully

2022-12-01 15:29:48 - [TEST_STEP][PASSED] - callTestCase(findTestCase("Test Cases/Smoke/LookUps For Sign IN UP/Screen3/Tap on continue button"), null, STOP_ON_FAILURE): Call Test Case 'Test Cases/Smoke/LookUps For Sign IN UP/Screen3/Tap on continue button' successfully

2022-12-01 15:29:48 - [TEST_CASE][PASSED] - Test Cases/Smoke/LookUps For Sign IN UP/Screen3/Tap on continue button: Test Cases/Smoke/LookUps For Sign IN UP/Screen3/Tap on continue button

2022-12-01 15:29:48 - [TEST_STEP][PASSED] - btn = "Object Repository/Smoke/Insertion of phone number/btn_Continue": null

2022-12-01 15:29:48 - [TEST_STEP][PASSED] - tap(findTestObject(btn), 5): Tapped on element 'Object Repository/Smoke/Insertion of phone number/btn_Continue'

2022-12-01 15:29:49 - [MESSAGE][PASSED] - Tapped on element 'Object Repository/Smoke/Insertion of phone number/btn_Continue'

2022-12-01 15:29:49 - [TEST_STEP][PASSED] - delay(5): Delayed 5 second(s)

2022-12-01 15:29:54 - [MESSAGE][PASSED] - Delayed 5 second(s)

2022-12-01 15:29:54 - [MESSAGE][PASSED] - Call Test Case 'Test Cases/Smoke/LookUps For Sign IN UP/Screen3/Tap on continue button' successfully

2022-12-01 15:29:54 - [TEST_STEP][PASSED] - delay(30, STOP_ON_FAILURE): Delayed 30 second(s)

2022-12-01 15:30:24 - [MESSAGE][PASSED] - Delayed 30 second(s)

2022-12-01 15:30:24 - [MESSAGE][PASSED] - Call Test Case 'Test Cases/Smoke/LookUps For Sign IN UP/Screen3_Phone Number (Enter number)' successfully

2022-12-01 15:30:24 - [TEST_STEP][PASSED] - callTestCase(findTestCase("Test Cases/Smoke/LookUps For Sign IN UP/Screen4_OTP"), null, STOP_ON_FAILURE): Call Test Case 'Test Cases/Smoke/LookUps For Sign IN UP/Screen4_OTP' successfully

2022-12-01 15:30:24 - [TEST_CASE][PASSED] - Test Cases/Smoke/LookUps For Sign IN UP/Screen4_OTP: Test Cases/Smoke/LookUps For Sign IN UP/Screen4_OTP

2022-12-01 15:30:24 - [TEST_STEP][PASSED] - tap(findTestObject("Object Repository/Smoke/OTP/android.widget.EditText - -"), 15): Tapped on element 'Object Repository/Smoke/OTP/android.widget.EditText - -'

2022-12-01 15:30:25 - [MESSAGE][PASSED] - Tapped on element 'Object Repository/Smoke/OTP/android.widget.EditText - -'

2022-12-01 15:30:25 - [TEST_STEP][PASSED] - setText(findTestObject("Object Repository/Smoke/OTP/android.widget.EditText - - (1)"), "1", 2): Text '1' has been set to element 'Object Repository/Smoke/OTP/android.widget.EditText - - (1)'

2022-12-01 15:30:28 - [MESSAGE][PASSED] - Text '1' has been set to element 'Object Repository/Smoke/OTP/android.widget.EditText - - (1)'

2022-12-01 15:30:28 - [TEST_STEP][PASSED] - setText(findTestObject("Object Repository/Smoke/OTP/android.widget.EditText - - (2)"), "2", 2): Text '2' has been set to element 'Object Repository/Smoke/OTP/android.widget.EditText - - (2)'

2022-12-01 15:30:30 - [MESSAGE][PASSED] - Text '2' has been set to element 'Object Repository/Smoke/OTP/android.widget.EditText - - (2)'

2022-12-01 15:30:30 - [TEST_STEP][PASSED] - setText(findTestObject("Object Repository/Smoke/OTP/android.widget.EditText - - (3)"), "3", 2): Text '3' has been set to element 'Object Repository/Smoke/OTP/android.widget.EditText - - (3)'

2022-12-01 15:30:33 - [MESSAGE][PASSED] - Text '3' has been set to element 'Object Repository/Smoke/OTP/android.widget.EditText - - (3)'

2022-12-01 15:30:33 - [TEST_STEP][PASSED] - setText(findTestObject("Object Repository/Smoke/OTP/android.widget.EditText - - (4)"), "4", 2): Text '4' has been set to element 'Object Repository/Smoke/OTP/android.widget.EditText - - (4)'

2022-12-01 15:30:35 - [MESSAGE][PASSED] - Text '4' has been set to element 'Object Repository/Smoke/OTP/android.widget.EditText - - (4)'

2022-12-01 15:30:35 - [TEST_STEP][PASSED] - setText(findTestObject("Object Repository/Smoke/OTP/android.widget.EditText - - (5)"), "5", 2): Text '5' has been set to element 'Object Repository/Smoke/OTP/android.widget.EditText - - (5)'

2022-12-01 15:30:38 - [MESSAGE][PASSED] - Text '5' has been set to element 'Object Repository/Smoke/OTP/android.widget.EditText - - (5)'

2022-12-01 15:30:38 - [TEST_STEP][PASSED] - setText(findTestObject("Object Repository/Smoke/OTP/android.widget.EditText - - (6)"), "6", 2): Text '6' has been set to element 'Object Repository/Smoke/OTP/android.widget.EditText - - (6)'

2022-12-01 15:30:40 - [MESSAGE][PASSED] - Text '6' has been set to element 'Object Repository/Smoke/OTP/android.widget.EditText - - (6)'

2022-12-01 15:30:40 - [TEST_STEP][PASSED] - callTestCase(findTestCase("Test Cases/Smoke/LookUps For Sign IN UP/Screen4/Tap to verify OTP"), null, STOP_ON_FAILURE): Call Test Case 'Test Cases/Smoke/LookUps For Sign IN UP/Screen4/Tap to verify OTP' successfully

2022-12-01 15:30:40 - [TEST_CASE][PASSED] - Test Cases/Smoke/LookUps For Sign IN UP/Screen4/Tap to verify OTP: Test Cases/Smoke/LookUps For Sign IN UP/Screen4/Tap to verify OTP

2022-12-01 15:30:40 - [TEST_STEP][PASSED] - btn = "Object Repository/Smoke/OTP/btn_Verify": null

2022-12-01 15:30:40 - [TEST_STEP][PASSED] - tap(findTestObject(btn), 5): Tapped on element 'Object Repository/Smoke/OTP/btn_Verify'

2022-12-01 15:30:41 - [MESSAGE][PASSED] - Tapped on element 'Object Repository/Smoke/OTP/btn_Verify'

2022-12-01 15:30:41 - [TEST_STEP][PASSED] - delay(5): Delayed 5 second(s)

2022-12-01 15:30:46 - [MESSAGE][PASSED] - Delayed 5 second(s)

2022-12-01 15:30:46 - [MESSAGE][PASSED] - Call Test Case 'Test Cases/Smoke/LookUps For Sign IN UP/Screen4/Tap to verify OTP' successfully

2022-12-01 15:30:46 - [MESSAGE][PASSED] - Call Test Case 'Test Cases/Smoke/LookUps For Sign IN UP/Screen4_OTP' successfully

2022-12-01 15:30:46 - [TEST_STEP][PASSED] - if (waitForElementPresent(Agree, 10, STOP_ON_FAILURE)): null

2022-12-01 15:30:46 - [MESSAGE][PASSED] - Element 'Object Repository/Smoke/Onboard/btn I Agree' is present

2022-12-01 15:30:46 - [TEST_STEP][PASSED] - markPassed("Please Create Your SpotLove Account......!"): Please Create Your SpotLove Account......!

2022-12-01 15:30:46 - [MESSAGE][PASSED] - Please Create Your SpotLove Account......!]]></system-out>
         <system-err><![CDATA[]]></system-err>
      </testcase>
      <system-out><![CDATA[2022-12-01 15:29:01 - [TEST_SUITE][PASSED] - Smoke: Test Cases/Smoke/TC_001]]></system-out>
      <system-err><![CDATA[]]></system-err>
   </testsuite>
</testsuites>
