<?xml version="1.0" encoding="UTF-8"?>
<testsuites name="Smoke" time="107.129" tests="2" failures="0" errors="0">
   <testsuite name="Smoke" tests="2" failures="0" errors="0" time="107.129" skipped="0" timestamp="2022-11-24 12:07:51" hostname="pc - hamza-mac-book" id="Test Suites/Smoke">
      <properties>
         <property name="deviceName" value="samsung SM-A325F (Android 12)"/>
         <property name="devicePlatform" value=""/>
         <property name="logFolder" value="/Users/pc/Documents/Katalon Studio/SpotLove_Stagging/Reports/20221124_120742/Smoke/20221124_120742"/>
         <property name="logFiles" value="/Users/pc/Documents/Katalon Studio/SpotLove_Stagging/Reports/20221124_120742/Smoke/20221124_120742/execution0.log, /Users/pc/Documents/Katalon Studio/SpotLove_Stagging/Reports/20221124_120742/Smoke/20221124_120742/appium.log"/>
         <property name="attachments" value=""/>
         <property name="hostName" value="pc - hamza-mac-book"/>
         <property name="os" value="Mac OS X 64bit"/>
         <property name="appiumServerStatus" value="{&quot;value&quot;:{&quot;build&quot;:{&quot;version&quot;:&quot;1.22.3&quot;}},&quot;sessionId&quot;:null,&quot;status&quot;:0}"/>
         <property name="katalonVersion" value="8.3.0.208"/>
         <property name="deviceOS" value="Android"/>
         <property name="appiumVersion" value="1.22.3"/>
         <property name="deviceModel" value="SM-A325F"/>
         <property name="hostAddress" value="192.168.1.52"/>
         <property name="deviceManufacturer" value="samsung"/>
         <property name="deviceId" value="RF8RC109TVZ"/>
         <property name="deviceName" value="samsung SM-A325F (Android 12)"/>
         <property name="deviceOSVersion" value="12"/>
      </properties>
      <testcase name="Test Cases/Smoke/TC_001" time="91.608" classname="Test Cases/Smoke/TC_001" status="PASSED">
         <system-out><![CDATA[2022-11-24 12:07:51 - [TEST_CASE][PASSED] - Test Cases/Smoke/TC_001: Test Cases/Smoke/TC_001

2022-11-24 12:07:52 - [TEST_STEP][PASSED] - startExistingApplication("com.spotlove.releaseproduction", STOP_ON_FAILURE): Starting app with application ID: 'com.spotlove.releaseproduction'

2022-11-24 12:07:52 - [MESSAGE][INFO] - User set preference: ['deviceId', '']

2022-11-24 12:07:55 - [MESSAGE][INFO] - Detected NodeJS location: "/usr/local/bin/node"

2022-11-24 12:07:56 - [MESSAGE][INFO] - Appium server started on port 59,498

2022-11-24 12:08:07 - [MESSAGE][PASSED] - Starting app with application ID: 'com.spotlove.releaseproduction'

2022-11-24 12:08:07 - [TEST_STEP][PASSED] - callTestCase(findTestCase("Test Cases/Smoke/LookUps For Sign IN UP/Screen1_Intro Screens"), null, STOP_ON_FAILURE): Call Test Case 'Test Cases/Smoke/LookUps For Sign IN UP/Screen1_Intro Screens' successfully

2022-11-24 12:08:07 - [TEST_CASE][PASSED] - Test Cases/Smoke/LookUps For Sign IN UP/Screen1_Intro Screens: Test Cases/Smoke/LookUps For Sign IN UP/Screen1_Intro Screens

2022-11-24 12:08:08 - [TEST_STEP][PASSED] - btn = "Object Repository/Smoke/Intro Screen/Continue button ON intro1": null

2022-11-24 12:08:08 - [TEST_STEP][PASSED] - tap(findTestObject(btn), 5, STOP_ON_FAILURE): Tapped on element 'Object Repository/Smoke/Intro Screen/Continue button ON intro1'

2022-11-24 12:08:13 - [MESSAGE][PASSED] - Tapped on element 'Object Repository/Smoke/Intro Screen/Continue button ON intro1'

2022-11-24 12:08:13 - [TEST_STEP][PASSED] - delay(5, STOP_ON_FAILURE): Delayed 5 second(s)

2022-11-24 12:08:18 - [MESSAGE][PASSED] - Delayed 5 second(s)

2022-11-24 12:08:18 - [TEST_STEP][PASSED] - btn1 = "Object Repository/Smoke/Intro Screen/Continue button ON intro2": null

2022-11-24 12:08:18 - [TEST_STEP][PASSED] - tap(findTestObject(btn1), 5, STOP_ON_FAILURE): Tapped on element 'Object Repository/Smoke/Intro Screen/Continue button ON intro2'

2022-11-24 12:08:19 - [MESSAGE][PASSED] - Tapped on element 'Object Repository/Smoke/Intro Screen/Continue button ON intro2'

2022-11-24 12:08:19 - [TEST_STEP][PASSED] - delay(5, STOP_ON_FAILURE): Delayed 5 second(s)

2022-11-24 12:08:24 - [MESSAGE][PASSED] - Delayed 5 second(s)

2022-11-24 12:08:24 - [TEST_STEP][PASSED] - btn2 = "Object Repository/Smoke/Intro Screen/Continue button ON intro3": null

2022-11-24 12:08:24 - [TEST_STEP][PASSED] - tap(findTestObject(btn2), 5, STOP_ON_FAILURE): Tapped on element 'Object Repository/Smoke/Intro Screen/Continue button ON intro3'

2022-11-24 12:08:24 - [MESSAGE][PASSED] - Tapped on element 'Object Repository/Smoke/Intro Screen/Continue button ON intro3'

2022-11-24 12:08:24 - [TEST_STEP][PASSED] - delay(5, STOP_ON_FAILURE): Delayed 5 second(s)

2022-11-24 12:08:29 - [MESSAGE][PASSED] - Delayed 5 second(s)

2022-11-24 12:08:29 - [MESSAGE][PASSED] - Call Test Case 'Test Cases/Smoke/LookUps For Sign IN UP/Screen1_Intro Screens' successfully

2022-11-24 12:08:29 - [TEST_STEP][PASSED] - callTestCase(findTestCase("Test Cases/Smoke/LookUps For Sign IN UP/Screen2_Welcome Screen"), null, STOP_ON_FAILURE): Call Test Case 'Test Cases/Smoke/LookUps For Sign IN UP/Screen2_Welcome Screen' successfully

2022-11-24 12:08:29 - [TEST_CASE][PASSED] - Test Cases/Smoke/LookUps For Sign IN UP/Screen2_Welcome Screen: Test Cases/Smoke/LookUps For Sign IN UP/Screen2_Welcome Screen

2022-11-24 12:08:29 - [TEST_STEP][PASSED] - btn = "Object Repository/Smoke/Sign In Selection/btn_Continue with phone number": null

2022-11-24 12:08:29 - [TEST_STEP][PASSED] - tap(findTestObject(btn), 15, STOP_ON_FAILURE): Tapped on element 'Object Repository/Smoke/Sign In Selection/btn_Continue with phone number'

2022-11-24 12:08:29 - [MESSAGE][PASSED] - Tapped on element 'Object Repository/Smoke/Sign In Selection/btn_Continue with phone number'

2022-11-24 12:08:29 - [TEST_STEP][PASSED] - delay(5, STOP_ON_FAILURE): Delayed 5 second(s)

2022-11-24 12:08:34 - [MESSAGE][PASSED] - Delayed 5 second(s)

2022-11-24 12:08:34 - [MESSAGE][PASSED] - Call Test Case 'Test Cases/Smoke/LookUps For Sign IN UP/Screen2_Welcome Screen' successfully

2022-11-24 12:08:34 - [TEST_STEP][PASSED] - callTestCase(findTestCase("Test Cases/Smoke/LookUps For Sign IN UP/Screen3_Phone Number (Enter number)"), null, STOP_ON_FAILURE): Call Test Case 'Test Cases/Smoke/LookUps For Sign IN UP/Screen3_Phone Number (Enter number)' successfully

2022-11-24 12:08:35 - [TEST_CASE][PASSED] - Test Cases/Smoke/LookUps For Sign IN UP/Screen3_Phone Number (Enter number): Test Cases/Smoke/LookUps For Sign IN UP/Screen3_Phone Number (Enter number)

2022-11-24 12:08:35 - [TEST_STEP][PASSED] - callTestCase(findTestCase("Test Cases/Smoke/LookUps For Sign IN UP/Screen3/Tap on dropdown Menu"), null, STOP_ON_FAILURE): Call Test Case 'Test Cases/Smoke/LookUps For Sign IN UP/Screen3/Tap on dropdown Menu' successfully

2022-11-24 12:08:35 - [TEST_CASE][PASSED] - Test Cases/Smoke/LookUps For Sign IN UP/Screen3/Tap on dropdown Menu: Test Cases/Smoke/LookUps For Sign IN UP/Screen3/Tap on dropdown Menu

2022-11-24 12:08:35 - [TEST_STEP][PASSED] - btn = "Object Repository/Smoke/Insertion of phone number/list_dropdown": null

2022-11-24 12:08:35 - [TEST_STEP][PASSED] - tap(findTestObject(btn), 5, STOP_ON_FAILURE): Tapped on element 'Object Repository/Smoke/Insertion of phone number/list_dropdown'

2022-11-24 12:08:35 - [MESSAGE][PASSED] - Tapped on element 'Object Repository/Smoke/Insertion of phone number/list_dropdown'

2022-11-24 12:08:35 - [TEST_STEP][PASSED] - delay(5, STOP_ON_FAILURE): Delayed 5 second(s)

2022-11-24 12:08:40 - [MESSAGE][PASSED] - Delayed 5 second(s)

2022-11-24 12:08:40 - [MESSAGE][PASSED] - Call Test Case 'Test Cases/Smoke/LookUps For Sign IN UP/Screen3/Tap on dropdown Menu' successfully

2022-11-24 12:08:40 - [TEST_STEP][PASSED] - callTestCase(findTestCase("Test Cases/Smoke/LookUps For Sign IN UP/Screen3/Search country by name"), null, STOP_ON_FAILURE): Call Test Case 'Test Cases/Smoke/LookUps For Sign IN UP/Screen3/Search country by name' successfully

2022-11-24 12:08:40 - [TEST_CASE][PASSED] - Test Cases/Smoke/LookUps For Sign IN UP/Screen3/Search country by name: Test Cases/Smoke/LookUps For Sign IN UP/Screen3/Search country by name

2022-11-24 12:08:41 - [TEST_STEP][PASSED] - Name_f = "Object Repository/Smoke/Insertion of phone number/Enter country name (searchbox)": null

2022-11-24 12:08:41 - [TEST_STEP][PASSED] - tap(findTestObject(Name_f), 5, STOP_ON_FAILURE): Tapped on element 'Object Repository/Smoke/Insertion of phone number/Enter country name (searchbox)'

2022-11-24 12:08:42 - [MESSAGE][PASSED] - Tapped on element 'Object Repository/Smoke/Insertion of phone number/Enter country name (searchbox)'

2022-11-24 12:08:42 - [TEST_STEP][PASSED] - CName = "US": null

2022-11-24 12:08:42 - [TEST_STEP][PASSED] - sendKeys(findTestObject(Name_f), CName, STOP_ON_FAILURE): Send keys 'US' on test object 'Object Repository/Smoke/Insertion of phone number/Enter country name (searchbox)' successfully.

2022-11-24 12:08:43 - [MESSAGE][PASSED] - Send keys 'US' on test object 'Object Repository/Smoke/Insertion of phone number/Enter country name (searchbox)' successfully.

2022-11-24 12:08:43 - [TEST_STEP][PASSED] - CName = "Object Repository/Smoke/Insertion of phone number/First_index search list": null

2022-11-24 12:08:43 - [TEST_STEP][PASSED] - tap(findTestObject(CName), 5, STOP_ON_FAILURE): Tapped on element 'Object Repository/Smoke/Insertion of phone number/First_index search list'

2022-11-24 12:08:44 - [MESSAGE][PASSED] - Tapped on element 'Object Repository/Smoke/Insertion of phone number/First_index search list'

2022-11-24 12:08:44 - [MESSAGE][PASSED] - Call Test Case 'Test Cases/Smoke/LookUps For Sign IN UP/Screen3/Search country by name' successfully

2022-11-24 12:08:44 - [TEST_STEP][PASSED] - callTestCase(findTestCase("Test Cases/Smoke/LookUps For Sign IN UP/Screen3/Enter Phone number"), null, STOP_ON_FAILURE): Call Test Case 'Test Cases/Smoke/LookUps For Sign IN UP/Screen3/Enter Phone number' successfully

2022-11-24 12:08:44 - [TEST_CASE][PASSED] - Test Cases/Smoke/LookUps For Sign IN UP/Screen3/Enter Phone number: Test Cases/Smoke/LookUps For Sign IN UP/Screen3/Enter Phone number

2022-11-24 12:08:44 - [TEST_STEP][PASSED] - btn = "Object Repository/Smoke/Insertion of phone number/Phone Number": null

2022-11-24 12:08:44 - [TEST_STEP][PASSED] - PNumber = "6505557654": null

2022-11-24 12:08:44 - [TEST_STEP][PASSED] - sendKeys(findTestObject(btn), PNumber, STOP_ON_FAILURE): Send keys '6505557654' on test object 'Object Repository/Smoke/Insertion of phone number/Phone Number' successfully.

2022-11-24 12:08:45 - [MESSAGE][PASSED] - Send keys '6505557654' on test object 'Object Repository/Smoke/Insertion of phone number/Phone Number' successfully.

2022-11-24 12:08:45 - [MESSAGE][PASSED] - Call Test Case 'Test Cases/Smoke/LookUps For Sign IN UP/Screen3/Enter Phone number' successfully

2022-11-24 12:08:45 - [TEST_STEP][PASSED] - callTestCase(findTestCase("Test Cases/Smoke/LookUps For Sign IN UP/Screen3/Tap on continue button"), null, STOP_ON_FAILURE): Call Test Case 'Test Cases/Smoke/LookUps For Sign IN UP/Screen3/Tap on continue button' successfully

2022-11-24 12:08:45 - [TEST_CASE][PASSED] - Test Cases/Smoke/LookUps For Sign IN UP/Screen3/Tap on continue button: Test Cases/Smoke/LookUps For Sign IN UP/Screen3/Tap on continue button

2022-11-24 12:08:45 - [TEST_STEP][PASSED] - btn = "Object Repository/Smoke/Insertion of phone number/btn_Continue": null

2022-11-24 12:08:45 - [TEST_STEP][PASSED] - tap(findTestObject(btn), 5, STOP_ON_FAILURE): Tapped on element 'Object Repository/Smoke/Insertion of phone number/btn_Continue'

2022-11-24 12:08:46 - [MESSAGE][PASSED] - Tapped on element 'Object Repository/Smoke/Insertion of phone number/btn_Continue'

2022-11-24 12:08:46 - [TEST_STEP][PASSED] - delay(5, STOP_ON_FAILURE): Delayed 5 second(s)

2022-11-24 12:08:51 - [MESSAGE][PASSED] - Delayed 5 second(s)

2022-11-24 12:08:51 - [MESSAGE][PASSED] - Call Test Case 'Test Cases/Smoke/LookUps For Sign IN UP/Screen3/Tap on continue button' successfully

2022-11-24 12:08:51 - [MESSAGE][PASSED] - Call Test Case 'Test Cases/Smoke/LookUps For Sign IN UP/Screen3_Phone Number (Enter number)' successfully

2022-11-24 12:08:51 - [TEST_STEP][PASSED] - callTestCase(findTestCase("Test Cases/Smoke/LookUps For Sign IN UP/Screen4_OTP"), null, STOP_ON_FAILURE): Call Test Case 'Test Cases/Smoke/LookUps For Sign IN UP/Screen4_OTP' successfully

2022-11-24 12:08:51 - [TEST_CASE][PASSED] - Test Cases/Smoke/LookUps For Sign IN UP/Screen4_OTP: Test Cases/Smoke/LookUps For Sign IN UP/Screen4_OTP

2022-11-24 12:08:51 - [TEST_STEP][PASSED] - tap(findTestObject("Object Repository/Smoke/OTP/android.widget.EditText - -"), 15): Tapped on element 'Object Repository/Smoke/OTP/android.widget.EditText - -'

2022-11-24 12:09:02 - [MESSAGE][PASSED] - Tapped on element 'Object Repository/Smoke/OTP/android.widget.EditText - -'

2022-11-24 12:09:02 - [TEST_STEP][PASSED] - setText(findTestObject("Object Repository/Smoke/OTP/android.widget.EditText - - (1)"), "1", 2): Text '1' has been set to element 'Object Repository/Smoke/OTP/android.widget.EditText - - (1)'

2022-11-24 12:09:05 - [MESSAGE][PASSED] - Text '1' has been set to element 'Object Repository/Smoke/OTP/android.widget.EditText - - (1)'

2022-11-24 12:09:05 - [TEST_STEP][PASSED] - setText(findTestObject("Object Repository/Smoke/OTP/android.widget.EditText - - (2)"), "2", 2): Text '2' has been set to element 'Object Repository/Smoke/OTP/android.widget.EditText - - (2)'

2022-11-24 12:09:07 - [MESSAGE][PASSED] - Text '2' has been set to element 'Object Repository/Smoke/OTP/android.widget.EditText - - (2)'

2022-11-24 12:09:07 - [TEST_STEP][PASSED] - setText(findTestObject("Object Repository/Smoke/OTP/android.widget.EditText - - (3)"), "3", 2): Text '3' has been set to element 'Object Repository/Smoke/OTP/android.widget.EditText - - (3)'

2022-11-24 12:09:09 - [MESSAGE][PASSED] - Text '3' has been set to element 'Object Repository/Smoke/OTP/android.widget.EditText - - (3)'

2022-11-24 12:09:09 - [TEST_STEP][PASSED] - setText(findTestObject("Object Repository/Smoke/OTP/android.widget.EditText - - (4)"), "4", 2): Text '4' has been set to element 'Object Repository/Smoke/OTP/android.widget.EditText - - (4)'

2022-11-24 12:09:12 - [MESSAGE][PASSED] - Text '4' has been set to element 'Object Repository/Smoke/OTP/android.widget.EditText - - (4)'

2022-11-24 12:09:12 - [TEST_STEP][PASSED] - setText(findTestObject("Object Repository/Smoke/OTP/android.widget.EditText - - (5)"), "5", 2): Text '5' has been set to element 'Object Repository/Smoke/OTP/android.widget.EditText - - (5)'

2022-11-24 12:09:14 - [MESSAGE][PASSED] - Text '5' has been set to element 'Object Repository/Smoke/OTP/android.widget.EditText - - (5)'

2022-11-24 12:09:14 - [TEST_STEP][PASSED] - setText(findTestObject("Object Repository/Smoke/OTP/android.widget.EditText - - (6)"), "6", 2): Text '6' has been set to element 'Object Repository/Smoke/OTP/android.widget.EditText - - (6)'

2022-11-24 12:09:17 - [MESSAGE][PASSED] - Text '6' has been set to element 'Object Repository/Smoke/OTP/android.widget.EditText - - (6)'

2022-11-24 12:09:17 - [TEST_STEP][PASSED] - callTestCase(findTestCase("Test Cases/Smoke/LookUps For Sign IN UP/Screen4/Tap to verify OTP"), null, STOP_ON_FAILURE): Call Test Case 'Test Cases/Smoke/LookUps For Sign IN UP/Screen4/Tap to verify OTP' successfully

2022-11-24 12:09:17 - [TEST_CASE][PASSED] - Test Cases/Smoke/LookUps For Sign IN UP/Screen4/Tap to verify OTP: Test Cases/Smoke/LookUps For Sign IN UP/Screen4/Tap to verify OTP

2022-11-24 12:09:17 - [TEST_STEP][PASSED] - btn = "Object Repository/Smoke/OTP/btn_Verify": null

2022-11-24 12:09:17 - [TEST_STEP][PASSED] - tap(findTestObject(btn), 5, STOP_ON_FAILURE): Tapped on element 'Object Repository/Smoke/OTP/btn_Verify'

2022-11-24 12:09:18 - [MESSAGE][PASSED] - Tapped on element 'Object Repository/Smoke/OTP/btn_Verify'

2022-11-24 12:09:18 - [TEST_STEP][PASSED] - delay(5, STOP_ON_FAILURE): Delayed 5 second(s)

2022-11-24 12:09:23 - [MESSAGE][PASSED] - Delayed 5 second(s)

2022-11-24 12:09:23 - [MESSAGE][PASSED] - Call Test Case 'Test Cases/Smoke/LookUps For Sign IN UP/Screen4/Tap to verify OTP' successfully

2022-11-24 12:09:23 - [MESSAGE][PASSED] - Call Test Case 'Test Cases/Smoke/LookUps For Sign IN UP/Screen4_OTP' successfully]]></system-out>
         <system-err><![CDATA[]]></system-err>
      </testcase>
      <testcase name="Test Cases/Smoke/TC_002 Onboard" time="15.228" classname="Test Cases/Smoke/TC_002 Onboard" status="PASSED">
         <system-out><![CDATA[2022-11-24 12:09:23 - [TEST_CASE][PASSED] - Test Cases/Smoke/TC_002 Onboard: Test Cases/Smoke/TC_002 Onboard

2022-11-24 12:09:23 - [TEST_STEP][PASSED] - callTestCase(findTestCase("Test Cases/Smoke/LookUp For Onboard/Tap on I agree button"), null, STOP_ON_FAILURE): Call Test Case 'Test Cases/Smoke/LookUp For Onboard/Tap on I agree button' successfully

2022-11-24 12:09:23 - [TEST_CASE][PASSED] - Test Cases/Smoke/LookUp For Onboard/Tap on I agree button: Test Cases/Smoke/LookUp For Onboard/Tap on I agree button

2022-11-24 12:09:23 - [TEST_STEP][PASSED] - btn = "Object Repository/Smoke/Onboard/btn I Agree": null

2022-11-24 12:09:23 - [TEST_STEP][PASSED] - tap(findTestObject(btn), 5, STOP_ON_FAILURE): Tapped on element 'Object Repository/Smoke/Onboard/btn I Agree'

2022-11-24 12:09:23 - [MESSAGE][PASSED] - Tapped on element 'Object Repository/Smoke/Onboard/btn I Agree'

2022-11-24 12:09:23 - [MESSAGE][PASSED] - Call Test Case 'Test Cases/Smoke/LookUp For Onboard/Tap on I agree button' successfully

2022-11-24 12:09:23 - [TEST_STEP][PASSED] - callTestCase(findTestCase("Test Cases/Smoke/LookUp For Onboard/Tap continue btn on source screen"), null, STOP_ON_FAILURE): Call Test Case 'Test Cases/Smoke/LookUp For Onboard/Tap continue btn on source screen' successfully

2022-11-24 12:09:23 - [TEST_CASE][PASSED] - Test Cases/Smoke/LookUp For Onboard/Tap continue btn on source screen: Test Cases/Smoke/LookUp For Onboard/Tap continue btn on source screen

2022-11-24 12:09:24 - [TEST_STEP][PASSED] - btn = "Object Repository/Smoke/Onboard/btn Continue Source Screen": null

2022-11-24 12:09:24 - [TEST_STEP][PASSED] - tap(findTestObject(btn), 5, STOP_ON_FAILURE): Tapped on element 'Object Repository/Smoke/Onboard/btn Continue Source Screen'

2022-11-24 12:09:25 - [MESSAGE][PASSED] - Tapped on element 'Object Repository/Smoke/Onboard/btn Continue Source Screen'

2022-11-24 12:09:25 - [MESSAGE][PASSED] - Call Test Case 'Test Cases/Smoke/LookUp For Onboard/Tap continue btn on source screen' successfully

2022-11-24 12:09:25 - [TEST_STEP][PASSED] - callTestCase(findTestCase("Test Cases/Smoke/LookUp For Onboard/Enter First Name and continue"), null, STOP_ON_FAILURE): Call Test Case 'Test Cases/Smoke/LookUp For Onboard/Enter First Name and continue' successfully

2022-11-24 12:09:25 - [TEST_CASE][PASSED] - Test Cases/Smoke/LookUp For Onboard/Enter First Name and continue: Test Cases/Smoke/LookUp For Onboard/Enter First Name and continue

2022-11-24 12:09:25 - [TEST_STEP][PASSED] - btn = "Object Repository/Smoke/Onboard/Text Field Enter User First Name": null

2022-11-24 12:09:25 - [TEST_STEP][PASSED] - PNumber = "Harry": null

2022-11-24 12:09:25 - [TEST_STEP][PASSED] - sendKeys(findTestObject(btn), PNumber, STOP_ON_FAILURE): Send keys 'Harry' on test object 'Object Repository/Smoke/Onboard/Text Field Enter User First Name' successfully.

2022-11-24 12:09:27 - [MESSAGE][PASSED] - Send keys 'Harry' on test object 'Object Repository/Smoke/Onboard/Text Field Enter User First Name' successfully.

2022-11-24 12:09:27 - [TEST_STEP][PASSED] - btn1 = "Object Repository/Smoke/Onboard/btn Continue First Name Screen": null

2022-11-24 12:09:27 - [TEST_STEP][PASSED] - tap(findTestObject(btn1), 5, STOP_ON_FAILURE): Tapped on element 'Object Repository/Smoke/Onboard/btn Continue First Name Screen'

2022-11-24 12:09:27 - [MESSAGE][PASSED] - Tapped on element 'Object Repository/Smoke/Onboard/btn Continue First Name Screen'

2022-11-24 12:09:27 - [MESSAGE][PASSED] - Call Test Case 'Test Cases/Smoke/LookUp For Onboard/Enter First Name and continue' successfully

2022-11-24 12:09:27 - [TEST_STEP][PASSED] - callTestCase(findTestCase("Test Cases/Smoke/LookUp For Onboard/Tap Continue button on birth screen"), null, STOP_ON_FAILURE): Call Test Case 'Test Cases/Smoke/LookUp For Onboard/Tap Continue button on birth screen' successfully

2022-11-24 12:09:27 - [TEST_CASE][PASSED] - Test Cases/Smoke/LookUp For Onboard/Tap Continue button on birth screen: Test Cases/Smoke/LookUp For Onboard/Tap Continue button on birth screen

2022-11-24 12:09:28 - [TEST_STEP][PASSED] - btn = "Object Repository/Smoke/Onboard/btn Continue Birth date": null

2022-11-24 12:09:28 - [TEST_STEP][PASSED] - tap(findTestObject(btn), 5, STOP_ON_FAILURE): Tapped on element 'Object Repository/Smoke/Onboard/btn Continue Birth date'

2022-11-24 12:09:30 - [MESSAGE][PASSED] - Tapped on element 'Object Repository/Smoke/Onboard/btn Continue Birth date'

2022-11-24 12:09:30 - [TEST_STEP][PASSED] - btn1 = "Object Repository/Smoke/Onboard/btn Edit (Change Birth date)": null

2022-11-24 12:09:30 - [TEST_STEP][PASSED] - tap(findTestObject(btn1), 5, STOP_ON_FAILURE): Tapped on element 'Object Repository/Smoke/Onboard/btn Edit (Change Birth date)'

2022-11-24 12:09:32 - [MESSAGE][PASSED] - Tapped on element 'Object Repository/Smoke/Onboard/btn Edit (Change Birth date)'

2022-11-24 12:09:32 - [TEST_STEP][PASSED] - tap(findTestObject(btn), 5, STOP_ON_FAILURE): Tapped on element 'Object Repository/Smoke/Onboard/btn Continue Birth date'

2022-11-24 12:09:33 - [MESSAGE][PASSED] - Tapped on element 'Object Repository/Smoke/Onboard/btn Continue Birth date'

2022-11-24 12:09:33 - [TEST_STEP][PASSED] - btn2 = "Object Repository/Smoke/Onboard/btn Continue (Confirm birth date)": null

2022-11-24 12:09:33 - [TEST_STEP][PASSED] - tap(findTestObject(btn2), 5, STOP_ON_FAILURE): Tapped on element 'Object Repository/Smoke/Onboard/btn Continue (Confirm birth date)'

2022-11-24 12:09:35 - [MESSAGE][PASSED] - Tapped on element 'Object Repository/Smoke/Onboard/btn Continue (Confirm birth date)'

2022-11-24 12:09:35 - [MESSAGE][PASSED] - Call Test Case 'Test Cases/Smoke/LookUp For Onboard/Tap Continue button on birth screen' successfully

2022-11-24 12:09:35 - [TEST_STEP][PASSED] - callTestCase(findTestCase("Test Cases/Smoke/LookUp For Onboard/Tap Continue on Gender Screen"), null, STOP_ON_FAILURE): Call Test Case 'Test Cases/Smoke/LookUp For Onboard/Tap Continue on Gender Screen' successfully

2022-11-24 12:09:35 - [TEST_CASE][PASSED] - Test Cases/Smoke/LookUp For Onboard/Tap Continue on Gender Screen: Test Cases/Smoke/LookUp For Onboard/Tap Continue on Gender Screen

2022-11-24 12:09:35 - [TEST_STEP][PASSED] - btn = "Object Repository/Smoke/Onboard/btn Continue Gender Screen": null

2022-11-24 12:09:35 - [TEST_STEP][PASSED] - tap(findTestObject(btn), 5, STOP_ON_FAILURE): Tapped on element 'Object Repository/Smoke/Onboard/btn Continue Gender Screen'

2022-11-24 12:09:36 - [MESSAGE][PASSED] - Tapped on element 'Object Repository/Smoke/Onboard/btn Continue Gender Screen'

2022-11-24 12:09:36 - [MESSAGE][PASSED] - Call Test Case 'Test Cases/Smoke/LookUp For Onboard/Tap Continue on Gender Screen' successfully

2022-11-24 12:09:36 - [TEST_STEP][PASSED] - callTestCase(findTestCase("Test Cases/Smoke/LookUp For Onboard/Tap continue on Into Screen"), null, STOP_ON_FAILURE): Call Test Case 'Test Cases/Smoke/LookUp For Onboard/Tap continue on Into Screen' successfully

2022-11-24 12:09:36 - [TEST_CASE][PASSED] - Test Cases/Smoke/LookUp For Onboard/Tap continue on Into Screen: Test Cases/Smoke/LookUp For Onboard/Tap continue on Into Screen

2022-11-24 12:09:37 - [TEST_STEP][PASSED] - btn = "Object Repository/Smoke/Onboard/btn Continue Into Screen": null

2022-11-24 12:09:37 - [TEST_STEP][PASSED] - tap(findTestObject(btn), 5, STOP_ON_FAILURE): Tapped on element 'Object Repository/Smoke/Onboard/btn Continue Into Screen'

2022-11-24 12:09:38 - [MESSAGE][PASSED] - Tapped on element 'Object Repository/Smoke/Onboard/btn Continue Into Screen'

2022-11-24 12:09:38 - [MESSAGE][PASSED] - Call Test Case 'Test Cases/Smoke/LookUp For Onboard/Tap continue on Into Screen' successfully]]></system-out>
         <system-err><![CDATA[]]></system-err>
      </testcase>
      <system-out><![CDATA[2022-11-24 12:07:51 - [TEST_SUITE][PASSED] - Smoke: Test Cases/Smoke/TC_002 Onboard]]></system-out>
      <system-err><![CDATA[]]></system-err>
   </testsuite>
</testsuites>
