<?xml version="1.0" encoding="UTF-8"?>
<testsuites name="conditional Suit" time="24.718" tests="2" failures="0" errors="0">
   <testsuite name="conditional Suit" tests="2" failures="0" errors="0" time="24.718" skipped="0" timestamp="2022-05-12 13:51:22" hostname="pc - localhost" id="Test Suites/conditional Suit">
      <properties>
         <property name="deviceName" value="samsung SM-A025F (Android 11)"/>
         <property name="devicePlatform" value=""/>
         <property name="logFolder" value="/Users/pc/Documents/Katalon Studio/SpotLove_Stagging/Reports/20220512_135112/conditional Suit/20220512_135112"/>
         <property name="logFiles" value="/Users/pc/Documents/Katalon Studio/SpotLove_Stagging/Reports/20220512_135112/conditional Suit/20220512_135112/execution0.log, /Users/pc/Documents/Katalon Studio/SpotLove_Stagging/Reports/20220512_135112/conditional Suit/20220512_135112/appium.log"/>
         <property name="attachments" value=""/>
         <property name="hostName" value="pc - localhost"/>
         <property name="os" value="Mac OS X 64bit"/>
         <property name="appiumServerStatus" value="{&quot;value&quot;:{&quot;build&quot;:{&quot;version&quot;:&quot;1.22.3&quot;}},&quot;sessionId&quot;:null,&quot;status&quot;:0}"/>
         <property name="katalonVersion" value="8.3.0.208"/>
         <property name="deviceOS" value="Android"/>
         <property name="appiumVersion" value="1.22.3"/>
         <property name="deviceModel" value="SM-A025F"/>
         <property name="hostAddress" value="127.0.0.1"/>
         <property name="deviceManufacturer" value="samsung"/>
         <property name="deviceId" value="R9JNC0DKDXJ"/>
         <property name="deviceName" value="samsung SM-A025F (Android 11)"/>
         <property name="deviceOSVersion" value="11"/>
      </properties>
      <testcase name="Test Cases/testing/Use Phone Number screen" time="22.767" classname="Test Cases/testing/Use Phone Number screen" status="PASSED">
         <system-out><![CDATA[2022-05-12 13:51:22 - [TEST_CASE][PASSED] - Test Cases/testing/Use Phone Number screen: Test Cases/testing/Use Phone Number screen

2022-05-12 13:51:23 - [TEST_STEP][PASSED] - startExistingApplication("com.spotlove.releaseproduction", STOP_ON_FAILURE): Starting app with application ID: 'com.spotlove.releaseproduction'

2022-05-12 13:51:23 - [MESSAGE][INFO] - User set preference: ['deviceId', '']

2022-05-12 13:51:23 - [MESSAGE][INFO] - Detected NodeJS location: "/usr/local/bin/node"

2022-05-12 13:51:24 - [MESSAGE][INFO] - Appium server started on port 54,489

2022-05-12 13:51:37 - [MESSAGE][PASSED] - Starting app with application ID: 'com.spotlove.releaseproduction'

2022-05-12 13:51:37 - [TEST_STEP][PASSED] - if (waitForElementPresent(heart, 30)): null

2022-05-12 13:51:43 - [MESSAGE][PASSED] - Element 'Object Repository/Use Phone Number Screen/heart icon' is present

2022-05-12 13:51:43 - [TEST_STEP][PASSED] - markPassed("PASSED: App is launched successfully"): PASSED: App is launched successfully

2022-05-12 13:51:43 - [MESSAGE][PASSED] - PASSED: App is launched successfully

2022-05-12 13:51:43 - [TEST_STEP][PASSED] - if (waitForElementPresent(spot, 30)): null

2022-05-12 13:51:43 - [MESSAGE][PASSED] - Element 'Object Repository/Use Phone Number Screen/SPOT' is present

2022-05-12 13:51:43 - [TEST_STEP][PASSED] - markPassed("Passed: Spot Element is present"): Passed: Spot Element is present

2022-05-12 13:51:43 - [MESSAGE][PASSED] - Passed: Spot Element is present

2022-05-12 13:51:43 - [TEST_STEP][PASSED] - if (waitForElementPresent(Love, 30)): null

2022-05-12 13:51:43 - [MESSAGE][PASSED] - Element 'Object Repository/Use Phone Number Screen/LOVE label text' is present

2022-05-12 13:51:43 - [TEST_STEP][PASSED] - markPassed("Passed: Love Element is present"): Passed: Love Element is present

2022-05-12 13:51:43 - [MESSAGE][PASSED] - Passed: Love Element is present

2022-05-12 13:51:43 - [TEST_STEP][PASSED] - if (waitForElementPresent(AtFirst, 30)): null

2022-05-12 13:51:44 - [MESSAGE][PASSED] - Element 'Object Repository/Use Phone Number Screen/AT FIRST SIGHT label text' is present

2022-05-12 13:51:44 - [TEST_STEP][PASSED] - markPassed("Passed: At First Sight Element present"): Passed: At First Sight Element present

2022-05-12 13:51:44 - [MESSAGE][PASSED] - Passed: At First Sight Element present

2022-05-12 13:51:44 - [TEST_STEP][PASSED] - if (waitForElementPresent(Privacy, 30)): null

2022-05-12 13:51:44 - [MESSAGE][PASSED] - Element 'Object Repository/Use Phone Number Screen/Privacy Policy label text' is present

2022-05-12 13:51:44 - [TEST_STEP][PASSED] - markPassed("Passed: privacy Element is present"): Passed: privacy Element is present

2022-05-12 13:51:44 - [MESSAGE][PASSED] - Passed: privacy Element is present

2022-05-12 13:51:44 - [TEST_STEP][PASSED] - if (waitForElementPresent(MATCHMAKERS, 30)): null

2022-05-12 13:51:44 - [MESSAGE][PASSED] - Element 'Object Repository/Use Phone Number Screen/MATCHMAKERS label text' is present

2022-05-12 13:51:44 - [TEST_STEP][PASSED] - markPassed("Passed: MATCHMAKERS element is present"): Passed: MATCHMAKERS element is present

2022-05-12 13:51:44 - [MESSAGE][PASSED] - Passed: MATCHMAKERS element is present

2022-05-12 13:51:44 - [TEST_STEP][PASSED] - if (waitForElementPresent(usePhoneNUmber, 30)): null

2022-05-12 13:51:45 - [MESSAGE][PASSED] - Element 'Object Repository/Use Phone Number Screen/usePhoneNUmber' is present

2022-05-12 13:51:45 - [TEST_STEP][PASSED] - tap(usePhoneNUmber, 30): Tapped on element 'Object Repository/Use Phone Number Screen/usePhoneNUmber'

2022-05-12 13:51:45 - [MESSAGE][PASSED] - Tapped on element 'Object Repository/Use Phone Number Screen/usePhoneNUmber'

2022-05-12 13:51:45 - [TEST_STEP][PASSED] - markPassed("Passed: usePhoneNUmber Element is present"): Passed: usePhoneNUmber Element is present

2022-05-12 13:51:45 - [MESSAGE][PASSED] - Passed: usePhoneNUmber Element is present]]></system-out>
         <system-err><![CDATA[]]></system-err>
      </testcase>
      <testcase name="Test Cases/testing/Whats Your phone number" time="1.69" classname="Test Cases/testing/Whats Your phone number" status="PASSED">
         <system-out><![CDATA[2022-05-12 13:51:45 - [TEST_CASE][PASSED] - Test Cases/testing/Whats Your phone number: Test Cases/testing/Whats Your phone number

2022-05-12 13:51:45 - [TEST_STEP][PASSED] - if (waitForElementPresent(DEETS, 30)): null

2022-05-12 13:51:46 - [MESSAGE][PASSED] - Element 'Object Repository/Whats Your Phone Number/YOUR DEETS label text' is present

2022-05-12 13:51:46 - [TEST_STEP][PASSED] - markPassed("Passed: Deets element is present"): Passed: Deets element is present

2022-05-12 13:51:46 - [MESSAGE][PASSED] - Passed: Deets element is present

2022-05-12 13:51:46 - [TEST_STEP][PASSED] - if (waitForElementPresent(phone_number, 30)): null

2022-05-12 13:51:46 - [MESSAGE][PASSED] - Element 'Object Repository/Whats Your Phone Number/Whats your  phone number label text' is present

2022-05-12 13:51:46 - [TEST_STEP][PASSED] - markPassed("Passed: Whats your phone number element is present"): Passed: Whats your phone number element is present

2022-05-12 13:51:46 - [MESSAGE][PASSED] - Passed: Whats your phone number element is present]]></system-out>
         <system-err><![CDATA[]]></system-err>
      </testcase>
      <system-out><![CDATA[2022-05-12 13:51:22 - [TEST_SUITE][PASSED] - conditional Suit: Test Cases/testing/Whats Your phone number]]></system-out>
      <system-err><![CDATA[]]></system-err>
   </testsuite>
</testsuites>
