<?xml version="1.0" encoding="UTF-8"?>
<testsuites name="Updated Regression" time="50.842" tests="1" failures="0" errors="0">
   <testsuite name="Updated Regression" tests="1" failures="0" errors="0" time="50.842" skipped="0" timestamp="2023-02-07 19:43:44" hostname="pc - 192.168.1.16" id="Test Suites/Updated Regression">
      <properties>
         <property name="deviceName" value="samsung SM-A325F (Android 13)"/>
         <property name="devicePlatform" value=""/>
         <property name="logFolder" value="/Users/pc/git/SpotLove-Automation/Reports/20230207_194334/Updated Regression/20230207_194334"/>
         <property name="logFiles" value="/Users/pc/git/SpotLove-Automation/Reports/20230207_194334/Updated Regression/20230207_194334/execution0.log, /Users/pc/git/SpotLove-Automation/Reports/20230207_194334/Updated Regression/20230207_194334/appium.log"/>
         <property name="attachments" value=""/>
         <property name="hostName" value="pc - 192.168.1.16"/>
         <property name="os" value="Mac OS X 64bit"/>
         <property name="appiumServerStatus" value="{&quot;value&quot;:{&quot;build&quot;:{&quot;version&quot;:&quot;1.22.3&quot;}},&quot;sessionId&quot;:null,&quot;status&quot;:0}"/>
         <property name="katalonVersion" value="8.5.5.208"/>
         <property name="deviceOS" value="Android"/>
         <property name="appiumVersion" value="1.22.3"/>
         <property name="deviceModel" value="SM-A325F"/>
         <property name="hostAddress" value="192.168.1.16"/>
         <property name="deviceManufacturer" value="samsung"/>
         <property name="deviceId" value="RF8RC109TVZ"/>
         <property name="deviceName" value="samsung SM-A325F (Android 13)"/>
         <property name="deviceOSVersion" value="13"/>
      </properties>
      <testcase name="Test Cases/Regression/LookUps/SL-10 Birth date" time="50.619" classname="Test Cases/Regression/LookUps/SL-10 Birth date" status="PASSED">
         <system-out><![CDATA[2023-02-07 19:43:44 - [TEST_CASE][PASSED] - Test Cases/Regression/LookUps/SL-10 Birth date: Test Cases/Regression/LookUps/SL-10 Birth date

2023-02-07 19:43:45 - [TEST_STEP][PASSED] - Start listener action : sampleBeforeTestCase: null

2023-02-07 19:43:45 - [TEST_STEP][PASSED] - println(testCaseContext.getTestCaseId()): null

2023-02-07 19:43:45 - [TEST_STEP][PASSED] - println(testCaseContext.getTestCaseVariables()): null

2023-02-07 19:43:45 - [TEST_STEP][PASSED] - startExistingApplication("com.spotlove.releaseproduction", STOP_ON_FAILURE): Starting app with application ID: 'com.spotlove.releaseproduction'

2023-02-07 19:43:45 - [MESSAGE][INFO] - User set preference: ['deviceId', 'RF8RC109TVZ']

2023-02-07 19:43:48 - [MESSAGE][INFO] - Detected NodeJS location: "/usr/local/bin/node"

2023-02-07 19:43:49 - [MESSAGE][INFO] - Appium server started on port 55,981

2023-02-07 19:43:58 - [MESSAGE][PASSED] - Starting app with application ID: 'com.spotlove.releaseproduction'

2023-02-07 19:43:58 - [TEST_STEP][PASSED] - if (waitForElementPresent(btn_back, 10)): null

2023-02-07 19:44:01 - [MESSAGE][PASSED] - Element 'Object Repository/Regression/SC-010 DOB Screen/btn back' is present

2023-02-07 19:44:01 - [TEST_STEP][PASSED] - com.spotlove.Utility.tap_back(): com.spotlove.Utility.tap_back is PASSED

2023-02-07 19:44:02 - [MESSAGE][PASSED] - com.spotlove.Utility.tap_back is PASSED

2023-02-07 19:44:02 - [TEST_STEP][PASSED] - if (waitForElementPresent(lbl_What, 10)): null

2023-02-07 19:44:03 - [MESSAGE][PASSED] - Element 'Object Repository/Regression/SC-009 First Name Screen/Lbl text - What should we call you' is present

2023-02-07 19:44:03 - [TEST_STEP][PASSED] - markPassed("User navigate back to the First Name and What should we call you? label text found......!"): User navigate back to the First Name and What should we call you? label text found......!

2023-02-07 19:44:03 - [MESSAGE][PASSED] - User navigate back to the First Name and What should we call you? label text found......!

2023-02-07 19:44:03 - [TEST_STEP][PASSED] - if (waitForElementPresent(btn_continue, 10)): null

2023-02-07 19:44:04 - [MESSAGE][PASSED] - Element 'Object Repository/Regression/SC-009 First Name Screen/btn Continue' is present

2023-02-07 19:44:04 - [TEST_STEP][PASSED] - com.spotlove.Utility.tap_Continue(): com.spotlove.Utility.tap_Continue is PASSED

2023-02-07 19:44:04 - [MESSAGE][PASSED] - com.spotlove.Utility.tap_Continue is PASSED

2023-02-07 19:44:04 - [TEST_STEP][PASSED] - if (waitForElementPresent(Cake_icon, 10)): null

2023-02-07 19:44:04 - [MESSAGE][PASSED] - Element 'Object Repository/Regression/SC-010 DOB Screen/cake Icon' is present

2023-02-07 19:44:04 - [TEST_STEP][PASSED] - markPassed("User navigate Move forword to the Birthdate screen nad Cake icon found......!"): User navigate Move forword to the Birthdate screen nad Cake icon found......!

2023-02-07 19:44:04 - [MESSAGE][PASSED] - User navigate Move forword to the Birthdate screen nad Cake icon found......!

2023-02-07 19:44:04 - [TEST_STEP][PASSED] - if (waitForElementPresent(lbl_what, 10)): null

2023-02-07 19:44:07 - [MESSAGE][PASSED] - Element 'Object Repository/Regression/SC-010 DOB Screen/Lbl text - Whats your date of birth' is present

2023-02-07 19:44:07 - [TEST_STEP][PASSED] - markPassed("What's your date of birth? label text found......!"): What's your date of birth? label text found......!

2023-02-07 19:44:07 - [MESSAGE][PASSED] - What's your date of birth? label text found......!

2023-02-07 19:44:07 - [TEST_STEP][PASSED] - if (waitForElementPresent(lbl_AGe, 10)): null

2023-02-07 19:44:08 - [MESSAGE][PASSED] - Element 'Object Repository/Regression/SC-010 DOB Screen/Age Confirmation' is present

2023-02-07 19:44:08 - [TEST_STEP][PASSED] - markPassed("Age xx label text found......!"): Age xx label text found......!

2023-02-07 19:44:08 - [MESSAGE][PASSED] - Age xx label text found......!

2023-02-07 19:44:08 - [TEST_STEP][PASSED] - if (waitForElementPresent(lbl_This, 10)): null

2023-02-07 19:44:09 - [MESSAGE][PASSED] - Element 'Object Repository/Regression/SC-010 DOB Screen/Lbl text - This cant be changed later' is present

2023-02-07 19:44:09 - [TEST_STEP][PASSED] - markPassed("This can't be changed later label text found......!"): This can't be changed later label text found......!

2023-02-07 19:44:09 - [MESSAGE][PASSED] - This can't be changed later label text found......!

2023-02-07 19:44:09 - [TEST_STEP][PASSED] - if (waitForElementPresent(btn_continue, 10)): null

2023-02-07 19:44:09 - [MESSAGE][PASSED] - Element 'Object Repository/Regression/SC-009 First Name Screen/btn Continue' is present

2023-02-07 19:44:09 - [TEST_STEP][PASSED] - com.spotlove.Utility.tap_Continue(): com.spotlove.Utility.tap_Continue is PASSED

2023-02-07 19:44:10 - [MESSAGE][PASSED] - com.spotlove.Utility.tap_Continue is PASSED

2023-02-07 19:44:10 - [TEST_STEP][PASSED] - markPassed("PopUp should opened on the screen.......!"): PopUp should opened on the screen.......!

2023-02-07 19:44:10 - [MESSAGE][PASSED] - PopUp should opened on the screen.......!

2023-02-07 19:44:10 - [TEST_STEP][PASSED] - if (waitForElementPresent(lbl_Please, 10)): null

2023-02-07 19:44:11 - [MESSAGE][PASSED] - Element 'Object Repository/Regression/SC-010 DOB Screen/Lbl text - Please confirm your birthdate' is present

2023-02-07 19:44:11 - [TEST_STEP][PASSED] - markPassed("Please confirm your birthdate on the PopUp label text found.......!"): Please confirm your birthdate on the PopUp label text found.......!

2023-02-07 19:44:11 - [MESSAGE][PASSED] - Please confirm your birthdate on the PopUp label text found.......!

2023-02-07 19:44:11 - [TEST_STEP][PASSED] - if (waitForElementPresent(lbl_can, 10)): null

2023-02-07 19:44:12 - [MESSAGE][PASSED] - Element 'Object Repository/Regression/SC-010 DOB Screen/Lbl text - This cant be changed later on POPUP' is present

2023-02-07 19:44:12 - [TEST_STEP][PASSED] - markPassed("This can't be changed later label text found.......!"): This can't be changed later label text found.......!

2023-02-07 19:44:12 - [MESSAGE][PASSED] - This can't be changed later label text found.......!

2023-02-07 19:44:12 - [TEST_STEP][PASSED] - if (waitForElementPresent(Age_cofirm, 10)): null

2023-02-07 19:44:12 - [MESSAGE][PASSED] - Element 'Object Repository/Regression/SC-010 DOB Screen/DOB confirmation' is present

2023-02-07 19:44:12 - [TEST_STEP][PASSED] - markPassed("Age Confirmation label text found.......!"): Age Confirmation label text found.......!

2023-02-07 19:44:12 - [MESSAGE][PASSED] - Age Confirmation label text found.......!

2023-02-07 19:44:12 - [TEST_STEP][PASSED] - if (waitForElementPresent(DOB_cofirmation, 10)): null

2023-02-07 19:44:12 - [MESSAGE][PASSED] - Element 'Object Repository/Regression/SC-010 DOB Screen/DOB confirmation' is present

2023-02-07 19:44:12 - [TEST_STEP][PASSED] - markPassed("DOB Confirmation label text found.......!"): DOB Confirmation label text found.......!

2023-02-07 19:44:12 - [MESSAGE][PASSED] - DOB Confirmation label text found.......!

2023-02-07 19:44:12 - [TEST_STEP][PASSED] - if (waitForElementPresent(btn_edit, 10)): null

2023-02-07 19:44:12 - [MESSAGE][PASSED] - Element 'Object Repository/Regression/SC-010 DOB Screen/btn edit on POPUP' is present

2023-02-07 19:44:12 - [TEST_STEP][PASSED] - tap(btn_edit, 10): Tapped on element 'Object Repository/Regression/SC-010 DOB Screen/btn edit on POPUP'

2023-02-07 19:44:12 - [MESSAGE][PASSED] - Tapped on element 'Object Repository/Regression/SC-010 DOB Screen/btn edit on POPUP'

2023-02-07 19:44:12 - [TEST_STEP][PASSED] - markPassed("User navigate back to the Date of Birth.......!"): User navigate back to the Date of Birth.......!

2023-02-07 19:44:12 - [MESSAGE][PASSED] - User navigate back to the Date of Birth.......!

2023-02-07 19:44:12 - [TEST_STEP][PASSED] - if (waitForElementPresent(btn_continue, 10)): null

2023-02-07 19:44:12 - [MESSAGE][PASSED] - Element 'Object Repository/Regression/SC-009 First Name Screen/btn Continue' is present

2023-02-07 19:44:12 - [TEST_STEP][PASSED] - delay(5): Delayed 5 second(s)

2023-02-07 19:44:17 - [MESSAGE][PASSED] - Delayed 5 second(s)

2023-02-07 19:44:17 - [TEST_STEP][PASSED] - com.spotlove.Utility.tap_Continue(): com.spotlove.Utility.tap_Continue is PASSED

2023-02-07 19:44:19 - [MESSAGE][PASSED] - com.spotlove.Utility.tap_Continue is PASSED

2023-02-07 19:44:19 - [TEST_STEP][PASSED] - delay(5): Delayed 5 second(s)

2023-02-07 19:44:24 - [MESSAGE][PASSED] - Delayed 5 second(s)

2023-02-07 19:44:24 - [TEST_STEP][PASSED] - markPassed("PopUp should opened on the screen.......!"): PopUp should opened on the screen.......!

2023-02-07 19:44:24 - [MESSAGE][PASSED] - PopUp should opened on the screen.......!

2023-02-07 19:44:24 - [TEST_STEP][PASSED] - if (waitForElementPresent(btn_continue_popup, 10)): null

2023-02-07 19:44:24 - [MESSAGE][PASSED] - Element 'Object Repository/Regression/SC-010 DOB Screen/btn Continue on POPUP' is present

2023-02-07 19:44:24 - [TEST_STEP][PASSED] - delay(5): Delayed 5 second(s)

2023-02-07 19:44:29 - [MESSAGE][PASSED] - Delayed 5 second(s)

2023-02-07 19:44:29 - [TEST_STEP][PASSED] - tap(btn_continue_popup, 10): Tapped on element 'Object Repository/Regression/SC-010 DOB Screen/btn Continue on POPUP'

2023-02-07 19:44:29 - [MESSAGE][PASSED] - Tapped on element 'Object Repository/Regression/SC-010 DOB Screen/btn Continue on POPUP'

2023-02-07 19:44:29 - [TEST_STEP][PASSED] - delay(5): Delayed 5 second(s)

2023-02-07 19:44:34 - [MESSAGE][PASSED] - Delayed 5 second(s)

2023-02-07 19:44:34 - [TEST_STEP][PASSED] - markPassed("User navigate to the Gender Screen.......!"): User navigate to the Gender Screen.......!

2023-02-07 19:44:34 - [MESSAGE][PASSED] - User navigate to the Gender Screen.......!

2023-02-07 19:44:34 - [TEST_STEP][PASSED] - if (waitForElementPresent(mirror_icon, 10)): null

2023-02-07 19:44:34 - [MESSAGE][PASSED] - Element 'Object Repository/Regression/SC-011 Gender/Mirror Icon' is present

2023-02-07 19:44:34 - [TEST_STEP][PASSED] - markPassed("Mirror icon found on Gender Screen.......!"): Mirror icon found on Gender Screen.......!

2023-02-07 19:44:34 - [MESSAGE][PASSED] - Mirror icon found on Gender Screen.......!

2023-02-07 19:44:34 - [TEST_STEP][PASSED] - Start listener action : sampleAfterTestCase: null

2023-02-07 19:44:34 - [TEST_STEP][PASSED] - println(testCaseContext.getTestCaseId()): null

2023-02-07 19:44:34 - [TEST_STEP][PASSED] - println(testCaseContext.getTestCaseStatus()): null]]></system-out>
         <system-err><![CDATA[]]></system-err>
      </testcase>
      <system-out><![CDATA[2023-02-07 19:43:44 - [TEST_SUITE][PASSED] - Updated Regression: Test Cases/Regression/LookUps/SL-10 Birth date]]></system-out>
      <system-err><![CDATA[]]></system-err>
   </testsuite>
</testsuites>
