<?xml version="1.0" encoding="UTF-8"?>
<testsuites name="Smoke" time="165.945" tests="2" failures="0" errors="0">
   <testsuite name="Smoke" tests="2" failures="0" errors="0" time="165.945" skipped="0" timestamp="2022-12-02 17:58:37" hostname="pc - hamza-mac-book" id="Test Suites/Smoke">
      <properties>
         <property name="deviceName" value="samsung SM-A325F (Android 12)"/>
         <property name="devicePlatform" value=""/>
         <property name="logFolder" value="/Users/pc/Katalon Studio/SpotLove_Stagging/Reports/20221202_175824/Smoke/20221202_175825"/>
         <property name="logFiles" value="/Users/pc/Katalon Studio/SpotLove_Stagging/Reports/20221202_175824/Smoke/20221202_175825/execution0.log, /Users/pc/Katalon Studio/SpotLove_Stagging/Reports/20221202_175824/Smoke/20221202_175825/appium.log"/>
         <property name="attachments" value=""/>
         <property name="hostName" value="pc - hamza-mac-book"/>
         <property name="os" value="Mac OS X 64bit"/>
         <property name="appiumServerStatus" value="{&quot;value&quot;:{&quot;build&quot;:{&quot;version&quot;:&quot;1.22.3&quot;}},&quot;sessionId&quot;:null,&quot;status&quot;:0}"/>
         <property name="katalonVersion" value="8.5.1.208"/>
         <property name="deviceOS" value="Android"/>
         <property name="appiumVersion" value="1.22.3"/>
         <property name="deviceModel" value="SM-A325F"/>
         <property name="hostAddress" value="192.168.1.21"/>
         <property name="deviceManufacturer" value="samsung"/>
         <property name="deviceId" value="RF8RC109TVZ"/>
         <property name="deviceName" value="samsung SM-A325F (Android 12)"/>
         <property name="deviceOSVersion" value="12"/>
      </properties>
      <testcase name="Test Cases/Smoke/TC_001" time="37.314" classname="Test Cases/Smoke/TC_001" status="PASSED">
         <system-out><![CDATA[2022-12-02 17:58:38 - [TEST_CASE][PASSED] - Test Cases/Smoke/TC_001: Test Cases/Smoke/TC_001

2022-12-02 17:58:38 - [TEST_STEP][PASSED] - Start listener action : sampleBeforeTestCase: null

2022-12-02 17:58:38 - [TEST_STEP][PASSED] - println(testCaseContext.getTestCaseId()): null

2022-12-02 17:58:38 - [TEST_STEP][PASSED] - println(testCaseContext.getTestCaseVariables()): null

2022-12-02 17:58:38 - [TEST_STEP][PASSED] - startExistingApplication("com.spotlove.releaseproduction", STOP_ON_FAILURE): Starting app with application ID: 'com.spotlove.releaseproduction'

2022-12-02 17:58:38 - [MESSAGE][INFO] - User set preference: ['deviceId', '']

2022-12-02 17:58:41 - [MESSAGE][INFO] - Detected NodeJS location: "/usr/local/bin/node"

2022-12-02 17:58:42 - [MESSAGE][INFO] - Appium server started on port 62,954

2022-12-02 17:58:54 - [MESSAGE][PASSED] - Starting app with application ID: 'com.spotlove.releaseproduction'

2022-12-02 17:58:54 - [TEST_STEP][PASSED] - check_image = findTestObject("Object Repository/Smoke/Verify Login Sign Up/Intro screen image"): null

2022-12-02 17:58:54 - [TEST_STEP][PASSED] - if (waitForElementPresent(check_image, 10)): Object Object Repository/Smoke/Verify Login Sign Up/Intro screen image not found

2022-12-02 17:59:04 - [MESSAGE][WARNING] - Object Object Repository/Smoke/Verify Login Sign Up/Intro screen image not found

2022-12-02 17:59:04 - [TEST_STEP][PASSED] - else: Please Create Your SpotLove Account..(Else)....!

2022-12-02 17:59:04 - [TEST_STEP][PASSED] - if (waitForElementPresent(btn_Continue_WPN, 10, STOP_ON_FAILURE)): Element 'Object Repository/Smoke/Onboard/btn I Agree' is present

2022-12-02 17:59:15 - [MESSAGE][WARNING] - Object Object Repository/Smoke/Sign In Selection/btn Continue with phone number not found

2022-12-02 17:59:15 - [MESSAGE][PASSED] - Element 'Object Repository/Smoke/Onboard/btn I Agree' is present

2022-12-02 17:59:15 - [TEST_STEP][PASSED] - else if (waitForElementPresent(Agree, 10, STOP_ON_FAILURE)): Please Create Your SpotLove Account..(Else)....!

2022-12-02 17:59:15 - [TEST_STEP][PASSED] - markPassed("Please Create Your SpotLove Account..(Else)....!"): Please Create Your SpotLove Account..(Else)....!

2022-12-02 17:59:15 - [MESSAGE][PASSED] - Please Create Your SpotLove Account..(Else)....!

2022-12-02 17:59:15 - [TEST_STEP][PASSED] - Start listener action : sampleAfterTestCase: null

2022-12-02 17:59:15 - [TEST_STEP][PASSED] - println(testCaseContext.getTestCaseId()): null

2022-12-02 17:59:15 - [TEST_STEP][PASSED] - println(testCaseContext.getTestCaseStatus()): null]]></system-out>
         <system-err><![CDATA[]]></system-err>
      </testcase>
      <testcase name="Test Cases/Smoke/TC_002 Onboard" time="128.22" classname="Test Cases/Smoke/TC_002 Onboard" status="PASSED">
         <system-out><![CDATA[2022-12-02 17:59:15 - [TEST_CASE][PASSED] - Test Cases/Smoke/TC_002 Onboard: Test Cases/Smoke/TC_002 Onboard

2022-12-02 17:59:15 - [TEST_STEP][PASSED] - Start listener action : sampleBeforeTestCase: null

2022-12-02 17:59:15 - [TEST_STEP][PASSED] - println(testCaseContext.getTestCaseId()): null

2022-12-02 17:59:15 - [TEST_STEP][PASSED] - println(testCaseContext.getTestCaseVariables()): null

2022-12-02 17:59:15 - [TEST_STEP][PASSED] - callTestCase(findTestCase("Test Cases/Smoke/LookUp For Onboard/Tap on I agree button"), null, STOP_ON_FAILURE): Call Test Case 'Test Cases/Smoke/LookUp For Onboard/Tap on I agree button' successfully

2022-12-02 17:59:15 - [TEST_CASE][PASSED] - Test Cases/Smoke/LookUp For Onboard/Tap on I agree button: Test Cases/Smoke/LookUp For Onboard/Tap on I agree button

2022-12-02 17:59:16 - [TEST_STEP][PASSED] - if (waitForElementPresent(btn_I_Agree, 10)): null

2022-12-02 17:59:16 - [MESSAGE][PASSED] - Element 'Object Repository/Smoke/Onboard/btn I Agree' is present

2022-12-02 17:59:16 - [TEST_STEP][PASSED] - tap(btn_I_Agree, 5): Tapped on element 'Object Repository/Smoke/Onboard/btn I Agree'

2022-12-02 17:59:16 - [MESSAGE][PASSED] - Tapped on element 'Object Repository/Smoke/Onboard/btn I Agree'

2022-12-02 17:59:16 - [TEST_STEP][PASSED] - markPassed("Passed! User Navigate SOURCE Screen......!"): Passed! User Navigate SOURCE Screen......!

2022-12-02 17:59:16 - [MESSAGE][PASSED] - Passed! User Navigate SOURCE Screen......!

2022-12-02 17:59:16 - [MESSAGE][PASSED] - Call Test Case 'Test Cases/Smoke/LookUp For Onboard/Tap on I agree button' successfully

2022-12-02 17:59:16 - [TEST_STEP][PASSED] - callTestCase(findTestCase("Test Cases/Smoke/LookUp For Onboard/Tap continue btn on source screen"), null, STOP_ON_FAILURE): Call Test Case 'Test Cases/Smoke/LookUp For Onboard/Tap continue btn on source screen' successfully

2022-12-02 17:59:16 - [TEST_CASE][PASSED] - Test Cases/Smoke/LookUp For Onboard/Tap continue btn on source screen: Test Cases/Smoke/LookUp For Onboard/Tap continue btn on source screen

2022-12-02 17:59:16 - [TEST_STEP][PASSED] - if (waitForElementPresent(btn_Continue, 10)): null

2022-12-02 17:59:17 - [MESSAGE][PASSED] - Element 'Object Repository/Smoke/Onboard/btn Continue Source Screen' is present

2022-12-02 17:59:17 - [TEST_STEP][PASSED] - tap(btn_Continue, 5): Tapped on element 'Object Repository/Smoke/Onboard/btn Continue Source Screen'

2022-12-02 17:59:18 - [MESSAGE][PASSED] - Tapped on element 'Object Repository/Smoke/Onboard/btn Continue Source Screen'

2022-12-02 17:59:18 - [TEST_STEP][PASSED] - markPassed("User Successfully Navigate to the First Name Screen......!"): User Successfully Navigate to the First Name Screen......!

2022-12-02 17:59:18 - [MESSAGE][PASSED] - User Successfully Navigate to the First Name Screen......!

2022-12-02 17:59:18 - [MESSAGE][PASSED] - Call Test Case 'Test Cases/Smoke/LookUp For Onboard/Tap continue btn on source screen' successfully

2022-12-02 17:59:18 - [TEST_STEP][PASSED] - callTestCase(findTestCase("Test Cases/Smoke/LookUp For Onboard/Enter First Name and continue"), ["FName":FName], STOP_ON_FAILURE): Call Test Case 'Test Cases/Smoke/LookUp For Onboard/Enter First Name and continue' successfully

2022-12-02 17:59:18 - [TEST_CASE][PASSED] - Test Cases/Smoke/LookUp For Onboard/Enter First Name and continue: Test Cases/Smoke/LookUp For Onboard/Enter First Name and continue

2022-12-02 17:59:18 - [TEST_STEP][PASSED] - if (waitForElementPresent(input_UserName, 10)): null

2022-12-02 17:59:19 - [MESSAGE][PASSED] - Element 'Object Repository/Smoke/Onboard/Text Field Enter User First Name' is present

2022-12-02 17:59:19 - [TEST_STEP][PASSED] - markPassed("User Name field tapped Successfully......!"): User Name field tapped Successfully......!

2022-12-02 17:59:19 - [MESSAGE][PASSED] - User Name field tapped Successfully......!

2022-12-02 17:59:19 - [TEST_STEP][PASSED] - sendKeys(input_UserName, FName): Send keys 'Umar' on test object 'Object Repository/Smoke/Onboard/Text Field Enter User First Name' successfully.

2022-12-02 17:59:20 - [MESSAGE][PASSED] - Send keys 'Umar' on test object 'Object Repository/Smoke/Onboard/Text Field Enter User First Name' successfully.

2022-12-02 17:59:20 - [TEST_STEP][PASSED] - markPassed("User Name Entered Successfully......!"): User Name Entered Successfully......!

2022-12-02 17:59:20 - [MESSAGE][PASSED] - User Name Entered Successfully......!

2022-12-02 17:59:20 - [TEST_STEP][PASSED] - tap(btn_Continue, 5): Tapped on element 'Object Repository/Smoke/Onboard/btn Continue First Name Screen'

2022-12-02 17:59:21 - [MESSAGE][PASSED] - Tapped on element 'Object Repository/Smoke/Onboard/btn Continue First Name Screen'

2022-12-02 17:59:21 - [TEST_STEP][PASSED] - markPassed("User Navigate to the Birth Screen......!"): User Navigate to the Birth Screen......!

2022-12-02 17:59:21 - [MESSAGE][PASSED] - User Navigate to the Birth Screen......!

2022-12-02 17:59:21 - [MESSAGE][PASSED] - Call Test Case 'Test Cases/Smoke/LookUp For Onboard/Enter First Name and continue' successfully

2022-12-02 17:59:21 - [TEST_STEP][PASSED] - callTestCase(findTestCase("Test Cases/Smoke/LookUp For Onboard/Tap Continue button on birth screen"), null, STOP_ON_FAILURE): Call Test Case 'Test Cases/Smoke/LookUp For Onboard/Tap Continue button on birth screen' successfully

2022-12-02 17:59:21 - [TEST_CASE][PASSED] - Test Cases/Smoke/LookUp For Onboard/Tap Continue button on birth screen: Test Cases/Smoke/LookUp For Onboard/Tap Continue button on birth screen

2022-12-02 17:59:21 - [TEST_STEP][PASSED] - if (waitForElementPresent(btn_Continue, 10)): null

2022-12-02 17:59:24 - [MESSAGE][PASSED] - Element 'Object Repository/Smoke/Onboard/btn Continue Birth date' is present

2022-12-02 17:59:24 - [TEST_STEP][PASSED] - tap(btn_Continue, 5): Tapped on element 'Object Repository/Smoke/Onboard/btn Continue Birth date'

2022-12-02 17:59:25 - [MESSAGE][PASSED] - Tapped on element 'Object Repository/Smoke/Onboard/btn Continue Birth date'

2022-12-02 17:59:25 - [TEST_STEP][PASSED] - markPassed("Passed! User Navigate to POPUP Sheet to confirm birth date......!"): Passed! User Navigate to POPUP Sheet to confirm birth date......!

2022-12-02 17:59:25 - [MESSAGE][PASSED] - Passed! User Navigate to POPUP Sheet to confirm birth date......!

2022-12-02 17:59:25 - [TEST_STEP][PASSED] - if (waitForElementPresent(btn_edit, 10)): null

2022-12-02 17:59:26 - [MESSAGE][PASSED] - Element 'Object Repository/Smoke/Onboard/btn Edit (Change Birth date)' is present

2022-12-02 17:59:26 - [TEST_STEP][PASSED] - tap(btn_edit, 5): Tapped on element 'Object Repository/Smoke/Onboard/btn Edit (Change Birth date)'

2022-12-02 17:59:26 - [MESSAGE][PASSED] - Tapped on element 'Object Repository/Smoke/Onboard/btn Edit (Change Birth date)'

2022-12-02 17:59:26 - [TEST_STEP][PASSED] - markPassed("Passed! User Navigate birth date......!"): Passed! User Navigate birth date......!

2022-12-02 17:59:26 - [MESSAGE][PASSED] - Passed! User Navigate birth date......!

2022-12-02 17:59:26 - [TEST_STEP][PASSED] - tap(btn_Continue, 5): Tapped on element 'Object Repository/Smoke/Onboard/btn Continue Birth date'

2022-12-02 17:59:28 - [MESSAGE][PASSED] - Tapped on element 'Object Repository/Smoke/Onboard/btn Continue Birth date'

2022-12-02 17:59:28 - [TEST_STEP][PASSED] - markPassed("Passed! User Navigate to POPUP Sheet to confirm birth date......!"): Passed! User Navigate to POPUP Sheet to confirm birth date......!

2022-12-02 17:59:28 - [MESSAGE][PASSED] - Passed! User Navigate to POPUP Sheet to confirm birth date......!

2022-12-02 17:59:28 - [TEST_STEP][PASSED] - if (waitForElementPresent(btn_Confirm_birth, 10)): null

2022-12-02 17:59:29 - [MESSAGE][PASSED] - Element 'Object Repository/Smoke/Onboard/btn Continue (Confirm birth date)' is present

2022-12-02 17:59:29 - [TEST_STEP][PASSED] - tap(btn_Confirm_birth, 5): Tapped on element 'Object Repository/Smoke/Onboard/btn Continue (Confirm birth date)'

2022-12-02 17:59:30 - [MESSAGE][PASSED] - Tapped on element 'Object Repository/Smoke/Onboard/btn Continue (Confirm birth date)'

2022-12-02 17:59:30 - [TEST_STEP][PASSED] - markPassed("Passed! User Navigate First Name Screen......!"): Passed! User Navigate First Name Screen......!

2022-12-02 17:59:30 - [MESSAGE][PASSED] - Passed! User Navigate First Name Screen......!

2022-12-02 17:59:30 - [MESSAGE][PASSED] - Call Test Case 'Test Cases/Smoke/LookUp For Onboard/Tap Continue button on birth screen' successfully

2022-12-02 17:59:30 - [TEST_STEP][PASSED] - callTestCase(findTestCase("Test Cases/Smoke/LookUp For Onboard/Tap Continue on Gender Screen"), ["Gender":Gender], STOP_ON_FAILURE): Call Test Case 'Test Cases/Smoke/LookUp For Onboard/Tap Continue on Gender Screen' successfully

2022-12-02 17:59:30 - [TEST_CASE][PASSED] - Test Cases/Smoke/LookUp For Onboard/Tap Continue on Gender Screen: Test Cases/Smoke/LookUp For Onboard/Tap Continue on Gender Screen

2022-12-02 17:59:30 - [TEST_STEP][PASSED] - com.spotlove.Utility.random_value(Gender): com.spotlove.Utility.random_value is PASSED

2022-12-02 17:59:31 - [MESSAGE][PASSED] - com.spotlove.Utility.random_value is PASSED

2022-12-02 17:59:31 - [TEST_STEP][PASSED] - if (waitForElementPresent(btn_Continue, 10)): null

2022-12-02 17:59:31 - [MESSAGE][PASSED] - Element 'Object Repository/Smoke/Onboard/btn Continue Gender Screen' is present

2022-12-02 17:59:31 - [TEST_STEP][PASSED] - tap(btn_Continue, 5): Tapped on element 'Object Repository/Smoke/Onboard/btn Continue Gender Screen'

2022-12-02 17:59:32 - [MESSAGE][PASSED] - Tapped on element 'Object Repository/Smoke/Onboard/btn Continue Gender Screen'

2022-12-02 17:59:32 - [TEST_STEP][PASSED] - markPassed("Passed! User Navigate INTO Screen......!"): Passed! User Navigate INTO Screen......!

2022-12-02 17:59:32 - [MESSAGE][PASSED] - Passed! User Navigate INTO Screen......!

2022-12-02 17:59:32 - [MESSAGE][PASSED] - Call Test Case 'Test Cases/Smoke/LookUp For Onboard/Tap Continue on Gender Screen' successfully

2022-12-02 17:59:32 - [TEST_STEP][PASSED] - callTestCase(findTestCase("Test Cases/Smoke/LookUp For Onboard/Tap continue on Into Screen"), ["Into":Into], STOP_ON_FAILURE): Call Test Case 'Test Cases/Smoke/LookUp For Onboard/Tap continue on Into Screen' successfully

2022-12-02 17:59:32 - [TEST_CASE][PASSED] - Test Cases/Smoke/LookUp For Onboard/Tap continue on Into Screen: Test Cases/Smoke/LookUp For Onboard/Tap continue on Into Screen

2022-12-02 17:59:32 - [TEST_STEP][PASSED] - com.spotlove.Utility.random_value(Into): com.spotlove.Utility.random_value is PASSED

2022-12-02 17:59:34 - [MESSAGE][PASSED] - com.spotlove.Utility.random_value is PASSED

2022-12-02 17:59:34 - [TEST_STEP][PASSED] - if (waitForElementPresent(btn_Continue, 10)): null

2022-12-02 17:59:35 - [MESSAGE][PASSED] - Element 'Object Repository/Smoke/Onboard/btn Continue Into Screen' is present

2022-12-02 17:59:35 - [TEST_STEP][PASSED] - tap(btn_Continue, 5): Tapped on element 'Object Repository/Smoke/Onboard/btn Continue Into Screen'

2022-12-02 17:59:35 - [MESSAGE][PASSED] - Tapped on element 'Object Repository/Smoke/Onboard/btn Continue Into Screen'

2022-12-02 17:59:35 - [TEST_STEP][PASSED] - markPassed("Passed! User Navigate HEIGHT Screen......!"): Passed! User Navigate HEIGHT Screen......!

2022-12-02 17:59:35 - [MESSAGE][PASSED] - Passed! User Navigate HEIGHT Screen......!

2022-12-02 17:59:35 - [MESSAGE][PASSED] - Call Test Case 'Test Cases/Smoke/LookUp For Onboard/Tap continue on Into Screen' successfully

2022-12-02 17:59:35 - [TEST_STEP][PASSED] - callTestCase(findTestCase("Test Cases/Smoke/LookUp For Onboard/Tap to continue btn n Height screen"), null, STOP_ON_FAILURE): Call Test Case 'Test Cases/Smoke/LookUp For Onboard/Tap to continue btn n Height screen' successfully

2022-12-02 17:59:35 - [TEST_CASE][PASSED] - Test Cases/Smoke/LookUp For Onboard/Tap to continue btn n Height screen: Test Cases/Smoke/LookUp For Onboard/Tap to continue btn n Height screen

2022-12-02 17:59:35 - [TEST_STEP][PASSED] - if (waitForElementPresent(btn_Continue, 10)): null

2022-12-02 17:59:37 - [MESSAGE][PASSED] - Element 'Object Repository/Smoke/Onboard/btn Continue on height Screen' is present

2022-12-02 17:59:37 - [TEST_STEP][PASSED] - tap(btn_Continue, 5): Tapped on element 'Object Repository/Smoke/Onboard/btn Continue on height Screen'

2022-12-02 17:59:37 - [MESSAGE][PASSED] - Tapped on element 'Object Repository/Smoke/Onboard/btn Continue on height Screen'

2022-12-02 17:59:37 - [TEST_STEP][PASSED] - markPassed("Passed! User Navigate ETHNICITY Screen......!"): Passed! User Navigate ETHNICITY Screen......!

2022-12-02 17:59:37 - [MESSAGE][PASSED] - Passed! User Navigate ETHNICITY Screen......!

2022-12-02 17:59:37 - [MESSAGE][PASSED] - Call Test Case 'Test Cases/Smoke/LookUp For Onboard/Tap to continue btn n Height screen' successfully

2022-12-02 17:59:37 - [TEST_STEP][PASSED] - callTestCase(findTestCase("Test Cases/Smoke/LookUp For Onboard/Tap to Continue on Ethnicity Screen"), ["Ethnicity":Ethnicity], STOP_ON_FAILURE): Call Test Case 'Test Cases/Smoke/LookUp For Onboard/Tap to Continue on Ethnicity Screen' successfully

2022-12-02 17:59:37 - [TEST_CASE][PASSED] - Test Cases/Smoke/LookUp For Onboard/Tap to Continue on Ethnicity Screen: Test Cases/Smoke/LookUp For Onboard/Tap to Continue on Ethnicity Screen

2022-12-02 17:59:37 - [TEST_STEP][PASSED] - com.spotlove.Utility.random_value(Ethnicity): com.spotlove.Utility.random_value is PASSED

2022-12-02 17:59:39 - [MESSAGE][PASSED] - com.spotlove.Utility.random_value is PASSED

2022-12-02 17:59:39 - [TEST_STEP][PASSED] - if (waitForElementPresent(btn_Continue, 10)): null

2022-12-02 17:59:39 - [MESSAGE][PASSED] - Element 'Object Repository/Smoke/Onboard/btn Continue on Ethnicity Screen' is present

2022-12-02 17:59:39 - [TEST_STEP][PASSED] - tap(btn_Continue, 5): Tapped on element 'Object Repository/Smoke/Onboard/btn Continue on Ethnicity Screen'

2022-12-02 17:59:40 - [MESSAGE][PASSED] - Tapped on element 'Object Repository/Smoke/Onboard/btn Continue on Ethnicity Screen'

2022-12-02 17:59:40 - [TEST_STEP][PASSED] - markPassed("Passed! User Navigate RELIGION Screen......!"): Passed! User Navigate RELIGION Screen......!

2022-12-02 17:59:40 - [MESSAGE][PASSED] - Passed! User Navigate RELIGION Screen......!

2022-12-02 17:59:40 - [MESSAGE][PASSED] - Call Test Case 'Test Cases/Smoke/LookUp For Onboard/Tap to Continue on Ethnicity Screen' successfully

2022-12-02 17:59:40 - [TEST_STEP][PASSED] - callTestCase(findTestCase("Test Cases/Smoke/LookUp For Onboard/Tap to continue on Religion Screen"), ["Religion":Religion], STOP_ON_FAILURE): Call Test Case 'Test Cases/Smoke/LookUp For Onboard/Tap to continue on Religion Screen' successfully

2022-12-02 17:59:40 - [TEST_CASE][PASSED] - Test Cases/Smoke/LookUp For Onboard/Tap to continue on Religion Screen: Test Cases/Smoke/LookUp For Onboard/Tap to continue on Religion Screen

2022-12-02 17:59:40 - [TEST_STEP][PASSED] - com.spotlove.Utility.random_value(Religion): com.spotlove.Utility.random_value is PASSED

2022-12-02 17:59:42 - [MESSAGE][PASSED] - com.spotlove.Utility.random_value is PASSED

2022-12-02 17:59:42 - [TEST_STEP][PASSED] - if (waitForElementPresent(btn_Continue, 10)): null

2022-12-02 17:59:42 - [MESSAGE][PASSED] - Element 'Object Repository/Smoke/Onboard/btn Continue on Religion Screen' is present

2022-12-02 17:59:42 - [TEST_STEP][PASSED] - tap(btn_Continue, 5): Tapped on element 'Object Repository/Smoke/Onboard/btn Continue on Religion Screen'

2022-12-02 17:59:43 - [MESSAGE][PASSED] - Tapped on element 'Object Repository/Smoke/Onboard/btn Continue on Religion Screen'

2022-12-02 17:59:43 - [TEST_STEP][PASSED] - markPassed("Passed! User Navigate Relationship Status Screen......!"): Passed! User Navigate Relationship Status Screen......!

2022-12-02 17:59:43 - [MESSAGE][PASSED] - Passed! User Navigate Relationship Status Screen......!

2022-12-02 17:59:43 - [MESSAGE][PASSED] - Call Test Case 'Test Cases/Smoke/LookUp For Onboard/Tap to continue on Religion Screen' successfully

2022-12-02 17:59:43 - [TEST_STEP][PASSED] - callTestCase(findTestCase("Test Cases/Smoke/LookUp For Onboard/Tap to continue on Relationship Screen"), ["Relationship":Relationship], STOP_ON_FAILURE): Call Test Case 'Test Cases/Smoke/LookUp For Onboard/Tap to continue on Relationship Screen' successfully

2022-12-02 17:59:43 - [TEST_CASE][PASSED] - Test Cases/Smoke/LookUp For Onboard/Tap to continue on Relationship Screen: Test Cases/Smoke/LookUp For Onboard/Tap to continue on Relationship Screen

2022-12-02 17:59:43 - [TEST_STEP][PASSED] - com.spotlove.Utility.random_value(Relationship): com.spotlove.Utility.random_value is PASSED

2022-12-02 17:59:44 - [MESSAGE][PASSED] - com.spotlove.Utility.random_value is PASSED

2022-12-02 17:59:44 - [TEST_STEP][PASSED] - if (waitForElementPresent(btn_Continue, 10)): null

2022-12-02 17:59:45 - [MESSAGE][PASSED] - Element 'Object Repository/Smoke/Onboard/btn Continue on Relationship screen' is present

2022-12-02 17:59:45 - [TEST_STEP][PASSED] - tap(btn_Continue, 5): Tapped on element 'Object Repository/Smoke/Onboard/btn Continue on Relationship screen'

2022-12-02 17:59:45 - [MESSAGE][PASSED] - Tapped on element 'Object Repository/Smoke/Onboard/btn Continue on Relationship screen'

2022-12-02 17:59:45 - [TEST_STEP][PASSED] - markPassed("Passed! User Navigate Children and Family Plan Screen......!"): Passed! User Navigate Children and Family Plan Screen......!

2022-12-02 17:59:45 - [MESSAGE][PASSED] - Passed! User Navigate Children and Family Plan Screen......!

2022-12-02 17:59:45 - [MESSAGE][PASSED] - Call Test Case 'Test Cases/Smoke/LookUp For Onboard/Tap to continue on Relationship Screen' successfully

2022-12-02 17:59:45 - [TEST_STEP][PASSED] - callTestCase(findTestCase("Test Cases/Smoke/LookUp For Onboard/Tap to Continue on Family Plan"), ["Children":Children, "Plan":Plan], STOP_ON_FAILURE): Call Test Case 'Test Cases/Smoke/LookUp For Onboard/Tap to Continue on Family Plan' successfully

2022-12-02 17:59:45 - [TEST_CASE][PASSED] - Test Cases/Smoke/LookUp For Onboard/Tap to Continue on Family Plan: Test Cases/Smoke/LookUp For Onboard/Tap to Continue on Family Plan

2022-12-02 17:59:45 - [TEST_STEP][PASSED] - com.spotlove.Utility.random_value(Children): com.spotlove.Utility.random_value is PASSED

2022-12-02 17:59:47 - [MESSAGE][PASSED] - com.spotlove.Utility.random_value is PASSED

2022-12-02 17:59:47 - [TEST_STEP][PASSED] - com.spotlove.Utility.comma_sprt_value(Plan): com.spotlove.Utility.comma_sprt_value is PASSED

2022-12-02 17:59:47 - [MESSAGE][PASSED] - com.spotlove.Utility.comma_sprt_value is PASSED

2022-12-02 17:59:47 - [TEST_STEP][PASSED] - if (waitForElementPresent(btn_Continue, 10)): null

2022-12-02 17:59:48 - [MESSAGE][PASSED] - Element 'Object Repository/Smoke/Onboard/btn Continue on Family plan screen' is present

2022-12-02 17:59:48 - [TEST_STEP][PASSED] - tap(btn_Continue, 5): Tapped on element 'Object Repository/Smoke/Onboard/btn Continue on Family plan screen'

2022-12-02 17:59:48 - [MESSAGE][PASSED] - Tapped on element 'Object Repository/Smoke/Onboard/btn Continue on Family plan screen'

2022-12-02 17:59:48 - [TEST_STEP][PASSED] - markPassed("Passed! User Navigate EDUCATION Screen......!"): Passed! User Navigate EDUCATION Screen......!

2022-12-02 17:59:48 - [MESSAGE][PASSED] - Passed! User Navigate EDUCATION Screen......!

2022-12-02 17:59:48 - [MESSAGE][PASSED] - Call Test Case 'Test Cases/Smoke/LookUp For Onboard/Tap to Continue on Family Plan' successfully

2022-12-02 17:59:48 - [TEST_STEP][PASSED] - callTestCase(findTestCase("Test Cases/Smoke/LookUp For Onboard/Tap to Continue on Education Screen"), ["Education":Education], STOP_ON_FAILURE): Call Test Case 'Test Cases/Smoke/LookUp For Onboard/Tap to Continue on Education Screen' successfully

2022-12-02 17:59:48 - [TEST_CASE][PASSED] - Test Cases/Smoke/LookUp For Onboard/Tap to Continue on Education Screen: Test Cases/Smoke/LookUp For Onboard/Tap to Continue on Education Screen

2022-12-02 17:59:48 - [TEST_STEP][PASSED] - com.spotlove.Utility.random_value(Education): com.spotlove.Utility.random_value is PASSED

2022-12-02 17:59:50 - [MESSAGE][PASSED] - com.spotlove.Utility.random_value is PASSED

2022-12-02 17:59:50 - [TEST_STEP][PASSED] - if (waitForElementPresent(btn_Continue, 10)): null

2022-12-02 17:59:51 - [MESSAGE][PASSED] - Element 'Object Repository/Smoke/Onboard/btn Continue on Education Screen' is present

2022-12-02 17:59:51 - [TEST_STEP][PASSED] - tap(btn_Continue, 5): Tapped on element 'Object Repository/Smoke/Onboard/btn Continue on Education Screen'

2022-12-02 17:59:51 - [MESSAGE][PASSED] - Tapped on element 'Object Repository/Smoke/Onboard/btn Continue on Education Screen'

2022-12-02 17:59:51 - [TEST_STEP][PASSED] - markPassed("Passed! User Navigate VICES Screen......!"): Passed! User Navigate VICES Screen......!

2022-12-02 17:59:51 - [MESSAGE][PASSED] - Passed! User Navigate VICES Screen......!

2022-12-02 17:59:51 - [MESSAGE][PASSED] - Call Test Case 'Test Cases/Smoke/LookUp For Onboard/Tap to Continue on Education Screen' successfully

2022-12-02 17:59:51 - [TEST_STEP][PASSED] - callTestCase(findTestCase("Test Cases/Smoke/LookUp For Onboard/Tap to continue on Vices Screen"), ["Smoking":Smoking, "Marijuana":Marijuana, "Alcohol":Alcohol], STOP_ON_FAILURE): Call Test Case 'Test Cases/Smoke/LookUp For Onboard/Tap to continue on Vices Screen' successfully

2022-12-02 17:59:51 - [TEST_CASE][PASSED] - Test Cases/Smoke/LookUp For Onboard/Tap to continue on Vices Screen: Test Cases/Smoke/LookUp For Onboard/Tap to continue on Vices Screen

2022-12-02 17:59:51 - [TEST_STEP][PASSED] - if (waitForElementPresent(btn_Alcohol_toggle, 10)): null

2022-12-02 17:59:53 - [MESSAGE][PASSED] - Element 'Object Repository/Smoke/Onboard/Toggle Btn/btn toggle Switch - OFF Alcohol' is present

2022-12-02 17:59:53 - [TEST_STEP][PASSED] - tap(btn_Alcohol_toggle, 5): Tapped on element 'Object Repository/Smoke/Onboard/Toggle Btn/btn toggle Switch - OFF Alcohol'

2022-12-02 17:59:54 - [MESSAGE][PASSED] - Tapped on element 'Object Repository/Smoke/Onboard/Toggle Btn/btn toggle Switch - OFF Alcohol'

2022-12-02 17:59:54 - [TEST_STEP][PASSED] - com.spotlove.Utility.random_value(Alcohol): com.spotlove.Utility.random_value is PASSED

2022-12-02 17:59:55 - [MESSAGE][PASSED] - com.spotlove.Utility.random_value is PASSED

2022-12-02 17:59:55 - [TEST_STEP][PASSED] - markPassed("Passed! User Tapped on the Alcohol "): Passed! User Tapped on the Alcohol 

2022-12-02 17:59:55 - [MESSAGE][PASSED] - Passed! User Tapped on the Alcohol 

2022-12-02 17:59:55 - [TEST_STEP][PASSED] - if (waitForElementPresent(btn_Smoking_toggle, 10)): null

2022-12-02 17:59:55 - [MESSAGE][PASSED] - Element 'Object Repository/Smoke/Onboard/Toggle Btn/btn toggle Switch - OFF Smoking' is present

2022-12-02 17:59:55 - [TEST_STEP][PASSED] - tap(btn_Smoking_toggle, 5): Tapped on element 'Object Repository/Smoke/Onboard/Toggle Btn/btn toggle Switch - OFF Smoking'

2022-12-02 17:59:55 - [MESSAGE][PASSED] - Tapped on element 'Object Repository/Smoke/Onboard/Toggle Btn/btn toggle Switch - OFF Smoking'

2022-12-02 17:59:55 - [TEST_STEP][PASSED] - com.spotlove.Utility.random_value(Smoking): com.spotlove.Utility.random_value is PASSED

2022-12-02 17:59:56 - [MESSAGE][PASSED] - com.spotlove.Utility.random_value is PASSED

2022-12-02 17:59:56 - [TEST_STEP][PASSED] - markPassed("Passed! User Tapped on the Smoking "): Passed! User Tapped on the Smoking 

2022-12-02 17:59:56 - [MESSAGE][PASSED] - Passed! User Tapped on the Smoking 

2022-12-02 17:59:56 - [TEST_STEP][PASSED] - if (waitForElementPresent(btn_Marijuana_toggle, 10)): null

2022-12-02 17:59:57 - [MESSAGE][PASSED] - Element 'Object Repository/Smoke/Onboard/Toggle Btn/btn toggle Switch - OFF Marijuana' is present

2022-12-02 17:59:57 - [TEST_STEP][PASSED] - tap(btn_Marijuana_toggle, 5): Tapped on element 'Object Repository/Smoke/Onboard/Toggle Btn/btn toggle Switch - OFF Marijuana'

2022-12-02 17:59:57 - [MESSAGE][PASSED] - Tapped on element 'Object Repository/Smoke/Onboard/Toggle Btn/btn toggle Switch - OFF Marijuana'

2022-12-02 17:59:57 - [TEST_STEP][PASSED] - com.spotlove.Utility.random_value(Marijuana): com.spotlove.Utility.random_value is PASSED

2022-12-02 17:59:58 - [MESSAGE][PASSED] - com.spotlove.Utility.random_value is PASSED

2022-12-02 17:59:58 - [TEST_STEP][PASSED] - markPassed("Passed! User Tapped on the Marijuana "): Passed! User Tapped on the Marijuana 

2022-12-02 17:59:58 - [MESSAGE][PASSED] - Passed! User Tapped on the Marijuana 

2022-12-02 17:59:58 - [TEST_STEP][PASSED] - if (waitForElementPresent(btn_Continue, 10)): null

2022-12-02 17:59:59 - [MESSAGE][PASSED] - Element 'Object Repository/Smoke/Onboard/btn continue on Vices Screen' is present

2022-12-02 17:59:59 - [TEST_STEP][PASSED] - tap(btn_Continue, 5): Tapped on element 'Object Repository/Smoke/Onboard/btn continue on Vices Screen'

2022-12-02 17:59:59 - [MESSAGE][PASSED] - Tapped on element 'Object Repository/Smoke/Onboard/btn continue on Vices Screen'

2022-12-02 17:59:59 - [TEST_STEP][PASSED] - markPassed("Passed! User Navigate POLITICAL Screen......!"): Passed! User Navigate POLITICAL Screen......!

2022-12-02 17:59:59 - [MESSAGE][PASSED] - Passed! User Navigate POLITICAL Screen......!

2022-12-02 17:59:59 - [MESSAGE][PASSED] - Call Test Case 'Test Cases/Smoke/LookUp For Onboard/Tap to continue on Vices Screen' successfully

2022-12-02 17:59:59 - [TEST_STEP][PASSED] - callTestCase(findTestCase("Test Cases/Smoke/LookUp For Onboard/Tap to continue on Politics Screen"), ["Political":Political], STOP_ON_FAILURE): Call Test Case 'Test Cases/Smoke/LookUp For Onboard/Tap to continue on Politics Screen' successfully

2022-12-02 17:59:59 - [TEST_CASE][PASSED] - Test Cases/Smoke/LookUp For Onboard/Tap to continue on Politics Screen: Test Cases/Smoke/LookUp For Onboard/Tap to continue on Politics Screen

2022-12-02 17:59:59 - [TEST_STEP][PASSED] - com.spotlove.Utility.random_value(Political): com.spotlove.Utility.random_value is PASSED

2022-12-02 18:00:01 - [MESSAGE][PASSED] - com.spotlove.Utility.random_value is PASSED

2022-12-02 18:00:01 - [TEST_STEP][PASSED] - if (waitForElementPresent(btn_Continue, 10)): null

2022-12-02 18:00:02 - [MESSAGE][PASSED] - Element 'Object Repository/Smoke/Onboard/btn Continue on Political Views' is present

2022-12-02 18:00:02 - [TEST_STEP][PASSED] - tap(btn_Continue, 5): Tapped on element 'Object Repository/Smoke/Onboard/btn Continue on Political Views'

2022-12-02 18:00:02 - [MESSAGE][PASSED] - Tapped on element 'Object Repository/Smoke/Onboard/btn Continue on Political Views'

2022-12-02 18:00:02 - [TEST_STEP][PASSED] - markPassed("Passed! User Navigate Permission POPUP......!"): Passed! User Navigate Permission POPUP......!

2022-12-02 18:00:02 - [MESSAGE][PASSED] - Passed! User Navigate Permission POPUP......!

2022-12-02 18:00:02 - [TEST_STEP][PASSED] - if (waitForElementPresent(Only_this_time, 10)): null

2022-12-02 18:00:04 - [MESSAGE][PASSED] - Element 'Object Repository/Smoke/Permissions/Gallery/Only this time  (For Galery)' is present

2022-12-02 18:00:04 - [TEST_STEP][PASSED] - tap(Only_this_time, 5): Tapped on element 'Object Repository/Smoke/Permissions/Gallery/Only this time  (For Galery)'

2022-12-02 18:00:04 - [MESSAGE][PASSED] - Tapped on element 'Object Repository/Smoke/Permissions/Gallery/Only this time  (For Galery)'

2022-12-02 18:00:04 - [TEST_STEP][PASSED] - markPassed("Passed! User Navigate GALLERY Screen......!"): Passed! User Navigate GALLERY Screen......!

2022-12-02 18:00:04 - [MESSAGE][PASSED] - Passed! User Navigate GALLERY Screen......!

2022-12-02 18:00:04 - [MESSAGE][PASSED] - Call Test Case 'Test Cases/Smoke/LookUp For Onboard/Tap to continue on Politics Screen' successfully

2022-12-02 18:00:04 - [TEST_STEP][PASSED] - callTestCase(findTestCase("Test Cases/Smoke/LookUp For Onboard/Upload Profile Picture And tap Continue"), null, STOP_ON_FAILURE): Call Test Case 'Test Cases/Smoke/LookUp For Onboard/Upload Profile Picture And tap Continue' successfully

2022-12-02 18:00:04 - [TEST_CASE][PASSED] - Test Cases/Smoke/LookUp For Onboard/Upload Profile Picture And tap Continue: Test Cases/Smoke/LookUp For Onboard/Upload Profile Picture And tap Continue

2022-12-02 18:00:05 - [TEST_STEP][PASSED] - if (waitForElementPresent(btn_Photo_Placeholder_2, 10)): null

2022-12-02 18:00:05 - [MESSAGE][PASSED] - Element 'Object Repository/Smoke/Onboard/Photo Placeholders/Photo Placeholder 2' is present

2022-12-02 18:00:05 - [TEST_STEP][PASSED] - tap(btn_Photo_Placeholder_2, 5): Tapped on element 'Object Repository/Smoke/Onboard/Photo Placeholders/Photo Placeholder 2'

2022-12-02 18:00:05 - [MESSAGE][PASSED] - Tapped on element 'Object Repository/Smoke/Onboard/Photo Placeholders/Photo Placeholder 2'

2022-12-02 18:00:05 - [TEST_STEP][PASSED] - markPassed("Passed! Second Placeholder tapped successfully......!"): Passed! Second Placeholder tapped successfully......!

2022-12-02 18:00:05 - [MESSAGE][PASSED] - Passed! Second Placeholder tapped successfully......!

2022-12-02 18:00:05 - [TEST_STEP][PASSED] - if (waitForElementPresent(btn_Take_Photo, 10)): null

2022-12-02 18:00:06 - [MESSAGE][PASSED] - Element 'Object Repository/Smoke/Onboard/Upload Photo/Take Photo' is present

2022-12-02 18:00:06 - [TEST_STEP][PASSED] - tap(btn_Take_Photo, 5): Tapped on element 'Object Repository/Smoke/Onboard/Upload Photo/Take Photo'

2022-12-02 18:00:06 - [MESSAGE][PASSED] - Tapped on element 'Object Repository/Smoke/Onboard/Upload Photo/Take Photo'

2022-12-02 18:00:06 - [TEST_STEP][PASSED] - markPassed("Passed! Take Photo button tapped successfully......!"): Passed! Take Photo button tapped successfully......!

2022-12-02 18:00:06 - [MESSAGE][PASSED] - Passed! Take Photo button tapped successfully......!

2022-12-02 18:00:06 - [TEST_STEP][PASSED] - if (waitForElementPresent(btn_Capture_Photo, 10)): null

2022-12-02 18:00:09 - [MESSAGE][PASSED] - Element 'Object Repository/Smoke/Onboard/Upload Photo/Capture Photo From Camera' is present

2022-12-02 18:00:09 - [TEST_STEP][PASSED] - tap(btn_Capture_Photo, 5): Tapped on element 'Object Repository/Smoke/Onboard/Upload Photo/Capture Photo From Camera'

2022-12-02 18:00:10 - [MESSAGE][PASSED] - Tapped on element 'Object Repository/Smoke/Onboard/Upload Photo/Capture Photo From Camera'

2022-12-02 18:00:10 - [TEST_STEP][PASSED] - markPassed("Passed! Photo Captured successfully......!"): Passed! Photo Captured successfully......!

2022-12-02 18:00:10 - [MESSAGE][PASSED] - Passed! Photo Captured successfully......!

2022-12-02 18:00:10 - [TEST_STEP][PASSED] - if (waitForElementPresent(btn_OK, 10)): null

2022-12-02 18:00:13 - [MESSAGE][PASSED] - Element 'Object Repository/Smoke/Onboard/Upload Photo/btn OK from capture camera photo' is present

2022-12-02 18:00:13 - [TEST_STEP][PASSED] - tap(btn_OK, 5): Tapped on element 'Object Repository/Smoke/Onboard/Upload Photo/btn OK from capture camera photo'

2022-12-02 18:00:13 - [MESSAGE][PASSED] - Tapped on element 'Object Repository/Smoke/Onboard/Upload Photo/btn OK from capture camera photo'

2022-12-02 18:00:13 - [TEST_STEP][PASSED] - markPassed("Passed! Okay button tapped successfully......!"): Passed! Okay button tapped successfully......!

2022-12-02 18:00:13 - [MESSAGE][PASSED] - Passed! Okay button tapped successfully......!

2022-12-02 18:00:13 - [TEST_STEP][PASSED] - delay(10): Delayed 10 second(s)

2022-12-02 18:00:23 - [MESSAGE][PASSED] - Delayed 10 second(s)

2022-12-02 18:00:23 - [TEST_STEP][PASSED] - if (waitForElementPresent(btn_Done_Camera, 10)): null

2022-12-02 18:00:24 - [MESSAGE][PASSED] - Element 'Object Repository/Smoke/Permissions/Gallery/btn Done (For Camera)' is present

2022-12-02 18:00:24 - [TEST_STEP][PASSED] - tap(btn_Done_Camera, 5): Tapped on element 'Object Repository/Smoke/Permissions/Gallery/btn Done (For Camera)'

2022-12-02 18:00:24 - [MESSAGE][PASSED] - Tapped on element 'Object Repository/Smoke/Permissions/Gallery/btn Done (For Camera)'

2022-12-02 18:00:24 - [TEST_STEP][PASSED] - markPassed("Passed! Done button tapped successfully......!"): Passed! Done button tapped successfully......!

2022-12-02 18:00:24 - [MESSAGE][PASSED] - Passed! Done button tapped successfully......!

2022-12-02 18:00:24 - [TEST_STEP][PASSED] - delay(10): Delayed 10 second(s)

2022-12-02 18:00:34 - [MESSAGE][PASSED] - Delayed 10 second(s)

2022-12-02 18:00:34 - [TEST_STEP][PASSED] - if (waitForElementPresent(Photo_Placeholder_1, 10)): null

2022-12-02 18:00:35 - [MESSAGE][PASSED] - Element 'Object Repository/Smoke/Onboard/Photo Placeholders/Photo Placeholder 1' is present

2022-12-02 18:00:35 - [TEST_STEP][PASSED] - tap(Photo_Placeholder_1, 5): Tapped on element 'Object Repository/Smoke/Onboard/Photo Placeholders/Photo Placeholder 1'

2022-12-02 18:00:35 - [MESSAGE][PASSED] - Tapped on element 'Object Repository/Smoke/Onboard/Photo Placeholders/Photo Placeholder 1'

2022-12-02 18:00:35 - [TEST_STEP][PASSED] - markPassed("Passed! First Placeholder tapped successfully......!"): Passed! First Placeholder tapped successfully......!

2022-12-02 18:00:35 - [MESSAGE][PASSED] - Passed! First Placeholder tapped successfully......!

2022-12-02 18:00:35 - [TEST_STEP][PASSED] - if (waitForElementPresent(Photo_Gallery, 10)): null

2022-12-02 18:00:36 - [MESSAGE][PASSED] - Element 'Object Repository/Smoke/Onboard/Upload Photo/Photo Gallery' is present

2022-12-02 18:00:36 - [TEST_STEP][PASSED] - tap(Photo_Gallery, 5): Tapped on element 'Object Repository/Smoke/Onboard/Upload Photo/Photo Gallery'

2022-12-02 18:00:37 - [MESSAGE][PASSED] - Tapped on element 'Object Repository/Smoke/Onboard/Upload Photo/Photo Gallery'

2022-12-02 18:00:37 - [TEST_STEP][PASSED] - markPassed("Passed! Photo Gallery tapped successfully......!"): Passed! Photo Gallery tapped successfully......!

2022-12-02 18:00:37 - [MESSAGE][PASSED] - Passed! Photo Gallery tapped successfully......!

2022-12-02 18:00:37 - [TEST_STEP][PASSED] - if (waitForElementPresent(Existing_Photo, 10)): null

2022-12-02 18:00:39 - [MESSAGE][PASSED] - Element 'Object Repository/Smoke/Onboard/Upload Photo/First Existing Photo From Gallery' is present

2022-12-02 18:00:39 - [TEST_STEP][PASSED] - tap(Existing_Photo, 5): Tapped on element 'Object Repository/Smoke/Onboard/Upload Photo/First Existing Photo From Gallery'

2022-12-02 18:00:39 - [MESSAGE][PASSED] - Tapped on element 'Object Repository/Smoke/Onboard/Upload Photo/First Existing Photo From Gallery'

2022-12-02 18:00:39 - [TEST_STEP][PASSED] - markPassed("Passed! Select Photo from Gallery successfully......!"): Passed! Select Photo from Gallery successfully......!

2022-12-02 18:00:39 - [MESSAGE][PASSED] - Passed! Select Photo from Gallery successfully......!

2022-12-02 18:00:39 - [TEST_STEP][PASSED] - if (waitForElementPresent(btn_Done_Gallery, 10)): null

2022-12-02 18:00:40 - [MESSAGE][PASSED] - Element 'Object Repository/Smoke/Onboard/Upload Photo/btn Done' is present

2022-12-02 18:00:40 - [TEST_STEP][PASSED] - tap(btn_Done_Gallery, 5): Tapped on element 'Object Repository/Smoke/Onboard/Upload Photo/btn Done'

2022-12-02 18:00:41 - [MESSAGE][PASSED] - Tapped on element 'Object Repository/Smoke/Onboard/Upload Photo/btn Done'

2022-12-02 18:00:41 - [TEST_STEP][PASSED] - markPassed("Passed! Done Button tapped successfully......!"): Passed! Done Button tapped successfully......!

2022-12-02 18:00:41 - [MESSAGE][PASSED] - Passed! Done Button tapped successfully......!

2022-12-02 18:00:41 - [TEST_STEP][PASSED] - delay(10): Delayed 10 second(s)

2022-12-02 18:00:51 - [MESSAGE][PASSED] - Delayed 10 second(s)

2022-12-02 18:00:51 - [TEST_STEP][PASSED] - if (waitForElementPresent(btn_Continue, 10)): null

2022-12-02 18:00:51 - [MESSAGE][PASSED] - Element 'Object Repository/Smoke/Onboard/btn Continue on Gallery Screen' is present

2022-12-02 18:00:51 - [TEST_STEP][PASSED] - tap(btn_Continue, 5): Tapped on element 'Object Repository/Smoke/Onboard/btn Continue on Gallery Screen'

2022-12-02 18:00:52 - [MESSAGE][PASSED] - Tapped on element 'Object Repository/Smoke/Onboard/btn Continue on Gallery Screen'

2022-12-02 18:00:52 - [TEST_STEP][PASSED] - markPassed("Passed! Continue Button tapped successfully......!"): Passed! Continue Button tapped successfully......!

2022-12-02 18:00:52 - [MESSAGE][PASSED] - Passed! Continue Button tapped successfully......!

2022-12-02 18:00:52 - [TEST_STEP][PASSED] - markPassed("Passed! User Navigate to the One-liner Screen......!"): Passed! User Navigate to the One-liner Screen......!

2022-12-02 18:00:52 - [MESSAGE][PASSED] - Passed! User Navigate to the One-liner Screen......!

2022-12-02 18:00:52 - [MESSAGE][PASSED] - Call Test Case 'Test Cases/Smoke/LookUp For Onboard/Upload Profile Picture And tap Continue' successfully

2022-12-02 18:00:52 - [TEST_STEP][PASSED] - callTestCase(findTestCase("Test Cases/Smoke/LookUp For Onboard/Tap to Continue on One-liner Screen"), null, STOP_ON_FAILURE): Call Test Case 'Test Cases/Smoke/LookUp For Onboard/Tap to Continue on One-liner Screen' successfully

2022-12-02 18:00:52 - [TEST_CASE][PASSED] - Test Cases/Smoke/LookUp For Onboard/Tap to Continue on One-liner Screen: Test Cases/Smoke/LookUp For Onboard/Tap to Continue on One-liner Screen

2022-12-02 18:00:52 - [TEST_STEP][PASSED] - if (waitForElementPresent(btn_Continue, 10)): null

2022-12-02 18:00:54 - [MESSAGE][PASSED] - Element 'Object Repository/Smoke/Onboard/btn Continue on One-liner Screen' is present

2022-12-02 18:00:54 - [TEST_STEP][PASSED] - tap(btn_Continue, 5): Tapped on element 'Object Repository/Smoke/Onboard/btn Continue on One-liner Screen'

2022-12-02 18:00:54 - [MESSAGE][PASSED] - Tapped on element 'Object Repository/Smoke/Onboard/btn Continue on One-liner Screen'

2022-12-02 18:00:54 - [TEST_STEP][PASSED] - markPassed("Passed! User Navigate LOCATION Screen......!"): Passed! User Navigate LOCATION Screen......!

2022-12-02 18:00:54 - [MESSAGE][PASSED] - Passed! User Navigate LOCATION Screen......!

2022-12-02 18:00:54 - [MESSAGE][PASSED] - Call Test Case 'Test Cases/Smoke/LookUp For Onboard/Tap to Continue on One-liner Screen' successfully

2022-12-02 18:00:54 - [TEST_STEP][PASSED] - callTestCase(findTestCase("Test Cases/Smoke/LookUp For Onboard/Tap to Enable Location on location screen"), null, STOP_ON_FAILURE): Call Test Case 'Test Cases/Smoke/LookUp For Onboard/Tap to Enable Location on location screen' successfully

2022-12-02 18:00:55 - [TEST_CASE][PASSED] - Test Cases/Smoke/LookUp For Onboard/Tap to Enable Location on location screen: Test Cases/Smoke/LookUp For Onboard/Tap to Enable Location on location screen

2022-12-02 18:00:55 - [TEST_STEP][PASSED] - if (waitForElementPresent(btn_Enable_Location, 10)): null

2022-12-02 18:00:56 - [MESSAGE][PASSED] - Element 'Object Repository/Smoke/Onboard/btn Enable Location on Enable location Screen' is present

2022-12-02 18:00:56 - [TEST_STEP][PASSED] - tap(btn_Enable_Location, 5): Tapped on element 'Object Repository/Smoke/Onboard/btn Enable Location on Enable location Screen'

2022-12-02 18:00:57 - [MESSAGE][PASSED] - Tapped on element 'Object Repository/Smoke/Onboard/btn Enable Location on Enable location Screen'

2022-12-02 18:00:57 - [TEST_STEP][PASSED] - markPassed("Passed! User Navigate Permission POPUP......!"): Passed! User Navigate Permission POPUP......!

2022-12-02 18:00:57 - [MESSAGE][PASSED] - Passed! User Navigate Permission POPUP......!

2022-12-02 18:00:57 - [TEST_STEP][PASSED] - if (waitForElementPresent(Only_this_time, 10)): null

2022-12-02 18:00:58 - [MESSAGE][PASSED] - Element 'Object Repository/Smoke/Permissions/Location/Only this time (For Enable Location)' is present

2022-12-02 18:00:58 - [TEST_STEP][PASSED] - tap(Only_this_time, 5): Tapped on element 'Object Repository/Smoke/Permissions/Location/Only this time (For Enable Location)'

2022-12-02 18:00:58 - [MESSAGE][PASSED] - Tapped on element 'Object Repository/Smoke/Permissions/Location/Only this time (For Enable Location)'

2022-12-02 18:00:58 - [TEST_STEP][PASSED] - markPassed("Passed! User Navigate Location Screen......!"): Passed! User Navigate Location Screen......!

2022-12-02 18:00:58 - [MESSAGE][PASSED] - Passed! User Navigate Location Screen......!

2022-12-02 18:00:58 - [TEST_STEP][PASSED] - if (waitForElementPresent(btn_submit, 10)): null

2022-12-02 18:01:08 - [MESSAGE][PASSED] - Element 'Object Repository/Smoke/Onboard/btn Submit Location' is present

2022-12-02 18:01:08 - [TEST_STEP][PASSED] - tap(btn_submit, 5): Tapped on element 'Object Repository/Smoke/Onboard/btn Submit Location'

2022-12-02 18:01:13 - [MESSAGE][PASSED] - Tapped on element 'Object Repository/Smoke/Onboard/btn Submit Location'

2022-12-02 18:01:13 - [TEST_STEP][PASSED] - markPassed("Passed! User Navigate Sit tight Screen......!"): Passed! User Navigate Sit tight Screen......!

2022-12-02 18:01:13 - [MESSAGE][PASSED] - Passed! User Navigate Sit tight Screen......!

2022-12-02 18:01:13 - [TEST_STEP][PASSED] - if (waitForElementPresent(lb_txt, 10)): Object Object Repository/Smoke/Onboard/Label Text Sit Tight not found

2022-12-02 18:01:23 - [MESSAGE][WARNING] - Object Object Repository/Smoke/Onboard/Label Text Sit Tight not found

2022-12-02 18:01:23 - [TEST_STEP][PASSED] - else: Failed To Label Text Present on Sit Tight Screen......!

2022-12-02 18:01:23 - [TEST_STEP][PASSED] - markPassed("Failed To Label Text Present on Sit Tight Screen......!"): Failed To Label Text Present on Sit Tight Screen......!

2022-12-02 18:01:23 - [MESSAGE][PASSED] - Failed To Label Text Present on Sit Tight Screen......!

2022-12-02 18:01:23 - [MESSAGE][PASSED] - Call Test Case 'Test Cases/Smoke/LookUp For Onboard/Tap to Enable Location on location screen' successfully

2022-12-02 18:01:23 - [TEST_STEP][PASSED] - Start listener action : sampleAfterTestCase: null

2022-12-02 18:01:23 - [TEST_STEP][PASSED] - println(testCaseContext.getTestCaseId()): null

2022-12-02 18:01:23 - [TEST_STEP][PASSED] - println(testCaseContext.getTestCaseStatus()): null]]></system-out>
         <system-err><![CDATA[]]></system-err>
      </testcase>
      <system-out><![CDATA[2022-12-02 17:58:37 - [TEST_SUITE][PASSED] - Smoke: Test Cases/Smoke/TC_002 Onboard]]></system-out>
      <system-err><![CDATA[]]></system-err>
   </testsuite>
</testsuites>
