<?xml version="1.0" encoding="UTF-8"?>
<testsuites name="Updated Regression" time="60.402" tests="4" failures="0" errors="0">
   <testsuite name="Updated Regression" tests="4" failures="0" errors="0" time="60.402" skipped="0" timestamp="2023-02-07 16:56:47" hostname="pc - 192.168.1.16" id="Test Suites/Updated Regression">
      <properties>
         <property name="deviceName" value="samsung SM-A325F (Android 13)"/>
         <property name="devicePlatform" value=""/>
         <property name="logFolder" value="/Users/pc/git/SpotLove-Automation/Reports/20230207_165637/Updated Regression/20230207_165638"/>
         <property name="logFiles" value="/Users/pc/git/SpotLove-Automation/Reports/20230207_165637/Updated Regression/20230207_165638/execution0.log, /Users/pc/git/SpotLove-Automation/Reports/20230207_165637/Updated Regression/20230207_165638/appium.log"/>
         <property name="attachments" value=""/>
         <property name="hostName" value="pc - 192.168.1.16"/>
         <property name="os" value="Mac OS X 64bit"/>
         <property name="appiumServerStatus" value="{&quot;value&quot;:{&quot;build&quot;:{&quot;version&quot;:&quot;1.22.3&quot;}},&quot;sessionId&quot;:null,&quot;status&quot;:0}"/>
         <property name="katalonVersion" value="8.5.5.208"/>
         <property name="deviceOS" value="Android"/>
         <property name="appiumVersion" value="1.22.3"/>
         <property name="deviceModel" value="SM-A325F"/>
         <property name="hostAddress" value="192.168.1.16"/>
         <property name="deviceManufacturer" value="samsung"/>
         <property name="deviceId" value="RF8RC109TVZ"/>
         <property name="deviceName" value="samsung SM-A325F (Android 13)"/>
         <property name="deviceOSVersion" value="13"/>
      </properties>
      <testcase name="Test Cases/Regression/LookUps/SL-07 Welcome To SpotLove" time="24.891" classname="Test Cases/Regression/LookUps/SL-07 Welcome To SpotLove" status="PASSED">
         <system-out><![CDATA[2023-02-07 16:56:47 - [TEST_CASE][PASSED] - Test Cases/Regression/LookUps/SL-07 Welcome To SpotLove: Test Cases/Regression/LookUps/SL-07 Welcome To SpotLove

2023-02-07 16:56:48 - [TEST_STEP][PASSED] - Start listener action : sampleBeforeTestCase: null

2023-02-07 16:56:48 - [TEST_STEP][PASSED] - println(testCaseContext.getTestCaseId()): null

2023-02-07 16:56:48 - [TEST_STEP][PASSED] - println(testCaseContext.getTestCaseVariables()): null

2023-02-07 16:56:49 - [TEST_STEP][PASSED] - startExistingApplication("com.spotlove.releaseproduction", STOP_ON_FAILURE): Starting app with application ID: 'com.spotlove.releaseproduction'

2023-02-07 16:56:49 - [MESSAGE][INFO] - User set preference: ['deviceId', 'RF8RC109TVZ']

2023-02-07 16:56:52 - [MESSAGE][INFO] - Detected NodeJS location: "/usr/local/bin/node"

2023-02-07 16:56:53 - [MESSAGE][INFO] - Appium server started on port 62,018

2023-02-07 16:57:03 - [MESSAGE][PASSED] - Starting app with application ID: 'com.spotlove.releaseproduction'

2023-02-07 16:57:03 - [TEST_STEP][PASSED] - if (waitForElementPresent(Logo_Spotlove, 10)): null

2023-02-07 16:57:08 - [MESSAGE][PASSED] - Element 'Object Repository/Regression/SC-007 Welcome Onboard Screen/Logo spotlove' is present

2023-02-07 16:57:08 - [TEST_STEP][PASSED] - markPassed("Spot.Love Logo Found......!"): Spot.Love Logo Found......!

2023-02-07 16:57:08 - [MESSAGE][PASSED] - Spot.Love Logo Found......!

2023-02-07 16:57:08 - [TEST_STEP][PASSED] - if (waitForElementPresent(lbl_txt_first, 10)): null

2023-02-07 16:57:08 - [MESSAGE][PASSED] - Element 'Object Repository/Regression/SC-007 Welcome Onboard Screen/Lbl text - Welcome to Spot.Love' is present

2023-02-07 16:57:08 - [TEST_STEP][PASSED] - markPassed("Welcome to Spot.Love lbl text Found......!"): Welcome to Spot.Love lbl text Found......!

2023-02-07 16:57:08 - [MESSAGE][PASSED] - Welcome to Spot.Love lbl text Found......!

2023-02-07 16:57:08 - [TEST_STEP][PASSED] - if (waitForElementPresent(lbl_txt_Sec, 10)): null

2023-02-07 16:57:08 - [MESSAGE][PASSED] - Element 'Object Repository/Regression/SC-007 Welcome Onboard Screen/Lbl Text - Please follow these house rules' is present

2023-02-07 16:57:08 - [TEST_STEP][PASSED] - markPassed("Please follow these house rules lbl text Found......!"): Please follow these house rules lbl text Found......!

2023-02-07 16:57:08 - [MESSAGE][PASSED] - Please follow these house rules lbl text Found......!

2023-02-07 16:57:08 - [TEST_STEP][PASSED] - if (waitForElementPresent(first_heart_icon, 10)): null

2023-02-07 16:57:08 - [MESSAGE][PASSED] - Element 'Object Repository/Regression/SC-007 Welcome Onboard Screen/First Heart Icon' is present

2023-02-07 16:57:08 - [TEST_STEP][PASSED] - markPassed("First Heart Icon Found......!"): First Heart Icon Found......!

2023-02-07 16:57:08 - [MESSAGE][PASSED] - First Heart Icon Found......!

2023-02-07 16:57:08 - [TEST_STEP][PASSED] - if (waitForElementPresent(Be_kind_lbl, 10)): null

2023-02-07 16:57:09 - [MESSAGE][PASSED] - Element 'Object Repository/Regression/SC-007 Welcome Onboard Screen/Lbl text - Be kind' is present

2023-02-07 16:57:09 - [TEST_STEP][PASSED] - markPassed("Be Kind lbl text Found......!"): Be Kind lbl text Found......!

2023-02-07 16:57:09 - [MESSAGE][PASSED] - Be Kind lbl text Found......!

2023-02-07 16:57:09 - [TEST_STEP][PASSED] - if (waitForElementPresent(Treat_lbl, 10)): null

2023-02-07 16:57:09 - [MESSAGE][PASSED] - Element 'Object Repository/Regression/SC-007 Welcome Onboard Screen/Lbl text - Treat everyone with respect andkindness' is present

2023-02-07 16:57:09 - [TEST_STEP][PASSED] - markPassed("Treat everyone with respect and kindness lbl text Found......!"): Treat everyone with respect and kindness lbl text Found......!

2023-02-07 16:57:09 - [MESSAGE][PASSED] - Treat everyone with respect and kindness lbl text Found......!

2023-02-07 16:57:09 - [TEST_STEP][PASSED] - if (waitForElementPresent(Second_heart_icon, 10)): null

2023-02-07 16:57:09 - [MESSAGE][PASSED] - Element 'Object Repository/Regression/SC-007 Welcome Onboard Screen/Second Heart Icon' is present

2023-02-07 16:57:09 - [TEST_STEP][PASSED] - markPassed("Second Heart Icon Found......!"): Second Heart Icon Found......!

2023-02-07 16:57:09 - [MESSAGE][PASSED] - Second Heart Icon Found......!

2023-02-07 16:57:09 - [TEST_STEP][PASSED] - if (waitForElementPresent(Be_your_lbl, 10)): null

2023-02-07 16:57:09 - [MESSAGE][PASSED] - Element 'Object Repository/Regression/SC-007 Welcome Onboard Screen/Lbl text - Be yourself' is present

2023-02-07 16:57:09 - [TEST_STEP][PASSED] - markPassed("Be yourself lbl text Found......!"): Be yourself lbl text Found......!

2023-02-07 16:57:09 - [MESSAGE][PASSED] - Be yourself lbl text Found......!

2023-02-07 16:57:09 - [TEST_STEP][PASSED] - if (waitForElementPresent(Be_honest_lbl, 10)): null

2023-02-07 16:57:10 - [MESSAGE][PASSED] - Element 'Object Repository/Regression/SC-007 Welcome Onboard Screen/Lbl text - Be honest about your age, photos, andbio' is present

2023-02-07 16:57:10 - [TEST_STEP][PASSED] - markPassed("Be honest about your age, photos, and bio lbl text Found......!"): Be honest about your age, photos, and bio lbl text Found......!

2023-02-07 16:57:10 - [MESSAGE][PASSED] - Be honest about your age, photos, and bio lbl text Found......!

2023-02-07 16:57:10 - [TEST_STEP][PASSED] - if (waitForElementPresent(Third_heart_icon, 10)): null

2023-02-07 16:57:10 - [MESSAGE][PASSED] - Element 'Object Repository/Regression/SC-007 Welcome Onboard Screen/Third Heart Icon' is present

2023-02-07 16:57:10 - [TEST_STEP][PASSED] - markPassed("Third Heart Icon Found......!"): Third Heart Icon Found......!

2023-02-07 16:57:10 - [MESSAGE][PASSED] - Third Heart Icon Found......!

2023-02-07 16:57:10 - [TEST_STEP][PASSED] - if (waitForElementPresent(Be_out_lbl, 10)): null

2023-02-07 16:57:10 - [MESSAGE][PASSED] - Element 'Object Repository/Regression/SC-007 Welcome Onboard Screen/Lbl text - Be outspoken' is present

2023-02-07 16:57:10 - [TEST_STEP][PASSED] - markPassed("Be outspoken lbl text Found......!"): Be outspoken lbl text Found......!

2023-02-07 16:57:10 - [MESSAGE][PASSED] - Be outspoken lbl text Found......!

2023-02-07 16:57:10 - [TEST_STEP][PASSED] - if (waitForElementPresent(Always_lbl, 10)): null

2023-02-07 16:57:10 - [MESSAGE][PASSED] - Element 'Object Repository/Regression/SC-007 Welcome Onboard Screen/Lbl text - Always report bad behavior' is present

2023-02-07 16:57:10 - [TEST_STEP][PASSED] - markPassed("Always reported bad behavior lbl text Found......!"): Always reported bad behavior lbl text Found......!

2023-02-07 16:57:10 - [MESSAGE][PASSED] - Always reported bad behavior lbl text Found......!

2023-02-07 16:57:10 - [TEST_STEP][PASSED] - if (waitForElementPresent(View_term, 10)): null

2023-02-07 16:57:10 - [MESSAGE][PASSED] - Element 'Object Repository/Regression/SC-007 Welcome Onboard Screen/Text - Terms And Conditions' is present

2023-02-07 16:57:10 - [TEST_STEP][PASSED] - markPassed("Terms and Conditions Link is functional......!"): Terms and Conditions Link is functional......!

2023-02-07 16:57:10 - [MESSAGE][PASSED] - Terms and Conditions Link is functional......!

2023-02-07 16:57:10 - [TEST_STEP][PASSED] - if (waitForElementPresent(btn_Agree, 10)): null

2023-02-07 16:57:11 - [MESSAGE][PASSED] - Element 'Object Repository/Regression/SC-007 Welcome Onboard Screen/btn I Agree' is present

2023-02-07 16:57:11 - [TEST_STEP][PASSED] - tap(btn_Agree, 10): Tapped on element 'Object Repository/Regression/SC-007 Welcome Onboard Screen/btn I Agree'

2023-02-07 16:57:11 - [MESSAGE][PASSED] - Tapped on element 'Object Repository/Regression/SC-007 Welcome Onboard Screen/btn I Agree'

2023-02-07 16:57:11 - [TEST_STEP][PASSED] - markPassed("I Agree button found, User navigate to the Source Screen......!"): I Agree button found, User navigate to the Source Screen......!

2023-02-07 16:57:11 - [MESSAGE][PASSED] - I Agree button found, User navigate to the Source Screen......!

2023-02-07 16:57:11 - [TEST_STEP][PASSED] - if (waitForElementPresent(lbl_how, 10)): null

2023-02-07 16:57:12 - [MESSAGE][PASSED] - Element 'Object Repository/Regression/SC-008 Referel Screen/Lbl text - How did you hear about us' is present

2023-02-07 16:57:12 - [TEST_STEP][PASSED] - markPassed("How did you hear about us? label text found......!"): How did you hear about us? label text found......!

2023-02-07 16:57:12 - [MESSAGE][PASSED] - How did you hear about us? label text found......!

2023-02-07 16:57:12 - [TEST_STEP][PASSED] - Start listener action : sampleAfterTestCase: null

2023-02-07 16:57:12 - [TEST_STEP][PASSED] - println(testCaseContext.getTestCaseId()): null

2023-02-07 16:57:12 - [TEST_STEP][PASSED] - println(testCaseContext.getTestCaseStatus()): null]]></system-out>
         <system-err><![CDATA[]]></system-err>
      </testcase>
      <testcase name="Test Cases/Regression/LookUps/SL-08 Source Screen" time="3.309" classname="Test Cases/Regression/LookUps/SL-08 Source Screen" status="PASSED">
         <system-out><![CDATA[2023-02-07 16:57:12 - [TEST_CASE][PASSED] - Test Cases/Regression/LookUps/SL-08 Source Screen: Test Cases/Regression/LookUps/SL-08 Source Screen

2023-02-07 16:57:13 - [TEST_STEP][PASSED] - Start listener action : sampleBeforeTestCase: null

2023-02-07 16:57:13 - [TEST_STEP][PASSED] - println(testCaseContext.getTestCaseId()): null

2023-02-07 16:57:13 - [TEST_STEP][PASSED] - println(testCaseContext.getTestCaseVariables()): null

2023-02-07 16:57:13 - [TEST_STEP][PASSED] - if (waitForElementPresent(Source_heart, 10)): null

2023-02-07 16:57:13 - [MESSAGE][PASSED] - Element 'Object Repository/Regression/SC-008 Referel Screen/Heart Icon' is present

2023-02-07 16:57:13 - [TEST_STEP][PASSED] - markPassed("Heart icon found......!"): Heart icon found......!

2023-02-07 16:57:13 - [MESSAGE][PASSED] - Heart icon found......!

2023-02-07 16:57:13 - [TEST_STEP][PASSED] - if (waitForElementPresent(lbl_how, 10)): null

2023-02-07 16:57:13 - [MESSAGE][PASSED] - Element 'Object Repository/Regression/SC-008 Referel Screen/Lbl text - How did you hear about us' is present

2023-02-07 16:57:13 - [TEST_STEP][PASSED] - markPassed("How did you hear about us? label text found......!"): How did you hear about us? label text found......!

2023-02-07 16:57:13 - [MESSAGE][PASSED] - How did you hear about us? label text found......!

2023-02-07 16:57:13 - [TEST_STEP][PASSED] - if (waitForElementPresent(lbl_Referral, 10)): null

2023-02-07 16:57:13 - [MESSAGE][PASSED] - Element 'Object Repository/Regression/SC-008 Referel Screen/lbl text - Referral' is present

2023-02-07 16:57:13 - [TEST_STEP][PASSED] - markPassed("Referral label text found......!"): Referral label text found......!

2023-02-07 16:57:13 - [MESSAGE][PASSED] - Referral label text found......!

2023-02-07 16:57:13 - [TEST_STEP][PASSED] - if (waitForElementPresent(lbl_Do, 10)): null

2023-02-07 16:57:14 - [MESSAGE][PASSED] - Element 'Object Repository/Regression/SC-008 Referel Screen/lbl text - Do you have a referral code' is present

2023-02-07 16:57:14 - [TEST_STEP][PASSED] - markPassed("Do you have a referral code? label text found......!"): Do you have a referral code? label text found......!

2023-02-07 16:57:14 - [MESSAGE][PASSED] - Do you have a referral code? label text found......!

2023-02-07 16:57:14 - [TEST_STEP][PASSED] - if (waitForElementPresent(lbl_code, 10)): null

2023-02-07 16:57:14 - [MESSAGE][PASSED] - Element 'Object Repository/Regression/SC-008 Referel Screen/lbl text - Referral Code' is present

2023-02-07 16:57:14 - [TEST_STEP][PASSED] - markPassed("Referral code? label text found......!"): Referral code? label text found......!

2023-02-07 16:57:14 - [MESSAGE][PASSED] - Referral code? label text found......!

2023-02-07 16:57:14 - [TEST_STEP][PASSED] - if (waitForElementPresent(btn_continue, 10)): null

2023-02-07 16:57:14 - [MESSAGE][PASSED] - Element 'Object Repository/Regression/SC-008 Referel Screen/btn Continue' is present

2023-02-07 16:57:14 - [TEST_STEP][PASSED] - com.spotlove.Utility.tap_Continue(): com.spotlove.Utility.tap_Continue is PASSED

2023-02-07 16:57:14 - [MESSAGE][PASSED] - com.spotlove.Utility.tap_Continue is PASSED

2023-02-07 16:57:14 - [TEST_STEP][PASSED] - if (waitForElementPresent(lbl_what, 10)): null

2023-02-07 16:57:16 - [MESSAGE][PASSED] - Element 'Object Repository/Regression/SC-009 First Name Screen/Lbl text - What should we call you' is present

2023-02-07 16:57:16 - [TEST_STEP][PASSED] - markPassed("User navigate to the First Name Screen and What should we call you? found on First Name Screen......!"): User navigate to the First Name Screen and What should we call you? found on First Name Screen......!

2023-02-07 16:57:16 - [MESSAGE][PASSED] - User navigate to the First Name Screen and What should we call you? found on First Name Screen......!

2023-02-07 16:57:16 - [TEST_STEP][PASSED] - Start listener action : sampleAfterTestCase: null

2023-02-07 16:57:16 - [TEST_STEP][PASSED] - println(testCaseContext.getTestCaseId()): null

2023-02-07 16:57:16 - [TEST_STEP][PASSED] - println(testCaseContext.getTestCaseStatus()): null]]></system-out>
         <system-err><![CDATA[]]></system-err>
      </testcase>
      <testcase name="Test Cases/Regression/LookUps/SL-09 First Name" time="22.783" classname="Test Cases/Regression/LookUps/SL-09 First Name" status="PASSED">
         <system-out><![CDATA[2023-02-07 16:57:16 - [TEST_CASE][PASSED] - Test Cases/Regression/LookUps/SL-09 First Name: Test Cases/Regression/LookUps/SL-09 First Name

2023-02-07 16:57:16 - [TEST_STEP][PASSED] - Start listener action : sampleBeforeTestCase: null

2023-02-07 16:57:16 - [TEST_STEP][PASSED] - println(testCaseContext.getTestCaseId()): null

2023-02-07 16:57:16 - [TEST_STEP][PASSED] - println(testCaseContext.getTestCaseVariables()): null

2023-02-07 16:57:16 - [TEST_STEP][PASSED] - if (waitForElementPresent(btn_back, 10)): null

2023-02-07 16:57:16 - [MESSAGE][PASSED] - Element 'Object Repository/Regression/SC-009 First Name Screen/btn back' is present

2023-02-07 16:57:16 - [TEST_STEP][PASSED] - com.spotlove.Utility.tap_back(): com.spotlove.Utility.tap_back is PASSED

2023-02-07 16:57:17 - [MESSAGE][PASSED] - com.spotlove.Utility.tap_back is PASSED

2023-02-07 16:57:17 - [TEST_STEP][PASSED] - if (waitForElementPresent(lbl_how, 10)): null

2023-02-07 16:57:18 - [MESSAGE][PASSED] - Element 'Object Repository/Regression/SC-008 Referel Screen/Lbl text - How did you hear about us' is present

2023-02-07 16:57:18 - [TEST_STEP][PASSED] - markPassed("User navigate back to the Source screen and How did you about us? label text found......!"): User navigate back to the Source screen and How did you about us? label text found......!

2023-02-07 16:57:18 - [MESSAGE][PASSED] - User navigate back to the Source screen and How did you about us? label text found......!

2023-02-07 16:57:18 - [TEST_STEP][PASSED] - if (waitForElementPresent(btn_Referral_Continue, 10)): null

2023-02-07 16:57:18 - [MESSAGE][PASSED] - Element 'Object Repository/Regression/SC-008 Referel Screen/btn Continue' is present

2023-02-07 16:57:18 - [TEST_STEP][PASSED] - com.spotlove.Utility.tap_Continue(): com.spotlove.Utility.tap_Continue is PASSED

2023-02-07 16:57:18 - [MESSAGE][PASSED] - com.spotlove.Utility.tap_Continue is PASSED

2023-02-07 16:57:18 - [TEST_STEP][PASSED] - markPassed("User navigate Move forword to the First Name screen......!"): User navigate Move forword to the First Name screen......!

2023-02-07 16:57:18 - [MESSAGE][PASSED] - User navigate Move forword to the First Name screen......!

2023-02-07 16:57:18 - [TEST_STEP][PASSED] - if (waitForElementPresent(Contact_icon, 30)): null

2023-02-07 16:57:19 - [MESSAGE][PASSED] - Element 'Object Repository/Regression/SC-009 First Name Screen/Contact icon' is present

2023-02-07 16:57:19 - [TEST_STEP][PASSED] - markPassed("Contact icon found......!"): Contact icon found......!

2023-02-07 16:57:19 - [MESSAGE][PASSED] - Contact icon found......!

2023-02-07 16:57:19 - [TEST_STEP][PASSED] - if (waitForElementPresent(lbl_what, 10)): null

2023-02-07 16:57:20 - [MESSAGE][PASSED] - Element 'Object Repository/Regression/SC-009 First Name Screen/Lbl text - What should we call you' is present

2023-02-07 16:57:20 - [TEST_STEP][PASSED] - markPassed("What should we call you? label text found......!"): What should we call you? label text found......!

2023-02-07 16:57:20 - [MESSAGE][PASSED] - What should we call you? label text found......!

2023-02-07 16:57:20 - [TEST_STEP][PASSED] - if (waitForElementPresent(lbl_tell, 10)): null

2023-02-07 16:57:20 - [MESSAGE][PASSED] - Element 'Object Repository/Regression/SC-009 First Name Screen/Lbl text - Tell us your first name' is present

2023-02-07 16:57:20 - [TEST_STEP][PASSED] - markPassed("Tell us your first name label text found......!"): Tell us your first name label text found......!

2023-02-07 16:57:20 - [MESSAGE][PASSED] - Tell us your first name label text found......!

2023-02-07 16:57:20 - [TEST_STEP][PASSED] - if (waitForElementPresent(First_Name, 10)): null

2023-02-07 16:57:20 - [MESSAGE][PASSED] - Element 'Object Repository/Regression/SC-009 First Name Screen/Input name field' is present

2023-02-07 16:57:20 - [TEST_STEP][PASSED] - setText(First_Name, S_First_Name, 0): Text 'Hamza' has been set to element 'Object Repository/Regression/SC-009 First Name Screen/Input name field'

2023-02-07 16:57:20 - [MESSAGE][WARNING] - Timeout '0' is invalid. Using default page load timeout: '30'

2023-02-07 16:57:21 - [MESSAGE][PASSED] - Text 'Hamza' has been set to element 'Object Repository/Regression/SC-009 First Name Screen/Input name field'

2023-02-07 16:57:21 - [TEST_STEP][PASSED] - markPassed("First name Entered text......!"): First name Entered text......!

2023-02-07 16:57:21 - [MESSAGE][PASSED] - First name Entered text......!

2023-02-07 16:57:21 - [TEST_STEP][PASSED] - if (waitForElementPresent(btn_continue, 10)): null

2023-02-07 16:57:22 - [MESSAGE][PASSED] - Element 'Object Repository/Regression/SC-009 First Name Screen/btn Continue' is present

2023-02-07 16:57:22 - [TEST_STEP][PASSED] - com.spotlove.Utility.tap_Continue(): com.spotlove.Utility.tap_Continue is PASSED

2023-02-07 16:57:22 - [MESSAGE][PASSED] - com.spotlove.Utility.tap_Continue is PASSED

2023-02-07 16:57:22 - [TEST_STEP][PASSED] - delay(15): Delayed 15 second(s)

2023-02-07 16:57:37 - [MESSAGE][PASSED] - Delayed 15 second(s)

2023-02-07 16:57:37 - [TEST_STEP][PASSED] - if (waitForElementPresent(lbl_whats, 10)): null

2023-02-07 16:57:38 - [MESSAGE][PASSED] - Element 'Object Repository/Regression/SC-010 DOB Screen/Lbl text - Whats your date of birth' is present

2023-02-07 16:57:38 - [TEST_STEP][PASSED] - markPassed("User navigate Move forword to the Birth date screen and What's your date of birth? label text found......!"): User navigate Move forword to the Birth date screen and What's your date of birth? label text found......!

2023-02-07 16:57:38 - [MESSAGE][PASSED] - User navigate Move forword to the Birth date screen and What's your date of birth? label text found......!

2023-02-07 16:57:38 - [TEST_STEP][PASSED] - Start listener action : sampleAfterTestCase: null

2023-02-07 16:57:38 - [TEST_STEP][PASSED] - println(testCaseContext.getTestCaseId()): null

2023-02-07 16:57:38 - [TEST_STEP][PASSED] - println(testCaseContext.getTestCaseStatus()): null]]></system-out>
         <system-err><![CDATA[]]></system-err>
      </testcase>
      <testcase name="Test Cases/Regression/LookUps/SL-10 Birth date" time="9.151" classname="Test Cases/Regression/LookUps/SL-10 Birth date" status="PASSED">
         <system-out><![CDATA[2023-02-07 16:57:38 - [TEST_CASE][PASSED] - Test Cases/Regression/LookUps/SL-10 Birth date: Test Cases/Regression/LookUps/SL-10 Birth date

2023-02-07 16:57:39 - [TEST_STEP][PASSED] - Start listener action : sampleBeforeTestCase: null

2023-02-07 16:57:39 - [TEST_STEP][PASSED] - println(testCaseContext.getTestCaseId()): null

2023-02-07 16:57:39 - [TEST_STEP][PASSED] - println(testCaseContext.getTestCaseVariables()): null

2023-02-07 16:57:39 - [TEST_STEP][PASSED] - if (waitForElementPresent(btn_back, 10)): null

2023-02-07 16:57:40 - [MESSAGE][PASSED] - Element 'Object Repository/Regression/SC-010 DOB Screen/btn back' is present

2023-02-07 16:57:40 - [TEST_STEP][PASSED] - com.spotlove.Utility.tap_back(): com.spotlove.Utility.tap_back is PASSED

2023-02-07 16:57:41 - [MESSAGE][PASSED] - com.spotlove.Utility.tap_back is PASSED

2023-02-07 16:57:41 - [TEST_STEP][PASSED] - if (waitForElementPresent(lbl_What, 10)): null

2023-02-07 16:57:43 - [MESSAGE][PASSED] - Element 'Object Repository/Regression/SC-009 First Name Screen/Lbl text - What should we call you' is present

2023-02-07 16:57:43 - [TEST_STEP][PASSED] - markPassed("User navigate back to the First Name and What should we call you? label text found......!"): User navigate back to the First Name and What should we call you? label text found......!

2023-02-07 16:57:43 - [MESSAGE][PASSED] - User navigate back to the First Name and What should we call you? label text found......!

2023-02-07 16:57:43 - [TEST_STEP][PASSED] - if (waitForElementPresent(btn_continue, 10)): null

2023-02-07 16:57:43 - [MESSAGE][PASSED] - Element 'Object Repository/Regression/SC-009 First Name Screen/btn Continue' is present

2023-02-07 16:57:43 - [TEST_STEP][PASSED] - com.spotlove.Utility.tap_Continue(): com.spotlove.Utility.tap_Continue is PASSED

2023-02-07 16:57:43 - [MESSAGE][PASSED] - com.spotlove.Utility.tap_Continue is PASSED

2023-02-07 16:57:43 - [TEST_STEP][PASSED] - if (waitForElementPresent(Cake_icon, 10)): null

2023-02-07 16:57:43 - [MESSAGE][PASSED] - Element 'Object Repository/Regression/SC-010 DOB Screen/cake Icon' is present

2023-02-07 16:57:43 - [TEST_STEP][PASSED] - markPassed("User navigate Move forword to the Birthdate screen nad Cake icon found......!"): User navigate Move forword to the Birthdate screen nad Cake icon found......!

2023-02-07 16:57:43 - [MESSAGE][PASSED] - User navigate Move forword to the Birthdate screen nad Cake icon found......!

2023-02-07 16:57:43 - [TEST_STEP][PASSED] - if (waitForElementPresent(lbl_what, 10)): null

2023-02-07 16:57:46 - [MESSAGE][PASSED] - Element 'Object Repository/Regression/SC-010 DOB Screen/Lbl text - Whats your date of birth' is present

2023-02-07 16:57:46 - [TEST_STEP][PASSED] - markPassed("What's your date of birth? label text found......!"): What's your date of birth? label text found......!

2023-02-07 16:57:46 - [MESSAGE][PASSED] - What's your date of birth? label text found......!

2023-02-07 16:57:46 - [TEST_STEP][PASSED] - if (waitForElementPresent(lbl_AGe, 10)): null

2023-02-07 16:57:47 - [MESSAGE][PASSED] - Element 'Object Repository/Regression/SC-010 DOB Screen/Age Confirmation' is present

2023-02-07 16:57:47 - [TEST_STEP][PASSED] - markPassed("Age xx label text found......!"): Age xx label text found......!

2023-02-07 16:57:47 - [MESSAGE][PASSED] - Age xx label text found......!

2023-02-07 16:57:47 - [TEST_STEP][PASSED] - if (waitForElementPresent(lbl_This, 10)): null

2023-02-07 16:57:47 - [MESSAGE][PASSED] - Element 'Object Repository/Regression/SC-010 DOB Screen/Lbl text - This cant be changed later' is present

2023-02-07 16:57:47 - [TEST_STEP][PASSED] - markPassed("This can't be changed later label text found......!"): This can't be changed later label text found......!

2023-02-07 16:57:47 - [MESSAGE][PASSED] - This can't be changed later label text found......!

2023-02-07 16:57:47 - [TEST_STEP][PASSED] - Start listener action : sampleAfterTestCase: null

2023-02-07 16:57:47 - [TEST_STEP][PASSED] - println(testCaseContext.getTestCaseId()): null

2023-02-07 16:57:47 - [TEST_STEP][PASSED] - println(testCaseContext.getTestCaseStatus()): null]]></system-out>
         <system-err><![CDATA[]]></system-err>
      </testcase>
      <system-out><![CDATA[2023-02-07 16:56:47 - [TEST_SUITE][PASSED] - Updated Regression: Test Cases/Regression/LookUps/SL-10 Birth date]]></system-out>
      <system-err><![CDATA[]]></system-err>
   </testsuite>
</testsuites>
