<?xml version="1.0" encoding="UTF-8"?>
<testsuites name="Admin" time="10.622" tests="1" failures="0" errors="0">
   <testsuite name="Admin" tests="1" failures="0" errors="0" time="10.622" skipped="0" timestamp="2022-12-02 17:28:34" hostname="pc - hamza-mac-book" id="Test Suites/Admin">
      <properties>
         <property name="deviceName" value=""/>
         <property name="devicePlatform" value=""/>
         <property name="logFolder" value="/Users/pc/Katalon Studio/SpotLove_Stagging/Reports/20221202_172820/Admin/20221202_172821"/>
         <property name="logFiles" value="/Users/pc/Katalon Studio/SpotLove_Stagging/Reports/20221202_172820/Admin/20221202_172821/execution0.log"/>
         <property name="attachments" value=""/>
         <property name="hostName" value="pc - hamza-mac-book"/>
         <property name="os" value="Mac OS X 64bit"/>
         <property name="katalonVersion" value="8.5.1.208"/>
         <property name="browser" value="Chrome 108.0.0.0"/>
         <property name="hostAddress" value="192.168.1.21"/>
         <property name="sessionId" value="5837ca93abb3134d99f3e039dd258739"/>
         <property name="seleniumVersion" value="3.141.59"/>
         <property name="proxyInformation" value="ProxyInformation { proxyOption=NO_PROXY, proxyServerType=HTTP, username=, password=********, proxyServerAddress=, proxyServerPort=0, executionList=&quot;&quot;, isApplyToDesiredCapabilities=true }"/>
         <property name="platform" value="Mac OS X"/>
      </properties>
      <testcase name="Test Cases/Smoke/Web Portal/Login" time="6.375" classname="Test Cases/Smoke/Web Portal/Login" status="PASSED">
         <system-out><![CDATA[2022-12-02 17:28:38 - [TEST_CASE][PASSED] - Test Cases/Smoke/Web Portal/Login: Test Cases/Smoke/Web Portal/Login

2022-12-02 17:28:39 - [TEST_STEP][PASSED] - Start listener action : sampleBeforeTestCase: null

2022-12-02 17:28:39 - [TEST_STEP][PASSED] - println(testCaseContext.getTestCaseId()): null

2022-12-02 17:28:39 - [TEST_STEP][PASSED] - println(testCaseContext.getTestCaseVariables()): null

2022-12-02 17:28:39 - [TEST_STEP][PASSED] - if (waitForElementPresent(User_Name, 10)): null

2022-12-02 17:28:39 - [MESSAGE][PASSED] - Object 'Object Repository/Web portal/User name' is present

2022-12-02 17:28:39 - [TEST_STEP][PASSED] - setText(User_Name, UN_Email, STOP_ON_FAILURE): Text 'umair2@gmail.com' is set on object 'Object Repository/Web portal/User name'

2022-12-02 17:28:39 - [MESSAGE][PASSED] - Text 'umair2@gmail.com' is set on object 'Object Repository/Web portal/User name'

2022-12-02 17:28:39 - [TEST_STEP][PASSED] - setText(Password, UP_Password, STOP_ON_FAILURE): Text 'test123' is set on object 'Object Repository/Web portal/PAssword'

2022-12-02 17:28:39 - [MESSAGE][PASSED] - Text 'test123' is set on object 'Object Repository/Web portal/PAssword'

2022-12-02 17:28:39 - [TEST_STEP][PASSED] - click(btn_Login, STOP_ON_FAILURE): Object: 'Object Repository/Web portal/btn_login' is clicked on

2022-12-02 17:28:39 - [MESSAGE][PASSED] - Object: 'Object Repository/Web portal/btn_login' is clicked on

2022-12-02 17:28:39 - [TEST_STEP][PASSED] - markPassed("Passed! User Logged In Successfully"): Passed! User Logged In Successfully

2022-12-02 17:28:39 - [MESSAGE][PASSED] - Passed! User Logged In Successfully

2022-12-02 17:28:39 - [TEST_STEP][PASSED] - if (waitForElementPresent(btn_search, 10)): null

2022-12-02 17:28:43 - [MESSAGE][PASSED] - Object 'Object Repository/Smoke/Web Portal/btn_Search' is present

2022-12-02 17:28:43 - [TEST_STEP][PASSED] - click(btn_search): Object: 'Object Repository/Smoke/Web Portal/btn_Search' is clicked on

2022-12-02 17:28:43 - [MESSAGE][PASSED] - Object: 'Object Repository/Smoke/Web Portal/btn_Search' is clicked on

2022-12-02 17:28:43 - [TEST_STEP][PASSED] - setText(btn_search_bar, Search_text, STOP_ON_FAILURE): Text 'Umar' is set on object 'Object Repository/Smoke/Web Portal/Search Bar'

2022-12-02 17:28:44 - [MESSAGE][PASSED] - Text 'Umar' is set on object 'Object Repository/Smoke/Web Portal/Search Bar'

2022-12-02 17:28:44 - [TEST_STEP][PASSED] - markPassed("Passed! User searched"): Passed! User searched

2022-12-02 17:28:44 - [MESSAGE][PASSED] - Passed! User searched

2022-12-02 17:28:44 - [TEST_STEP][PASSED] - click(tbl_row): Object: 'Object Repository/Smoke/Web Portal/User select' is clicked on

2022-12-02 17:28:44 - [MESSAGE][PASSED] - Object: 'Object Repository/Smoke/Web Portal/User select' is clicked on

2022-12-02 17:28:44 - [TEST_STEP][PASSED] - click(btn_waitlist): Object: 'Object Repository/Smoke/Web Portal/btn_waitlist' is clicked on

2022-12-02 17:28:44 - [MESSAGE][PASSED] - Object: 'Object Repository/Smoke/Web Portal/btn_waitlist' is clicked on

2022-12-02 17:28:44 - [TEST_STEP][PASSED] - markPassed("Passed! Check user Phone"): Passed! Check user Phone

2022-12-02 17:28:44 - [MESSAGE][PASSED] - Passed! Check user Phone

2022-12-02 17:28:44 - [TEST_STEP][PASSED] - Start listener action : sampleAfterTestCase: null

2022-12-02 17:28:45 - [TEST_STEP][PASSED] - println(testCaseContext.getTestCaseId()): null

2022-12-02 17:28:45 - [TEST_STEP][PASSED] - println(testCaseContext.getTestCaseStatus()): null]]></system-out>
         <system-err><![CDATA[]]></system-err>
      </testcase>
      <system-out><![CDATA[2022-12-02 17:28:34 - [TEST_SUITE][PASSED] - Admin: Test Cases/Smoke/Web Portal/Login]]></system-out>
      <system-err><![CDATA[]]></system-err>
   </testsuite>
</testsuites>
