<?xml version="1.0" encoding="UTF-8"?>
<testsuites name="Smoke" time="4.933" tests="1" failures="0" errors="0">
   <testsuite name="Smoke" tests="1" failures="0" errors="0" time="4.933" skipped="0" timestamp="2022-11-29 21:50:14" hostname="pc - localhost" id="Test Suites/Smoke">
      <properties>
         <property name="deviceName" value=""/>
         <property name="devicePlatform" value=""/>
         <property name="logFolder" value="/Users/pc/Katalon Studio/SpotLove_Stagging/Reports/20221129_214727/Smoke/20221129_214727"/>
         <property name="logFiles" value="/Users/pc/Katalon Studio/SpotLove_Stagging/Reports/20221129_214727/Smoke/20221129_214727/execution0.log, /Users/pc/Katalon Studio/SpotLove_Stagging/Reports/20221129_214727/Smoke/20221129_214727/appium.log"/>
         <property name="attachments" value=""/>
         <property name="hostName" value="pc - localhost"/>
         <property name="hostAddress" value="127.0.0.1"/>
         <property name="os" value="Mac OS X 64bit"/>
         <property name="katalonVersion" value="8.5.1.208"/>
      </properties>
      <testcase name="Test Cases/Smoke/TC_001" time="4.614" classname="Test Cases/Smoke/TC_001" status="INCOMPLETE">
         <system-out><![CDATA[2022-11-29 21:50:14 - [TEST_CASE][INCOMPLETE] - Test Cases/Smoke/TC_001: null

2022-11-29 21:50:15 - [TEST_STEP][INCOMPLETE] - startExistingApplication("com.spotlove.releaseproduction", STOP_ON_FAILURE): Appium server started on port 64,153

2022-11-29 21:50:15 - [MESSAGE][INFO] - User set preference: ['deviceId', '']

2022-11-29 21:50:18 - [MESSAGE][INFO] - Detected NodeJS location: "/usr/local/bin/node"

2022-11-29 21:50:19 - [MESSAGE][INFO] - Appium server started on port 64,153]]></system-out>
         <system-err><![CDATA[2022-11-29 21:50:14 - [TEST_CASE][INCOMPLETE] - Test Cases/Smoke/TC_001: null]]></system-err>
      </testcase>
      <system-out><![CDATA[2022-11-29 21:50:14 - [TEST_SUITE][INCOMPLETE] - Smoke: null]]></system-out>
      <system-err><![CDATA[2022-11-29 21:50:14 - [TEST_SUITE][INCOMPLETE] - Smoke: null]]></system-err>
   </testsuite>
</testsuites>
