<?xml version="1.0" encoding="UTF-8"?>
<testsuites name="Smoke" time="101.354" tests="2" failures="0" errors="0">
   <testsuite name="Smoke" tests="2" failures="0" errors="0" time="101.354" skipped="0" timestamp="2022-11-24 12:49:30" hostname="pc - hamza-mac-book" id="Test Suites/Smoke">
      <properties>
         <property name="deviceName" value="samsung SM-A325F (Android 12)"/>
         <property name="devicePlatform" value=""/>
         <property name="logFolder" value="/Users/pc/Documents/Katalon Studio/SpotLove_Stagging/Reports/20221124_124921/Smoke/20221124_124921"/>
         <property name="logFiles" value="/Users/pc/Documents/Katalon Studio/SpotLove_Stagging/Reports/20221124_124921/Smoke/20221124_124921/execution0.log, /Users/pc/Documents/Katalon Studio/SpotLove_Stagging/Reports/20221124_124921/Smoke/20221124_124921/appium.log"/>
         <property name="attachments" value=""/>
         <property name="hostName" value="pc - hamza-mac-book"/>
         <property name="os" value="Mac OS X 64bit"/>
         <property name="appiumServerStatus" value="{&quot;value&quot;:{&quot;build&quot;:{&quot;version&quot;:&quot;1.22.3&quot;}},&quot;sessionId&quot;:null,&quot;status&quot;:0}"/>
         <property name="katalonVersion" value="8.3.0.208"/>
         <property name="deviceOS" value="Android"/>
         <property name="appiumVersion" value="1.22.3"/>
         <property name="deviceModel" value="SM-A325F"/>
         <property name="hostAddress" value="192.168.1.52"/>
         <property name="deviceManufacturer" value="samsung"/>
         <property name="deviceId" value="RF8RC109TVZ"/>
         <property name="deviceName" value="samsung SM-A325F (Android 12)"/>
         <property name="deviceOSVersion" value="12"/>
      </properties>
      <testcase name="Test Cases/Smoke/TC_001" time="71.195" classname="Test Cases/Smoke/TC_001" status="PASSED">
         <system-out><![CDATA[2022-11-24 12:49:30 - [TEST_CASE][PASSED] - Test Cases/Smoke/TC_001: Test Cases/Smoke/TC_001

2022-11-24 12:49:31 - [TEST_STEP][PASSED] - startExistingApplication("com.spotlove.releaseproduction", STOP_ON_FAILURE): Starting app with application ID: 'com.spotlove.releaseproduction'

2022-11-24 12:49:31 - [MESSAGE][INFO] - User set preference: ['deviceId', '']

2022-11-24 12:49:33 - [MESSAGE][INFO] - Detected NodeJS location: "/usr/local/bin/node"

2022-11-24 12:49:35 - [MESSAGE][INFO] - Appium server started on port 64,494

2022-11-24 12:49:45 - [MESSAGE][PASSED] - Starting app with application ID: 'com.spotlove.releaseproduction'

2022-11-24 12:49:45 - [TEST_STEP][PASSED] - callTestCase(findTestCase("Test Cases/Smoke/LookUps For Sign IN UP/Screen1_Intro Screens"), null, STOP_ON_FAILURE): Call Test Case 'Test Cases/Smoke/LookUps For Sign IN UP/Screen1_Intro Screens' successfully

2022-11-24 12:49:45 - [TEST_CASE][PASSED] - Test Cases/Smoke/LookUps For Sign IN UP/Screen1_Intro Screens: Test Cases/Smoke/LookUps For Sign IN UP/Screen1_Intro Screens

2022-11-24 12:49:45 - [TEST_STEP][PASSED] - btn = "Object Repository/Smoke/Intro Screen/Continue button ON intro1": null

2022-11-24 12:49:45 - [TEST_STEP][PASSED] - tap(findTestObject(btn), 5, STOP_ON_FAILURE): Tapped on element 'Object Repository/Smoke/Intro Screen/Continue button ON intro1'

2022-11-24 12:49:50 - [MESSAGE][PASSED] - Tapped on element 'Object Repository/Smoke/Intro Screen/Continue button ON intro1'

2022-11-24 12:49:50 - [TEST_STEP][PASSED] - btn1 = "Object Repository/Smoke/Intro Screen/Continue button ON intro2": null

2022-11-24 12:49:50 - [TEST_STEP][PASSED] - tap(findTestObject(btn1), 5, STOP_ON_FAILURE): Tapped on element 'Object Repository/Smoke/Intro Screen/Continue button ON intro2'

2022-11-24 12:49:51 - [MESSAGE][PASSED] - Tapped on element 'Object Repository/Smoke/Intro Screen/Continue button ON intro2'

2022-11-24 12:49:51 - [TEST_STEP][PASSED] - btn2 = "Object Repository/Smoke/Intro Screen/Continue button ON intro3": null

2022-11-24 12:49:51 - [TEST_STEP][PASSED] - tap(findTestObject(btn2), 5, STOP_ON_FAILURE): Tapped on element 'Object Repository/Smoke/Intro Screen/Continue button ON intro3'

2022-11-24 12:49:53 - [MESSAGE][PASSED] - Tapped on element 'Object Repository/Smoke/Intro Screen/Continue button ON intro3'

2022-11-24 12:49:53 - [MESSAGE][PASSED] - Call Test Case 'Test Cases/Smoke/LookUps For Sign IN UP/Screen1_Intro Screens' successfully

2022-11-24 12:49:53 - [TEST_STEP][PASSED] - callTestCase(findTestCase("Test Cases/Smoke/LookUps For Sign IN UP/Screen2_Welcome Screen"), null, STOP_ON_FAILURE): Call Test Case 'Test Cases/Smoke/LookUps For Sign IN UP/Screen2_Welcome Screen' successfully

2022-11-24 12:49:53 - [TEST_CASE][PASSED] - Test Cases/Smoke/LookUps For Sign IN UP/Screen2_Welcome Screen: Test Cases/Smoke/LookUps For Sign IN UP/Screen2_Welcome Screen

2022-11-24 12:49:53 - [TEST_STEP][PASSED] - btn = "Object Repository/Smoke/Sign In Selection/btn_Continue with phone number": null

2022-11-24 12:49:53 - [TEST_STEP][PASSED] - tap(findTestObject(btn), 15, STOP_ON_FAILURE): Tapped on element 'Object Repository/Smoke/Sign In Selection/btn_Continue with phone number'

2022-11-24 12:49:54 - [MESSAGE][PASSED] - Tapped on element 'Object Repository/Smoke/Sign In Selection/btn_Continue with phone number'

2022-11-24 12:49:54 - [MESSAGE][PASSED] - Call Test Case 'Test Cases/Smoke/LookUps For Sign IN UP/Screen2_Welcome Screen' successfully

2022-11-24 12:49:54 - [TEST_STEP][PASSED] - callTestCase(findTestCase("Test Cases/Smoke/LookUps For Sign IN UP/Screen3_Phone Number (Enter number)"), null, STOP_ON_FAILURE): Call Test Case 'Test Cases/Smoke/LookUps For Sign IN UP/Screen3_Phone Number (Enter number)' successfully

2022-11-24 12:49:54 - [TEST_CASE][PASSED] - Test Cases/Smoke/LookUps For Sign IN UP/Screen3_Phone Number (Enter number): Test Cases/Smoke/LookUps For Sign IN UP/Screen3_Phone Number (Enter number)

2022-11-24 12:49:54 - [TEST_STEP][PASSED] - callTestCase(findTestCase("Test Cases/Smoke/LookUps For Sign IN UP/Screen3/Tap on dropdown Menu"), null, STOP_ON_FAILURE): Call Test Case 'Test Cases/Smoke/LookUps For Sign IN UP/Screen3/Tap on dropdown Menu' successfully

2022-11-24 12:49:54 - [TEST_CASE][PASSED] - Test Cases/Smoke/LookUps For Sign IN UP/Screen3/Tap on dropdown Menu: Test Cases/Smoke/LookUps For Sign IN UP/Screen3/Tap on dropdown Menu

2022-11-24 12:49:55 - [TEST_STEP][PASSED] - btn = "Object Repository/Smoke/Insertion of phone number/list_dropdown": null

2022-11-24 12:49:55 - [TEST_STEP][PASSED] - tap(findTestObject(btn), 5, STOP_ON_FAILURE): Tapped on element 'Object Repository/Smoke/Insertion of phone number/list_dropdown'

2022-11-24 12:49:56 - [MESSAGE][PASSED] - Tapped on element 'Object Repository/Smoke/Insertion of phone number/list_dropdown'

2022-11-24 12:49:56 - [TEST_STEP][PASSED] - delay(5, STOP_ON_FAILURE): Delayed 5 second(s)

2022-11-24 12:50:01 - [MESSAGE][PASSED] - Delayed 5 second(s)

2022-11-24 12:50:01 - [MESSAGE][PASSED] - Call Test Case 'Test Cases/Smoke/LookUps For Sign IN UP/Screen3/Tap on dropdown Menu' successfully

2022-11-24 12:50:01 - [TEST_STEP][PASSED] - callTestCase(findTestCase("Test Cases/Smoke/LookUps For Sign IN UP/Screen3/Search country by name"), null, STOP_ON_FAILURE): Call Test Case 'Test Cases/Smoke/LookUps For Sign IN UP/Screen3/Search country by name' successfully

2022-11-24 12:50:01 - [TEST_CASE][PASSED] - Test Cases/Smoke/LookUps For Sign IN UP/Screen3/Search country by name: Test Cases/Smoke/LookUps For Sign IN UP/Screen3/Search country by name

2022-11-24 12:50:01 - [TEST_STEP][PASSED] - Name_f = "Object Repository/Smoke/Insertion of phone number/Enter country name (searchbox)": null

2022-11-24 12:50:01 - [TEST_STEP][PASSED] - tap(findTestObject(Name_f), 5, STOP_ON_FAILURE): Tapped on element 'Object Repository/Smoke/Insertion of phone number/Enter country name (searchbox)'

2022-11-24 12:50:02 - [MESSAGE][PASSED] - Tapped on element 'Object Repository/Smoke/Insertion of phone number/Enter country name (searchbox)'

2022-11-24 12:50:02 - [TEST_STEP][PASSED] - CName = "US": null

2022-11-24 12:50:02 - [TEST_STEP][PASSED] - sendKeys(findTestObject(Name_f), CName, STOP_ON_FAILURE): Send keys 'US' on test object 'Object Repository/Smoke/Insertion of phone number/Enter country name (searchbox)' successfully.

2022-11-24 12:50:04 - [MESSAGE][PASSED] - Send keys 'US' on test object 'Object Repository/Smoke/Insertion of phone number/Enter country name (searchbox)' successfully.

2022-11-24 12:50:04 - [TEST_STEP][PASSED] - CName = "Object Repository/Smoke/Insertion of phone number/First_index search list": null

2022-11-24 12:50:04 - [TEST_STEP][PASSED] - tap(findTestObject(CName), 5, STOP_ON_FAILURE): Tapped on element 'Object Repository/Smoke/Insertion of phone number/First_index search list'

2022-11-24 12:50:05 - [MESSAGE][PASSED] - Tapped on element 'Object Repository/Smoke/Insertion of phone number/First_index search list'

2022-11-24 12:50:05 - [MESSAGE][PASSED] - Call Test Case 'Test Cases/Smoke/LookUps For Sign IN UP/Screen3/Search country by name' successfully

2022-11-24 12:50:05 - [TEST_STEP][PASSED] - callTestCase(findTestCase("Test Cases/Smoke/LookUps For Sign IN UP/Screen3/Enter Phone number"), null, STOP_ON_FAILURE): Call Test Case 'Test Cases/Smoke/LookUps For Sign IN UP/Screen3/Enter Phone number' successfully

2022-11-24 12:50:05 - [TEST_CASE][PASSED] - Test Cases/Smoke/LookUps For Sign IN UP/Screen3/Enter Phone number: Test Cases/Smoke/LookUps For Sign IN UP/Screen3/Enter Phone number

2022-11-24 12:50:05 - [TEST_STEP][PASSED] - btn = "Object Repository/Smoke/Insertion of phone number/Phone Number": null

2022-11-24 12:50:05 - [TEST_STEP][PASSED] - PNumber = "6505557654": null

2022-11-24 12:50:05 - [TEST_STEP][PASSED] - sendKeys(findTestObject(btn), PNumber, STOP_ON_FAILURE): Send keys '6505557654' on test object 'Object Repository/Smoke/Insertion of phone number/Phone Number' successfully.

2022-11-24 12:50:06 - [MESSAGE][PASSED] - Send keys '6505557654' on test object 'Object Repository/Smoke/Insertion of phone number/Phone Number' successfully.

2022-11-24 12:50:06 - [MESSAGE][PASSED] - Call Test Case 'Test Cases/Smoke/LookUps For Sign IN UP/Screen3/Enter Phone number' successfully

2022-11-24 12:50:06 - [TEST_STEP][PASSED] - callTestCase(findTestCase("Test Cases/Smoke/LookUps For Sign IN UP/Screen3/Tap on continue button"), null, STOP_ON_FAILURE): Call Test Case 'Test Cases/Smoke/LookUps For Sign IN UP/Screen3/Tap on continue button' successfully

2022-11-24 12:50:06 - [TEST_CASE][PASSED] - Test Cases/Smoke/LookUps For Sign IN UP/Screen3/Tap on continue button: Test Cases/Smoke/LookUps For Sign IN UP/Screen3/Tap on continue button

2022-11-24 12:50:07 - [TEST_STEP][PASSED] - btn = "Object Repository/Smoke/Insertion of phone number/btn_Continue": null

2022-11-24 12:50:07 - [TEST_STEP][PASSED] - tap(findTestObject(btn), 5, STOP_ON_FAILURE): Tapped on element 'Object Repository/Smoke/Insertion of phone number/btn_Continue'

2022-11-24 12:50:07 - [MESSAGE][PASSED] - Tapped on element 'Object Repository/Smoke/Insertion of phone number/btn_Continue'

2022-11-24 12:50:07 - [TEST_STEP][PASSED] - delay(5, STOP_ON_FAILURE): Delayed 5 second(s)

2022-11-24 12:50:12 - [MESSAGE][PASSED] - Delayed 5 second(s)

2022-11-24 12:50:12 - [MESSAGE][PASSED] - Call Test Case 'Test Cases/Smoke/LookUps For Sign IN UP/Screen3/Tap on continue button' successfully

2022-11-24 12:50:12 - [MESSAGE][PASSED] - Call Test Case 'Test Cases/Smoke/LookUps For Sign IN UP/Screen3_Phone Number (Enter number)' successfully

2022-11-24 12:50:12 - [TEST_STEP][PASSED] - callTestCase(findTestCase("Test Cases/Smoke/LookUps For Sign IN UP/Screen4_OTP"), null, STOP_ON_FAILURE): Call Test Case 'Test Cases/Smoke/LookUps For Sign IN UP/Screen4_OTP' successfully

2022-11-24 12:50:12 - [TEST_CASE][PASSED] - Test Cases/Smoke/LookUps For Sign IN UP/Screen4_OTP: Test Cases/Smoke/LookUps For Sign IN UP/Screen4_OTP

2022-11-24 12:50:12 - [TEST_STEP][PASSED] - tap(findTestObject("Object Repository/Smoke/OTP/android.widget.EditText - -"), 15): Tapped on element 'Object Repository/Smoke/OTP/android.widget.EditText - -'

2022-11-24 12:50:21 - [MESSAGE][PASSED] - Tapped on element 'Object Repository/Smoke/OTP/android.widget.EditText - -'

2022-11-24 12:50:21 - [TEST_STEP][PASSED] - setText(findTestObject("Object Repository/Smoke/OTP/android.widget.EditText - - (1)"), "1", 2): Text '1' has been set to element 'Object Repository/Smoke/OTP/android.widget.EditText - - (1)'

2022-11-24 12:50:23 - [MESSAGE][PASSED] - Text '1' has been set to element 'Object Repository/Smoke/OTP/android.widget.EditText - - (1)'

2022-11-24 12:50:23 - [TEST_STEP][PASSED] - setText(findTestObject("Object Repository/Smoke/OTP/android.widget.EditText - - (2)"), "2", 2): Text '2' has been set to element 'Object Repository/Smoke/OTP/android.widget.EditText - - (2)'

2022-11-24 12:50:26 - [MESSAGE][PASSED] - Text '2' has been set to element 'Object Repository/Smoke/OTP/android.widget.EditText - - (2)'

2022-11-24 12:50:26 - [TEST_STEP][PASSED] - setText(findTestObject("Object Repository/Smoke/OTP/android.widget.EditText - - (3)"), "3", 2): Text '3' has been set to element 'Object Repository/Smoke/OTP/android.widget.EditText - - (3)'

2022-11-24 12:50:28 - [MESSAGE][PASSED] - Text '3' has been set to element 'Object Repository/Smoke/OTP/android.widget.EditText - - (3)'

2022-11-24 12:50:28 - [TEST_STEP][PASSED] - setText(findTestObject("Object Repository/Smoke/OTP/android.widget.EditText - - (4)"), "4", 2): Text '4' has been set to element 'Object Repository/Smoke/OTP/android.widget.EditText - - (4)'

2022-11-24 12:50:31 - [MESSAGE][PASSED] - Text '4' has been set to element 'Object Repository/Smoke/OTP/android.widget.EditText - - (4)'

2022-11-24 12:50:31 - [TEST_STEP][PASSED] - setText(findTestObject("Object Repository/Smoke/OTP/android.widget.EditText - - (5)"), "5", 2): Text '5' has been set to element 'Object Repository/Smoke/OTP/android.widget.EditText - - (5)'

2022-11-24 12:50:33 - [MESSAGE][PASSED] - Text '5' has been set to element 'Object Repository/Smoke/OTP/android.widget.EditText - - (5)'

2022-11-24 12:50:33 - [TEST_STEP][PASSED] - setText(findTestObject("Object Repository/Smoke/OTP/android.widget.EditText - - (6)"), "6", 2): Text '6' has been set to element 'Object Repository/Smoke/OTP/android.widget.EditText - - (6)'

2022-11-24 12:50:36 - [MESSAGE][PASSED] - Text '6' has been set to element 'Object Repository/Smoke/OTP/android.widget.EditText - - (6)'

2022-11-24 12:50:36 - [TEST_STEP][PASSED] - callTestCase(findTestCase("Test Cases/Smoke/LookUps For Sign IN UP/Screen4/Tap to verify OTP"), null, STOP_ON_FAILURE): Call Test Case 'Test Cases/Smoke/LookUps For Sign IN UP/Screen4/Tap to verify OTP' successfully

2022-11-24 12:50:36 - [TEST_CASE][PASSED] - Test Cases/Smoke/LookUps For Sign IN UP/Screen4/Tap to verify OTP: Test Cases/Smoke/LookUps For Sign IN UP/Screen4/Tap to verify OTP

2022-11-24 12:50:36 - [TEST_STEP][PASSED] - btn = "Object Repository/Smoke/OTP/btn_Verify": null

2022-11-24 12:50:36 - [TEST_STEP][PASSED] - tap(findTestObject(btn), 5, STOP_ON_FAILURE): Tapped on element 'Object Repository/Smoke/OTP/btn_Verify'

2022-11-24 12:50:37 - [MESSAGE][PASSED] - Tapped on element 'Object Repository/Smoke/OTP/btn_Verify'

2022-11-24 12:50:37 - [TEST_STEP][PASSED] - delay(5, STOP_ON_FAILURE): Delayed 5 second(s)

2022-11-24 12:50:42 - [MESSAGE][PASSED] - Delayed 5 second(s)

2022-11-24 12:50:42 - [MESSAGE][PASSED] - Call Test Case 'Test Cases/Smoke/LookUps For Sign IN UP/Screen4/Tap to verify OTP' successfully

2022-11-24 12:50:42 - [MESSAGE][PASSED] - Call Test Case 'Test Cases/Smoke/LookUps For Sign IN UP/Screen4_OTP' successfully]]></system-out>
         <system-err><![CDATA[]]></system-err>
      </testcase>
      <testcase name="Test Cases/Smoke/TC_002 Onboard" time="29.891" classname="Test Cases/Smoke/TC_002 Onboard" status="PASSED">
         <system-out><![CDATA[2022-11-24 12:50:42 - [TEST_CASE][PASSED] - Test Cases/Smoke/TC_002 Onboard: Test Cases/Smoke/TC_002 Onboard

2022-11-24 12:50:42 - [TEST_STEP][PASSED] - callTestCase(findTestCase("Test Cases/Smoke/LookUp For Onboard/Tap on I agree button"), null, STOP_ON_FAILURE): Call Test Case 'Test Cases/Smoke/LookUp For Onboard/Tap on I agree button' successfully

2022-11-24 12:50:42 - [TEST_CASE][PASSED] - Test Cases/Smoke/LookUp For Onboard/Tap on I agree button: Test Cases/Smoke/LookUp For Onboard/Tap on I agree button

2022-11-24 12:50:42 - [TEST_STEP][PASSED] - btn = "Object Repository/Smoke/Onboard/btn I Agree": null

2022-11-24 12:50:42 - [TEST_STEP][PASSED] - tap(findTestObject(btn), 5, STOP_ON_FAILURE): Tapped on element 'Object Repository/Smoke/Onboard/btn I Agree'

2022-11-24 12:50:42 - [MESSAGE][PASSED] - Tapped on element 'Object Repository/Smoke/Onboard/btn I Agree'

2022-11-24 12:50:42 - [MESSAGE][PASSED] - Call Test Case 'Test Cases/Smoke/LookUp For Onboard/Tap on I agree button' successfully

2022-11-24 12:50:42 - [TEST_STEP][PASSED] - callTestCase(findTestCase("Test Cases/Smoke/LookUp For Onboard/Tap continue btn on source screen"), null, STOP_ON_FAILURE): Call Test Case 'Test Cases/Smoke/LookUp For Onboard/Tap continue btn on source screen' successfully

2022-11-24 12:50:42 - [TEST_CASE][PASSED] - Test Cases/Smoke/LookUp For Onboard/Tap continue btn on source screen: Test Cases/Smoke/LookUp For Onboard/Tap continue btn on source screen

2022-11-24 12:50:42 - [TEST_STEP][PASSED] - btn = "Object Repository/Smoke/Onboard/btn Continue Source Screen": null

2022-11-24 12:50:42 - [TEST_STEP][PASSED] - tap(findTestObject(btn), 5, STOP_ON_FAILURE): Tapped on element 'Object Repository/Smoke/Onboard/btn Continue Source Screen'

2022-11-24 12:50:44 - [MESSAGE][PASSED] - Tapped on element 'Object Repository/Smoke/Onboard/btn Continue Source Screen'

2022-11-24 12:50:44 - [MESSAGE][PASSED] - Call Test Case 'Test Cases/Smoke/LookUp For Onboard/Tap continue btn on source screen' successfully

2022-11-24 12:50:44 - [TEST_STEP][PASSED] - callTestCase(findTestCase("Test Cases/Smoke/LookUp For Onboard/Enter First Name and continue"), null, STOP_ON_FAILURE): Call Test Case 'Test Cases/Smoke/LookUp For Onboard/Enter First Name and continue' successfully

2022-11-24 12:50:44 - [TEST_CASE][PASSED] - Test Cases/Smoke/LookUp For Onboard/Enter First Name and continue: Test Cases/Smoke/LookUp For Onboard/Enter First Name and continue

2022-11-24 12:50:44 - [TEST_STEP][PASSED] - btn = "Object Repository/Smoke/Onboard/Text Field Enter User First Name": null

2022-11-24 12:50:44 - [TEST_STEP][PASSED] - PNumber = "Harry": null

2022-11-24 12:50:44 - [TEST_STEP][PASSED] - sendKeys(findTestObject(btn), PNumber, STOP_ON_FAILURE): Send keys 'Harry' on test object 'Object Repository/Smoke/Onboard/Text Field Enter User First Name' successfully.

2022-11-24 12:50:45 - [MESSAGE][PASSED] - Send keys 'Harry' on test object 'Object Repository/Smoke/Onboard/Text Field Enter User First Name' successfully.

2022-11-24 12:50:45 - [TEST_STEP][PASSED] - btn1 = "Object Repository/Smoke/Onboard/btn Continue First Name Screen": null

2022-11-24 12:50:45 - [TEST_STEP][PASSED] - tap(findTestObject(btn1), 5, STOP_ON_FAILURE): Tapped on element 'Object Repository/Smoke/Onboard/btn Continue First Name Screen'

2022-11-24 12:50:46 - [MESSAGE][PASSED] - Tapped on element 'Object Repository/Smoke/Onboard/btn Continue First Name Screen'

2022-11-24 12:50:46 - [MESSAGE][PASSED] - Call Test Case 'Test Cases/Smoke/LookUp For Onboard/Enter First Name and continue' successfully

2022-11-24 12:50:46 - [TEST_STEP][PASSED] - callTestCase(findTestCase("Test Cases/Smoke/LookUp For Onboard/Tap Continue button on birth screen"), null, STOP_ON_FAILURE): Call Test Case 'Test Cases/Smoke/LookUp For Onboard/Tap Continue button on birth screen' successfully

2022-11-24 12:50:46 - [TEST_CASE][PASSED] - Test Cases/Smoke/LookUp For Onboard/Tap Continue button on birth screen: Test Cases/Smoke/LookUp For Onboard/Tap Continue button on birth screen

2022-11-24 12:50:46 - [TEST_STEP][PASSED] - btn = "Object Repository/Smoke/Onboard/btn Continue Birth date": null

2022-11-24 12:50:46 - [TEST_STEP][PASSED] - tap(findTestObject(btn), 5, STOP_ON_FAILURE): Tapped on element 'Object Repository/Smoke/Onboard/btn Continue Birth date'

2022-11-24 12:50:49 - [MESSAGE][PASSED] - Tapped on element 'Object Repository/Smoke/Onboard/btn Continue Birth date'

2022-11-24 12:50:49 - [TEST_STEP][PASSED] - btn1 = "Object Repository/Smoke/Onboard/btn Edit (Change Birth date)": null

2022-11-24 12:50:49 - [TEST_STEP][PASSED] - tap(findTestObject(btn1), 5, STOP_ON_FAILURE): Tapped on element 'Object Repository/Smoke/Onboard/btn Edit (Change Birth date)'

2022-11-24 12:50:50 - [MESSAGE][PASSED] - Tapped on element 'Object Repository/Smoke/Onboard/btn Edit (Change Birth date)'

2022-11-24 12:50:50 - [TEST_STEP][PASSED] - tap(findTestObject(btn), 5, STOP_ON_FAILURE): Tapped on element 'Object Repository/Smoke/Onboard/btn Continue Birth date'

2022-11-24 12:50:52 - [MESSAGE][PASSED] - Tapped on element 'Object Repository/Smoke/Onboard/btn Continue Birth date'

2022-11-24 12:50:52 - [TEST_STEP][PASSED] - btn2 = "Object Repository/Smoke/Onboard/btn Continue (Confirm birth date)": null

2022-11-24 12:50:52 - [TEST_STEP][PASSED] - tap(findTestObject(btn2), 5, STOP_ON_FAILURE): Tapped on element 'Object Repository/Smoke/Onboard/btn Continue (Confirm birth date)'

2022-11-24 12:50:53 - [MESSAGE][PASSED] - Tapped on element 'Object Repository/Smoke/Onboard/btn Continue (Confirm birth date)'

2022-11-24 12:50:53 - [MESSAGE][PASSED] - Call Test Case 'Test Cases/Smoke/LookUp For Onboard/Tap Continue button on birth screen' successfully

2022-11-24 12:50:53 - [TEST_STEP][PASSED] - callTestCase(findTestCase("Test Cases/Smoke/LookUp For Onboard/Tap Continue on Gender Screen"), null, STOP_ON_FAILURE): Call Test Case 'Test Cases/Smoke/LookUp For Onboard/Tap Continue on Gender Screen' successfully

2022-11-24 12:50:53 - [TEST_CASE][PASSED] - Test Cases/Smoke/LookUp For Onboard/Tap Continue on Gender Screen: Test Cases/Smoke/LookUp For Onboard/Tap Continue on Gender Screen

2022-11-24 12:50:54 - [TEST_STEP][PASSED] - btn = "Object Repository/Smoke/Onboard/btn Continue Gender Screen": null

2022-11-24 12:50:54 - [TEST_STEP][PASSED] - tap(findTestObject(btn), 5, STOP_ON_FAILURE): Tapped on element 'Object Repository/Smoke/Onboard/btn Continue Gender Screen'

2022-11-24 12:50:55 - [MESSAGE][PASSED] - Tapped on element 'Object Repository/Smoke/Onboard/btn Continue Gender Screen'

2022-11-24 12:50:55 - [MESSAGE][PASSED] - Call Test Case 'Test Cases/Smoke/LookUp For Onboard/Tap Continue on Gender Screen' successfully

2022-11-24 12:50:55 - [TEST_STEP][PASSED] - callTestCase(findTestCase("Test Cases/Smoke/LookUp For Onboard/Tap continue on Into Screen"), null, STOP_ON_FAILURE): Call Test Case 'Test Cases/Smoke/LookUp For Onboard/Tap continue on Into Screen' successfully

2022-11-24 12:50:55 - [TEST_CASE][PASSED] - Test Cases/Smoke/LookUp For Onboard/Tap continue on Into Screen: Test Cases/Smoke/LookUp For Onboard/Tap continue on Into Screen

2022-11-24 12:50:55 - [TEST_STEP][PASSED] - btn = "Object Repository/Smoke/Onboard/btn Continue Into Screen": null

2022-11-24 12:50:55 - [TEST_STEP][PASSED] - tap(findTestObject(btn), 5, STOP_ON_FAILURE): Tapped on element 'Object Repository/Smoke/Onboard/btn Continue Into Screen'

2022-11-24 12:50:57 - [MESSAGE][PASSED] - Tapped on element 'Object Repository/Smoke/Onboard/btn Continue Into Screen'

2022-11-24 12:50:57 - [MESSAGE][PASSED] - Call Test Case 'Test Cases/Smoke/LookUp For Onboard/Tap continue on Into Screen' successfully

2022-11-24 12:50:57 - [TEST_STEP][PASSED] - callTestCase(findTestCase("Test Cases/Smoke/LookUp For Onboard/Tap to continue btn n Height screen"), null, STOP_ON_FAILURE): Call Test Case 'Test Cases/Smoke/LookUp For Onboard/Tap to continue btn n Height screen' successfully

2022-11-24 12:50:57 - [TEST_CASE][PASSED] - Test Cases/Smoke/LookUp For Onboard/Tap to continue btn n Height screen: Test Cases/Smoke/LookUp For Onboard/Tap to continue btn n Height screen

2022-11-24 12:50:57 - [TEST_STEP][PASSED] - btn = "Object Repository/Smoke/Onboard/btn Continue on height Screen": null

2022-11-24 12:50:57 - [TEST_STEP][PASSED] - tap(findTestObject(btn), 5, STOP_ON_FAILURE): Tapped on element 'Object Repository/Smoke/Onboard/btn Continue on height Screen'

2022-11-24 12:50:58 - [MESSAGE][PASSED] - Tapped on element 'Object Repository/Smoke/Onboard/btn Continue on height Screen'

2022-11-24 12:50:58 - [MESSAGE][PASSED] - Call Test Case 'Test Cases/Smoke/LookUp For Onboard/Tap to continue btn n Height screen' successfully

2022-11-24 12:50:58 - [TEST_STEP][PASSED] - callTestCase(findTestCase("Test Cases/Smoke/LookUp For Onboard/Tap to Continue on Ethnicity Screen"), null, STOP_ON_FAILURE): Call Test Case 'Test Cases/Smoke/LookUp For Onboard/Tap to Continue on Ethnicity Screen' successfully

2022-11-24 12:50:58 - [TEST_CASE][PASSED] - Test Cases/Smoke/LookUp For Onboard/Tap to Continue on Ethnicity Screen: Test Cases/Smoke/LookUp For Onboard/Tap to Continue on Ethnicity Screen

2022-11-24 12:50:59 - [TEST_STEP][PASSED] - btn = "Object Repository/Smoke/Onboard/btn Continue on Ethnicity Screen": null

2022-11-24 12:50:59 - [TEST_STEP][PASSED] - tap(findTestObject(btn), 5, STOP_ON_FAILURE): Tapped on element 'Object Repository/Smoke/Onboard/btn Continue on Ethnicity Screen'

2022-11-24 12:51:01 - [MESSAGE][PASSED] - Tapped on element 'Object Repository/Smoke/Onboard/btn Continue on Ethnicity Screen'

2022-11-24 12:51:01 - [MESSAGE][PASSED] - Call Test Case 'Test Cases/Smoke/LookUp For Onboard/Tap to Continue on Ethnicity Screen' successfully

2022-11-24 12:51:01 - [TEST_STEP][PASSED] - callTestCase(findTestCase("Test Cases/Smoke/LookUp For Onboard/Tap to continue on Religion Screen"), null, STOP_ON_FAILURE): Call Test Case 'Test Cases/Smoke/LookUp For Onboard/Tap to continue on Religion Screen' successfully

2022-11-24 12:51:01 - [TEST_CASE][PASSED] - Test Cases/Smoke/LookUp For Onboard/Tap to continue on Religion Screen: Test Cases/Smoke/LookUp For Onboard/Tap to continue on Religion Screen

2022-11-24 12:51:01 - [TEST_STEP][PASSED] - btn = "Object Repository/Smoke/Onboard/btn Continue on Religion Screen": null

2022-11-24 12:51:01 - [TEST_STEP][PASSED] - tap(findTestObject(btn), 5, STOP_ON_FAILURE): Tapped on element 'Object Repository/Smoke/Onboard/btn Continue on Religion Screen'

2022-11-24 12:51:02 - [MESSAGE][PASSED] - Tapped on element 'Object Repository/Smoke/Onboard/btn Continue on Religion Screen'

2022-11-24 12:51:02 - [MESSAGE][PASSED] - Call Test Case 'Test Cases/Smoke/LookUp For Onboard/Tap to continue on Religion Screen' successfully

2022-11-24 12:51:02 - [TEST_STEP][PASSED] - callTestCase(findTestCase("Test Cases/Smoke/LookUp For Onboard/Tap to continue on Relationship Screen"), null, STOP_ON_FAILURE): Call Test Case 'Test Cases/Smoke/LookUp For Onboard/Tap to continue on Relationship Screen' successfully

2022-11-24 12:51:02 - [TEST_CASE][PASSED] - Test Cases/Smoke/LookUp For Onboard/Tap to continue on Relationship Screen: Test Cases/Smoke/LookUp For Onboard/Tap to continue on Relationship Screen

2022-11-24 12:51:03 - [TEST_STEP][PASSED] - btn = "Object Repository/Smoke/Onboard/btn Continue on Relationship screen": null

2022-11-24 12:51:03 - [TEST_STEP][PASSED] - tap(findTestObject(btn), 5, STOP_ON_FAILURE): Tapped on element 'Object Repository/Smoke/Onboard/btn Continue on Relationship screen'

2022-11-24 12:51:04 - [MESSAGE][PASSED] - Tapped on element 'Object Repository/Smoke/Onboard/btn Continue on Relationship screen'

2022-11-24 12:51:04 - [MESSAGE][PASSED] - Call Test Case 'Test Cases/Smoke/LookUp For Onboard/Tap to continue on Relationship Screen' successfully

2022-11-24 12:51:04 - [TEST_STEP][PASSED] - callTestCase(findTestCase("Test Cases/Smoke/LookUp For Onboard/Tap to Continue on Family Plan"), null, STOP_ON_FAILURE): Call Test Case 'Test Cases/Smoke/LookUp For Onboard/Tap to Continue on Family Plan' successfully

2022-11-24 12:51:04 - [TEST_CASE][PASSED] - Test Cases/Smoke/LookUp For Onboard/Tap to Continue on Family Plan: Test Cases/Smoke/LookUp For Onboard/Tap to Continue on Family Plan

2022-11-24 12:51:04 - [TEST_STEP][PASSED] - btn = "Object Repository/Smoke/Onboard/btn Continue on Family plan screen": null

2022-11-24 12:51:04 - [TEST_STEP][PASSED] - tap(findTestObject(btn), 5, STOP_ON_FAILURE): Tapped on element 'Object Repository/Smoke/Onboard/btn Continue on Family plan screen'

2022-11-24 12:51:06 - [MESSAGE][PASSED] - Tapped on element 'Object Repository/Smoke/Onboard/btn Continue on Family plan screen'

2022-11-24 12:51:06 - [MESSAGE][PASSED] - Call Test Case 'Test Cases/Smoke/LookUp For Onboard/Tap to Continue on Family Plan' successfully

2022-11-24 12:51:06 - [TEST_STEP][PASSED] - callTestCase(findTestCase("Test Cases/Smoke/LookUp For Onboard/Tap to Continue on Education Screen"), null, STOP_ON_FAILURE): Call Test Case 'Test Cases/Smoke/LookUp For Onboard/Tap to Continue on Education Screen' successfully

2022-11-24 12:51:06 - [TEST_CASE][PASSED] - Test Cases/Smoke/LookUp For Onboard/Tap to Continue on Education Screen: Test Cases/Smoke/LookUp For Onboard/Tap to Continue on Education Screen

2022-11-24 12:51:06 - [TEST_STEP][PASSED] - btn = "Object Repository/Smoke/Onboard/btn Continue on Education Screen": null

2022-11-24 12:51:06 - [TEST_STEP][PASSED] - tap(findTestObject(btn), 5, STOP_ON_FAILURE): Tapped on element 'Object Repository/Smoke/Onboard/btn Continue on Education Screen'

2022-11-24 12:51:08 - [MESSAGE][PASSED] - Tapped on element 'Object Repository/Smoke/Onboard/btn Continue on Education Screen'

2022-11-24 12:51:08 - [MESSAGE][PASSED] - Call Test Case 'Test Cases/Smoke/LookUp For Onboard/Tap to Continue on Education Screen' successfully

2022-11-24 12:51:08 - [TEST_STEP][PASSED] - callTestCase(findTestCase("Test Cases/Smoke/LookUp For Onboard/Tap to continue on Vices Screen"), null, STOP_ON_FAILURE): Call Test Case 'Test Cases/Smoke/LookUp For Onboard/Tap to continue on Vices Screen' successfully

2022-11-24 12:51:08 - [TEST_CASE][PASSED] - Test Cases/Smoke/LookUp For Onboard/Tap to continue on Vices Screen: Test Cases/Smoke/LookUp For Onboard/Tap to continue on Vices Screen

2022-11-24 12:51:08 - [TEST_STEP][PASSED] - btn = "Object Repository/Smoke/Onboard/btn continue on Vices Screen": null

2022-11-24 12:51:08 - [TEST_STEP][PASSED] - tap(findTestObject(btn), 5, STOP_ON_FAILURE): Tapped on element 'Object Repository/Smoke/Onboard/btn continue on Vices Screen'

2022-11-24 12:51:09 - [MESSAGE][PASSED] - Tapped on element 'Object Repository/Smoke/Onboard/btn continue on Vices Screen'

2022-11-24 12:51:09 - [MESSAGE][PASSED] - Call Test Case 'Test Cases/Smoke/LookUp For Onboard/Tap to continue on Vices Screen' successfully

2022-11-24 12:51:09 - [TEST_STEP][PASSED] - callTestCase(findTestCase("Test Cases/Smoke/LookUp For Onboard/Tap to continue on Politics Screen"), null, STOP_ON_FAILURE): Call Test Case 'Test Cases/Smoke/LookUp For Onboard/Tap to continue on Politics Screen' successfully

2022-11-24 12:51:10 - [TEST_CASE][PASSED] - Test Cases/Smoke/LookUp For Onboard/Tap to continue on Politics Screen: Test Cases/Smoke/LookUp For Onboard/Tap to continue on Politics Screen

2022-11-24 12:51:10 - [TEST_STEP][PASSED] - btn = "Object Repository/Smoke/Onboard/btn Continue on Political Views": null

2022-11-24 12:51:10 - [TEST_STEP][PASSED] - tap(findTestObject(btn), 5, STOP_ON_FAILURE): Tapped on element 'Object Repository/Smoke/Onboard/btn Continue on Political Views'

2022-11-24 12:51:11 - [MESSAGE][PASSED] - Tapped on element 'Object Repository/Smoke/Onboard/btn Continue on Political Views'

2022-11-24 12:51:11 - [MESSAGE][PASSED] - Call Test Case 'Test Cases/Smoke/LookUp For Onboard/Tap to continue on Politics Screen' successfully]]></system-out>
         <system-err><![CDATA[]]></system-err>
      </testcase>
      <system-out><![CDATA[2022-11-24 12:49:30 - [TEST_SUITE][PASSED] - Smoke: Test Cases/Smoke/TC_002 Onboard]]></system-out>
      <system-err><![CDATA[]]></system-err>
   </testsuite>
</testsuites>
