<?xml version="1.0" encoding="UTF-8"?>
<testsuites name="tyui" time="86.203" tests="2" failures="0" errors="0">
   <testsuite name="tyui" tests="2" failures="0" errors="0" time="86.203" skipped="0" timestamp="2023-02-03 19:59:16" hostname="pc - 192.168.1.13" id="Test Suites/tyui">
      <properties>
         <property name="deviceName" value="OnePlus GM1910 (Android 11)"/>
         <property name="devicePlatform" value=""/>
         <property name="logFolder" value="/Users/pc/git/SpotLove-Automation/Reports/20230203_195907/tyui/20230203_195907"/>
         <property name="logFiles" value="/Users/pc/git/SpotLove-Automation/Reports/20230203_195907/tyui/20230203_195907/execution0.log, /Users/pc/git/SpotLove-Automation/Reports/20230203_195907/tyui/20230203_195907/appium.log"/>
         <property name="attachments" value=""/>
         <property name="hostName" value="pc - 192.168.1.13"/>
         <property name="os" value="Mac OS X 64bit"/>
         <property name="appiumServerStatus" value="{&quot;value&quot;:{&quot;build&quot;:{&quot;version&quot;:&quot;1.22.3&quot;}},&quot;sessionId&quot;:null,&quot;status&quot;:0}"/>
         <property name="katalonVersion" value="8.5.5.208"/>
         <property name="deviceOS" value="Android"/>
         <property name="appiumVersion" value="1.22.3"/>
         <property name="deviceModel" value="GM1910"/>
         <property name="hostAddress" value="192.168.1.13"/>
         <property name="deviceManufacturer" value="OnePlus"/>
         <property name="deviceId" value="d84a7321"/>
         <property name="deviceName" value="OnePlus GM1910 (Android 11)"/>
         <property name="deviceOSVersion" value="11"/>
      </properties>
      <testcase name="Test Cases/Regression/LookUps/Sl-19 Vices" time="58.036" classname="Test Cases/Regression/LookUps/Sl-19 Vices" status="PASSED">
         <system-out><![CDATA[2023-02-03 19:59:16 - [TEST_CASE][PASSED] - Test Cases/Regression/LookUps/Sl-19 Vices: Test Cases/Regression/LookUps/Sl-19 Vices

2023-02-03 19:59:16 - [TEST_STEP][PASSED] - Start listener action : sampleBeforeTestCase: null

2023-02-03 19:59:16 - [TEST_STEP][PASSED] - println(testCaseContext.getTestCaseId()): null

2023-02-03 19:59:16 - [TEST_STEP][PASSED] - println(testCaseContext.getTestCaseVariables()): null

2023-02-03 19:59:17 - [TEST_STEP][PASSED] - startExistingApplication("com.spotlove.releaseproduction", STOP_ON_FAILURE): Starting app with application ID: 'com.spotlove.releaseproduction'

2023-02-03 19:59:17 - [MESSAGE][INFO] - User set preference: ['deviceId', 'd84a7321']

2023-02-03 19:59:19 - [MESSAGE][INFO] - Detected NodeJS location: "/usr/local/bin/node"

2023-02-03 19:59:20 - [MESSAGE][INFO] - Appium server started on port 50,163

2023-02-03 19:59:31 - [MESSAGE][INFO] - Failed to get OS statusbar's information using default method.

2023-02-03 19:59:32 - [MESSAGE][PASSED] - Starting app with application ID: 'com.spotlove.releaseproduction'

2023-02-03 19:59:32 - [TEST_STEP][PASSED] - if (waitForElementPresent(btn_back, 10)): null

2023-02-03 19:59:34 - [MESSAGE][PASSED] - Element 'Object Repository/Regression/SC-019 Vices/btn back' is present

2023-02-03 19:59:34 - [TEST_STEP][PASSED] - tap(btn_back, 10): Tapped on element 'Object Repository/Regression/SC-019 Vices/btn back'

2023-02-03 19:59:35 - [MESSAGE][PASSED] - Tapped on element 'Object Repository/Regression/SC-019 Vices/btn back'

2023-02-03 19:59:35 - [TEST_STEP][PASSED] - markPassed("User navigate back to the Education screen......!"): User navigate back to the Education screen......!

2023-02-03 19:59:35 - [MESSAGE][PASSED] - User navigate back to the Education screen......!

2023-02-03 19:59:35 - [TEST_STEP][PASSED] - delay(10): Delayed 10 second(s)

2023-02-03 19:59:45 - [MESSAGE][PASSED] - Delayed 10 second(s)

2023-02-03 19:59:45 - [TEST_STEP][PASSED] - if (waitForElementPresent(hat_icon, 20)): null

2023-02-03 19:59:46 - [MESSAGE][PASSED] - Element 'Object Repository/Regression/SC-018 Education/Hat Icon' is present

2023-02-03 19:59:46 - [TEST_STEP][PASSED] - markPassed("Hat icon found on Education screen......!"): Hat icon found on Education screen......!

2023-02-03 19:59:46 - [MESSAGE][PASSED] - Hat icon found on Education screen......!

2023-02-03 19:59:46 - [TEST_STEP][PASSED] - if (waitForElementPresent(btn_continue, 10)): null

2023-02-03 19:59:47 - [MESSAGE][PASSED] - Element 'Object Repository/Regression/SC-018 Education/btn continue' is present

2023-02-03 19:59:47 - [TEST_STEP][PASSED] - tap(btn_continue, 10): Tapped on element 'Object Repository/Regression/SC-018 Education/btn continue'

2023-02-03 19:59:48 - [MESSAGE][PASSED] - Tapped on element 'Object Repository/Regression/SC-018 Education/btn continue'

2023-02-03 19:59:48 - [TEST_STEP][PASSED] - markPassed("User navigate to the Vices Screen......!"): User navigate to the Vices Screen......!

2023-02-03 19:59:48 - [MESSAGE][PASSED] - User navigate to the Vices Screen......!

2023-02-03 19:59:48 - [TEST_STEP][PASSED] - if (waitForElementPresent(bottle_icon, 10)): null

2023-02-03 19:59:50 - [MESSAGE][PASSED] - Element 'Object Repository/Regression/SC-019 Vices/bottle icon' is present

2023-02-03 19:59:50 - [TEST_STEP][PASSED] - markPassed("Bottle icon found on Vices screen......!"): Bottle icon found on Vices screen......!

2023-02-03 19:59:50 - [MESSAGE][PASSED] - Bottle icon found on Vices screen......!

2023-02-03 19:59:50 - [TEST_STEP][PASSED] - if (waitForElementPresent(lbl_What, 10)): null

2023-02-03 19:59:51 - [MESSAGE][PASSED] - Element 'Object Repository/Regression/SC-019 Vices/Lbl text - What are your vices' is present

2023-02-03 19:59:51 - [TEST_STEP][PASSED] - markPassed("What are your vices? label text found......!"): What are your vices? label text found......!

2023-02-03 19:59:51 - [MESSAGE][PASSED] - What are your vices? label text found......!

2023-02-03 19:59:51 - [TEST_STEP][PASSED] - if (waitForElementPresent(btn_toggle_M, 10)): null

2023-02-03 19:59:52 - [MESSAGE][PASSED] - Element 'Object Repository/Regression/SC-019 Vices/btn_Marijuano_Switch - OFF' is present

2023-02-03 19:59:52 - [TEST_STEP][PASSED] - tap(btn_toggle_M, 10): Tapped on element 'Object Repository/Regression/SC-019 Vices/btn_Marijuano_Switch - OFF'

2023-02-03 19:59:53 - [MESSAGE][PASSED] - Tapped on element 'Object Repository/Regression/SC-019 Vices/btn_Marijuano_Switch - OFF'

2023-02-03 19:59:53 - [TEST_STEP][PASSED] - markPassed("Marijuana Toggle button On......!"): Marijuana Toggle button On......!

2023-02-03 19:59:53 - [MESSAGE][PASSED] - Marijuana Toggle button On......!

2023-02-03 19:59:53 - [TEST_STEP][PASSED] - if (waitForElementPresent(btn_toggle_S, 10)): null

2023-02-03 19:59:54 - [MESSAGE][PASSED] - Element 'Object Repository/Regression/SC-019 Vices/btn_Smoking_Switch - OFF' is present

2023-02-03 19:59:54 - [TEST_STEP][PASSED] - tap(btn_toggle_S, 10): Tapped on element 'Object Repository/Regression/SC-019 Vices/btn_Smoking_Switch - OFF'

2023-02-03 19:59:54 - [MESSAGE][PASSED] - Tapped on element 'Object Repository/Regression/SC-019 Vices/btn_Smoking_Switch - OFF'

2023-02-03 19:59:54 - [TEST_STEP][PASSED] - markPassed("Smoking Toggle button On......!"): Smoking Toggle button On......!

2023-02-03 19:59:54 - [MESSAGE][PASSED] - Smoking Toggle button On......!

2023-02-03 19:59:54 - [TEST_STEP][PASSED] - if (waitForElementPresent(btn_toggle_A, 10)): null

2023-02-03 19:59:56 - [MESSAGE][PASSED] - Element 'Object Repository/Regression/SC-019 Vices/btn_Alcohol_Switch - OFF' is present

2023-02-03 19:59:56 - [TEST_STEP][PASSED] - tap(btn_toggle_A, 10): Tapped on element 'Object Repository/Regression/SC-019 Vices/btn_Alcohol_Switch - OFF'

2023-02-03 19:59:57 - [MESSAGE][PASSED] - Tapped on element 'Object Repository/Regression/SC-019 Vices/btn_Alcohol_Switch - OFF'

2023-02-03 19:59:57 - [TEST_STEP][PASSED] - markPassed("Alcohol Toggle button On......!"): Alcohol Toggle button On......!

2023-02-03 19:59:57 - [MESSAGE][PASSED] - Alcohol Toggle button On......!

2023-02-03 19:59:57 - [TEST_STEP][PASSED] - com.spotlove.Utility.dating_Pref(A_random): com.spotlove.Utility.dating_Pref is PASSED

2023-02-03 20:00:01 - [MESSAGE][PASSED] - com.spotlove.Utility.dating_Pref is PASSED

2023-02-03 20:00:01 - [TEST_STEP][PASSED] - markPassed("Alcohol Toggle button On......!"): Alcohol Toggle button On......!

2023-02-03 20:00:01 - [MESSAGE][PASSED] - Alcohol Toggle button On......!

2023-02-03 20:00:01 - [TEST_STEP][PASSED] - com.spotlove.Utility.dating_Pref(S_random): com.spotlove.Utility.dating_Pref is PASSED

2023-02-03 20:00:06 - [MESSAGE][PASSED] - com.spotlove.Utility.dating_Pref is PASSED

2023-02-03 20:00:06 - [TEST_STEP][PASSED] - markPassed("Smoking Selected......!"): Smoking Selected......!

2023-02-03 20:00:06 - [MESSAGE][PASSED] - Smoking Selected......!

2023-02-03 20:00:06 - [TEST_STEP][PASSED] - com.spotlove.Utility.dating_Pref(M_random): com.spotlove.Utility.dating_Pref is PASSED

2023-02-03 20:00:10 - [MESSAGE][PASSED] - com.spotlove.Utility.dating_Pref is PASSED

2023-02-03 20:00:10 - [TEST_STEP][PASSED] - markPassed("Marijuana Selected......!"): Marijuana Selected......!

2023-02-03 20:00:10 - [MESSAGE][PASSED] - Marijuana Selected......!

2023-02-03 20:00:10 - [TEST_STEP][PASSED] - if (waitForElementPresent(btn_V_Continue, 10)): null

2023-02-03 20:00:12 - [MESSAGE][PASSED] - Element 'Object Repository/Regression/SC-019 Vices/android.widget.TextView - Continue' is present

2023-02-03 20:00:12 - [TEST_STEP][PASSED] - tap(btn_V_Continue, 10): Tapped on element 'Object Repository/Regression/SC-019 Vices/android.widget.TextView - Continue'

2023-02-03 20:00:12 - [MESSAGE][PASSED] - Tapped on element 'Object Repository/Regression/SC-019 Vices/android.widget.TextView - Continue'

2023-02-03 20:00:12 - [TEST_STEP][PASSED] - markPassed("User navigate to the justice Screen.......!"): User navigate to the justice Screen.......!

2023-02-03 20:00:12 - [MESSAGE][PASSED] - User navigate to the justice Screen.......!

2023-02-03 20:00:12 - [TEST_STEP][PASSED] - if (waitForElementPresent(justice_icon, 10)): null

2023-02-03 20:00:14 - [MESSAGE][PASSED] - Element 'Object Repository/Regression/SC-020 Politics/justics Icon' is present

2023-02-03 20:00:14 - [TEST_STEP][PASSED] - markPassed("justice icon found on next Screen.......!"): justice icon found on next Screen.......!

2023-02-03 20:00:14 - [MESSAGE][PASSED] - justice icon found on next Screen.......!

2023-02-03 20:00:14 - [TEST_STEP][PASSED] - Start listener action : sampleAfterTestCase: null

2023-02-03 20:00:14 - [TEST_STEP][PASSED] - println(testCaseContext.getTestCaseId()): null

2023-02-03 20:00:14 - [TEST_STEP][PASSED] - println(testCaseContext.getTestCaseStatus()): null]]></system-out>
         <system-err><![CDATA[]]></system-err>
      </testcase>
      <testcase name="Test Cases/Regression/LookUps/SL-20 Politics" time="27.941" classname="Test Cases/Regression/LookUps/SL-20 Politics" status="PASSED">
         <system-out><![CDATA[2023-02-03 20:00:14 - [TEST_CASE][PASSED] - Test Cases/Regression/LookUps/SL-20 Politics: Test Cases/Regression/LookUps/SL-20 Politics

2023-02-03 20:00:14 - [TEST_STEP][PASSED] - Start listener action : sampleBeforeTestCase: null

2023-02-03 20:00:14 - [TEST_STEP][PASSED] - println(testCaseContext.getTestCaseId()): null

2023-02-03 20:00:14 - [TEST_STEP][PASSED] - println(testCaseContext.getTestCaseVariables()): null

2023-02-03 20:00:15 - [TEST_STEP][PASSED] - if (waitForElementPresent(btn_back, 10)): null

2023-02-03 20:00:15 - [MESSAGE][PASSED] - Element 'Object Repository/Regression/SC-020 Politics/btn back' is present

2023-02-03 20:00:15 - [TEST_STEP][PASSED] - tap(btn_back, 10): Tapped on element 'Object Repository/Regression/SC-020 Politics/btn back'

2023-02-03 20:00:16 - [MESSAGE][PASSED] - Tapped on element 'Object Repository/Regression/SC-020 Politics/btn back'

2023-02-03 20:00:16 - [TEST_STEP][PASSED] - markPassed("User navigate back to the Vices screen......!"): User navigate back to the Vices screen......!

2023-02-03 20:00:16 - [MESSAGE][PASSED] - User navigate back to the Vices screen......!

2023-02-03 20:00:16 - [TEST_STEP][PASSED] - delay(10): Delayed 10 second(s)

2023-02-03 20:00:26 - [MESSAGE][PASSED] - Delayed 10 second(s)

2023-02-03 20:00:26 - [TEST_STEP][PASSED] - if (waitForElementPresent(bottle_icon, 20)): null

2023-02-03 20:00:27 - [MESSAGE][PASSED] - Element 'Object Repository/Regression/SC-019 Vices/bottle icon' is present

2023-02-03 20:00:27 - [TEST_STEP][PASSED] - markPassed("bottle icon found on Vices screen......!"): bottle icon found on Vices screen......!

2023-02-03 20:00:27 - [MESSAGE][PASSED] - bottle icon found on Vices screen......!

2023-02-03 20:00:27 - [TEST_STEP][PASSED] - if (waitForElementPresent(btn_continue, 10)): null

2023-02-03 20:00:27 - [MESSAGE][PASSED] - Element 'Object Repository/Regression/SC-019 Vices/android.widget.TextView - Continue' is present

2023-02-03 20:00:27 - [TEST_STEP][PASSED] - tap(btn_continue, 10): Tapped on element 'Object Repository/Regression/SC-019 Vices/android.widget.TextView - Continue'

2023-02-03 20:00:30 - [MESSAGE][PASSED] - Tapped on element 'Object Repository/Regression/SC-019 Vices/android.widget.TextView - Continue'

2023-02-03 20:00:30 - [TEST_STEP][PASSED] - markPassed("User navigate to the Politics Screen......!"): User navigate to the Politics Screen......!

2023-02-03 20:00:30 - [MESSAGE][PASSED] - User navigate to the Politics Screen......!

2023-02-03 20:00:30 - [TEST_STEP][PASSED] - if (waitForElementPresent(Justics_icon, 10)): null

2023-02-03 20:00:30 - [MESSAGE][PASSED] - Element 'Object Repository/Regression/SC-020 Politics/justics Icon' is present

2023-02-03 20:00:30 - [TEST_STEP][PASSED] - markPassed("Justics icon found on Politics screen......!"): Justics icon found on Politics screen......!

2023-02-03 20:00:30 - [MESSAGE][PASSED] - Justics icon found on Politics screen......!

2023-02-03 20:00:30 - [TEST_STEP][PASSED] - if (waitForElementPresent(lbl_What, 10)): null

2023-02-03 20:00:33 - [MESSAGE][PASSED] - Element 'Object Repository/Regression/SC-020 Politics/Lbl text - What are your political views' is present

2023-02-03 20:00:33 - [TEST_STEP][PASSED] - markPassed("What are your political views? label text found......!"): What are your political views? label text found......!

2023-02-03 20:00:33 - [MESSAGE][PASSED] - What are your political views? label text found......!

2023-02-03 20:00:33 - [TEST_STEP][PASSED] - com.spotlove.Utility.dating_Pref(random): com.spotlove.Utility.dating_Pref is PASSED

2023-02-03 20:00:39 - [MESSAGE][PASSED] - com.spotlove.Utility.dating_Pref is PASSED

2023-02-03 20:00:39 - [TEST_STEP][PASSED] - markPassed("Political view Selection successfully......!"): Political view Selection successfully......!

2023-02-03 20:00:39 - [MESSAGE][PASSED] - Political view Selection successfully......!

2023-02-03 20:00:39 - [TEST_STEP][PASSED] - if (waitForElementPresent(btn_P_Continue, 10)): null

2023-02-03 20:00:40 - [MESSAGE][PASSED] - Element 'Object Repository/Regression/SC-020 Politics/btn continue' is present

2023-02-03 20:00:40 - [TEST_STEP][PASSED] - tap(btn_P_Continue, 10): Tapped on element 'Object Repository/Regression/SC-020 Politics/btn continue'

2023-02-03 20:00:42 - [MESSAGE][PASSED] - Tapped on element 'Object Repository/Regression/SC-020 Politics/btn continue'

2023-02-03 20:00:42 - [TEST_STEP][PASSED] - markPassed("User navigate to the Gallery Screen.......!"): User navigate to the Gallery Screen.......!

2023-02-03 20:00:42 - [MESSAGE][PASSED] - User navigate to the Gallery Screen.......!

2023-02-03 20:00:42 - [TEST_STEP][PASSED] - if (waitForElementPresent(Gallery_icon, 10)): null

2023-02-03 20:00:42 - [MESSAGE][PASSED] - Element 'Object Repository/Regression/SC-021 Gallery/Gallery Icon' is present

2023-02-03 20:00:42 - [TEST_STEP][PASSED] - markPassed("Gallery icon found on next Screen.......!"): Gallery icon found on next Screen.......!

2023-02-03 20:00:42 - [MESSAGE][PASSED] - Gallery icon found on next Screen.......!

2023-02-03 20:00:42 - [TEST_STEP][PASSED] - Start listener action : sampleAfterTestCase: null

2023-02-03 20:00:42 - [TEST_STEP][PASSED] - println(testCaseContext.getTestCaseId()): null

2023-02-03 20:00:42 - [TEST_STEP][PASSED] - println(testCaseContext.getTestCaseStatus()): null]]></system-out>
         <system-err><![CDATA[]]></system-err>
      </testcase>
      <system-out><![CDATA[2023-02-03 19:59:16 - [TEST_SUITE][PASSED] - tyui: Test Cases/Regression/LookUps/SL-20 Politics]]></system-out>
      <system-err><![CDATA[]]></system-err>
   </testsuite>
</testsuites>
