<?xml version="1.0" encoding="UTF-8"?>
<testsuites name="new" time="43.333" tests="5" failures="0" errors="0">
   <testsuite name="new" tests="5" failures="0" errors="0" time="43.333" skipped="0" timestamp="2022-07-19 16:56:54" hostname="pc - localhost" id="Test Suites/new">
      <properties>
         <property name="deviceName" value="samsung SM-A025F (Android 11)"/>
         <property name="devicePlatform" value=""/>
         <property name="logFolder" value="/Users/pc/Documents/Katalon Studio/SpotLove_Stagging/Reports/20220719_165645/new/20220719_165645"/>
         <property name="logFiles" value="/Users/pc/Documents/Katalon Studio/SpotLove_Stagging/Reports/20220719_165645/new/20220719_165645/execution0.log, /Users/pc/Documents/Katalon Studio/SpotLove_Stagging/Reports/20220719_165645/new/20220719_165645/appium.log"/>
         <property name="attachments" value=""/>
         <property name="hostName" value="pc - localhost"/>
         <property name="os" value="Mac OS X 64bit"/>
         <property name="appiumServerStatus" value="{&quot;value&quot;:{&quot;build&quot;:{&quot;version&quot;:&quot;1.22.3&quot;}},&quot;sessionId&quot;:null,&quot;status&quot;:0}"/>
         <property name="katalonVersion" value="8.3.0.208"/>
         <property name="deviceOS" value="Android"/>
         <property name="appiumVersion" value="1.22.3"/>
         <property name="deviceModel" value="SM-A025F"/>
         <property name="hostAddress" value="127.0.0.1"/>
         <property name="deviceManufacturer" value="samsung"/>
         <property name="deviceId" value="R9JNC0DKDXJ"/>
         <property name="deviceName" value="samsung SM-A025F (Android 11)"/>
         <property name="deviceOSVersion" value="11"/>
      </properties>
      <testcase name="Test Cases/testing/intro 1" time="25.246" classname="Test Cases/testing/intro 1" status="PASSED">
         <system-out><![CDATA[2022-07-19 16:56:55 - [TEST_CASE][PASSED] - Test Cases/testing/intro 1: Test Cases/testing/intro 1

2022-07-19 16:56:55 - [TEST_STEP][PASSED] - startExistingApplication("com.spotlove.releaseproduction", STOP_ON_FAILURE): Starting app with application ID: 'com.spotlove.releaseproduction'

2022-07-19 16:56:56 - [MESSAGE][INFO] - User set preference: ['deviceId', '']

2022-07-19 16:56:56 - [MESSAGE][INFO] - Detected NodeJS location: "/usr/local/bin/node"

2022-07-19 16:56:57 - [MESSAGE][INFO] - Appium server started on port 62,948

2022-07-19 16:57:11 - [MESSAGE][PASSED] - Starting app with application ID: 'com.spotlove.releaseproduction'

2022-07-19 16:57:11 - [TEST_STEP][PASSED] - if (waitForElementPresent(hearticon, 30)): null

2022-07-19 16:57:19 - [MESSAGE][PASSED] - Element 'Object Repository/intro screens/Intro first/Heart icon' is present

2022-07-19 16:57:19 - [TEST_STEP][PASSED] - markPassed("PASSED: App is launched successfully"): PASSED: App is launched successfully

2022-07-19 16:57:19 - [MESSAGE][PASSED] - PASSED: App is launched successfully

2022-07-19 16:57:19 - [TEST_STEP][PASSED] - if (waitForElementPresent(Access, 30)): null

2022-07-19 16:57:19 - [MESSAGE][PASSED] - Element 'Object Repository/intro screens/Intro first/Access to label text' is present

2022-07-19 16:57:19 - [TEST_STEP][PASSED] - markPassed("PASSED: Access label text is present on the screen"): PASSED: Access label text is present on the screen

2022-07-19 16:57:19 - [MESSAGE][PASSED] - PASSED: Access label text is present on the screen

2022-07-19 16:57:19 - [TEST_STEP][PASSED] - if (waitForElementPresent(Matchmakers, 30)): null

2022-07-19 16:57:19 - [MESSAGE][PASSED] - Element 'Object Repository/intro screens/Intro first/Matchmakers label text' is present

2022-07-19 16:57:19 - [TEST_STEP][PASSED] - markPassed("PASSED: Matchmakers label text is present on the screen"): PASSED: Matchmakers label text is present on the screen

2022-07-19 16:57:19 - [MESSAGE][PASSED] - PASSED: Matchmakers label text is present on the screen

2022-07-19 16:57:19 - [TEST_STEP][PASSED] - if (waitForElementPresent(Berief_Labeltext, 30)): null

2022-07-19 16:57:19 - [MESSAGE][PASSED] - Element 'Object Repository/intro screens/Intro first/We have matchmakers that will help you find your perfect match label text' is present

2022-07-19 16:57:19 - [TEST_STEP][PASSED] - markPassed("PASSED: We have.... label text is present on the screen"): PASSED: We have.... label text is present on the screen

2022-07-19 16:57:19 - [MESSAGE][PASSED] - PASSED: We have.... label text is present on the screen

2022-07-19 16:57:19 - [TEST_STEP][PASSED] - if (waitForElementPresent(background, 30)): null

2022-07-19 16:57:20 - [MESSAGE][PASSED] - Element 'Object Repository/intro screens/Intro first/Background image' is present

2022-07-19 16:57:20 - [TEST_STEP][PASSED] - markPassed("PASSED: background Image is present on the screen"): PASSED: background Image is present on the screen

2022-07-19 16:57:20 - [MESSAGE][PASSED] - PASSED: background Image is present on the screen

2022-07-19 16:57:20 - [TEST_STEP][PASSED] - if (waitForElementPresent(continuebutton, 30)): null

2022-07-19 16:57:20 - [MESSAGE][PASSED] - Element 'Object Repository/intro screens/Intro first/Continue Button' is present

2022-07-19 16:57:20 - [TEST_STEP][PASSED] - tap(continuebutton, 30): Tapped on element 'Object Repository/intro screens/Intro first/Continue Button'

2022-07-19 16:57:20 - [MESSAGE][PASSED] - Tapped on element 'Object Repository/intro screens/Intro first/Continue Button'

2022-07-19 16:57:20 - [TEST_STEP][PASSED] - markPassed("Passed: continue button Element is present"): Passed: continue button Element is present

2022-07-19 16:57:20 - [MESSAGE][PASSED] - Passed: continue button Element is present]]></system-out>
         <system-err><![CDATA[]]></system-err>
      </testcase>
      <testcase name="Test Cases/testing/intro 2" time="2.159" classname="Test Cases/testing/intro 2" status="PASSED">
         <system-out><![CDATA[2022-07-19 16:57:20 - [TEST_CASE][PASSED] - Test Cases/testing/intro 2: Test Cases/testing/intro 2

2022-07-19 16:57:20 - [TEST_STEP][PASSED] - if (waitForElementPresent(hearticon, 30)): null

2022-07-19 16:57:21 - [MESSAGE][PASSED] - Element 'Object Repository/intro screens/Second intro/Heart icon' is present

2022-07-19 16:57:21 - [TEST_STEP][PASSED] - markPassed("PASSED: Heart icon is present in the screen"): PASSED: Heart icon is present in the screen

2022-07-19 16:57:21 - [MESSAGE][PASSED] - PASSED: Heart icon is present in the screen

2022-07-19 16:57:21 - [TEST_STEP][PASSED] - if (waitForElementPresent(Connect, 30)): null

2022-07-19 16:57:21 - [MESSAGE][PASSED] - Element 'Object Repository/intro screens/Second intro/Connect On Video label text' is present

2022-07-19 16:57:21 - [TEST_STEP][PASSED] - markPassed("PASSED: Connect label text is present on the screen"): PASSED: Connect label text is present on the screen

2022-07-19 16:57:21 - [MESSAGE][PASSED] - PASSED: Connect label text is present on the screen

2022-07-19 16:57:21 - [TEST_STEP][PASSED] - if (waitForElementPresent(Dates, 30)): null

2022-07-19 16:57:21 - [MESSAGE][PASSED] - Element 'Object Repository/intro screens/Second intro/Dates Label text' is present

2022-07-19 16:57:21 - [TEST_STEP][PASSED] - markPassed("PASSED: Dates label text is present on the screen"): PASSED: Dates label text is present on the screen

2022-07-19 16:57:21 - [MESSAGE][PASSED] - PASSED: Dates label text is present on the screen

2022-07-19 16:57:21 - [TEST_STEP][PASSED] - if (waitForElementPresent(We, 30)): null

2022-07-19 16:57:22 - [MESSAGE][PASSED] - Element 'Object Repository/intro screens/Second intro/We believe in connecting with people through video chat Label text' is present

2022-07-19 16:57:22 - [TEST_STEP][PASSED] - markPassed("PASSED: We.... label text is present on the screen"): PASSED: We.... label text is present on the screen

2022-07-19 16:57:22 - [MESSAGE][PASSED] - PASSED: We.... label text is present on the screen

2022-07-19 16:57:22 - [TEST_STEP][PASSED] - if (waitForElementPresent(background, 30)): null

2022-07-19 16:57:22 - [MESSAGE][PASSED] - Element 'Object Repository/intro screens/Second intro/Background Image' is present

2022-07-19 16:57:22 - [TEST_STEP][PASSED] - markPassed("PASSED: background Image is present on the screen"): PASSED: background Image is present on the screen

2022-07-19 16:57:22 - [MESSAGE][PASSED] - PASSED: background Image is present on the screen

2022-07-19 16:57:22 - [TEST_STEP][PASSED] - if (waitForElementPresent(Continuebutton, 30)): null

2022-07-19 16:57:22 - [MESSAGE][PASSED] - Element 'Object Repository/intro screens/Second intro/Continue button' is present

2022-07-19 16:57:22 - [TEST_STEP][PASSED] - tap(Continuebutton, 30): Tapped on element 'Object Repository/intro screens/Second intro/Continue button'

2022-07-19 16:57:22 - [MESSAGE][PASSED] - Tapped on element 'Object Repository/intro screens/Second intro/Continue button'

2022-07-19 16:57:22 - [TEST_STEP][PASSED] - markPassed("Passed: continue button Element is present"): Passed: continue button Element is present

2022-07-19 16:57:22 - [MESSAGE][PASSED] - Passed: continue button Element is present]]></system-out>
         <system-err><![CDATA[]]></system-err>
      </testcase>
      <testcase name="Test Cases/testing/intro 3" time="2.145" classname="Test Cases/testing/intro 3" status="PASSED">
         <system-out><![CDATA[2022-07-19 16:57:22 - [TEST_CASE][PASSED] - Test Cases/testing/intro 3: Test Cases/testing/intro 3

2022-07-19 16:57:22 - [TEST_STEP][PASSED] - if (waitForElementPresent(hearticon, 30)): null

2022-07-19 16:57:23 - [MESSAGE][PASSED] - Element 'Object Repository/intro screens/Third intro/Heart icon' is present

2022-07-19 16:57:23 - [TEST_STEP][PASSED] - markPassed("PASSED: Heart icon is present in the screen"): PASSED: Heart icon is present in the screen

2022-07-19 16:57:23 - [MESSAGE][PASSED] - PASSED: Heart icon is present in the screen

2022-07-19 16:57:23 - [TEST_STEP][PASSED] - if (waitForElementPresent(Meet_your, 30)): null

2022-07-19 16:57:23 - [MESSAGE][PASSED] - Element 'Object Repository/intro screens/Third intro/Meet Your label text' is present

2022-07-19 16:57:23 - [TEST_STEP][PASSED] - markPassed("PASSED: Meet your label text is present on the screen"): PASSED: Meet your label text is present on the screen

2022-07-19 16:57:23 - [MESSAGE][PASSED] - PASSED: Meet your label text is present on the screen

2022-07-19 16:57:23 - [TEST_STEP][PASSED] - if (waitForElementPresent(Soulmate, 30)): null

2022-07-19 16:57:24 - [MESSAGE][PASSED] - Element 'Object Repository/intro screens/Third intro/Soulmate label text' is present

2022-07-19 16:57:24 - [TEST_STEP][PASSED] - markPassed("PASSED: Soulmate label text is present on the screen"): PASSED: Soulmate label text is present on the screen

2022-07-19 16:57:24 - [MESSAGE][PASSED] - PASSED: Soulmate label text is present on the screen

2022-07-19 16:57:24 - [TEST_STEP][PASSED] - if (waitForElementPresent(Plenty, 30)): null

2022-07-19 16:57:24 - [MESSAGE][PASSED] - Element 'Object Repository/intro screens/Third intro/Plenty of opportunities to find the person that checks all your boxes label text' is present

2022-07-19 16:57:24 - [TEST_STEP][PASSED] - markPassed("PASSED: Plenty.... label text is present on the screen"): PASSED: Plenty.... label text is present on the screen

2022-07-19 16:57:24 - [MESSAGE][PASSED] - PASSED: Plenty.... label text is present on the screen

2022-07-19 16:57:24 - [TEST_STEP][PASSED] - if (waitForElementPresent(background, 30)): null

2022-07-19 16:57:24 - [MESSAGE][PASSED] - Element 'Object Repository/intro screens/Third intro/Background image' is present

2022-07-19 16:57:24 - [TEST_STEP][PASSED] - markPassed("PASSED: background Image is present on the screen"): PASSED: background Image is present on the screen

2022-07-19 16:57:24 - [MESSAGE][PASSED] - PASSED: background Image is present on the screen

2022-07-19 16:57:24 - [TEST_STEP][PASSED] - if (waitForElementPresent(Continuebutton, 30)): null

2022-07-19 16:57:24 - [MESSAGE][PASSED] - Element 'Object Repository/intro screens/Third intro/Continue Button' is present

2022-07-19 16:57:24 - [TEST_STEP][PASSED] - tap(Continuebutton, 30): Tapped on element 'Object Repository/intro screens/Third intro/Continue Button'

2022-07-19 16:57:24 - [MESSAGE][PASSED] - Tapped on element 'Object Repository/intro screens/Third intro/Continue Button'

2022-07-19 16:57:24 - [TEST_STEP][PASSED] - markPassed("Passed: continue button Element is present"): Passed: continue button Element is present

2022-07-19 16:57:24 - [MESSAGE][PASSED] - Passed: continue button Element is present]]></system-out>
         <system-err><![CDATA[]]></system-err>
      </testcase>
      <testcase name="Test Cases/testing/Use Phone Number screen" time="1.747" classname="Test Cases/testing/Use Phone Number screen" status="PASSED">
         <system-out><![CDATA[2022-07-19 16:57:24 - [TEST_CASE][PASSED] - Test Cases/testing/Use Phone Number screen: Test Cases/testing/Use Phone Number screen

2022-07-19 16:57:25 - [TEST_STEP][PASSED] - if (waitForElementPresent(logo, 30)): null

2022-07-19 16:57:25 - [MESSAGE][PASSED] - Element 'Object Repository/Select screen/logo' is present

2022-07-19 16:57:25 - [TEST_STEP][PASSED] - markPassed("PASSED: SignIn Screen launch successfully"): PASSED: SignIn Screen launch successfully

2022-07-19 16:57:25 - [MESSAGE][PASSED] - PASSED: SignIn Screen launch successfully

2022-07-19 16:57:25 - [TEST_STEP][PASSED] - if (waitForElementPresent(Spotlove, 30)): null

2022-07-19 16:57:26 - [MESSAGE][PASSED] - Element 'Object Repository/Select screen/Spot Love at First Sight Login or create an account label text' is present

2022-07-19 16:57:26 - [TEST_STEP][PASSED] - markPassed("PASSED: SpotLove At First Sight label text is present on the screen."): PASSED: SpotLove At First Sight label text is present on the screen.

2022-07-19 16:57:26 - [MESSAGE][PASSED] - PASSED: SpotLove At First Sight label text is present on the screen.

2022-07-19 16:57:26 - [TEST_STEP][PASSED] - if (waitForElementPresent(Continue, 30)): null

2022-07-19 16:57:26 - [MESSAGE][PASSED] - Element 'Object Repository/Select screen/Continue with Phone number' is present

2022-07-19 16:57:26 - [TEST_STEP][PASSED] - tap(Continue, 30): Tapped on element 'Object Repository/Select screen/Continue with Phone number'

2022-07-19 16:57:26 - [MESSAGE][PASSED] - Tapped on element 'Object Repository/Select screen/Continue with Phone number'

2022-07-19 16:57:26 - [TEST_STEP][PASSED] - markPassed("PASSED: Continue With phone is present on the screen."): PASSED: Continue With phone is present on the screen.

2022-07-19 16:57:26 - [MESSAGE][PASSED] - PASSED: Continue With phone is present on the screen.]]></system-out>
         <system-err><![CDATA[]]></system-err>
      </testcase>
      <testcase name="Test Cases/testing/Enter Phone Number" time="11.769" classname="Test Cases/testing/Enter Phone Number" status="PASSED">
         <system-out><![CDATA[2022-07-19 16:57:26 - [TEST_CASE][PASSED] - Test Cases/testing/Enter Phone Number: Test Cases/testing/Enter Phone Number

2022-07-19 16:57:27 - [TEST_STEP][PASSED] - if (waitForElementPresent(Back, 30)): null

2022-07-19 16:57:27 - [MESSAGE][PASSED] - Element 'Object Repository/SignIn To Spot.Love/Back Button' is present

2022-07-19 16:57:27 - [TEST_STEP][PASSED] - tap(Back, 30): Tapped on element 'Object Repository/SignIn To Spot.Love/Back Button'

2022-07-19 16:57:28 - [MESSAGE][PASSED] - Tapped on element 'Object Repository/SignIn To Spot.Love/Back Button'

2022-07-19 16:57:28 - [TEST_STEP][PASSED] - markPassed("PASSED: Continue With phone is present on the screen."): PASSED: Continue With phone is present on the screen.

2022-07-19 16:57:28 - [MESSAGE][PASSED] - PASSED: Continue With phone is present on the screen.

2022-07-19 16:57:28 - [TEST_STEP][PASSED] - if (waitForElementPresent(cntinue, 30)): null

2022-07-19 16:57:29 - [MESSAGE][PASSED] - Element 'Object Repository/Select screen/Continue with Phone number' is present

2022-07-19 16:57:29 - [TEST_STEP][PASSED] - tap(cntinue, 30): Tapped on element 'Object Repository/Select screen/Continue with Phone number'

2022-07-19 16:57:29 - [MESSAGE][PASSED] - Tapped on element 'Object Repository/Select screen/Continue with Phone number'

2022-07-19 16:57:29 - [TEST_STEP][PASSED] - markPassed("PASSED: Continue With phone is present on the screen."): PASSED: Continue With phone is present on the screen.

2022-07-19 16:57:29 - [MESSAGE][PASSED] - PASSED: Continue With phone is present on the screen.

2022-07-19 16:57:29 - [TEST_STEP][PASSED] - if (waitForElementPresent(logo, 30)): null

2022-07-19 16:57:30 - [MESSAGE][PASSED] - Element 'Object Repository/SignIn To Spot.Love/Spotlove Logo' is present

2022-07-19 16:57:30 - [TEST_STEP][PASSED] - markPassed("PASSED: SpotLove logo is present on the screen."): PASSED: SpotLove logo is present on the screen.

2022-07-19 16:57:30 - [MESSAGE][PASSED] - PASSED: SpotLove logo is present on the screen.

2022-07-19 16:57:30 - [TEST_STEP][PASSED] - if (waitForElementPresent(SignIn, 30)): null

2022-07-19 16:57:31 - [MESSAGE][PASSED] - Element 'Object Repository/SignIn To Spot.Love/Sign in to Spot.Love Label Text' is present

2022-07-19 16:57:31 - [TEST_STEP][PASSED] - markPassed("PASSED: signIn to spotlove. is present on the screen."): PASSED: signIn to spotlove. is present on the screen.

2022-07-19 16:57:31 - [MESSAGE][PASSED] - PASSED: signIn to spotlove. is present on the screen.

2022-07-19 16:57:31 - [TEST_STEP][PASSED] - if (waitForElementPresent(Continue, 30)): null

2022-07-19 16:57:31 - [MESSAGE][PASSED] - Element 'Object Repository/SignIn To Spot.Love/Continue with your phone number Label Text' is present

2022-07-19 16:57:31 - [TEST_STEP][PASSED] - markPassed("PASSED: Continue with... is present on the screen."): PASSED: Continue with... is present on the screen.

2022-07-19 16:57:31 - [MESSAGE][PASSED] - PASSED: Continue with... is present on the screen.

2022-07-19 16:57:31 - [TEST_STEP][PASSED] - if (waitForElementPresent(Dropdown, 30)): null

2022-07-19 16:57:31 - [MESSAGE][PASSED] - Element 'Object Repository/SignIn To Spot.Love/Country dropdown' is present

2022-07-19 16:57:31 - [TEST_STEP][PASSED] - tap(Dropdown, 30): Tapped on element 'Object Repository/SignIn To Spot.Love/Country dropdown'

2022-07-19 16:57:31 - [MESSAGE][PASSED] - Tapped on element 'Object Repository/SignIn To Spot.Love/Country dropdown'

2022-07-19 16:57:31 - [TEST_STEP][PASSED] - markPassed("PASSED: Country dropdown is present on the screen."): PASSED: Country dropdown is present on the screen.

2022-07-19 16:57:31 - [MESSAGE][PASSED] - PASSED: Country dropdown is present on the screen.

2022-07-19 16:57:31 - [TEST_STEP][PASSED] - if (waitForElementPresent(Search, 30)): null

2022-07-19 16:57:32 - [MESSAGE][PASSED] - Element 'Object Repository/SignIn To Spot.Love/Enter country name' is present

2022-07-19 16:57:32 - [TEST_STEP][PASSED] - setText(Search, Country, 30): Text '' has been set to element 'Object Repository/SignIn To Spot.Love/Enter country name'

2022-07-19 16:57:33 - [MESSAGE][PASSED] - Text '' has been set to element 'Object Repository/SignIn To Spot.Love/Enter country name'

2022-07-19 16:57:33 - [TEST_STEP][PASSED] - markPassed("PASSED: Search Country is present on the screen."): PASSED: Search Country is present on the screen.

2022-07-19 16:57:33 - [MESSAGE][PASSED] - PASSED: Search Country is present on the screen.

2022-07-19 16:57:33 - [TEST_STEP][PASSED] - if (waitForElementPresent(first_index, 30)): null

2022-07-19 16:57:34 - [MESSAGE][PASSED] - Element 'Object Repository/SignIn To Spot.Love/First Index of search bar' is present

2022-07-19 16:57:34 - [TEST_STEP][PASSED] - tap(first_index, 30): Tapped on element 'Object Repository/SignIn To Spot.Love/First Index of search bar'

2022-07-19 16:57:34 - [MESSAGE][PASSED] - Tapped on element 'Object Repository/SignIn To Spot.Love/First Index of search bar'

2022-07-19 16:57:34 - [TEST_STEP][PASSED] - markPassed("PASSED: Your Search in the first index Country is present on the screen."): PASSED: Your Search in the first index Country is present on the screen.

2022-07-19 16:57:34 - [MESSAGE][PASSED] - PASSED: Your Search in the first index Country is present on the screen.

2022-07-19 16:57:34 - [TEST_STEP][PASSED] - if (waitForElementPresent(phone, 30)): null

2022-07-19 16:57:35 - [MESSAGE][PASSED] - Element 'Object Repository/SignIn To Spot.Love/Enter Phone Number' is present

2022-07-19 16:57:35 - [TEST_STEP][PASSED] - setText(phone, number, 30): Text '' has been set to element 'Object Repository/SignIn To Spot.Love/Enter Phone Number'

2022-07-19 16:57:36 - [MESSAGE][PASSED] - Text '' has been set to element 'Object Repository/SignIn To Spot.Love/Enter Phone Number'

2022-07-19 16:57:36 - [TEST_STEP][PASSED] - markPassed("PASSED: Phone number enter successfully."): PASSED: Phone number enter successfully.

2022-07-19 16:57:36 - [MESSAGE][PASSED] - PASSED: Phone number enter successfully.

2022-07-19 16:57:36 - [TEST_STEP][PASSED] - if (waitForElementPresent(Continue_Button, 30)): null

2022-07-19 16:57:37 - [MESSAGE][PASSED] - Element 'Object Repository/SignIn To Spot.Love/Continue Button' is present

2022-07-19 16:57:37 - [TEST_STEP][PASSED] - tap(Continue_Button, 30): Tapped on element 'Object Repository/SignIn To Spot.Love/Continue Button'

2022-07-19 16:57:37 - [MESSAGE][PASSED] - Tapped on element 'Object Repository/SignIn To Spot.Love/Continue Button'

2022-07-19 16:57:37 - [TEST_STEP][PASSED] - markPassed("PASSED: Continue button."): PASSED: Continue button.

2022-07-19 16:57:37 - [MESSAGE][PASSED] - PASSED: Continue button.

2022-07-19 16:57:37 - [TEST_STEP][PASSED] - if (waitForElementPresent(OTP, 30)): null

2022-07-19 16:57:38 - [MESSAGE][PASSED] - Element 'Object Repository/OTP Verification/logo' is present

2022-07-19 16:57:38 - [TEST_STEP][PASSED] - markPassed("OTP screen has been displayed"): OTP screen has been displayed

2022-07-19 16:57:38 - [MESSAGE][PASSED] - OTP screen has been displayed]]></system-out>
         <system-err><![CDATA[]]></system-err>
      </testcase>
      <system-out><![CDATA[2022-07-19 16:56:54 - [TEST_SUITE][PASSED] - new: Test Cases/testing/Enter Phone Number]]></system-out>
      <system-err><![CDATA[]]></system-err>
   </testsuite>
</testsuites>
