<?xml version="1.0" encoding="UTF-8"?>
<testsuites name="Updated Regression" time="137.225" tests="1" failures="0" errors="0">
   <testsuite name="Updated Regression" tests="1" failures="0" errors="0" time="137.225" skipped="0" timestamp="2023-02-02 17:47:44" hostname="pc - 192.168.1.13" id="Test Suites/Updated Regression">
      <properties>
         <property name="deviceName" value="samsung SM-A025F (Android 12)"/>
         <property name="devicePlatform" value=""/>
         <property name="logFolder" value="/Users/pc/git/SpotLove-Automation/Reports/20230202_174736/Updated Regression/20230202_174736"/>
         <property name="logFiles" value="/Users/pc/git/SpotLove-Automation/Reports/20230202_174736/Updated Regression/20230202_174736/execution0.log, /Users/pc/git/SpotLove-Automation/Reports/20230202_174736/Updated Regression/20230202_174736/appium.log"/>
         <property name="attachments" value=""/>
         <property name="hostName" value="pc - 192.168.1.13"/>
         <property name="os" value="Mac OS X 64bit"/>
         <property name="appiumServerStatus" value="{&quot;value&quot;:{&quot;build&quot;:{&quot;version&quot;:&quot;1.22.3&quot;}},&quot;sessionId&quot;:null,&quot;status&quot;:0}"/>
         <property name="katalonVersion" value="8.5.5.208"/>
         <property name="deviceOS" value="Android"/>
         <property name="appiumVersion" value="1.22.3"/>
         <property name="deviceModel" value="SM-A025F"/>
         <property name="hostAddress" value="192.168.1.13"/>
         <property name="deviceManufacturer" value="samsung"/>
         <property name="deviceId" value="R9JNC0DKDXJ"/>
         <property name="deviceName" value="samsung SM-A025F (Android 12)"/>
         <property name="deviceOSVersion" value="12"/>
      </properties>
      <testcase name="Test Cases/Regression/TC_001" time="137.018" classname="Test Cases/Regression/TC_001" status="PASSED">
         <system-out><![CDATA[2023-02-02 17:47:45 - [TEST_CASE][PASSED] - Test Cases/Regression/TC_001: Test Cases/Regression/TC_001

2023-02-02 17:47:45 - [TEST_STEP][PASSED] - Start listener action : sampleBeforeTestCase: null

2023-02-02 17:47:45 - [TEST_STEP][PASSED] - println(testCaseContext.getTestCaseId()): null

2023-02-02 17:47:45 - [TEST_STEP][PASSED] - println(testCaseContext.getTestCaseVariables()): null

2023-02-02 17:47:45 - [TEST_STEP][PASSED] - startExistingApplication("com.spotlove.releaseproduction", STOP_ON_FAILURE): Starting app with application ID: 'com.spotlove.releaseproduction'

2023-02-02 17:47:45 - [MESSAGE][INFO] - User set preference: ['deviceId', '']

2023-02-02 17:47:48 - [MESSAGE][INFO] - Detected NodeJS location: "/usr/local/bin/node"

2023-02-02 17:47:49 - [MESSAGE][INFO] - Appium server started on port 63,845

2023-02-02 17:48:05 - [MESSAGE][PASSED] - Starting app with application ID: 'com.spotlove.releaseproduction'

2023-02-02 17:48:05 - [TEST_STEP][PASSED] - image = findTestObject("Object Repository/Regression/SC-001 Intro 1/Middle Screen Pic"): null

2023-02-02 17:48:05 - [TEST_STEP][PASSED] - if (waitForElementPresent(image, 20)): Object Object Repository/Regression/SC-001 Intro 1/Middle Screen Pic not found

2023-02-02 17:48:25 - [MESSAGE][WARNING] - Object Object Repository/Regression/SC-001 Intro 1/Middle Screen Pic not found

2023-02-02 17:48:25 - [TEST_STEP][PASSED] - else: Call Test Case 'Test Cases/Regression/LookUps/SL-13 Height Screen' successfully

2023-02-02 17:48:25 - [TEST_STEP][PASSED] - if (waitForElementPresent(btn_continue, 10, STOP_ON_FAILURE)): Element 'Object Repository/Regression/SC-007 Welcome Onboard Screen/btn I Agree' is present

2023-02-02 17:48:35 - [MESSAGE][WARNING] - Object Object Repository/Regression/SC-004 Sign In-Up screen/btn Continue with Phone number not found

2023-02-02 17:48:35 - [MESSAGE][PASSED] - Element 'Object Repository/Regression/SC-007 Welcome Onboard Screen/btn I Agree' is present

2023-02-02 17:48:35 - [TEST_STEP][PASSED] - else if (waitForElementPresent(Agree, 10, STOP_ON_FAILURE)): Call Test Case 'Test Cases/Regression/LookUps/SL-13 Height Screen' successfully

2023-02-02 17:48:35 - [TEST_STEP][PASSED] - markPassed("Please Create Your SpotLove Account......!"): Please Create Your SpotLove Account......!

2023-02-02 17:48:35 - [MESSAGE][PASSED] - Please Create Your SpotLove Account......!

2023-02-02 17:48:35 - [TEST_STEP][PASSED] - callTestCase(findTestCase("Test Cases/Regression/LookUps/SL-07 Welcome To SpotLove"), null, STOP_ON_FAILURE): Call Test Case 'Test Cases/Regression/LookUps/SL-07 Welcome To SpotLove' successfully

2023-02-02 17:48:35 - [TEST_CASE][PASSED] - Test Cases/Regression/LookUps/SL-07 Welcome To SpotLove: Test Cases/Regression/LookUps/SL-07 Welcome To SpotLove

2023-02-02 17:48:36 - [TEST_STEP][PASSED] - if (waitForElementPresent(Logo_Spotlove, 10)): null

2023-02-02 17:48:36 - [MESSAGE][PASSED] - Element 'Object Repository/Regression/SC-007 Welcome Onboard Screen/Logo spotlove' is present

2023-02-02 17:48:36 - [TEST_STEP][PASSED] - markPassed("Spot.Love Logo Found......!"): Spot.Love Logo Found......!

2023-02-02 17:48:36 - [MESSAGE][PASSED] - Spot.Love Logo Found......!

2023-02-02 17:48:36 - [TEST_STEP][PASSED] - if (waitForElementPresent(lbl_txt_first, 10)): null

2023-02-02 17:48:37 - [MESSAGE][PASSED] - Element 'Object Repository/Regression/SC-007 Welcome Onboard Screen/Lbl text - Welcome to Spot.Love' is present

2023-02-02 17:48:37 - [TEST_STEP][PASSED] - markPassed("Welcome to Spot.Love lbl text Found......!"): Welcome to Spot.Love lbl text Found......!

2023-02-02 17:48:37 - [MESSAGE][PASSED] - Welcome to Spot.Love lbl text Found......!

2023-02-02 17:48:37 - [TEST_STEP][PASSED] - if (waitForElementPresent(lbl_txt_Sec, 10)): null

2023-02-02 17:48:37 - [MESSAGE][PASSED] - Element 'Object Repository/Regression/SC-007 Welcome Onboard Screen/Lbl Text - Please follow these house rules' is present

2023-02-02 17:48:37 - [TEST_STEP][PASSED] - markPassed("Please follow these house rules lbl text Found......!"): Please follow these house rules lbl text Found......!

2023-02-02 17:48:37 - [MESSAGE][PASSED] - Please follow these house rules lbl text Found......!

2023-02-02 17:48:37 - [TEST_STEP][PASSED] - if (waitForElementPresent(first_heart_icon, 10)): null

2023-02-02 17:48:37 - [MESSAGE][PASSED] - Element 'Object Repository/Regression/SC-007 Welcome Onboard Screen/First Heart Icon' is present

2023-02-02 17:48:37 - [TEST_STEP][PASSED] - markPassed("First Heart Icon Found......!"): First Heart Icon Found......!

2023-02-02 17:48:37 - [MESSAGE][PASSED] - First Heart Icon Found......!

2023-02-02 17:48:37 - [TEST_STEP][PASSED] - if (waitForElementPresent(Be_kind_lbl, 10)): null

2023-02-02 17:48:37 - [MESSAGE][PASSED] - Element 'Object Repository/Regression/SC-007 Welcome Onboard Screen/Lbl text - Be kind' is present

2023-02-02 17:48:37 - [TEST_STEP][PASSED] - markPassed("Be Kind lbl text Found......!"): Be Kind lbl text Found......!

2023-02-02 17:48:37 - [MESSAGE][PASSED] - Be Kind lbl text Found......!

2023-02-02 17:48:37 - [TEST_STEP][PASSED] - if (waitForElementPresent(Treat_lbl, 10)): null

2023-02-02 17:48:37 - [MESSAGE][PASSED] - Element 'Object Repository/Regression/SC-007 Welcome Onboard Screen/Lbl text - Treat everyone with respect andkindness' is present

2023-02-02 17:48:37 - [TEST_STEP][PASSED] - markPassed("Treat everyone with respect and kindness lbl text Found......!"): Treat everyone with respect and kindness lbl text Found......!

2023-02-02 17:48:37 - [MESSAGE][PASSED] - Treat everyone with respect and kindness lbl text Found......!

2023-02-02 17:48:37 - [TEST_STEP][PASSED] - if (waitForElementPresent(Second_heart_icon, 10)): null

2023-02-02 17:48:37 - [MESSAGE][PASSED] - Element 'Object Repository/Regression/SC-007 Welcome Onboard Screen/Second Heart Icon' is present

2023-02-02 17:48:37 - [TEST_STEP][PASSED] - markPassed("Second Heart Icon Found......!"): Second Heart Icon Found......!

2023-02-02 17:48:37 - [MESSAGE][PASSED] - Second Heart Icon Found......!

2023-02-02 17:48:37 - [TEST_STEP][PASSED] - if (waitForElementPresent(Be_your_lbl, 10)): null

2023-02-02 17:48:38 - [MESSAGE][PASSED] - Element 'Object Repository/Regression/SC-007 Welcome Onboard Screen/Lbl text - Be yourself' is present

2023-02-02 17:48:38 - [TEST_STEP][PASSED] - markPassed("Be yourself lbl text Found......!"): Be yourself lbl text Found......!

2023-02-02 17:48:38 - [MESSAGE][PASSED] - Be yourself lbl text Found......!

2023-02-02 17:48:38 - [TEST_STEP][PASSED] - if (waitForElementPresent(Be_honest_lbl, 10)): null

2023-02-02 17:48:38 - [MESSAGE][PASSED] - Element 'Object Repository/Regression/SC-007 Welcome Onboard Screen/Lbl text - Be honest about your age, photos, andbio' is present

2023-02-02 17:48:38 - [TEST_STEP][PASSED] - markPassed("Be honest about your age, photos, and bio lbl text Found......!"): Be honest about your age, photos, and bio lbl text Found......!

2023-02-02 17:48:38 - [MESSAGE][PASSED] - Be honest about your age, photos, and bio lbl text Found......!

2023-02-02 17:48:38 - [TEST_STEP][PASSED] - if (waitForElementPresent(Third_heart_icon, 10)): null

2023-02-02 17:48:38 - [MESSAGE][PASSED] - Element 'Object Repository/Regression/SC-007 Welcome Onboard Screen/Third Heart Icon' is present

2023-02-02 17:48:38 - [TEST_STEP][PASSED] - markPassed("Third Heart Icon Found......!"): Third Heart Icon Found......!

2023-02-02 17:48:38 - [MESSAGE][PASSED] - Third Heart Icon Found......!

2023-02-02 17:48:38 - [TEST_STEP][PASSED] - if (waitForElementPresent(Be_out_lbl, 10)): null

2023-02-02 17:48:38 - [MESSAGE][PASSED] - Element 'Object Repository/Regression/SC-007 Welcome Onboard Screen/Lbl text - Be outspoken' is present

2023-02-02 17:48:38 - [TEST_STEP][PASSED] - markPassed("Be outspoken lbl text Found......!"): Be outspoken lbl text Found......!

2023-02-02 17:48:38 - [MESSAGE][PASSED] - Be outspoken lbl text Found......!

2023-02-02 17:48:38 - [TEST_STEP][PASSED] - if (waitForElementPresent(Always_lbl, 10)): null

2023-02-02 17:48:38 - [MESSAGE][PASSED] - Element 'Object Repository/Regression/SC-007 Welcome Onboard Screen/Lbl text - Always report bad behavior' is present

2023-02-02 17:48:38 - [TEST_STEP][PASSED] - markPassed("Always reported bad behavior lbl text Found......!"): Always reported bad behavior lbl text Found......!

2023-02-02 17:48:38 - [MESSAGE][PASSED] - Always reported bad behavior lbl text Found......!

2023-02-02 17:48:38 - [TEST_STEP][PASSED] - if (waitForElementPresent(View_term, 10)): null

2023-02-02 17:48:38 - [MESSAGE][PASSED] - Element 'Object Repository/Regression/SC-007 Welcome Onboard Screen/Text - Terms And Conditions' is present

2023-02-02 17:48:38 - [TEST_STEP][PASSED] - markPassed("Terms and Conditions Link is functional......!"): Terms and Conditions Link is functional......!

2023-02-02 17:48:38 - [MESSAGE][PASSED] - Terms and Conditions Link is functional......!

2023-02-02 17:48:38 - [TEST_STEP][PASSED] - if (waitForElementPresent(btn_Agree, 10)): null

2023-02-02 17:48:39 - [MESSAGE][PASSED] - Element 'Object Repository/Regression/SC-007 Welcome Onboard Screen/btn I Agree' is present

2023-02-02 17:48:39 - [TEST_STEP][PASSED] - tap(btn_Agree, 10): Tapped on element 'Object Repository/Regression/SC-007 Welcome Onboard Screen/btn I Agree'

2023-02-02 17:48:39 - [MESSAGE][PASSED] - Tapped on element 'Object Repository/Regression/SC-007 Welcome Onboard Screen/btn I Agree'

2023-02-02 17:48:39 - [TEST_STEP][PASSED] - markPassed("I Agree button found, User navigate to the Source Screen......!"): I Agree button found, User navigate to the Source Screen......!

2023-02-02 17:48:39 - [MESSAGE][PASSED] - I Agree button found, User navigate to the Source Screen......!

2023-02-02 17:48:39 - [TEST_STEP][PASSED] - if (waitForElementPresent(Source_heart, 10)): null

2023-02-02 17:48:39 - [MESSAGE][PASSED] - Element 'Object Repository/Regression/SC-008 Referel Screen/Heart Icon' is present

2023-02-02 17:48:39 - [TEST_STEP][PASSED] - markPassed("Heart icon found......!"): Heart icon found......!

2023-02-02 17:48:39 - [MESSAGE][PASSED] - Heart icon found......!

2023-02-02 17:48:39 - [MESSAGE][PASSED] - Call Test Case 'Test Cases/Regression/LookUps/SL-07 Welcome To SpotLove' successfully

2023-02-02 17:48:39 - [TEST_STEP][PASSED] - callTestCase(findTestCase("Test Cases/Regression/LookUps/SL-08 Source Screen"), null, STOP_ON_FAILURE): Call Test Case 'Test Cases/Regression/LookUps/SL-08 Source Screen' successfully

2023-02-02 17:48:39 - [TEST_CASE][PASSED] - Test Cases/Regression/LookUps/SL-08 Source Screen: Test Cases/Regression/LookUps/SL-08 Source Screen

2023-02-02 17:48:40 - [TEST_STEP][PASSED] - if (waitForElementPresent(Source_heart, 10)): null

2023-02-02 17:48:40 - [MESSAGE][PASSED] - Element 'Object Repository/Regression/SC-008 Referel Screen/Heart Icon' is present

2023-02-02 17:48:40 - [TEST_STEP][PASSED] - markPassed("Heart icon found......!"): Heart icon found......!

2023-02-02 17:48:40 - [MESSAGE][PASSED] - Heart icon found......!

2023-02-02 17:48:40 - [TEST_STEP][PASSED] - if (waitForElementPresent(lbl_how, 10)): null

2023-02-02 17:48:40 - [MESSAGE][PASSED] - Element 'Object Repository/Regression/SC-008 Referel Screen/Lbl text - How did you hear about us' is present

2023-02-02 17:48:40 - [TEST_STEP][PASSED] - markPassed("How did you hear about us? label text found......!"): How did you hear about us? label text found......!

2023-02-02 17:48:40 - [MESSAGE][PASSED] - How did you hear about us? label text found......!

2023-02-02 17:48:40 - [TEST_STEP][PASSED] - if (waitForElementPresent(lbl_Referral, 10)): null

2023-02-02 17:48:41 - [MESSAGE][PASSED] - Element 'Object Repository/Regression/SC-008 Referel Screen/lbl text - Referral' is present

2023-02-02 17:48:41 - [TEST_STEP][PASSED] - markPassed("Referral label text found......!"): Referral label text found......!

2023-02-02 17:48:41 - [MESSAGE][PASSED] - Referral label text found......!

2023-02-02 17:48:41 - [TEST_STEP][PASSED] - if (waitForElementPresent(lbl_Do, 10)): null

2023-02-02 17:48:41 - [MESSAGE][PASSED] - Element 'Object Repository/Regression/SC-008 Referel Screen/lbl text - Do you have a referral code' is present

2023-02-02 17:48:41 - [TEST_STEP][PASSED] - markPassed("Do you have a referral code? label text found......!"): Do you have a referral code? label text found......!

2023-02-02 17:48:41 - [MESSAGE][PASSED] - Do you have a referral code? label text found......!

2023-02-02 17:48:41 - [TEST_STEP][PASSED] - if (waitForElementPresent(lbl_code, 10)): null

2023-02-02 17:48:41 - [MESSAGE][PASSED] - Element 'Object Repository/Regression/SC-008 Referel Screen/lbl text - Referral Code' is present

2023-02-02 17:48:41 - [TEST_STEP][PASSED] - markPassed("Referral code? label text found......!"): Referral code? label text found......!

2023-02-02 17:48:41 - [MESSAGE][PASSED] - Referral code? label text found......!

2023-02-02 17:48:41 - [TEST_STEP][PASSED] - if (waitForElementPresent(btn_continue, 10)): null

2023-02-02 17:48:41 - [MESSAGE][PASSED] - Element 'Object Repository/Regression/SC-008 Referel Screen/btn Continue' is present

2023-02-02 17:48:41 - [TEST_STEP][PASSED] - tap(btn_continue, 10): Tapped on element 'Object Repository/Regression/SC-008 Referel Screen/btn Continue'

2023-02-02 17:48:41 - [MESSAGE][PASSED] - Tapped on element 'Object Repository/Regression/SC-008 Referel Screen/btn Continue'

2023-02-02 17:48:41 - [TEST_STEP][PASSED] - markPassed("User navigate to the First Name Screen......!"): User navigate to the First Name Screen......!

2023-02-02 17:48:41 - [MESSAGE][PASSED] - User navigate to the First Name Screen......!

2023-02-02 17:48:41 - [TEST_STEP][PASSED] - if (waitForElementPresent(card_icon, 10)): null

2023-02-02 17:48:42 - [MESSAGE][PASSED] - Element 'Object Repository/Regression/SC-009 First Name Screen/Contact icon' is present

2023-02-02 17:48:42 - [TEST_STEP][PASSED] - markPassed("Card icon found on First Name Screen......!"): Card icon found on First Name Screen......!

2023-02-02 17:48:42 - [MESSAGE][PASSED] - Card icon found on First Name Screen......!

2023-02-02 17:48:42 - [MESSAGE][PASSED] - Call Test Case 'Test Cases/Regression/LookUps/SL-08 Source Screen' successfully

2023-02-02 17:48:42 - [TEST_STEP][PASSED] - callTestCase(findTestCase("Test Cases/Regression/LookUps/SL-09 First Name"), null, STOP_ON_FAILURE): Call Test Case 'Test Cases/Regression/LookUps/SL-09 First Name' successfully

2023-02-02 17:48:42 - [TEST_CASE][PASSED] - Test Cases/Regression/LookUps/SL-09 First Name: Test Cases/Regression/LookUps/SL-09 First Name

2023-02-02 17:48:42 - [TEST_STEP][PASSED] - if (waitForElementPresent(btn_back, 10)): null

2023-02-02 17:48:43 - [MESSAGE][PASSED] - Element 'Object Repository/Regression/SC-009 First Name Screen/btn back' is present

2023-02-02 17:48:43 - [TEST_STEP][PASSED] - com.spotlove.Utility.tap_back(): com.spotlove.Utility.tap_back is PASSED

2023-02-02 17:48:43 - [MESSAGE][PASSED] - com.spotlove.Utility.tap_back is PASSED

2023-02-02 17:48:43 - [TEST_STEP][PASSED] - markPassed("User navigate back to the Source screen......!"): User navigate back to the Source screen......!

2023-02-02 17:48:43 - [MESSAGE][PASSED] - User navigate back to the Source screen......!

2023-02-02 17:48:43 - [TEST_STEP][PASSED] - if (waitForElementPresent(btn_Continue2, 10)): null

2023-02-02 17:48:43 - [MESSAGE][PASSED] - Element 'Object Repository/Regression/SC-008 Referel Screen/btn Continue' is present

2023-02-02 17:48:43 - [TEST_STEP][PASSED] - com.spotlove.Utility.tap_Continue(): com.spotlove.Utility.tap_Continue is PASSED

2023-02-02 17:48:43 - [MESSAGE][PASSED] - com.spotlove.Utility.tap_Continue is PASSED

2023-02-02 17:48:43 - [TEST_STEP][PASSED] - markPassed("User navigate Move forword to the First Name screen......!"): User navigate Move forword to the First Name screen......!

2023-02-02 17:48:43 - [MESSAGE][PASSED] - User navigate Move forword to the First Name screen......!

2023-02-02 17:48:43 - [TEST_STEP][PASSED] - if (waitForElementPresent(Contact_icon, 30)): null

2023-02-02 17:48:43 - [MESSAGE][PASSED] - Element 'Object Repository/Regression/SC-009 First Name Screen/Contact icon' is present

2023-02-02 17:48:43 - [TEST_STEP][PASSED] - markPassed("Contact icon found......!"): Contact icon found......!

2023-02-02 17:48:43 - [MESSAGE][PASSED] - Contact icon found......!

2023-02-02 17:48:43 - [TEST_STEP][PASSED] - if (waitForElementPresent(lbl_what, 10)): null

2023-02-02 17:48:44 - [MESSAGE][PASSED] - Element 'Object Repository/Regression/SC-009 First Name Screen/Lbl text - What should we call you' is present

2023-02-02 17:48:44 - [TEST_STEP][PASSED] - markPassed("What should we call you? label text found......!"): What should we call you? label text found......!

2023-02-02 17:48:44 - [MESSAGE][PASSED] - What should we call you? label text found......!

2023-02-02 17:48:44 - [TEST_STEP][PASSED] - if (waitForElementPresent(lbl_tell, 10)): null

2023-02-02 17:48:44 - [MESSAGE][PASSED] - Element 'Object Repository/Regression/SC-009 First Name Screen/Lbl text - Tell us your first name' is present

2023-02-02 17:48:44 - [TEST_STEP][PASSED] - markPassed("Tell us your first name label text found......!"): Tell us your first name label text found......!

2023-02-02 17:48:44 - [MESSAGE][PASSED] - Tell us your first name label text found......!

2023-02-02 17:48:44 - [TEST_STEP][PASSED] - if (waitForElementPresent(First_Name, 10)): null

2023-02-02 17:48:44 - [MESSAGE][PASSED] - Element 'Object Repository/Regression/SC-009 First Name Screen/Input name field' is present

2023-02-02 17:48:44 - [TEST_STEP][PASSED] - setText(First_Name, S_First_Name, 0): Text 'Hamza' has been set to element 'Object Repository/Regression/SC-009 First Name Screen/Input name field'

2023-02-02 17:48:44 - [MESSAGE][WARNING] - Timeout '0' is invalid. Using default page load timeout: '30'

2023-02-02 17:48:45 - [MESSAGE][PASSED] - Text 'Hamza' has been set to element 'Object Repository/Regression/SC-009 First Name Screen/Input name field'

2023-02-02 17:48:45 - [TEST_STEP][PASSED] - markPassed("First name Entered text......!"): First name Entered text......!

2023-02-02 17:48:45 - [MESSAGE][PASSED] - First name Entered text......!

2023-02-02 17:48:45 - [TEST_STEP][PASSED] - if (waitForElementPresent(btn_continue, 10)): null

2023-02-02 17:48:46 - [MESSAGE][PASSED] - Element 'Object Repository/Regression/SC-009 First Name Screen/btn Continue' is present

2023-02-02 17:48:46 - [TEST_STEP][PASSED] - tap(btn_continue, 10): Tapped on element 'Object Repository/Regression/SC-009 First Name Screen/btn Continue'

2023-02-02 17:48:46 - [MESSAGE][PASSED] - Tapped on element 'Object Repository/Regression/SC-009 First Name Screen/btn Continue'

2023-02-02 17:48:46 - [TEST_STEP][PASSED] - delay(15): Delayed 15 second(s)

2023-02-02 17:49:01 - [MESSAGE][PASSED] - Delayed 15 second(s)

2023-02-02 17:49:01 - [TEST_STEP][PASSED] - markPassed("User navigate Move forword to the Birth date screen......!"): User navigate Move forword to the Birth date screen......!

2023-02-02 17:49:01 - [MESSAGE][PASSED] - User navigate Move forword to the Birth date screen......!

2023-02-02 17:49:01 - [TEST_STEP][PASSED] - if (waitForElementPresent(cake_icon, 10)): null

2023-02-02 17:49:02 - [MESSAGE][PASSED] - Element 'Object Repository/Regression/SC-010 DOB Screen/cake Icon' is present

2023-02-02 17:49:02 - [TEST_STEP][PASSED] - markPassed("Cake icon found......!"): Cake icon found......!

2023-02-02 17:49:02 - [MESSAGE][PASSED] - Cake icon found......!

2023-02-02 17:49:02 - [MESSAGE][PASSED] - Call Test Case 'Test Cases/Regression/LookUps/SL-09 First Name' successfully

2023-02-02 17:49:02 - [TEST_STEP][PASSED] - callTestCase(findTestCase("Test Cases/Regression/LookUps/SL-10 Birth date"), null, STOP_ON_FAILURE): Call Test Case 'Test Cases/Regression/LookUps/SL-10 Birth date' successfully

2023-02-02 17:49:02 - [TEST_CASE][PASSED] - Test Cases/Regression/LookUps/SL-10 Birth date: Test Cases/Regression/LookUps/SL-10 Birth date

2023-02-02 17:49:03 - [TEST_STEP][PASSED] - if (waitForElementPresent(btn_back, 10)): null

2023-02-02 17:49:04 - [MESSAGE][PASSED] - Element 'Object Repository/Regression/SC-010 DOB Screen/btn back' is present

2023-02-02 17:49:04 - [TEST_STEP][PASSED] - tap(btn_back, 10): Tapped on element 'Object Repository/Regression/SC-010 DOB Screen/btn back'

2023-02-02 17:49:04 - [MESSAGE][PASSED] - Tapped on element 'Object Repository/Regression/SC-010 DOB Screen/btn back'

2023-02-02 17:49:04 - [TEST_STEP][PASSED] - markPassed("User navigate back to the First Name screen......!"): User navigate back to the First Name screen......!

2023-02-02 17:49:04 - [MESSAGE][PASSED] - User navigate back to the First Name screen......!

2023-02-02 17:49:04 - [TEST_STEP][PASSED] - if (waitForElementPresent(Contact_icon, 10)): null

2023-02-02 17:49:06 - [MESSAGE][PASSED] - Element 'Object Repository/Regression/SC-009 First Name Screen/Lbl text - What should we call you' is present

2023-02-02 17:49:06 - [TEST_STEP][PASSED] - tap(btn_previous_continue, 10): Tapped on element 'Object Repository/Regression/SC-009 First Name Screen/btn Continue'

2023-02-02 17:49:06 - [MESSAGE][PASSED] - Tapped on element 'Object Repository/Regression/SC-009 First Name Screen/btn Continue'

2023-02-02 17:49:06 - [TEST_STEP][PASSED] - markPassed("User navigate Move forword to the Date of Birth screen......!"): User navigate Move forword to the Date of Birth screen......!

2023-02-02 17:49:06 - [MESSAGE][PASSED] - User navigate Move forword to the Date of Birth screen......!

2023-02-02 17:49:06 - [TEST_STEP][PASSED] - if (waitForElementPresent(Cake_icon, 10)): null

2023-02-02 17:49:06 - [MESSAGE][PASSED] - Element 'Object Repository/Regression/SC-010 DOB Screen/cake Icon' is present

2023-02-02 17:49:06 - [TEST_STEP][PASSED] - markPassed("Cake icon found......!"): Cake icon found......!

2023-02-02 17:49:06 - [MESSAGE][PASSED] - Cake icon found......!

2023-02-02 17:49:06 - [TEST_STEP][PASSED] - if (waitForElementPresent(lbl_what, 10)): null

2023-02-02 17:49:09 - [MESSAGE][PASSED] - Element 'Object Repository/Regression/SC-010 DOB Screen/Lbl text - Whats your date of birth' is present

2023-02-02 17:49:09 - [TEST_STEP][PASSED] - markPassed("What's your date of birth? label text found......!"): What's your date of birth? label text found......!

2023-02-02 17:49:09 - [MESSAGE][PASSED] - What's your date of birth? label text found......!

2023-02-02 17:49:09 - [TEST_STEP][PASSED] - if (waitForElementPresent(lbl_AGe, 10)): null

2023-02-02 17:49:10 - [MESSAGE][PASSED] - Element 'Object Repository/Regression/SC-010 DOB Screen/Age Confirmation' is present

2023-02-02 17:49:10 - [TEST_STEP][PASSED] - markPassed("Age xx label text found......!"): Age xx label text found......!

2023-02-02 17:49:10 - [MESSAGE][PASSED] - Age xx label text found......!

2023-02-02 17:49:10 - [TEST_STEP][PASSED] - if (waitForElementPresent(lbl_This, 10)): null

2023-02-02 17:49:11 - [MESSAGE][PASSED] - Element 'Object Repository/Regression/SC-010 DOB Screen/Lbl text - This cant be changed later' is present

2023-02-02 17:49:11 - [TEST_STEP][PASSED] - markPassed("This can't be changed later label text found......!"): This can't be changed later label text found......!

2023-02-02 17:49:11 - [MESSAGE][PASSED] - This can't be changed later label text found......!

2023-02-02 17:49:11 - [TEST_STEP][PASSED] - if (waitForElementPresent(btn_continue, 10)): null

2023-02-02 17:49:11 - [MESSAGE][PASSED] - Element 'Object Repository/Regression/SC-010 DOB Screen/btn Continue' is present

2023-02-02 17:49:11 - [TEST_STEP][PASSED] - tap(btn_continue, 10): Tapped on element 'Object Repository/Regression/SC-010 DOB Screen/btn Continue'

2023-02-02 17:49:12 - [MESSAGE][PASSED] - Tapped on element 'Object Repository/Regression/SC-010 DOB Screen/btn Continue'

2023-02-02 17:49:12 - [TEST_STEP][PASSED] - markPassed("PopUp should opened on the screen.......!"): PopUp should opened on the screen.......!

2023-02-02 17:49:12 - [MESSAGE][PASSED] - PopUp should opened on the screen.......!

2023-02-02 17:49:12 - [TEST_STEP][PASSED] - if (waitForElementPresent(lbl_Please, 10)): null

2023-02-02 17:49:14 - [MESSAGE][PASSED] - Element 'Object Repository/Regression/SC-010 DOB Screen/Lbl text - Please confirm your birthdate' is present

2023-02-02 17:49:14 - [TEST_STEP][PASSED] - markPassed("Please confirm your birthdate on the PopUp label text found.......!"): Please confirm your birthdate on the PopUp label text found.......!

2023-02-02 17:49:14 - [MESSAGE][PASSED] - Please confirm your birthdate on the PopUp label text found.......!

2023-02-02 17:49:14 - [TEST_STEP][PASSED] - if (waitForElementPresent(lbl_can, 10)): null

2023-02-02 17:49:14 - [MESSAGE][PASSED] - Element 'Object Repository/Regression/SC-010 DOB Screen/Lbl text - This cant be changed later on POPUP' is present

2023-02-02 17:49:14 - [TEST_STEP][PASSED] - markPassed("This can't be changed later label text found.......!"): This can't be changed later label text found.......!

2023-02-02 17:49:14 - [MESSAGE][PASSED] - This can't be changed later label text found.......!

2023-02-02 17:49:14 - [TEST_STEP][PASSED] - if (waitForElementPresent(Age_cofirm, 10)): null

2023-02-02 17:49:14 - [MESSAGE][PASSED] - Element 'Object Repository/Regression/SC-010 DOB Screen/DOB confirmation' is present

2023-02-02 17:49:14 - [TEST_STEP][PASSED] - markPassed("Age Confirmation label text found.......!"): Age Confirmation label text found.......!

2023-02-02 17:49:14 - [MESSAGE][PASSED] - Age Confirmation label text found.......!

2023-02-02 17:49:14 - [TEST_STEP][PASSED] - if (waitForElementPresent(DOB_cofirmation, 10)): null

2023-02-02 17:49:14 - [MESSAGE][PASSED] - Element 'Object Repository/Regression/SC-010 DOB Screen/DOB confirmation' is present

2023-02-02 17:49:14 - [TEST_STEP][PASSED] - markPassed("DOB Confirmation label text found.......!"): DOB Confirmation label text found.......!

2023-02-02 17:49:14 - [MESSAGE][PASSED] - DOB Confirmation label text found.......!

2023-02-02 17:49:14 - [TEST_STEP][PASSED] - if (waitForElementPresent(btn_edit, 10)): null

2023-02-02 17:49:14 - [MESSAGE][PASSED] - Element 'Object Repository/Regression/SC-010 DOB Screen/btn edit on POPUP' is present

2023-02-02 17:49:14 - [TEST_STEP][PASSED] - tap(btn_edit, 10): Tapped on element 'Object Repository/Regression/SC-010 DOB Screen/btn edit on POPUP'

2023-02-02 17:49:14 - [MESSAGE][PASSED] - Tapped on element 'Object Repository/Regression/SC-010 DOB Screen/btn edit on POPUP'

2023-02-02 17:49:14 - [TEST_STEP][PASSED] - markPassed("User navigate back to the Date of Birth.......!"): User navigate back to the Date of Birth.......!

2023-02-02 17:49:14 - [MESSAGE][PASSED] - User navigate back to the Date of Birth.......!

2023-02-02 17:49:14 - [TEST_STEP][PASSED] - if (waitForElementPresent(btn_continue, 10)): null

2023-02-02 17:49:16 - [MESSAGE][PASSED] - Element 'Object Repository/Regression/SC-010 DOB Screen/btn Continue' is present

2023-02-02 17:49:16 - [TEST_STEP][PASSED] - tap(btn_continue, 10): Tapped on element 'Object Repository/Regression/SC-010 DOB Screen/btn Continue'

2023-02-02 17:49:17 - [MESSAGE][PASSED] - Tapped on element 'Object Repository/Regression/SC-010 DOB Screen/btn Continue'

2023-02-02 17:49:17 - [TEST_STEP][PASSED] - markPassed("PopUp should opened on the screen.......!"): PopUp should opened on the screen.......!

2023-02-02 17:49:17 - [MESSAGE][PASSED] - PopUp should opened on the screen.......!

2023-02-02 17:49:17 - [TEST_STEP][PASSED] - if (waitForElementPresent(btn_continue_popup, 10)): null

2023-02-02 17:49:18 - [MESSAGE][PASSED] - Element 'Object Repository/Regression/SC-010 DOB Screen/btn Continue on POPUP' is present

2023-02-02 17:49:18 - [TEST_STEP][PASSED] - tap(btn_continue_popup, 10): Tapped on element 'Object Repository/Regression/SC-010 DOB Screen/btn Continue on POPUP'

2023-02-02 17:49:18 - [MESSAGE][PASSED] - Tapped on element 'Object Repository/Regression/SC-010 DOB Screen/btn Continue on POPUP'

2023-02-02 17:49:18 - [TEST_STEP][PASSED] - markPassed("User navigate to the Gender Screen.......!"): User navigate to the Gender Screen.......!

2023-02-02 17:49:18 - [MESSAGE][PASSED] - User navigate to the Gender Screen.......!

2023-02-02 17:49:18 - [TEST_STEP][PASSED] - if (waitForElementPresent(mirror_icon, 10)): null

2023-02-02 17:49:20 - [MESSAGE][PASSED] - Element 'Object Repository/Regression/SC-011 Gender/Mirror Icon' is present

2023-02-02 17:49:20 - [TEST_STEP][PASSED] - markPassed("Mirror icon found on Gender Screen.......!"): Mirror icon found on Gender Screen.......!

2023-02-02 17:49:20 - [MESSAGE][PASSED] - Mirror icon found on Gender Screen.......!

2023-02-02 17:49:20 - [MESSAGE][PASSED] - Call Test Case 'Test Cases/Regression/LookUps/SL-10 Birth date' successfully

2023-02-02 17:49:20 - [TEST_STEP][PASSED] - callTestCase(findTestCase("Test Cases/Regression/LookUps/SL-11 Gender Screen"), null, STOP_ON_FAILURE): Call Test Case 'Test Cases/Regression/LookUps/SL-11 Gender Screen' successfully

2023-02-02 17:49:20 - [TEST_CASE][PASSED] - Test Cases/Regression/LookUps/SL-11 Gender Screen: Test Cases/Regression/LookUps/SL-11 Gender Screen

2023-02-02 17:49:21 - [TEST_STEP][PASSED] - if (waitForElementPresent(btn_back, 10)): null

2023-02-02 17:49:21 - [MESSAGE][PASSED] - Element 'Object Repository/Regression/SC-011 Gender/btn back' is present

2023-02-02 17:49:21 - [TEST_STEP][PASSED] - tap(btn_back, 10): Tapped on element 'Object Repository/Regression/SC-011 Gender/btn back'

2023-02-02 17:49:21 - [MESSAGE][PASSED] - Tapped on element 'Object Repository/Regression/SC-011 Gender/btn back'

2023-02-02 17:49:21 - [TEST_STEP][PASSED] - markPassed("User navigate back to the Birthday screen......!"): User navigate back to the Birthday screen......!

2023-02-02 17:49:21 - [MESSAGE][PASSED] - User navigate back to the Birthday screen......!

2023-02-02 17:49:21 - [TEST_STEP][PASSED] - if (waitForElementPresent(cake_icon, 10)): null

2023-02-02 17:49:23 - [MESSAGE][PASSED] - Element 'Object Repository/Regression/SC-010 DOB Screen/btn Continue' is present

2023-02-02 17:49:23 - [TEST_STEP][PASSED] - markPassed("Cake icon found on Birthday screen......!"): Cake icon found on Birthday screen......!

2023-02-02 17:49:23 - [MESSAGE][PASSED] - Cake icon found on Birthday screen......!

2023-02-02 17:49:23 - [TEST_STEP][PASSED] - if (waitForElementPresent(btn_continue, 10)): null

2023-02-02 17:49:24 - [MESSAGE][PASSED] - Element 'Object Repository/Regression/SC-010 DOB Screen/btn Continue' is present

2023-02-02 17:49:24 - [TEST_STEP][PASSED] - tap(btn_continue, 10): Tapped on element 'Object Repository/Regression/SC-010 DOB Screen/btn Continue'

2023-02-02 17:49:24 - [MESSAGE][PASSED] - Tapped on element 'Object Repository/Regression/SC-010 DOB Screen/btn Continue'

2023-02-02 17:49:24 - [TEST_STEP][PASSED] - markPassed("PopUp should opened on the screen.......!"): PopUp should opened on the screen.......!

2023-02-02 17:49:24 - [MESSAGE][PASSED] - PopUp should opened on the screen.......!

2023-02-02 17:49:24 - [TEST_STEP][PASSED] - if (waitForElementPresent(btn_continue_popup, 10)): null

2023-02-02 17:49:26 - [MESSAGE][PASSED] - Element 'Object Repository/Regression/SC-010 DOB Screen/btn Continue on POPUP' is present

2023-02-02 17:49:26 - [TEST_STEP][PASSED] - tap(btn_continue_popup, 10): Tapped on element 'Object Repository/Regression/SC-010 DOB Screen/btn Continue on POPUP'

2023-02-02 17:49:26 - [MESSAGE][PASSED] - Tapped on element 'Object Repository/Regression/SC-010 DOB Screen/btn Continue on POPUP'

2023-02-02 17:49:26 - [TEST_STEP][PASSED] - markPassed("User navigate to the Gender Screen.......!"): User navigate to the Gender Screen.......!

2023-02-02 17:49:26 - [MESSAGE][PASSED] - User navigate to the Gender Screen.......!

2023-02-02 17:49:26 - [TEST_STEP][PASSED] - if (waitForElementPresent(mirror_icon, 10)): null

2023-02-02 17:49:28 - [MESSAGE][PASSED] - Element 'Object Repository/Regression/SC-011 Gender/Mirror Icon' is present

2023-02-02 17:49:28 - [TEST_STEP][PASSED] - markPassed("Mirror icon found on Gender Screen.......!"): Mirror icon found on Gender Screen.......!

2023-02-02 17:49:28 - [MESSAGE][PASSED] - Mirror icon found on Gender Screen.......!

2023-02-02 17:49:28 - [TEST_STEP][PASSED] - if (waitForElementPresent(lbl_how, 10)): null

2023-02-02 17:49:28 - [MESSAGE][PASSED] - Element 'Object Repository/Regression/SC-011 Gender/Lbl text - How do you identify' is present

2023-02-02 17:49:28 - [TEST_STEP][PASSED] - markPassed("How do you identify? label text found.......!"): How do you identify? label text found.......!

2023-02-02 17:49:28 - [MESSAGE][PASSED] - How do you identify? label text found.......!

2023-02-02 17:49:28 - [TEST_STEP][PASSED] - com.spotlove.Utility.dating_Pref(random): com.spotlove.Utility.dating_Pref is PASSED

2023-02-02 17:49:29 - [MESSAGE][PASSED] - com.spotlove.Utility.dating_Pref is PASSED

2023-02-02 17:49:29 - [TEST_STEP][PASSED] - markPassed("Gender selection successfully.......!"): Gender selection successfully.......!

2023-02-02 17:49:29 - [MESSAGE][PASSED] - Gender selection successfully.......!

2023-02-02 17:49:29 - [TEST_STEP][PASSED] - if (waitForElementPresent(btn_G_Continue, 10)): null

2023-02-02 17:49:29 - [MESSAGE][PASSED] - Element 'Object Repository/Regression/SC-011 Gender/btn Continue' is present

2023-02-02 17:49:29 - [TEST_STEP][PASSED] - tap(btn_G_Continue, 10): Tapped on element 'Object Repository/Regression/SC-011 Gender/btn Continue'

2023-02-02 17:49:30 - [MESSAGE][PASSED] - Tapped on element 'Object Repository/Regression/SC-011 Gender/btn Continue'

2023-02-02 17:49:30 - [TEST_STEP][PASSED] - markPassed("User navigate to the Sexual Orientation Screen.......!"): User navigate to the Sexual Orientation Screen.......!

2023-02-02 17:49:30 - [MESSAGE][PASSED] - User navigate to the Sexual Orientation Screen.......!

2023-02-02 17:49:30 - [TEST_STEP][PASSED] - if (waitForElementPresent(profile_icon, 10)): null

2023-02-02 17:49:30 - [MESSAGE][PASSED] - Element 'Object Repository/Regression/SC-012 Into/Person Icon' is present

2023-02-02 17:49:30 - [TEST_STEP][PASSED] - markPassed("Profile icon found on next Screen.......!"): Profile icon found on next Screen.......!

2023-02-02 17:49:30 - [MESSAGE][PASSED] - Profile icon found on next Screen.......!

2023-02-02 17:49:30 - [MESSAGE][PASSED] - Call Test Case 'Test Cases/Regression/LookUps/SL-11 Gender Screen' successfully

2023-02-02 17:49:30 - [TEST_STEP][PASSED] - callTestCase(findTestCase("Test Cases/Regression/LookUps/SL-12 Sexual Orientation"), null, STOP_ON_FAILURE): Call Test Case 'Test Cases/Regression/LookUps/SL-12 Sexual Orientation' successfully

2023-02-02 17:49:30 - [TEST_CASE][PASSED] - Test Cases/Regression/LookUps/SL-12 Sexual Orientation: Test Cases/Regression/LookUps/SL-12 Sexual Orientation

2023-02-02 17:49:30 - [TEST_STEP][PASSED] - if (waitForElementPresent(btn_back, 10)): null

2023-02-02 17:49:31 - [MESSAGE][PASSED] - Element 'Object Repository/Regression/SC-012 Into/btn back' is present

2023-02-02 17:49:31 - [TEST_STEP][PASSED] - tap(btn_back, 10): Tapped on element 'Object Repository/Regression/SC-012 Into/btn back'

2023-02-02 17:49:32 - [MESSAGE][PASSED] - Tapped on element 'Object Repository/Regression/SC-012 Into/btn back'

2023-02-02 17:49:32 - [TEST_STEP][PASSED] - markPassed("User navigate back to the Gender screen......!"): User navigate back to the Gender screen......!

2023-02-02 17:49:32 - [MESSAGE][PASSED] - User navigate back to the Gender screen......!

2023-02-02 17:49:32 - [TEST_STEP][PASSED] - delay(10): Delayed 10 second(s)

2023-02-02 17:49:42 - [MESSAGE][PASSED] - Delayed 10 second(s)

2023-02-02 17:49:42 - [TEST_STEP][PASSED] - if (waitForElementPresent(mirror_icon, 20)): null

2023-02-02 17:49:42 - [MESSAGE][PASSED] - Element 'Object Repository/Regression/SC-011 Gender/Mirror Icon' is present

2023-02-02 17:49:42 - [TEST_STEP][PASSED] - markPassed("Mirror icon found on Gender screen......!"): Mirror icon found on Gender screen......!

2023-02-02 17:49:42 - [MESSAGE][PASSED] - Mirror icon found on Gender screen......!

2023-02-02 17:49:42 - [TEST_STEP][PASSED] - if (waitForElementPresent(btn_continue, 10)): null

2023-02-02 17:49:42 - [MESSAGE][PASSED] - Element 'Object Repository/Regression/SC-011 Gender/btn Continue' is present

2023-02-02 17:49:42 - [TEST_STEP][PASSED] - tap(btn_continue, 10): Tapped on element 'Object Repository/Regression/SC-011 Gender/btn Continue'

2023-02-02 17:49:42 - [MESSAGE][PASSED] - Tapped on element 'Object Repository/Regression/SC-011 Gender/btn Continue'

2023-02-02 17:49:42 - [TEST_STEP][PASSED] - markPassed("User navigate to the Gender Screen......!"): User navigate to the Gender Screen......!

2023-02-02 17:49:42 - [MESSAGE][PASSED] - User navigate to the Gender Screen......!

2023-02-02 17:49:42 - [TEST_STEP][PASSED] - if (waitForElementPresent(profile_icon, 10)): null

2023-02-02 17:49:43 - [MESSAGE][PASSED] - Element 'Object Repository/Regression/SC-012 Into/Person Icon' is present

2023-02-02 17:49:43 - [TEST_STEP][PASSED] - markPassed("Profile icon found on Into screen......!"): Profile icon found on Into screen......!

2023-02-02 17:49:43 - [MESSAGE][PASSED] - Profile icon found on Into screen......!

2023-02-02 17:49:43 - [TEST_STEP][PASSED] - if (waitForElementPresent(lbl_Who, 10)): null

2023-02-02 17:49:44 - [MESSAGE][PASSED] - Element 'Object Repository/Regression/SC-012 Into/Lbl text - Who are you into' is present

2023-02-02 17:49:44 - [TEST_STEP][PASSED] - markPassed("Who are you into? label text found......!"): Who are you into? label text found......!

2023-02-02 17:49:44 - [MESSAGE][PASSED] - Who are you into? label text found......!

2023-02-02 17:49:44 - [TEST_STEP][PASSED] - com.spotlove.Utility.dating_Pref(random): com.spotlove.Utility.dating_Pref is PASSED

2023-02-02 17:49:45 - [MESSAGE][PASSED] - com.spotlove.Utility.dating_Pref is PASSED

2023-02-02 17:49:45 - [TEST_STEP][PASSED] - markPassed("Partner gender Selection successfully......!"): Partner gender Selection successfully......!

2023-02-02 17:49:45 - [MESSAGE][PASSED] - Partner gender Selection successfully......!

2023-02-02 17:49:45 - [TEST_STEP][PASSED] - if (waitForElementPresent(btn_S_Continue, 10)): null

2023-02-02 17:49:45 - [MESSAGE][PASSED] - Element 'Object Repository/Regression/SC-012 Into/btn continue' is present

2023-02-02 17:49:45 - [TEST_STEP][PASSED] - tap(btn_S_Continue, 10): Tapped on element 'Object Repository/Regression/SC-012 Into/btn continue'

2023-02-02 17:49:46 - [MESSAGE][PASSED] - Tapped on element 'Object Repository/Regression/SC-012 Into/btn continue'

2023-02-02 17:49:46 - [TEST_STEP][PASSED] - markPassed("User navigate to the Height Screen.......!"): User navigate to the Height Screen.......!

2023-02-02 17:49:46 - [MESSAGE][PASSED] - User navigate to the Height Screen.......!

2023-02-02 17:49:46 - [TEST_STEP][PASSED] - if (waitForElementPresent(Scale_icon, 10)): null

2023-02-02 17:49:46 - [MESSAGE][PASSED] - Element 'Object Repository/Regression/SC-013 Height/scale icon' is present

2023-02-02 17:49:46 - [TEST_STEP][PASSED] - markPassed("Scale icon found on next Screen.......!"): Scale icon found on next Screen.......!

2023-02-02 17:49:46 - [MESSAGE][PASSED] - Scale icon found on next Screen.......!

2023-02-02 17:49:46 - [MESSAGE][PASSED] - Call Test Case 'Test Cases/Regression/LookUps/SL-12 Sexual Orientation' successfully

2023-02-02 17:49:46 - [TEST_STEP][PASSED] - callTestCase(findTestCase("Test Cases/Regression/LookUps/SL-13 Height Screen"), null, STOP_ON_FAILURE): Call Test Case 'Test Cases/Regression/LookUps/SL-13 Height Screen' successfully

2023-02-02 17:49:46 - [TEST_CASE][PASSED] - Test Cases/Regression/LookUps/SL-13 Height Screen: Test Cases/Regression/LookUps/SL-13 Height Screen

2023-02-02 17:49:46 - [TEST_STEP][PASSED] - if (waitForElementPresent(btn_back, 10)): null

2023-02-02 17:49:48 - [MESSAGE][PASSED] - Element 'Object Repository/Regression/SC-013 Height/btn back' is present

2023-02-02 17:49:48 - [TEST_STEP][PASSED] - tap(btn_back, 10): Tapped on element 'Object Repository/Regression/SC-013 Height/btn back'

2023-02-02 17:49:48 - [MESSAGE][PASSED] - Tapped on element 'Object Repository/Regression/SC-013 Height/btn back'

2023-02-02 17:49:48 - [TEST_STEP][PASSED] - markPassed("User navigate back to the Sexual Orientation screen......!"): User navigate back to the Sexual Orientation screen......!

2023-02-02 17:49:48 - [MESSAGE][PASSED] - User navigate back to the Sexual Orientation screen......!

2023-02-02 17:49:48 - [TEST_STEP][PASSED] - delay(10): Delayed 10 second(s)

2023-02-02 17:49:58 - [MESSAGE][PASSED] - Delayed 10 second(s)

2023-02-02 17:49:58 - [TEST_STEP][PASSED] - if (waitForElementPresent(profile_icon, 10)): null

2023-02-02 17:49:58 - [MESSAGE][PASSED] - Element 'Object Repository/Regression/SC-012 Into/Person Icon' is present

2023-02-02 17:49:58 - [TEST_STEP][PASSED] - markPassed("Profile icon found on Gender screen......!"): Profile icon found on Gender screen......!

2023-02-02 17:49:58 - [MESSAGE][PASSED] - Profile icon found on Gender screen......!

2023-02-02 17:49:58 - [TEST_STEP][PASSED] - if (waitForElementPresent(btn_continue, 10)): null

2023-02-02 17:49:58 - [MESSAGE][PASSED] - Element 'Object Repository/Regression/SC-012 Into/btn continue' is present

2023-02-02 17:49:58 - [TEST_STEP][PASSED] - tap(btn_continue, 10): Tapped on element 'Object Repository/Regression/SC-012 Into/btn continue'

2023-02-02 17:49:59 - [MESSAGE][PASSED] - Tapped on element 'Object Repository/Regression/SC-012 Into/btn continue'

2023-02-02 17:49:59 - [TEST_STEP][PASSED] - markPassed("User navigate to the Height Screen......!"): User navigate to the Height Screen......!

2023-02-02 17:49:59 - [MESSAGE][PASSED] - User navigate to the Height Screen......!

2023-02-02 17:49:59 - [TEST_STEP][PASSED] - if (waitForElementPresent(scale_icon, 10)): null

2023-02-02 17:49:59 - [MESSAGE][PASSED] - Element 'Object Repository/Regression/SC-013 Height/scale icon' is present

2023-02-02 17:49:59 - [TEST_STEP][PASSED] - markPassed("Scale icon found on Into screen......!"): Scale icon found on Into screen......!

2023-02-02 17:49:59 - [MESSAGE][PASSED] - Scale icon found on Into screen......!

2023-02-02 17:49:59 - [TEST_STEP][PASSED] - if (waitForElementPresent(lbl_How, 10)): null

2023-02-02 17:50:01 - [MESSAGE][PASSED] - Element 'Object Repository/Regression/SC-013 Height/Lbl text - How tall are you' is present

2023-02-02 17:50:01 - [TEST_STEP][PASSED] - markPassed("How tall are you? label text found......!"): How tall are you? label text found......!

2023-02-02 17:50:01 - [MESSAGE][PASSED] - How tall are you? label text found......!

2023-02-02 17:50:01 - [TEST_STEP][PASSED] - if (waitForElementPresent(btn_H_Continue, 10)): null

2023-02-02 17:50:01 - [MESSAGE][PASSED] - Element 'Object Repository/Regression/SC-013 Height/btn continue' is present

2023-02-02 17:50:01 - [TEST_STEP][PASSED] - tap(btn_H_Continue, 10): Tapped on element 'Object Repository/Regression/SC-013 Height/btn continue'

2023-02-02 17:50:01 - [MESSAGE][PASSED] - Tapped on element 'Object Repository/Regression/SC-013 Height/btn continue'

2023-02-02 17:50:01 - [TEST_STEP][PASSED] - markPassed("User navigate to the Ethnicity Screen.......!"): User navigate to the Ethnicity Screen.......!

2023-02-02 17:50:01 - [MESSAGE][PASSED] - User navigate to the Ethnicity Screen.......!

2023-02-02 17:50:01 - [TEST_STEP][PASSED] - if (waitForElementPresent(ethnicity_icon, 10)): null

2023-02-02 17:50:02 - [MESSAGE][PASSED] - Element 'Object Repository/Regression/SC-014 Ethnicity/Ethnicity Icon' is present

2023-02-02 17:50:02 - [TEST_STEP][PASSED] - markPassed("Ethnicity icon found on next Screen.......!"): Ethnicity icon found on next Screen.......!

2023-02-02 17:50:02 - [MESSAGE][PASSED] - Ethnicity icon found on next Screen.......!

2023-02-02 17:50:02 - [MESSAGE][PASSED] - Call Test Case 'Test Cases/Regression/LookUps/SL-13 Height Screen' successfully

2023-02-02 17:50:02 - [TEST_STEP][PASSED] - Start listener action : sampleAfterTestCase: null

2023-02-02 17:50:02 - [TEST_STEP][PASSED] - println(testCaseContext.getTestCaseId()): null

2023-02-02 17:50:02 - [TEST_STEP][PASSED] - println(testCaseContext.getTestCaseStatus()): null]]></system-out>
         <system-err><![CDATA[]]></system-err>
      </testcase>
      <system-out><![CDATA[2023-02-02 17:47:44 - [TEST_SUITE][PASSED] - Updated Regression: Test Cases/Regression/TC_001]]></system-out>
      <system-err><![CDATA[]]></system-err>
   </testsuite>
</testsuites>
