<?xml version="1.0" encoding="UTF-8"?>
<testsuites name="test" time="29.31" tests="1" failures="0" errors="0">
   <testsuite name="test" tests="1" failures="0" errors="0" time="29.31" skipped="0" timestamp="2023-02-02 17:55:10" hostname="pc - 192.168.1.13" id="Test Suites/test">
      <properties>
         <property name="deviceName" value="samsung SM-A025F (Android 12)"/>
         <property name="devicePlatform" value=""/>
         <property name="logFolder" value="/Users/pc/git/SpotLove-Automation/Reports/20230202_175501/test/20230202_175501"/>
         <property name="logFiles" value="/Users/pc/git/SpotLove-Automation/Reports/20230202_175501/test/20230202_175501/execution0.log, /Users/pc/git/SpotLove-Automation/Reports/20230202_175501/test/20230202_175501/appium.log"/>
         <property name="attachments" value="/Users/pc/git/SpotLove-Automation/Reports/20230202_175501/test/20230202_175501/test screenshot"/>
         <property name="hostName" value="pc - 192.168.1.13"/>
         <property name="os" value="Mac OS X 64bit"/>
         <property name="appiumServerStatus" value="{&quot;value&quot;:{&quot;build&quot;:{&quot;version&quot;:&quot;1.22.3&quot;}},&quot;sessionId&quot;:null,&quot;status&quot;:0}"/>
         <property name="katalonVersion" value="8.5.5.208"/>
         <property name="deviceOS" value="Android"/>
         <property name="appiumVersion" value="1.22.3"/>
         <property name="deviceModel" value="SM-A025F"/>
         <property name="hostAddress" value="192.168.1.13"/>
         <property name="deviceManufacturer" value="samsung"/>
         <property name="deviceId" value="R9JNC0DKDXJ"/>
         <property name="deviceName" value="samsung SM-A025F (Android 12)"/>
         <property name="deviceOSVersion" value="12"/>
      </properties>
      <testcase name="Test Cases/Regression/LookUps/SL-01 First Intro Screen" time="29.089" classname="Test Cases/Regression/LookUps/SL-01 First Intro Screen" status="PASSED">
         <system-out><![CDATA[2023-02-02 17:55:10 - [TEST_CASE][PASSED] - Test Cases/Regression/LookUps/SL-01 First Intro Screen: Test Cases/Regression/LookUps/SL-01 First Intro Screen

2023-02-02 17:55:10 - [TEST_STEP][PASSED] - Start listener action : sampleBeforeTestCase: null

2023-02-02 17:55:10 - [TEST_STEP][PASSED] - println(testCaseContext.getTestCaseId()): null

2023-02-02 17:55:10 - [TEST_STEP][PASSED] - println(testCaseContext.getTestCaseVariables()): null

2023-02-02 17:55:11 - [TEST_STEP][PASSED] - startExistingApplication("com.spotlove.releaseproduction", STOP_ON_FAILURE): Starting app with application ID: 'com.spotlove.releaseproduction'

2023-02-02 17:55:11 - [MESSAGE][INFO] - User set preference: ['deviceId', '']

2023-02-02 17:55:13 - [MESSAGE][INFO] - Detected NodeJS location: "/usr/local/bin/node"

2023-02-02 17:55:15 - [MESSAGE][INFO] - Appium server started on port 64,838

2023-02-02 17:55:29 - [MESSAGE][PASSED] - Starting app with application ID: 'com.spotlove.releaseproduction'

2023-02-02 17:55:29 - [TEST_STEP][PASSED] - if (waitForElementPresent(logo, 10)): null

2023-02-02 17:55:35 - [MESSAGE][PASSED] - Element 'Object Repository/Regression/SC-001 Intro 1/Logo SpotLove' is present

2023-02-02 17:55:35 - [TEST_STEP][PASSED] - markPassed("Spot Love Logo Found......!"): Spot Love Logo Found......!

2023-02-02 17:55:35 - [MESSAGE][PASSED] - Spot Love Logo Found......!

2023-02-02 17:55:35 - [TEST_STEP][PASSED] - if (waitForElementPresent(F_lbl_text, 10)): null

2023-02-02 17:55:36 - [MESSAGE][PASSED] - Element 'Object Repository/Regression/SC-001 Intro 1/Lbl text Spot The Perfect' is present

2023-02-02 17:55:36 - [TEST_STEP][PASSED] - markPassed("Spot The Perfect Lbl text Found......!"): Spot The Perfect Lbl text Found......!

2023-02-02 17:55:36 - [MESSAGE][PASSED] - Spot The Perfect Lbl text Found......!

2023-02-02 17:55:36 - [TEST_STEP][PASSED] - if (waitForElementPresent(S_lbl_text, 10)): null

2023-02-02 17:55:36 - [MESSAGE][PASSED] - Element 'Object Repository/Regression/SC-001 Intro 1/Lbl text Someone' is present

2023-02-02 17:55:36 - [TEST_STEP][PASSED] - markPassed("Someone Lbl text Found......!"): Someone Lbl text Found......!

2023-02-02 17:55:36 - [MESSAGE][PASSED] - Someone Lbl text Found......!

2023-02-02 17:55:36 - [TEST_STEP][PASSED] - if (waitForElementPresent(T_lbl_text, 10)): null

2023-02-02 17:55:37 - [MESSAGE][PASSED] - Element 'Object Repository/Regression/SC-001 Intro 1/Lbl text Find the person that checks all your boxes' is present

2023-02-02 17:55:37 - [TEST_STEP][PASSED] - markPassed("Find The Person Lbl text Found......!"): Find The Person Lbl text Found......!

2023-02-02 17:55:37 - [MESSAGE][PASSED] - Find The Person Lbl text Found......!

2023-02-02 17:55:37 - [TEST_STEP][PASSED] - if (waitForElementPresent(Centr_image, 10)): null

2023-02-02 17:55:37 - [MESSAGE][PASSED] - Element 'Object Repository/Regression/SC-001 Intro 1/Middle Screen Pic' is present

2023-02-02 17:55:37 - [TEST_STEP][PASSED] - markPassed("Center Image Found......!"): Center Image Found......!

2023-02-02 17:55:37 - [MESSAGE][PASSED] - Center Image Found......!

2023-02-02 17:55:37 - [TEST_STEP][PASSED] - if (waitForElementPresent(btn_continue, 10)): null

2023-02-02 17:55:37 - [MESSAGE][PASSED] - Element 'Object Repository/Regression/SC-001 Intro 1/btn Conitnue' is present

2023-02-02 17:55:37 - [TEST_STEP][PASSED] - tap(btn_continue, 10): Tapped on element 'Object Repository/Regression/SC-001 Intro 1/btn Conitnue'

2023-02-02 17:55:38 - [MESSAGE][PASSED] - Tapped on element 'Object Repository/Regression/SC-001 Intro 1/btn Conitnue'

2023-02-02 17:55:38 - [TEST_STEP][PASSED] - markPassed("User Navigate to the Second Screen......!"): User Navigate to the Second Screen......!

2023-02-02 17:55:38 - [MESSAGE][PASSED] - User Navigate to the Second Screen......!

2023-02-02 17:55:38 - [TEST_STEP][PASSED] - takeScreenshot("test screenshot"): Screenshot is taken

2023-02-02 17:55:39 - [MESSAGE][PASSED] - Screenshot is taken
[[ATTACHMENT|/Users/pc/git/SpotLove-Automation/Reports/20230202_175501/test/20230202_175501/test screenshot]]

2023-02-02 17:55:39 - [TEST_STEP][PASSED] - Start listener action : sampleAfterTestCase: null

2023-02-02 17:55:39 - [TEST_STEP][PASSED] - println(testCaseContext.getTestCaseId()): null

2023-02-02 17:55:39 - [TEST_STEP][PASSED] - println(testCaseContext.getTestCaseStatus()): null]]></system-out>
         <system-err><![CDATA[]]></system-err>
      </testcase>
      <system-out><![CDATA[2023-02-02 17:55:10 - [TEST_SUITE][PASSED] - test: Test Cases/Regression/LookUps/SL-01 First Intro Screen]]></system-out>
      <system-err><![CDATA[]]></system-err>
   </testsuite>
</testsuites>
