<?xml version="1.0" encoding="UTF-8"?>
<testsuites name="Updated Regression" time="341.192" tests="20" failures="0" errors="1">
   <testsuite name="Updated Regression" tests="20" failures="0" errors="1" time="341.192" skipped="0" timestamp="2023-02-06 12:48:48" hostname="pc - 192.168.1.16" id="Test Suites/Updated Regression">
      <properties>
         <property name="deviceName" value="samsung SM-A025F (Android 12)"/>
         <property name="devicePlatform" value=""/>
         <property name="logFolder" value="/Users/pc/git/SpotLove-Automation/Reports/20230206_124838/Updated Regression/20230206_124838"/>
         <property name="logFiles" value="/Users/pc/git/SpotLove-Automation/Reports/20230206_124838/Updated Regression/20230206_124838/execution0.log, /Users/pc/git/SpotLove-Automation/Reports/20230206_124838/Updated Regression/20230206_124838/appium.log"/>
         <property name="attachments" value="/Users/pc/git/SpotLove-Automation/Reports/20230206_124838/Updated Regression/20230206_124838/test screenshot"/>
         <property name="hostName" value="pc - 192.168.1.16"/>
         <property name="os" value="Mac OS X 64bit"/>
         <property name="appiumServerStatus" value="{&quot;value&quot;:{&quot;build&quot;:{&quot;version&quot;:&quot;1.22.3&quot;}},&quot;sessionId&quot;:null,&quot;status&quot;:0}"/>
         <property name="katalonVersion" value="8.5.5.208"/>
         <property name="deviceOS" value="Android"/>
         <property name="appiumVersion" value="1.22.3"/>
         <property name="deviceModel" value="SM-A025F"/>
         <property name="hostAddress" value="192.168.1.16"/>
         <property name="deviceManufacturer" value="samsung"/>
         <property name="deviceId" value="R9JNC0DKDXJ"/>
         <property name="deviceName" value="samsung SM-A025F (Android 12)"/>
         <property name="deviceOSVersion" value="12"/>
      </properties>
      <testcase name="Test Cases/Regression/LookUps/SL-01 First Intro Screen" time="33.137" classname="Test Cases/Regression/LookUps/SL-01 First Intro Screen" status="PASSED">
         <system-out><![CDATA[2023-02-06 12:48:48 - [TEST_CASE][PASSED] - Test Cases/Regression/LookUps/SL-01 First Intro Screen: Test Cases/Regression/LookUps/SL-01 First Intro Screen

2023-02-06 12:48:48 - [TEST_STEP][PASSED] - Start listener action : sampleBeforeTestCase: null

2023-02-06 12:48:48 - [TEST_STEP][PASSED] - println(testCaseContext.getTestCaseId()): null

2023-02-06 12:48:48 - [TEST_STEP][PASSED] - println(testCaseContext.getTestCaseVariables()): null

2023-02-06 12:48:49 - [TEST_STEP][PASSED] - startExistingApplication("com.spotlove.releaseproduction", STOP_ON_FAILURE): Starting app with application ID: 'com.spotlove.releaseproduction'

2023-02-06 12:48:49 - [MESSAGE][INFO] - User set preference: ['deviceId', 'R9JNC0DKDXJ']

2023-02-06 12:48:52 - [MESSAGE][INFO] - Detected NodeJS location: "/usr/local/bin/node"

2023-02-06 12:48:54 - [MESSAGE][INFO] - Appium server started on port 49,668

2023-02-06 12:49:11 - [MESSAGE][PASSED] - Starting app with application ID: 'com.spotlove.releaseproduction'

2023-02-06 12:49:11 - [TEST_STEP][PASSED] - if (waitForElementPresent(logo, 10)): null

2023-02-06 12:49:17 - [MESSAGE][PASSED] - Element 'Object Repository/Regression/SC-001 Intro 1/Logo SpotLove' is present

2023-02-06 12:49:17 - [TEST_STEP][PASSED] - markPassed("Spot Love Logo Found......!"): Spot Love Logo Found......!

2023-02-06 12:49:17 - [MESSAGE][PASSED] - Spot Love Logo Found......!

2023-02-06 12:49:17 - [TEST_STEP][PASSED] - if (waitForElementPresent(F_lbl_text, 10)): null

2023-02-06 12:49:17 - [MESSAGE][PASSED] - Element 'Object Repository/Regression/SC-001 Intro 1/Lbl text Spot The Perfect' is present

2023-02-06 12:49:17 - [TEST_STEP][PASSED] - markPassed("Spot The Perfect Lbl text Found......!"): Spot The Perfect Lbl text Found......!

2023-02-06 12:49:17 - [MESSAGE][PASSED] - Spot The Perfect Lbl text Found......!

2023-02-06 12:49:17 - [TEST_STEP][PASSED] - if (waitForElementPresent(S_lbl_text, 10)): null

2023-02-06 12:49:18 - [MESSAGE][PASSED] - Element 'Object Repository/Regression/SC-001 Intro 1/Lbl text Someone' is present

2023-02-06 12:49:18 - [TEST_STEP][PASSED] - markPassed("Someone Lbl text Found......!"): Someone Lbl text Found......!

2023-02-06 12:49:18 - [MESSAGE][PASSED] - Someone Lbl text Found......!

2023-02-06 12:49:18 - [TEST_STEP][PASSED] - if (waitForElementPresent(T_lbl_text, 10)): null

2023-02-06 12:49:19 - [MESSAGE][PASSED] - Element 'Object Repository/Regression/SC-001 Intro 1/Lbl text Find the person that checks all your boxes' is present

2023-02-06 12:49:19 - [TEST_STEP][PASSED] - markPassed("Find The Person Lbl text Found......!"): Find The Person Lbl text Found......!

2023-02-06 12:49:19 - [MESSAGE][PASSED] - Find The Person Lbl text Found......!

2023-02-06 12:49:19 - [TEST_STEP][PASSED] - if (waitForElementPresent(Centr_image, 10)): null

2023-02-06 12:49:19 - [MESSAGE][PASSED] - Element 'Object Repository/Regression/SC-001 Intro 1/Middle Screen Pic' is present

2023-02-06 12:49:19 - [TEST_STEP][PASSED] - markPassed("Center Image Found......!"): Center Image Found......!

2023-02-06 12:49:19 - [MESSAGE][PASSED] - Center Image Found......!

2023-02-06 12:49:19 - [TEST_STEP][PASSED] - if (waitForElementPresent(btn_continue, 10)): null

2023-02-06 12:49:19 - [MESSAGE][PASSED] - Element 'Object Repository/Regression/SC-001 Intro 1/btn Conitnue' is present

2023-02-06 12:49:19 - [TEST_STEP][PASSED] - tap(btn_continue, 10): Tapped on element 'Object Repository/Regression/SC-001 Intro 1/btn Conitnue'

2023-02-06 12:49:20 - [MESSAGE][PASSED] - Tapped on element 'Object Repository/Regression/SC-001 Intro 1/btn Conitnue'

2023-02-06 12:49:20 - [TEST_STEP][PASSED] - markPassed("User Navigate to the Second Screen......!"): User Navigate to the Second Screen......!

2023-02-06 12:49:20 - [MESSAGE][PASSED] - User Navigate to the Second Screen......!

2023-02-06 12:49:20 - [TEST_STEP][PASSED] - takeScreenshot("test screenshot"): Screenshot is taken

2023-02-06 12:49:21 - [MESSAGE][PASSED] - Screenshot is taken
[[ATTACHMENT|/Users/pc/git/SpotLove-Automation/Reports/20230206_124838/Updated Regression/20230206_124838/test screenshot]]

2023-02-06 12:49:21 - [TEST_STEP][PASSED] - Start listener action : sampleAfterTestCase: null

2023-02-06 12:49:21 - [TEST_STEP][PASSED] - println(testCaseContext.getTestCaseId()): null

2023-02-06 12:49:21 - [TEST_STEP][PASSED] - println(testCaseContext.getTestCaseStatus()): null]]></system-out>
         <system-err><![CDATA[]]></system-err>
      </testcase>
      <testcase name="Test Cases/Regression/LookUps/SL-02 Second Intro Screen" time="3.775" classname="Test Cases/Regression/LookUps/SL-02 Second Intro Screen" status="PASSED">
         <system-out><![CDATA[2023-02-06 12:49:21 - [TEST_CASE][PASSED] - Test Cases/Regression/LookUps/SL-02 Second Intro Screen: Test Cases/Regression/LookUps/SL-02 Second Intro Screen

2023-02-06 12:49:21 - [TEST_STEP][PASSED] - Start listener action : sampleBeforeTestCase: null

2023-02-06 12:49:21 - [TEST_STEP][PASSED] - println(testCaseContext.getTestCaseId()): null

2023-02-06 12:49:21 - [TEST_STEP][PASSED] - println(testCaseContext.getTestCaseVariables()): null

2023-02-06 12:49:22 - [TEST_STEP][PASSED] - if (waitForElementPresent(btn_back, 10)): null

2023-02-06 12:49:22 - [MESSAGE][PASSED] - Element 'Object Repository/Regression/SC-002 Intro 2/btn back' is present

2023-02-06 12:49:22 - [TEST_STEP][PASSED] - waitForElementPresent(logo, 10): Element 'Object Repository/Regression/SC-002 Intro 2/Logo Spotlove' is present

2023-02-06 12:49:22 - [MESSAGE][PASSED] - Element 'Object Repository/Regression/SC-002 Intro 2/Logo Spotlove' is present

2023-02-06 12:49:22 - [TEST_STEP][PASSED] - markPassed("Back button Found......!"): Back button Found......!

2023-02-06 12:49:22 - [MESSAGE][PASSED] - Back button Found......!

2023-02-06 12:49:22 - [TEST_STEP][PASSED] - markPassed("Spot Love Logo Found......!"): Spot Love Logo Found......!

2023-02-06 12:49:22 - [MESSAGE][PASSED] - Spot Love Logo Found......!

2023-02-06 12:49:22 - [TEST_STEP][PASSED] - if (waitForElementPresent(F_lbl_text, 10)): null

2023-02-06 12:49:23 - [MESSAGE][PASSED] - Element 'Object Repository/Regression/SC-002 Intro 2/Lbl text - Make a Match With' is present

2023-02-06 12:49:23 - [TEST_STEP][PASSED] - markPassed("Make a Match Lbl text Found......!"): Make a Match Lbl text Found......!

2023-02-06 12:49:23 - [MESSAGE][PASSED] - Make a Match Lbl text Found......!

2023-02-06 12:49:23 - [TEST_STEP][PASSED] - if (waitForElementPresent(S_lbl_text, 10)): null

2023-02-06 12:49:24 - [MESSAGE][PASSED] - Element 'Object Repository/Regression/SC-002 Intro 2/Lbl text - Your Soulmate' is present

2023-02-06 12:49:24 - [TEST_STEP][PASSED] - markPassed("Your Soulmate Lbl text Found......!"): Your Soulmate Lbl text Found......!

2023-02-06 12:49:24 - [MESSAGE][PASSED] - Your Soulmate Lbl text Found......!

2023-02-06 12:49:24 - [TEST_STEP][PASSED] - if (waitForElementPresent(T_lbl_text, 10)): null

2023-02-06 12:49:24 - [MESSAGE][PASSED] - Element 'Object Repository/Regression/SC-002 Intro 2/Lbl text - Its a match when someone likes youback' is present

2023-02-06 12:49:24 - [TEST_STEP][PASSED] - markPassed("It's a match Lbl text Found......!"): It's a match Lbl text Found......!

2023-02-06 12:49:24 - [MESSAGE][PASSED] - It's a match Lbl text Found......!

2023-02-06 12:49:24 - [TEST_STEP][PASSED] - if (waitForElementPresent(Centr_image, 10)): null

2023-02-06 12:49:24 - [MESSAGE][PASSED] - Element 'Object Repository/Regression/SC-002 Intro 2/Middle Screen Pic' is present

2023-02-06 12:49:24 - [TEST_STEP][PASSED] - markPassed("Center Image Found......!"): Center Image Found......!

2023-02-06 12:49:24 - [MESSAGE][PASSED] - Center Image Found......!

2023-02-06 12:49:24 - [TEST_STEP][PASSED] - if (waitForElementPresent(btn_continue, 10)): null

2023-02-06 12:49:24 - [MESSAGE][PASSED] - Element 'Object Repository/Regression/SC-002 Intro 2/btn Continue' is present

2023-02-06 12:49:24 - [TEST_STEP][PASSED] - tap(btn_continue, 10): Tapped on element 'Object Repository/Regression/SC-002 Intro 2/btn Continue'

2023-02-06 12:49:25 - [MESSAGE][PASSED] - Tapped on element 'Object Repository/Regression/SC-002 Intro 2/btn Continue'

2023-02-06 12:49:25 - [TEST_STEP][PASSED] - markPassed("User Navigate to the Third Screen......!"): User Navigate to the Third Screen......!

2023-02-06 12:49:25 - [MESSAGE][PASSED] - User Navigate to the Third Screen......!

2023-02-06 12:49:25 - [TEST_STEP][PASSED] - Start listener action : sampleAfterTestCase: null

2023-02-06 12:49:25 - [TEST_STEP][PASSED] - println(testCaseContext.getTestCaseId()): null

2023-02-06 12:49:25 - [TEST_STEP][PASSED] - println(testCaseContext.getTestCaseStatus()): null]]></system-out>
         <system-err><![CDATA[]]></system-err>
      </testcase>
      <testcase name="Test Cases/Regression/LookUps/SL-03 Third Intro Screen" time="3.433" classname="Test Cases/Regression/LookUps/SL-03 Third Intro Screen" status="PASSED">
         <system-out><![CDATA[2023-02-06 12:49:25 - [TEST_CASE][PASSED] - Test Cases/Regression/LookUps/SL-03 Third Intro Screen: Test Cases/Regression/LookUps/SL-03 Third Intro Screen

2023-02-06 12:49:25 - [TEST_STEP][PASSED] - Start listener action : sampleBeforeTestCase: null

2023-02-06 12:49:25 - [TEST_STEP][PASSED] - println(testCaseContext.getTestCaseId()): null

2023-02-06 12:49:25 - [TEST_STEP][PASSED] - println(testCaseContext.getTestCaseVariables()): null

2023-02-06 12:49:25 - [TEST_STEP][PASSED] - if (waitForElementPresent(btn_back, 10)): null

2023-02-06 12:49:26 - [MESSAGE][PASSED] - Element 'Object Repository/Regression/SC-003 Intro 3/btn back' is present

2023-02-06 12:49:26 - [TEST_STEP][PASSED] - waitForElementPresent(logo, 10): Element 'Object Repository/Regression/SC-003 Intro 3/Logo Spotlove' is present

2023-02-06 12:49:26 - [MESSAGE][PASSED] - Element 'Object Repository/Regression/SC-003 Intro 3/Logo Spotlove' is present

2023-02-06 12:49:26 - [TEST_STEP][PASSED] - markPassed("Back button Found......!"): Back button Found......!

2023-02-06 12:49:26 - [MESSAGE][PASSED] - Back button Found......!

2023-02-06 12:49:26 - [TEST_STEP][PASSED] - markPassed("Spot Love Logo Found......!"): Spot Love Logo Found......!

2023-02-06 12:49:26 - [MESSAGE][PASSED] - Spot Love Logo Found......!

2023-02-06 12:49:26 - [TEST_STEP][PASSED] - if (waitForElementPresent(F_lbl_text, 10)): null

2023-02-06 12:49:27 - [MESSAGE][PASSED] - Element 'Object Repository/Regression/SC-003 Intro 3/Lbl text - Connect on Fun' is present

2023-02-06 12:49:27 - [TEST_STEP][PASSED] - markPassed("Spot The Perfect Lbl text Found......!"): Spot The Perfect Lbl text Found......!

2023-02-06 12:49:27 - [MESSAGE][PASSED] - Spot The Perfect Lbl text Found......!

2023-02-06 12:49:27 - [TEST_STEP][PASSED] - if (waitForElementPresent(S_lbl_text, 10)): null

2023-02-06 12:49:27 - [MESSAGE][PASSED] - Element 'Object Repository/Regression/SC-003 Intro 3/Lbl text - Video Dates' is present

2023-02-06 12:49:27 - [TEST_STEP][PASSED] - markPassed("Someone Lbl text Found......!"): Someone Lbl text Found......!

2023-02-06 12:49:27 - [MESSAGE][PASSED] - Someone Lbl text Found......!

2023-02-06 12:49:27 - [TEST_STEP][PASSED] - if (waitForElementPresent(T_lbl_text, 10)): null

2023-02-06 12:49:27 - [MESSAGE][PASSED] - Element 'Object Repository/Regression/SC-003 Intro 3/Lbl text - Connect with your matches through livevideo mixers' is present

2023-02-06 12:49:27 - [TEST_STEP][PASSED] - markPassed("Find The Person Lbl text Found......!"): Find The Person Lbl text Found......!

2023-02-06 12:49:27 - [MESSAGE][PASSED] - Find The Person Lbl text Found......!

2023-02-06 12:49:27 - [TEST_STEP][PASSED] - if (waitForElementPresent(Centr_image, 10)): null

2023-02-06 12:49:28 - [MESSAGE][PASSED] - Element 'Object Repository/Regression/SC-003 Intro 3/MIddle Screen Pic' is present

2023-02-06 12:49:28 - [TEST_STEP][PASSED] - markPassed("Center Image Found......!"): Center Image Found......!

2023-02-06 12:49:28 - [MESSAGE][PASSED] - Center Image Found......!

2023-02-06 12:49:28 - [TEST_STEP][PASSED] - if (waitForElementPresent(btn_continue, 10)): null

2023-02-06 12:49:28 - [MESSAGE][PASSED] - Element 'Object Repository/Regression/SC-003 Intro 3/btn Continue' is present

2023-02-06 12:49:28 - [TEST_STEP][PASSED] - tap(btn_continue, 10): Tapped on element 'Object Repository/Regression/SC-003 Intro 3/btn Continue'

2023-02-06 12:49:28 - [MESSAGE][PASSED] - Tapped on element 'Object Repository/Regression/SC-003 Intro 3/btn Continue'

2023-02-06 12:49:28 - [TEST_STEP][PASSED] - markPassed("User Navigate to the Sign-In selection Screen......!"): User Navigate to the Sign-In selection Screen......!

2023-02-06 12:49:28 - [MESSAGE][PASSED] - User Navigate to the Sign-In selection Screen......!

2023-02-06 12:49:28 - [TEST_STEP][PASSED] - Start listener action : sampleAfterTestCase: null

2023-02-06 12:49:28 - [TEST_STEP][PASSED] - println(testCaseContext.getTestCaseId()): null

2023-02-06 12:49:28 - [TEST_STEP][PASSED] - println(testCaseContext.getTestCaseStatus()): null]]></system-out>
         <system-err><![CDATA[]]></system-err>
      </testcase>
      <testcase name="Test Cases/Regression/LookUps/SL-04 Sign In Selection" time="1.958" classname="Test Cases/Regression/LookUps/SL-04 Sign In Selection" status="PASSED">
         <system-out><![CDATA[2023-02-06 12:49:28 - [TEST_CASE][PASSED] - Test Cases/Regression/LookUps/SL-04 Sign In Selection: Test Cases/Regression/LookUps/SL-04 Sign In Selection

2023-02-06 12:49:28 - [TEST_STEP][PASSED] - Start listener action : sampleBeforeTestCase: null

2023-02-06 12:49:28 - [TEST_STEP][PASSED] - println(testCaseContext.getTestCaseId()): null

2023-02-06 12:49:28 - [TEST_STEP][PASSED] - println(testCaseContext.getTestCaseVariables()): null

2023-02-06 12:49:29 - [TEST_STEP][PASSED] - if (waitForElementPresent(F_lbl_text, 10)): null

2023-02-06 12:49:29 - [MESSAGE][PASSED] - Element 'Object Repository/Regression/SC-004 Sign In-Up screen/Lbl text - Spot Love at First Sight' is present

2023-02-06 12:49:29 - [TEST_STEP][PASSED] - markPassed("Spot Love At First Sight label text found......!"): Spot Love At First Sight label text found......!

2023-02-06 12:49:29 - [MESSAGE][PASSED] - Spot Love At First Sight label text found......!

2023-02-06 12:49:29 - [TEST_STEP][PASSED] - if (waitForElementPresent(S_lbl_text, 10)): null

2023-02-06 12:49:30 - [MESSAGE][PASSED] - Element 'Object Repository/Regression/SC-004 Sign In-Up screen/Lbl text - Select an account to continue' is present

2023-02-06 12:49:30 - [TEST_STEP][PASSED] - markPassed("Select an account to Continue label text found......!"): Select an account to Continue label text found......!

2023-02-06 12:49:30 - [MESSAGE][PASSED] - Select an account to Continue label text found......!

2023-02-06 12:49:30 - [TEST_STEP][PASSED] - if (waitForElementPresent(btn_Continue_WPN, 10)): null

2023-02-06 12:49:30 - [MESSAGE][PASSED] - Element 'Object Repository/Regression/SC-004 Sign In-Up screen/btn Continue with Phone number' is present

2023-02-06 12:49:30 - [TEST_STEP][PASSED] - tap(btn_Continue_WPN, 10): Tapped on element 'Object Repository/Regression/SC-004 Sign In-Up screen/btn Continue with Phone number'

2023-02-06 12:49:30 - [MESSAGE][PASSED] - Tapped on element 'Object Repository/Regression/SC-004 Sign In-Up screen/btn Continue with Phone number'

2023-02-06 12:49:30 - [TEST_STEP][PASSED] - markPassed("User Navigate to Phone Numebr Screen......!"): User Navigate to Phone Numebr Screen......!

2023-02-06 12:49:30 - [MESSAGE][PASSED] - User Navigate to Phone Numebr Screen......!

2023-02-06 12:49:30 - [TEST_STEP][PASSED] - Start listener action : sampleAfterTestCase: null

2023-02-06 12:49:30 - [TEST_STEP][PASSED] - println(testCaseContext.getTestCaseId()): null

2023-02-06 12:49:30 - [TEST_STEP][PASSED] - println(testCaseContext.getTestCaseStatus()): null]]></system-out>
         <system-err><![CDATA[]]></system-err>
      </testcase>
      <testcase name="Test Cases/Regression/LookUps/SL-05 Phone Number Enter Screen" time="11.716" classname="Test Cases/Regression/LookUps/SL-05 Phone Number Enter Screen" status="PASSED">
         <system-out><![CDATA[2023-02-06 12:49:30 - [TEST_CASE][PASSED] - Test Cases/Regression/LookUps/SL-05 Phone Number Enter Screen: Test Cases/Regression/LookUps/SL-05 Phone Number Enter Screen

2023-02-06 12:49:31 - [TEST_STEP][PASSED] - Start listener action : sampleBeforeTestCase: null

2023-02-06 12:49:31 - [TEST_STEP][PASSED] - println(testCaseContext.getTestCaseId()): null

2023-02-06 12:49:31 - [TEST_STEP][PASSED] - println(testCaseContext.getTestCaseVariables()): null

2023-02-06 12:49:31 - [TEST_STEP][PASSED] - if (waitForElementPresent(spotlove_logo, 10)): null

2023-02-06 12:49:32 - [MESSAGE][PASSED] - Element 'Object Repository/Regression/SC-005 Sign-in with Phone number/Logo Spotlove' is present

2023-02-06 12:49:32 - [TEST_STEP][PASSED] - markPassed("Spot.Love Logo Found......!"): Spot.Love Logo Found......!

2023-02-06 12:49:32 - [MESSAGE][PASSED] - Spot.Love Logo Found......!

2023-02-06 12:49:32 - [TEST_STEP][PASSED] - if (waitForElementPresent(btn_back, 10)): null

2023-02-06 12:49:32 - [MESSAGE][PASSED] - Element 'Object Repository/Regression/SC-005 Sign-in with Phone number/btn back' is present

2023-02-06 12:49:32 - [TEST_STEP][PASSED] - markPassed("Back Button Found......!"): Back Button Found......!

2023-02-06 12:49:32 - [MESSAGE][PASSED] - Back Button Found......!

2023-02-06 12:49:32 - [TEST_STEP][PASSED] - if (waitForElementPresent(lbl_first_text, 10)): null

2023-02-06 12:49:33 - [MESSAGE][PASSED] - Element 'Object Repository/Regression/SC-005 Sign-in with Phone number/Lbl text - Sign in to Spot.Love' is present

2023-02-06 12:49:33 - [TEST_STEP][PASSED] - markPassed("Sign in to Spot.Love label text is found......!"): Sign in to Spot.Love label text is found......!

2023-02-06 12:49:33 - [MESSAGE][PASSED] - Sign in to Spot.Love label text is found......!

2023-02-06 12:49:33 - [TEST_STEP][PASSED] - if (waitForElementPresent(lbl_Second_text, 10)): null

2023-02-06 12:49:33 - [MESSAGE][PASSED] - Element 'Object Repository/Regression/SC-005 Sign-in with Phone number/Lbl text - Continue with your phone number' is present

2023-02-06 12:49:33 - [TEST_STEP][PASSED] - markPassed("Continue with your phone number label text is found......!"): Continue with your phone number label text is found......!

2023-02-06 12:49:33 - [MESSAGE][PASSED] - Continue with your phone number label text is found......!

2023-02-06 12:49:33 - [TEST_STEP][PASSED] - if (waitForElementPresent(flag_icon, 10)): null

2023-02-06 12:49:33 - [MESSAGE][PASSED] - Element 'Object Repository/Regression/SC-005 Sign-in with Phone number/dropdown Country Selection' is present

2023-02-06 12:49:33 - [TEST_STEP][PASSED] - markPassed("Country Flag Icon is found......!"): Country Flag Icon is found......!

2023-02-06 12:49:33 - [MESSAGE][PASSED] - Country Flag Icon is found......!

2023-02-06 12:49:33 - [TEST_STEP][PASSED] - tap(flag_icon, 10): Tapped on element 'Object Repository/Regression/SC-005 Sign-in with Phone number/dropdown Country Selection'

2023-02-06 12:49:34 - [MESSAGE][PASSED] - Tapped on element 'Object Repository/Regression/SC-005 Sign-in with Phone number/dropdown Country Selection'

2023-02-06 12:49:34 - [TEST_STEP][PASSED] - markPassed("Country slection dropdown is opened......!"): Country slection dropdown is opened......!

2023-02-06 12:49:34 - [MESSAGE][PASSED] - Country slection dropdown is opened......!

2023-02-06 12:49:34 - [TEST_STEP][PASSED] - if (waitForElementPresent(search_box, 10)): null

2023-02-06 12:49:35 - [MESSAGE][PASSED] - Element 'Object Repository/Regression/SC-005 Sign-in with Phone number/Search box Enter country name' is present

2023-02-06 12:49:35 - [TEST_STEP][PASSED] - setText(search_box, C_Name, 10): Text 'US' has been set to element 'Object Repository/Regression/SC-005 Sign-in with Phone number/Search box Enter country name'

2023-02-06 12:49:37 - [MESSAGE][PASSED] - Text 'US' has been set to element 'Object Repository/Regression/SC-005 Sign-in with Phone number/Search box Enter country name'

2023-02-06 12:49:37 - [TEST_STEP][PASSED] - markPassed("Country Name Entered in the Search Box......!"): Country Name Entered in the Search Box......!

2023-02-06 12:49:37 - [MESSAGE][PASSED] - Country Name Entered in the Search Box......!

2023-02-06 12:49:37 - [TEST_STEP][PASSED] - if (waitForElementPresent(First_index, 10)): null

2023-02-06 12:49:39 - [MESSAGE][PASSED] - Element 'Object Repository/Regression/SC-005 Sign-in with Phone number/Select Country In First Index' is present

2023-02-06 12:49:39 - [TEST_STEP][PASSED] - tap(First_index, 10): Tapped on element 'Object Repository/Regression/SC-005 Sign-in with Phone number/Select Country In First Index'

2023-02-06 12:49:39 - [MESSAGE][PASSED] - Tapped on element 'Object Repository/Regression/SC-005 Sign-in with Phone number/Select Country In First Index'

2023-02-06 12:49:39 - [TEST_STEP][PASSED] - markPassed("Country Selection Successfully......!"): Country Selection Successfully......!

2023-02-06 12:49:39 - [MESSAGE][PASSED] - Country Selection Successfully......!

2023-02-06 12:49:39 - [TEST_STEP][PASSED] - if (waitForElementPresent(Enter_Phonenumber, 10)): null

2023-02-06 12:49:40 - [MESSAGE][PASSED] - Element 'Object Repository/Regression/SC-005 Sign-in with Phone number/Input Phone Number' is present

2023-02-06 12:49:40 - [TEST_STEP][PASSED] - setText(Enter_Phonenumber, PhoneNumber, 10): Text '6505559876' has been set to element 'Object Repository/Regression/SC-005 Sign-in with Phone number/Input Phone Number'

2023-02-06 12:49:41 - [MESSAGE][PASSED] - Text '6505559876' has been set to element 'Object Repository/Regression/SC-005 Sign-in with Phone number/Input Phone Number'

2023-02-06 12:49:41 - [TEST_STEP][PASSED] - markPassed("Phon number Entered......!"): Phon number Entered......!

2023-02-06 12:49:41 - [MESSAGE][PASSED] - Phon number Entered......!

2023-02-06 12:49:41 - [TEST_STEP][PASSED] - com.spotlove.Utility.tap_Continue(): com.spotlove.Utility.tap_Continue is PASSED

2023-02-06 12:49:42 - [MESSAGE][PASSED] - com.spotlove.Utility.tap_Continue is PASSED

2023-02-06 12:49:42 - [TEST_STEP][PASSED] - Start listener action : sampleAfterTestCase: null

2023-02-06 12:49:42 - [TEST_STEP][PASSED] - println(testCaseContext.getTestCaseId()): null

2023-02-06 12:49:42 - [TEST_STEP][PASSED] - println(testCaseContext.getTestCaseStatus()): null]]></system-out>
         <system-err><![CDATA[]]></system-err>
      </testcase>
      <testcase name="Test Cases/Regression/LookUps/SL-06 OTP Screen" time="38.992" classname="Test Cases/Regression/LookUps/SL-06 OTP Screen" status="PASSED">
         <system-out><![CDATA[2023-02-06 12:49:42 - [TEST_CASE][PASSED] - Test Cases/Regression/LookUps/SL-06 OTP Screen: Test Cases/Regression/LookUps/SL-06 OTP Screen

2023-02-06 12:49:42 - [TEST_STEP][PASSED] - Start listener action : sampleBeforeTestCase: null

2023-02-06 12:49:42 - [TEST_STEP][PASSED] - println(testCaseContext.getTestCaseId()): null

2023-02-06 12:49:42 - [TEST_STEP][PASSED] - println(testCaseContext.getTestCaseVariables()): null

2023-02-06 12:49:42 - [TEST_STEP][PASSED] - if (waitForElementPresent(spotlove_logo, 10)): null

2023-02-06 12:49:43 - [MESSAGE][PASSED] - Element 'Object Repository/Regression/SC-006 OTP Screen/Logo Spotlove' is present

2023-02-06 12:49:43 - [TEST_STEP][PASSED] - markPassed("Spot.Love Logo Found......!"): Spot.Love Logo Found......!

2023-02-06 12:49:43 - [MESSAGE][PASSED] - Spot.Love Logo Found......!

2023-02-06 12:49:43 - [TEST_STEP][PASSED] - if (waitForElementPresent(btn_back, 10)): null

2023-02-06 12:49:43 - [MESSAGE][PASSED] - Element 'Object Repository/Regression/SC-006 OTP Screen/btn back' is present

2023-02-06 12:49:43 - [TEST_STEP][PASSED] - markPassed("Back Button Found......!"): Back Button Found......!

2023-02-06 12:49:43 - [MESSAGE][PASSED] - Back Button Found......!

2023-02-06 12:49:43 - [TEST_STEP][PASSED] - if (waitForElementPresent(lbl_first_text, 60)): null

2023-02-06 12:50:04 - [MESSAGE][PASSED] - Element 'Object Repository/Regression/SC-006 OTP Screen/Lbl text - Enter your verification code' is present

2023-02-06 12:50:04 - [TEST_STEP][PASSED] - markPassed("Enter your verification code label text is found......!"): Enter your verification code label text is found......!

2023-02-06 12:50:04 - [MESSAGE][PASSED] - Enter your verification code label text is found......!

2023-02-06 12:50:04 - [TEST_STEP][PASSED] - if (waitForElementPresent(lbl_Second_text, 10)): null

2023-02-06 12:50:05 - [MESSAGE][PASSED] - Element 'Object Repository/Regression/SC-006 OTP Screen/Lbl text - Weve sent a pin to Phone Number' is present

2023-02-06 12:50:05 - [TEST_STEP][PASSED] - markPassed("We're sent a pin to +16505559876 label text is found......!"): We're sent a pin to +16505559876 label text is found......!

2023-02-06 12:50:05 - [MESSAGE][PASSED] - We're sent a pin to +16505559876 label text is found......!

2023-02-06 12:50:05 - [TEST_STEP][PASSED] - tap(findTestObject("Object Repository/Smoke/OTP/android.widget.EditText - -"), 15): Tapped on element 'Object Repository/Smoke/OTP/android.widget.EditText - -'

2023-02-06 12:50:05 - [MESSAGE][PASSED] - Tapped on element 'Object Repository/Smoke/OTP/android.widget.EditText - -'

2023-02-06 12:50:05 - [TEST_STEP][PASSED] - setText(findTestObject("Object Repository/Smoke/OTP/android.widget.EditText - - (1)"), "1", 2): Text '1' has been set to element 'Object Repository/Smoke/OTP/android.widget.EditText - - (1)'

2023-02-06 12:50:07 - [MESSAGE][PASSED] - Text '1' has been set to element 'Object Repository/Smoke/OTP/android.widget.EditText - - (1)'

2023-02-06 12:50:07 - [TEST_STEP][PASSED] - setText(findTestObject("Object Repository/Smoke/OTP/android.widget.EditText - - (2)"), "2", 2): Text '2' has been set to element 'Object Repository/Smoke/OTP/android.widget.EditText - - (2)'

2023-02-06 12:50:10 - [MESSAGE][PASSED] - Text '2' has been set to element 'Object Repository/Smoke/OTP/android.widget.EditText - - (2)'

2023-02-06 12:50:10 - [TEST_STEP][PASSED] - setText(findTestObject("Object Repository/Smoke/OTP/android.widget.EditText - - (3)"), "3", 2): Text '3' has been set to element 'Object Repository/Smoke/OTP/android.widget.EditText - - (3)'

2023-02-06 12:50:12 - [MESSAGE][PASSED] - Text '3' has been set to element 'Object Repository/Smoke/OTP/android.widget.EditText - - (3)'

2023-02-06 12:50:12 - [TEST_STEP][PASSED] - setText(findTestObject("Object Repository/Smoke/OTP/android.widget.EditText - - (4)"), "4", 2): Text '4' has been set to element 'Object Repository/Smoke/OTP/android.widget.EditText - - (4)'

2023-02-06 12:50:14 - [MESSAGE][PASSED] - Text '4' has been set to element 'Object Repository/Smoke/OTP/android.widget.EditText - - (4)'

2023-02-06 12:50:14 - [TEST_STEP][PASSED] - setText(findTestObject("Object Repository/Smoke/OTP/android.widget.EditText - - (5)"), "5", 2): Text '5' has been set to element 'Object Repository/Smoke/OTP/android.widget.EditText - - (5)'

2023-02-06 12:50:17 - [MESSAGE][PASSED] - Text '5' has been set to element 'Object Repository/Smoke/OTP/android.widget.EditText - - (5)'

2023-02-06 12:50:17 - [TEST_STEP][PASSED] - setText(findTestObject("Object Repository/Smoke/OTP/android.widget.EditText - - (6)"), "6", 2): Text '6' has been set to element 'Object Repository/Smoke/OTP/android.widget.EditText - - (6)'

2023-02-06 12:50:19 - [MESSAGE][PASSED] - Text '6' has been set to element 'Object Repository/Smoke/OTP/android.widget.EditText - - (6)'

2023-02-06 12:50:19 - [TEST_STEP][PASSED] - com.spotlove.Utility.Verify(): com.spotlove.Utility.Verify is PASSED

2023-02-06 12:50:21 - [MESSAGE][PASSED] - com.spotlove.Utility.Verify is PASSED

2023-02-06 12:50:21 - [TEST_STEP][PASSED] - Start listener action : sampleAfterTestCase: null

2023-02-06 12:50:21 - [TEST_STEP][PASSED] - println(testCaseContext.getTestCaseId()): null

2023-02-06 12:50:21 - [TEST_STEP][PASSED] - println(testCaseContext.getTestCaseStatus()): null]]></system-out>
         <system-err><![CDATA[]]></system-err>
      </testcase>
      <testcase name="Test Cases/Regression/LookUps/SL-07 Welcome To SpotLove" time="8.664" classname="Test Cases/Regression/LookUps/SL-07 Welcome To SpotLove" status="PASSED">
         <system-out><![CDATA[2023-02-06 12:50:21 - [TEST_CASE][PASSED] - Test Cases/Regression/LookUps/SL-07 Welcome To SpotLove: Test Cases/Regression/LookUps/SL-07 Welcome To SpotLove

2023-02-06 12:50:21 - [TEST_STEP][PASSED] - Start listener action : sampleBeforeTestCase: null

2023-02-06 12:50:21 - [TEST_STEP][PASSED] - println(testCaseContext.getTestCaseId()): null

2023-02-06 12:50:21 - [TEST_STEP][PASSED] - println(testCaseContext.getTestCaseVariables()): null

2023-02-06 12:50:22 - [TEST_STEP][PASSED] - if (waitForElementPresent(Logo_Spotlove, 10)): null

2023-02-06 12:50:25 - [MESSAGE][PASSED] - Element 'Object Repository/Regression/SC-007 Welcome Onboard Screen/Logo spotlove' is present

2023-02-06 12:50:25 - [TEST_STEP][PASSED] - markPassed("Spot.Love Logo Found......!"): Spot.Love Logo Found......!

2023-02-06 12:50:25 - [MESSAGE][PASSED] - Spot.Love Logo Found......!

2023-02-06 12:50:25 - [TEST_STEP][PASSED] - if (waitForElementPresent(lbl_txt_first, 10)): null

2023-02-06 12:50:25 - [MESSAGE][PASSED] - Element 'Object Repository/Regression/SC-007 Welcome Onboard Screen/Lbl text - Welcome to Spot.Love' is present

2023-02-06 12:50:25 - [TEST_STEP][PASSED] - markPassed("Welcome to Spot.Love lbl text Found......!"): Welcome to Spot.Love lbl text Found......!

2023-02-06 12:50:25 - [MESSAGE][PASSED] - Welcome to Spot.Love lbl text Found......!

2023-02-06 12:50:25 - [TEST_STEP][PASSED] - if (waitForElementPresent(lbl_txt_Sec, 10)): null

2023-02-06 12:50:26 - [MESSAGE][PASSED] - Element 'Object Repository/Regression/SC-007 Welcome Onboard Screen/Lbl Text - Please follow these house rules' is present

2023-02-06 12:50:26 - [TEST_STEP][PASSED] - markPassed("Please follow these house rules lbl text Found......!"): Please follow these house rules lbl text Found......!

2023-02-06 12:50:26 - [MESSAGE][PASSED] - Please follow these house rules lbl text Found......!

2023-02-06 12:50:26 - [TEST_STEP][PASSED] - if (waitForElementPresent(first_heart_icon, 10)): null

2023-02-06 12:50:26 - [MESSAGE][PASSED] - Element 'Object Repository/Regression/SC-007 Welcome Onboard Screen/First Heart Icon' is present

2023-02-06 12:50:26 - [TEST_STEP][PASSED] - markPassed("First Heart Icon Found......!"): First Heart Icon Found......!

2023-02-06 12:50:26 - [MESSAGE][PASSED] - First Heart Icon Found......!

2023-02-06 12:50:26 - [TEST_STEP][PASSED] - if (waitForElementPresent(Be_kind_lbl, 10)): null

2023-02-06 12:50:26 - [MESSAGE][PASSED] - Element 'Object Repository/Regression/SC-007 Welcome Onboard Screen/Lbl text - Be kind' is present

2023-02-06 12:50:26 - [TEST_STEP][PASSED] - markPassed("Be Kind lbl text Found......!"): Be Kind lbl text Found......!

2023-02-06 12:50:26 - [MESSAGE][PASSED] - Be Kind lbl text Found......!

2023-02-06 12:50:26 - [TEST_STEP][PASSED] - if (waitForElementPresent(Treat_lbl, 10)): null

2023-02-06 12:50:26 - [MESSAGE][PASSED] - Element 'Object Repository/Regression/SC-007 Welcome Onboard Screen/Lbl text - Treat everyone with respect andkindness' is present

2023-02-06 12:50:26 - [TEST_STEP][PASSED] - markPassed("Treat everyone with respect and kindness lbl text Found......!"): Treat everyone with respect and kindness lbl text Found......!

2023-02-06 12:50:26 - [MESSAGE][PASSED] - Treat everyone with respect and kindness lbl text Found......!

2023-02-06 12:50:26 - [TEST_STEP][PASSED] - if (waitForElementPresent(Second_heart_icon, 10)): null

2023-02-06 12:50:27 - [MESSAGE][PASSED] - Element 'Object Repository/Regression/SC-007 Welcome Onboard Screen/Second Heart Icon' is present

2023-02-06 12:50:27 - [TEST_STEP][PASSED] - markPassed("Second Heart Icon Found......!"): Second Heart Icon Found......!

2023-02-06 12:50:27 - [MESSAGE][PASSED] - Second Heart Icon Found......!

2023-02-06 12:50:27 - [TEST_STEP][PASSED] - if (waitForElementPresent(Be_your_lbl, 10)): null

2023-02-06 12:50:27 - [MESSAGE][PASSED] - Element 'Object Repository/Regression/SC-007 Welcome Onboard Screen/Lbl text - Be yourself' is present

2023-02-06 12:50:27 - [TEST_STEP][PASSED] - markPassed("Be yourself lbl text Found......!"): Be yourself lbl text Found......!

2023-02-06 12:50:27 - [MESSAGE][PASSED] - Be yourself lbl text Found......!

2023-02-06 12:50:27 - [TEST_STEP][PASSED] - if (waitForElementPresent(Be_honest_lbl, 10)): null

2023-02-06 12:50:27 - [MESSAGE][PASSED] - Element 'Object Repository/Regression/SC-007 Welcome Onboard Screen/Lbl text - Be honest about your age, photos, andbio' is present

2023-02-06 12:50:27 - [TEST_STEP][PASSED] - markPassed("Be honest about your age, photos, and bio lbl text Found......!"): Be honest about your age, photos, and bio lbl text Found......!

2023-02-06 12:50:27 - [MESSAGE][PASSED] - Be honest about your age, photos, and bio lbl text Found......!

2023-02-06 12:50:27 - [TEST_STEP][PASSED] - if (waitForElementPresent(Third_heart_icon, 10)): null

2023-02-06 12:50:27 - [MESSAGE][PASSED] - Element 'Object Repository/Regression/SC-007 Welcome Onboard Screen/Third Heart Icon' is present

2023-02-06 12:50:27 - [TEST_STEP][PASSED] - markPassed("Third Heart Icon Found......!"): Third Heart Icon Found......!

2023-02-06 12:50:27 - [MESSAGE][PASSED] - Third Heart Icon Found......!

2023-02-06 12:50:27 - [TEST_STEP][PASSED] - if (waitForElementPresent(Be_out_lbl, 10)): null

2023-02-06 12:50:27 - [MESSAGE][PASSED] - Element 'Object Repository/Regression/SC-007 Welcome Onboard Screen/Lbl text - Be outspoken' is present

2023-02-06 12:50:27 - [TEST_STEP][PASSED] - markPassed("Be outspoken lbl text Found......!"): Be outspoken lbl text Found......!

2023-02-06 12:50:27 - [MESSAGE][PASSED] - Be outspoken lbl text Found......!

2023-02-06 12:50:27 - [TEST_STEP][PASSED] - if (waitForElementPresent(Always_lbl, 10)): null

2023-02-06 12:50:27 - [MESSAGE][PASSED] - Element 'Object Repository/Regression/SC-007 Welcome Onboard Screen/Lbl text - Always report bad behavior' is present

2023-02-06 12:50:27 - [TEST_STEP][PASSED] - markPassed("Always reported bad behavior lbl text Found......!"): Always reported bad behavior lbl text Found......!

2023-02-06 12:50:27 - [MESSAGE][PASSED] - Always reported bad behavior lbl text Found......!

2023-02-06 12:50:27 - [TEST_STEP][PASSED] - if (waitForElementPresent(View_term, 10)): null

2023-02-06 12:50:28 - [MESSAGE][PASSED] - Element 'Object Repository/Regression/SC-007 Welcome Onboard Screen/Text - Terms And Conditions' is present

2023-02-06 12:50:28 - [TEST_STEP][PASSED] - markPassed("Terms and Conditions Link is functional......!"): Terms and Conditions Link is functional......!

2023-02-06 12:50:28 - [MESSAGE][PASSED] - Terms and Conditions Link is functional......!

2023-02-06 12:50:28 - [TEST_STEP][PASSED] - if (waitForElementPresent(btn_Agree, 10)): null

2023-02-06 12:50:28 - [MESSAGE][PASSED] - Element 'Object Repository/Regression/SC-007 Welcome Onboard Screen/btn I Agree' is present

2023-02-06 12:50:28 - [TEST_STEP][PASSED] - tap(btn_Agree, 10): Tapped on element 'Object Repository/Regression/SC-007 Welcome Onboard Screen/btn I Agree'

2023-02-06 12:50:28 - [MESSAGE][PASSED] - Tapped on element 'Object Repository/Regression/SC-007 Welcome Onboard Screen/btn I Agree'

2023-02-06 12:50:28 - [TEST_STEP][PASSED] - markPassed("I Agree button found, User navigate to the Source Screen......!"): I Agree button found, User navigate to the Source Screen......!

2023-02-06 12:50:28 - [MESSAGE][PASSED] - I Agree button found, User navigate to the Source Screen......!

2023-02-06 12:50:28 - [TEST_STEP][PASSED] - if (waitForElementPresent(Source_heart, 10)): null

2023-02-06 12:50:30 - [MESSAGE][PASSED] - Element 'Object Repository/Regression/SC-008 Referel Screen/Heart Icon' is present

2023-02-06 12:50:30 - [TEST_STEP][PASSED] - markPassed("Heart icon found......!"): Heart icon found......!

2023-02-06 12:50:30 - [MESSAGE][PASSED] - Heart icon found......!

2023-02-06 12:50:30 - [TEST_STEP][PASSED] - Start listener action : sampleAfterTestCase: null

2023-02-06 12:50:30 - [TEST_STEP][PASSED] - println(testCaseContext.getTestCaseId()): null

2023-02-06 12:50:30 - [TEST_STEP][PASSED] - println(testCaseContext.getTestCaseStatus()): null]]></system-out>
         <system-err><![CDATA[]]></system-err>
      </testcase>
      <testcase name="Test Cases/Regression/LookUps/SL-08 Source Screen" time="3.525" classname="Test Cases/Regression/LookUps/SL-08 Source Screen" status="PASSED">
         <system-out><![CDATA[2023-02-06 12:50:30 - [TEST_CASE][PASSED] - Test Cases/Regression/LookUps/SL-08 Source Screen: Test Cases/Regression/LookUps/SL-08 Source Screen

2023-02-06 12:50:30 - [TEST_STEP][PASSED] - Start listener action : sampleBeforeTestCase: null

2023-02-06 12:50:30 - [TEST_STEP][PASSED] - println(testCaseContext.getTestCaseId()): null

2023-02-06 12:50:30 - [TEST_STEP][PASSED] - println(testCaseContext.getTestCaseVariables()): null

2023-02-06 12:50:30 - [TEST_STEP][PASSED] - if (waitForElementPresent(Source_heart, 10)): null

2023-02-06 12:50:31 - [MESSAGE][PASSED] - Element 'Object Repository/Regression/SC-008 Referel Screen/Heart Icon' is present

2023-02-06 12:50:31 - [TEST_STEP][PASSED] - markPassed("Heart icon found......!"): Heart icon found......!

2023-02-06 12:50:31 - [MESSAGE][PASSED] - Heart icon found......!

2023-02-06 12:50:31 - [TEST_STEP][PASSED] - if (waitForElementPresent(lbl_how, 10)): null

2023-02-06 12:50:31 - [MESSAGE][PASSED] - Element 'Object Repository/Regression/SC-008 Referel Screen/Lbl text - How did you hear about us' is present

2023-02-06 12:50:31 - [TEST_STEP][PASSED] - markPassed("How did you hear about us? label text found......!"): How did you hear about us? label text found......!

2023-02-06 12:50:31 - [MESSAGE][PASSED] - How did you hear about us? label text found......!

2023-02-06 12:50:31 - [TEST_STEP][PASSED] - if (waitForElementPresent(lbl_Referral, 10)): null

2023-02-06 12:50:31 - [MESSAGE][PASSED] - Element 'Object Repository/Regression/SC-008 Referel Screen/lbl text - Referral' is present

2023-02-06 12:50:31 - [TEST_STEP][PASSED] - markPassed("Referral label text found......!"): Referral label text found......!

2023-02-06 12:50:31 - [MESSAGE][PASSED] - Referral label text found......!

2023-02-06 12:50:31 - [TEST_STEP][PASSED] - if (waitForElementPresent(lbl_Do, 10)): null

2023-02-06 12:50:31 - [MESSAGE][PASSED] - Element 'Object Repository/Regression/SC-008 Referel Screen/lbl text - Do you have a referral code' is present

2023-02-06 12:50:31 - [TEST_STEP][PASSED] - markPassed("Do you have a referral code? label text found......!"): Do you have a referral code? label text found......!

2023-02-06 12:50:31 - [MESSAGE][PASSED] - Do you have a referral code? label text found......!

2023-02-06 12:50:31 - [TEST_STEP][PASSED] - if (waitForElementPresent(lbl_code, 10)): null

2023-02-06 12:50:31 - [MESSAGE][PASSED] - Element 'Object Repository/Regression/SC-008 Referel Screen/lbl text - Referral Code' is present

2023-02-06 12:50:31 - [TEST_STEP][PASSED] - markPassed("Referral code? label text found......!"): Referral code? label text found......!

2023-02-06 12:50:31 - [MESSAGE][PASSED] - Referral code? label text found......!

2023-02-06 12:50:31 - [TEST_STEP][PASSED] - if (waitForElementPresent(btn_continue, 10)): null

2023-02-06 12:50:31 - [MESSAGE][PASSED] - Element 'Object Repository/Regression/SC-008 Referel Screen/btn Continue' is present

2023-02-06 12:50:31 - [TEST_STEP][PASSED] - tap(btn_continue, 10): Tapped on element 'Object Repository/Regression/SC-008 Referel Screen/btn Continue'

2023-02-06 12:50:32 - [MESSAGE][PASSED] - Tapped on element 'Object Repository/Regression/SC-008 Referel Screen/btn Continue'

2023-02-06 12:50:32 - [TEST_STEP][PASSED] - markPassed("User navigate to the First Name Screen......!"): User navigate to the First Name Screen......!

2023-02-06 12:50:32 - [MESSAGE][PASSED] - User navigate to the First Name Screen......!

2023-02-06 12:50:32 - [TEST_STEP][PASSED] - if (waitForElementPresent(card_icon, 10)): null

2023-02-06 12:50:33 - [MESSAGE][PASSED] - Element 'Object Repository/Regression/SC-009 First Name Screen/Contact icon' is present

2023-02-06 12:50:33 - [TEST_STEP][PASSED] - markPassed("Card icon found on First Name Screen......!"): Card icon found on First Name Screen......!

2023-02-06 12:50:33 - [MESSAGE][PASSED] - Card icon found on First Name Screen......!

2023-02-06 12:50:33 - [TEST_STEP][PASSED] - Start listener action : sampleAfterTestCase: null

2023-02-06 12:50:33 - [TEST_STEP][PASSED] - println(testCaseContext.getTestCaseId()): null

2023-02-06 12:50:33 - [TEST_STEP][PASSED] - println(testCaseContext.getTestCaseStatus()): null]]></system-out>
         <system-err><![CDATA[]]></system-err>
      </testcase>
      <testcase name="Test Cases/Regression/LookUps/SL-09 First Name" time="20.252" classname="Test Cases/Regression/LookUps/SL-09 First Name" status="PASSED">
         <system-out><![CDATA[2023-02-06 12:50:33 - [TEST_CASE][PASSED] - Test Cases/Regression/LookUps/SL-09 First Name: Test Cases/Regression/LookUps/SL-09 First Name

2023-02-06 12:50:33 - [TEST_STEP][PASSED] - Start listener action : sampleBeforeTestCase: null

2023-02-06 12:50:33 - [TEST_STEP][PASSED] - println(testCaseContext.getTestCaseId()): null

2023-02-06 12:50:33 - [TEST_STEP][PASSED] - println(testCaseContext.getTestCaseVariables()): null

2023-02-06 12:50:34 - [TEST_STEP][PASSED] - if (waitForElementPresent(btn_back, 10)): null

2023-02-06 12:50:34 - [MESSAGE][PASSED] - Element 'Object Repository/Regression/SC-009 First Name Screen/btn back' is present

2023-02-06 12:50:34 - [TEST_STEP][PASSED] - com.spotlove.Utility.tap_back(): com.spotlove.Utility.tap_back is PASSED

2023-02-06 12:50:34 - [MESSAGE][PASSED] - com.spotlove.Utility.tap_back is PASSED

2023-02-06 12:50:34 - [TEST_STEP][PASSED] - markPassed("User navigate back to the Source screen......!"): User navigate back to the Source screen......!

2023-02-06 12:50:34 - [MESSAGE][PASSED] - User navigate back to the Source screen......!

2023-02-06 12:50:34 - [TEST_STEP][PASSED] - if (waitForElementPresent(btn_Continue2, 10)): null

2023-02-06 12:50:34 - [MESSAGE][PASSED] - Element 'Object Repository/Regression/SC-008 Referel Screen/btn Continue' is present

2023-02-06 12:50:34 - [TEST_STEP][PASSED] - com.spotlove.Utility.tap_Continue(): com.spotlove.Utility.tap_Continue is PASSED

2023-02-06 12:50:34 - [MESSAGE][PASSED] - com.spotlove.Utility.tap_Continue is PASSED

2023-02-06 12:50:34 - [TEST_STEP][PASSED] - markPassed("User navigate Move forword to the First Name screen......!"): User navigate Move forword to the First Name screen......!

2023-02-06 12:50:34 - [MESSAGE][PASSED] - User navigate Move forword to the First Name screen......!

2023-02-06 12:50:34 - [TEST_STEP][PASSED] - if (waitForElementPresent(Contact_icon, 30)): null

2023-02-06 12:50:34 - [MESSAGE][PASSED] - Element 'Object Repository/Regression/SC-009 First Name Screen/Contact icon' is present

2023-02-06 12:50:34 - [TEST_STEP][PASSED] - markPassed("Contact icon found......!"): Contact icon found......!

2023-02-06 12:50:34 - [MESSAGE][PASSED] - Contact icon found......!

2023-02-06 12:50:34 - [TEST_STEP][PASSED] - if (waitForElementPresent(lbl_what, 10)): null

2023-02-06 12:50:35 - [MESSAGE][PASSED] - Element 'Object Repository/Regression/SC-009 First Name Screen/Lbl text - What should we call you' is present

2023-02-06 12:50:35 - [TEST_STEP][PASSED] - markPassed("What should we call you? label text found......!"): What should we call you? label text found......!

2023-02-06 12:50:35 - [MESSAGE][PASSED] - What should we call you? label text found......!

2023-02-06 12:50:35 - [TEST_STEP][PASSED] - if (waitForElementPresent(lbl_tell, 10)): null

2023-02-06 12:50:35 - [MESSAGE][PASSED] - Element 'Object Repository/Regression/SC-009 First Name Screen/Lbl text - Tell us your first name' is present

2023-02-06 12:50:35 - [TEST_STEP][PASSED] - markPassed("Tell us your first name label text found......!"): Tell us your first name label text found......!

2023-02-06 12:50:35 - [MESSAGE][PASSED] - Tell us your first name label text found......!

2023-02-06 12:50:35 - [TEST_STEP][PASSED] - if (waitForElementPresent(First_Name, 10)): null

2023-02-06 12:50:35 - [MESSAGE][PASSED] - Element 'Object Repository/Regression/SC-009 First Name Screen/Input name field' is present

2023-02-06 12:50:35 - [TEST_STEP][PASSED] - setText(First_Name, S_First_Name, 0): Text 'Hamza' has been set to element 'Object Repository/Regression/SC-009 First Name Screen/Input name field'

2023-02-06 12:50:35 - [MESSAGE][WARNING] - Timeout '0' is invalid. Using default page load timeout: '30'

2023-02-06 12:50:37 - [MESSAGE][PASSED] - Text 'Hamza' has been set to element 'Object Repository/Regression/SC-009 First Name Screen/Input name field'

2023-02-06 12:50:37 - [TEST_STEP][PASSED] - markPassed("First name Entered text......!"): First name Entered text......!

2023-02-06 12:50:37 - [MESSAGE][PASSED] - First name Entered text......!

2023-02-06 12:50:37 - [TEST_STEP][PASSED] - if (waitForElementPresent(btn_continue, 10)): null

2023-02-06 12:50:37 - [MESSAGE][PASSED] - Element 'Object Repository/Regression/SC-009 First Name Screen/btn Continue' is present

2023-02-06 12:50:37 - [TEST_STEP][PASSED] - tap(btn_continue, 10): Tapped on element 'Object Repository/Regression/SC-009 First Name Screen/btn Continue'

2023-02-06 12:50:38 - [MESSAGE][PASSED] - Tapped on element 'Object Repository/Regression/SC-009 First Name Screen/btn Continue'

2023-02-06 12:50:38 - [TEST_STEP][PASSED] - delay(15): Delayed 15 second(s)

2023-02-06 12:50:53 - [MESSAGE][PASSED] - Delayed 15 second(s)

2023-02-06 12:50:53 - [TEST_STEP][PASSED] - markPassed("User navigate Move forword to the Birth date screen......!"): User navigate Move forword to the Birth date screen......!

2023-02-06 12:50:53 - [MESSAGE][PASSED] - User navigate Move forword to the Birth date screen......!

2023-02-06 12:50:53 - [TEST_STEP][PASSED] - if (waitForElementPresent(cake_icon, 10)): null

2023-02-06 12:50:53 - [MESSAGE][PASSED] - Element 'Object Repository/Regression/SC-010 DOB Screen/cake Icon' is present

2023-02-06 12:50:53 - [TEST_STEP][PASSED] - markPassed("Cake icon found......!"): Cake icon found......!

2023-02-06 12:50:53 - [MESSAGE][PASSED] - Cake icon found......!

2023-02-06 12:50:53 - [TEST_STEP][PASSED] - Start listener action : sampleAfterTestCase: null

2023-02-06 12:50:53 - [TEST_STEP][PASSED] - println(testCaseContext.getTestCaseId()): null

2023-02-06 12:50:53 - [TEST_STEP][PASSED] - println(testCaseContext.getTestCaseStatus()): null]]></system-out>
         <system-err><![CDATA[]]></system-err>
      </testcase>
      <testcase name="Test Cases/Regression/LookUps/SL-10 Birth date" time="19.177" classname="Test Cases/Regression/LookUps/SL-10 Birth date" status="PASSED">
         <system-out><![CDATA[2023-02-06 12:50:53 - [TEST_CASE][PASSED] - Test Cases/Regression/LookUps/SL-10 Birth date: Test Cases/Regression/LookUps/SL-10 Birth date

2023-02-06 12:50:54 - [TEST_STEP][PASSED] - Start listener action : sampleBeforeTestCase: null

2023-02-06 12:50:54 - [TEST_STEP][PASSED] - println(testCaseContext.getTestCaseId()): null

2023-02-06 12:50:54 - [TEST_STEP][PASSED] - println(testCaseContext.getTestCaseVariables()): null

2023-02-06 12:50:54 - [TEST_STEP][PASSED] - if (waitForElementPresent(btn_back, 10)): null

2023-02-06 12:50:55 - [MESSAGE][PASSED] - Element 'Object Repository/Regression/SC-010 DOB Screen/btn back' is present

2023-02-06 12:50:55 - [TEST_STEP][PASSED] - tap(btn_back, 10): Tapped on element 'Object Repository/Regression/SC-010 DOB Screen/btn back'

2023-02-06 12:50:56 - [MESSAGE][PASSED] - Tapped on element 'Object Repository/Regression/SC-010 DOB Screen/btn back'

2023-02-06 12:50:56 - [TEST_STEP][PASSED] - markPassed("User navigate back to the First Name screen......!"): User navigate back to the First Name screen......!

2023-02-06 12:50:56 - [MESSAGE][PASSED] - User navigate back to the First Name screen......!

2023-02-06 12:50:56 - [TEST_STEP][PASSED] - if (waitForElementPresent(Contact_icon, 10)): null

2023-02-06 12:50:57 - [MESSAGE][PASSED] - Element 'Object Repository/Regression/SC-009 First Name Screen/Lbl text - What should we call you' is present

2023-02-06 12:50:57 - [TEST_STEP][PASSED] - tap(btn_previous_continue, 10): Tapped on element 'Object Repository/Regression/SC-009 First Name Screen/btn Continue'

2023-02-06 12:50:58 - [MESSAGE][PASSED] - Tapped on element 'Object Repository/Regression/SC-009 First Name Screen/btn Continue'

2023-02-06 12:50:58 - [TEST_STEP][PASSED] - markPassed("User navigate Move forword to the Date of Birth screen......!"): User navigate Move forword to the Date of Birth screen......!

2023-02-06 12:50:58 - [MESSAGE][PASSED] - User navigate Move forword to the Date of Birth screen......!

2023-02-06 12:50:58 - [TEST_STEP][PASSED] - if (waitForElementPresent(Cake_icon, 10)): null

2023-02-06 12:50:58 - [MESSAGE][PASSED] - Element 'Object Repository/Regression/SC-010 DOB Screen/cake Icon' is present

2023-02-06 12:50:58 - [TEST_STEP][PASSED] - markPassed("Cake icon found......!"): Cake icon found......!

2023-02-06 12:50:58 - [MESSAGE][PASSED] - Cake icon found......!

2023-02-06 12:50:58 - [TEST_STEP][PASSED] - if (waitForElementPresent(lbl_what, 10)): null

2023-02-06 12:51:01 - [MESSAGE][PASSED] - Element 'Object Repository/Regression/SC-010 DOB Screen/Lbl text - Whats your date of birth' is present

2023-02-06 12:51:01 - [TEST_STEP][PASSED] - markPassed("What's your date of birth? label text found......!"): What's your date of birth? label text found......!

2023-02-06 12:51:01 - [MESSAGE][PASSED] - What's your date of birth? label text found......!

2023-02-06 12:51:01 - [TEST_STEP][PASSED] - if (waitForElementPresent(lbl_AGe, 10)): null

2023-02-06 12:51:02 - [MESSAGE][PASSED] - Element 'Object Repository/Regression/SC-010 DOB Screen/Age Confirmation' is present

2023-02-06 12:51:02 - [TEST_STEP][PASSED] - markPassed("Age xx label text found......!"): Age xx label text found......!

2023-02-06 12:51:02 - [MESSAGE][PASSED] - Age xx label text found......!

2023-02-06 12:51:02 - [TEST_STEP][PASSED] - if (waitForElementPresent(lbl_This, 10)): null

2023-02-06 12:51:02 - [MESSAGE][PASSED] - Element 'Object Repository/Regression/SC-010 DOB Screen/Lbl text - This cant be changed later' is present

2023-02-06 12:51:02 - [TEST_STEP][PASSED] - markPassed("This can't be changed later label text found......!"): This can't be changed later label text found......!

2023-02-06 12:51:02 - [MESSAGE][PASSED] - This can't be changed later label text found......!

2023-02-06 12:51:02 - [TEST_STEP][PASSED] - if (waitForElementPresent(btn_continue, 10)): null

2023-02-06 12:51:03 - [MESSAGE][PASSED] - Element 'Object Repository/Regression/SC-010 DOB Screen/btn Continue' is present

2023-02-06 12:51:03 - [TEST_STEP][PASSED] - tap(btn_continue, 10): Tapped on element 'Object Repository/Regression/SC-010 DOB Screen/btn Continue'

2023-02-06 12:51:04 - [MESSAGE][PASSED] - Tapped on element 'Object Repository/Regression/SC-010 DOB Screen/btn Continue'

2023-02-06 12:51:04 - [TEST_STEP][PASSED] - markPassed("PopUp should opened on the screen.......!"): PopUp should opened on the screen.......!

2023-02-06 12:51:04 - [MESSAGE][PASSED] - PopUp should opened on the screen.......!

2023-02-06 12:51:04 - [TEST_STEP][PASSED] - if (waitForElementPresent(lbl_Please, 10)): null

2023-02-06 12:51:05 - [MESSAGE][PASSED] - Element 'Object Repository/Regression/SC-010 DOB Screen/Lbl text - Please confirm your birthdate' is present

2023-02-06 12:51:05 - [TEST_STEP][PASSED] - markPassed("Please confirm your birthdate on the PopUp label text found.......!"): Please confirm your birthdate on the PopUp label text found.......!

2023-02-06 12:51:05 - [MESSAGE][PASSED] - Please confirm your birthdate on the PopUp label text found.......!

2023-02-06 12:51:05 - [TEST_STEP][PASSED] - if (waitForElementPresent(lbl_can, 10)): null

2023-02-06 12:51:05 - [MESSAGE][PASSED] - Element 'Object Repository/Regression/SC-010 DOB Screen/Lbl text - This cant be changed later on POPUP' is present

2023-02-06 12:51:05 - [TEST_STEP][PASSED] - markPassed("This can't be changed later label text found.......!"): This can't be changed later label text found.......!

2023-02-06 12:51:05 - [MESSAGE][PASSED] - This can't be changed later label text found.......!

2023-02-06 12:51:05 - [TEST_STEP][PASSED] - if (waitForElementPresent(Age_cofirm, 10)): null

2023-02-06 12:51:06 - [MESSAGE][PASSED] - Element 'Object Repository/Regression/SC-010 DOB Screen/DOB confirmation' is present

2023-02-06 12:51:06 - [TEST_STEP][PASSED] - markPassed("Age Confirmation label text found.......!"): Age Confirmation label text found.......!

2023-02-06 12:51:06 - [MESSAGE][PASSED] - Age Confirmation label text found.......!

2023-02-06 12:51:06 - [TEST_STEP][PASSED] - if (waitForElementPresent(DOB_cofirmation, 10)): null

2023-02-06 12:51:06 - [MESSAGE][PASSED] - Element 'Object Repository/Regression/SC-010 DOB Screen/DOB confirmation' is present

2023-02-06 12:51:06 - [TEST_STEP][PASSED] - markPassed("DOB Confirmation label text found.......!"): DOB Confirmation label text found.......!

2023-02-06 12:51:06 - [MESSAGE][PASSED] - DOB Confirmation label text found.......!

2023-02-06 12:51:06 - [TEST_STEP][PASSED] - if (waitForElementPresent(btn_edit, 10)): null

2023-02-06 12:51:06 - [MESSAGE][PASSED] - Element 'Object Repository/Regression/SC-010 DOB Screen/btn edit on POPUP' is present

2023-02-06 12:51:06 - [TEST_STEP][PASSED] - tap(btn_edit, 10): Tapped on element 'Object Repository/Regression/SC-010 DOB Screen/btn edit on POPUP'

2023-02-06 12:51:06 - [MESSAGE][PASSED] - Tapped on element 'Object Repository/Regression/SC-010 DOB Screen/btn edit on POPUP'

2023-02-06 12:51:06 - [TEST_STEP][PASSED] - markPassed("User navigate back to the Date of Birth.......!"): User navigate back to the Date of Birth.......!

2023-02-06 12:51:06 - [MESSAGE][PASSED] - User navigate back to the Date of Birth.......!

2023-02-06 12:51:06 - [TEST_STEP][PASSED] - if (waitForElementPresent(btn_continue, 10)): null

2023-02-06 12:51:08 - [MESSAGE][PASSED] - Element 'Object Repository/Regression/SC-010 DOB Screen/btn Continue' is present

2023-02-06 12:51:08 - [TEST_STEP][PASSED] - tap(btn_continue, 10): Tapped on element 'Object Repository/Regression/SC-010 DOB Screen/btn Continue'

2023-02-06 12:51:09 - [MESSAGE][PASSED] - Tapped on element 'Object Repository/Regression/SC-010 DOB Screen/btn Continue'

2023-02-06 12:51:09 - [TEST_STEP][PASSED] - markPassed("PopUp should opened on the screen.......!"): PopUp should opened on the screen.......!

2023-02-06 12:51:09 - [MESSAGE][PASSED] - PopUp should opened on the screen.......!

2023-02-06 12:51:09 - [TEST_STEP][PASSED] - if (waitForElementPresent(btn_continue_popup, 10)): null

2023-02-06 12:51:10 - [MESSAGE][PASSED] - Element 'Object Repository/Regression/SC-010 DOB Screen/btn Continue on POPUP' is present

2023-02-06 12:51:10 - [TEST_STEP][PASSED] - tap(btn_continue_popup, 10): Tapped on element 'Object Repository/Regression/SC-010 DOB Screen/btn Continue on POPUP'

2023-02-06 12:51:10 - [MESSAGE][PASSED] - Tapped on element 'Object Repository/Regression/SC-010 DOB Screen/btn Continue on POPUP'

2023-02-06 12:51:10 - [TEST_STEP][PASSED] - markPassed("User navigate to the Gender Screen.......!"): User navigate to the Gender Screen.......!

2023-02-06 12:51:10 - [MESSAGE][PASSED] - User navigate to the Gender Screen.......!

2023-02-06 12:51:10 - [TEST_STEP][PASSED] - if (waitForElementPresent(mirror_icon, 10)): null

2023-02-06 12:51:13 - [MESSAGE][PASSED] - Element 'Object Repository/Regression/SC-011 Gender/Mirror Icon' is present

2023-02-06 12:51:13 - [TEST_STEP][PASSED] - markPassed("Mirror icon found on Gender Screen.......!"): Mirror icon found on Gender Screen.......!

2023-02-06 12:51:13 - [MESSAGE][PASSED] - Mirror icon found on Gender Screen.......!

2023-02-06 12:51:13 - [TEST_STEP][PASSED] - Start listener action : sampleAfterTestCase: null

2023-02-06 12:51:13 - [TEST_STEP][PASSED] - println(testCaseContext.getTestCaseId()): null

2023-02-06 12:51:13 - [TEST_STEP][PASSED] - println(testCaseContext.getTestCaseStatus()): null]]></system-out>
         <system-err><![CDATA[]]></system-err>
      </testcase>
      <testcase name="Test Cases/Regression/LookUps/SL-11 Gender Screen" time="13.049" classname="Test Cases/Regression/LookUps/SL-11 Gender Screen" status="PASSED">
         <system-out><![CDATA[2023-02-06 12:51:13 - [TEST_CASE][PASSED] - Test Cases/Regression/LookUps/SL-11 Gender Screen: Test Cases/Regression/LookUps/SL-11 Gender Screen

2023-02-06 12:51:13 - [TEST_STEP][PASSED] - Start listener action : sampleBeforeTestCase: null

2023-02-06 12:51:13 - [TEST_STEP][PASSED] - println(testCaseContext.getTestCaseId()): null

2023-02-06 12:51:13 - [TEST_STEP][PASSED] - println(testCaseContext.getTestCaseVariables()): null

2023-02-06 12:51:13 - [TEST_STEP][PASSED] - if (waitForElementPresent(btn_back, 10)): null

2023-02-06 12:51:13 - [MESSAGE][PASSED] - Element 'Object Repository/Regression/SC-011 Gender/btn back' is present

2023-02-06 12:51:13 - [TEST_STEP][PASSED] - tap(btn_back, 10): Tapped on element 'Object Repository/Regression/SC-011 Gender/btn back'

2023-02-06 12:51:14 - [MESSAGE][PASSED] - Tapped on element 'Object Repository/Regression/SC-011 Gender/btn back'

2023-02-06 12:51:14 - [TEST_STEP][PASSED] - markPassed("User navigate back to the Birthday screen......!"): User navigate back to the Birthday screen......!

2023-02-06 12:51:14 - [MESSAGE][PASSED] - User navigate back to the Birthday screen......!

2023-02-06 12:51:14 - [TEST_STEP][PASSED] - if (waitForElementPresent(cake_icon, 10)): null

2023-02-06 12:51:16 - [MESSAGE][PASSED] - Element 'Object Repository/Regression/SC-010 DOB Screen/btn Continue' is present

2023-02-06 12:51:16 - [TEST_STEP][PASSED] - markPassed("Cake icon found on Birthday screen......!"): Cake icon found on Birthday screen......!

2023-02-06 12:51:16 - [MESSAGE][PASSED] - Cake icon found on Birthday screen......!

2023-02-06 12:51:16 - [TEST_STEP][PASSED] - if (waitForElementPresent(btn_continue, 10)): null

2023-02-06 12:51:17 - [MESSAGE][PASSED] - Element 'Object Repository/Regression/SC-010 DOB Screen/btn Continue' is present

2023-02-06 12:51:17 - [TEST_STEP][PASSED] - tap(btn_continue, 10): Tapped on element 'Object Repository/Regression/SC-010 DOB Screen/btn Continue'

2023-02-06 12:51:17 - [MESSAGE][PASSED] - Tapped on element 'Object Repository/Regression/SC-010 DOB Screen/btn Continue'

2023-02-06 12:51:17 - [TEST_STEP][PASSED] - markPassed("PopUp should opened on the screen.......!"): PopUp should opened on the screen.......!

2023-02-06 12:51:17 - [MESSAGE][PASSED] - PopUp should opened on the screen.......!

2023-02-06 12:51:17 - [TEST_STEP][PASSED] - if (waitForElementPresent(btn_continue_popup, 10)): null

2023-02-06 12:51:19 - [MESSAGE][PASSED] - Element 'Object Repository/Regression/SC-010 DOB Screen/btn Continue on POPUP' is present

2023-02-06 12:51:19 - [TEST_STEP][PASSED] - tap(btn_continue_popup, 10): Tapped on element 'Object Repository/Regression/SC-010 DOB Screen/btn Continue on POPUP'

2023-02-06 12:51:19 - [MESSAGE][PASSED] - Tapped on element 'Object Repository/Regression/SC-010 DOB Screen/btn Continue on POPUP'

2023-02-06 12:51:19 - [TEST_STEP][PASSED] - markPassed("User navigate to the Gender Screen.......!"): User navigate to the Gender Screen.......!

2023-02-06 12:51:19 - [MESSAGE][PASSED] - User navigate to the Gender Screen.......!

2023-02-06 12:51:19 - [TEST_STEP][PASSED] - if (waitForElementPresent(mirror_icon, 10)): null

2023-02-06 12:51:22 - [MESSAGE][PASSED] - Element 'Object Repository/Regression/SC-011 Gender/Mirror Icon' is present

2023-02-06 12:51:22 - [TEST_STEP][PASSED] - markPassed("Mirror icon found on Gender Screen.......!"): Mirror icon found on Gender Screen.......!

2023-02-06 12:51:22 - [MESSAGE][PASSED] - Mirror icon found on Gender Screen.......!

2023-02-06 12:51:22 - [TEST_STEP][PASSED] - if (waitForElementPresent(lbl_how, 10)): null

2023-02-06 12:51:22 - [MESSAGE][PASSED] - Element 'Object Repository/Regression/SC-011 Gender/Lbl text - How do you identify' is present

2023-02-06 12:51:22 - [TEST_STEP][PASSED] - markPassed("How do you identify? label text found.......!"): How do you identify? label text found.......!

2023-02-06 12:51:22 - [MESSAGE][PASSED] - How do you identify? label text found.......!

2023-02-06 12:51:22 - [TEST_STEP][PASSED] - com.spotlove.Utility.dating_Pref(random): com.spotlove.Utility.dating_Pref is PASSED

2023-02-06 12:51:23 - [MESSAGE][PASSED] - com.spotlove.Utility.dating_Pref is PASSED

2023-02-06 12:51:23 - [TEST_STEP][PASSED] - markPassed("Gender selection successfully.......!"): Gender selection successfully.......!

2023-02-06 12:51:23 - [MESSAGE][PASSED] - Gender selection successfully.......!

2023-02-06 12:51:23 - [TEST_STEP][PASSED] - if (waitForElementPresent(btn_G_Continue, 10)): null

2023-02-06 12:51:24 - [MESSAGE][PASSED] - Element 'Object Repository/Regression/SC-011 Gender/btn Continue' is present

2023-02-06 12:51:24 - [TEST_STEP][PASSED] - tap(btn_G_Continue, 10): Tapped on element 'Object Repository/Regression/SC-011 Gender/btn Continue'

2023-02-06 12:51:24 - [MESSAGE][PASSED] - Tapped on element 'Object Repository/Regression/SC-011 Gender/btn Continue'

2023-02-06 12:51:24 - [TEST_STEP][PASSED] - markPassed("User navigate to the Sexual Orientation Screen.......!"): User navigate to the Sexual Orientation Screen.......!

2023-02-06 12:51:24 - [MESSAGE][PASSED] - User navigate to the Sexual Orientation Screen.......!

2023-02-06 12:51:24 - [TEST_STEP][PASSED] - if (waitForElementPresent(profile_icon, 10)): null

2023-02-06 12:51:26 - [MESSAGE][PASSED] - Element 'Object Repository/Regression/SC-012 Into/Person Icon' is present

2023-02-06 12:51:26 - [TEST_STEP][PASSED] - markPassed("Profile icon found on next Screen.......!"): Profile icon found on next Screen.......!

2023-02-06 12:51:26 - [MESSAGE][PASSED] - Profile icon found on next Screen.......!

2023-02-06 12:51:26 - [TEST_STEP][PASSED] - Start listener action : sampleAfterTestCase: null

2023-02-06 12:51:26 - [TEST_STEP][PASSED] - println(testCaseContext.getTestCaseId()): null

2023-02-06 12:51:26 - [TEST_STEP][PASSED] - println(testCaseContext.getTestCaseStatus()): null]]></system-out>
         <system-err><![CDATA[]]></system-err>
      </testcase>
      <testcase name="Test Cases/Regression/LookUps/SL-12 Sexual Orientation" time="16.214" classname="Test Cases/Regression/LookUps/SL-12 Sexual Orientation" status="PASSED">
         <system-out><![CDATA[2023-02-06 12:51:26 - [TEST_CASE][PASSED] - Test Cases/Regression/LookUps/SL-12 Sexual Orientation: Test Cases/Regression/LookUps/SL-12 Sexual Orientation

2023-02-06 12:51:26 - [TEST_STEP][PASSED] - Start listener action : sampleBeforeTestCase: null

2023-02-06 12:51:26 - [TEST_STEP][PASSED] - println(testCaseContext.getTestCaseId()): null

2023-02-06 12:51:26 - [TEST_STEP][PASSED] - println(testCaseContext.getTestCaseVariables()): null

2023-02-06 12:51:26 - [TEST_STEP][PASSED] - if (waitForElementPresent(btn_back, 10)): null

2023-02-06 12:51:27 - [MESSAGE][PASSED] - Element 'Object Repository/Regression/SC-012 Into/btn back' is present

2023-02-06 12:51:27 - [TEST_STEP][PASSED] - tap(btn_back, 10): Tapped on element 'Object Repository/Regression/SC-012 Into/btn back'

2023-02-06 12:51:27 - [MESSAGE][PASSED] - Tapped on element 'Object Repository/Regression/SC-012 Into/btn back'

2023-02-06 12:51:27 - [TEST_STEP][PASSED] - markPassed("User navigate back to the Gender screen......!"): User navigate back to the Gender screen......!

2023-02-06 12:51:27 - [MESSAGE][PASSED] - User navigate back to the Gender screen......!

2023-02-06 12:51:27 - [TEST_STEP][PASSED] - delay(10): Delayed 10 second(s)

2023-02-06 12:51:37 - [MESSAGE][PASSED] - Delayed 10 second(s)

2023-02-06 12:51:37 - [TEST_STEP][PASSED] - if (waitForElementPresent(mirror_icon, 20)): null

2023-02-06 12:51:37 - [MESSAGE][PASSED] - Element 'Object Repository/Regression/SC-011 Gender/Mirror Icon' is present

2023-02-06 12:51:37 - [TEST_STEP][PASSED] - markPassed("Mirror icon found on Gender screen......!"): Mirror icon found on Gender screen......!

2023-02-06 12:51:37 - [MESSAGE][PASSED] - Mirror icon found on Gender screen......!

2023-02-06 12:51:37 - [TEST_STEP][PASSED] - if (waitForElementPresent(btn_continue, 10)): null

2023-02-06 12:51:38 - [MESSAGE][PASSED] - Element 'Object Repository/Regression/SC-011 Gender/btn Continue' is present

2023-02-06 12:51:38 - [TEST_STEP][PASSED] - tap(btn_continue, 10): Tapped on element 'Object Repository/Regression/SC-011 Gender/btn Continue'

2023-02-06 12:51:38 - [MESSAGE][PASSED] - Tapped on element 'Object Repository/Regression/SC-011 Gender/btn Continue'

2023-02-06 12:51:38 - [TEST_STEP][PASSED] - markPassed("User navigate to the Gender Screen......!"): User navigate to the Gender Screen......!

2023-02-06 12:51:38 - [MESSAGE][PASSED] - User navigate to the Gender Screen......!

2023-02-06 12:51:38 - [TEST_STEP][PASSED] - if (waitForElementPresent(profile_icon, 10)): null

2023-02-06 12:51:38 - [MESSAGE][PASSED] - Element 'Object Repository/Regression/SC-012 Into/Person Icon' is present

2023-02-06 12:51:38 - [TEST_STEP][PASSED] - markPassed("Profile icon found on Into screen......!"): Profile icon found on Into screen......!

2023-02-06 12:51:38 - [MESSAGE][PASSED] - Profile icon found on Into screen......!

2023-02-06 12:51:38 - [TEST_STEP][PASSED] - if (waitForElementPresent(lbl_Who, 10)): null

2023-02-06 12:51:40 - [MESSAGE][PASSED] - Element 'Object Repository/Regression/SC-012 Into/Lbl text - Who are you into' is present

2023-02-06 12:51:40 - [TEST_STEP][PASSED] - markPassed("Who are you into? label text found......!"): Who are you into? label text found......!

2023-02-06 12:51:40 - [MESSAGE][PASSED] - Who are you into? label text found......!

2023-02-06 12:51:40 - [TEST_STEP][PASSED] - com.spotlove.Utility.dating_Pref(random): com.spotlove.Utility.dating_Pref is PASSED

2023-02-06 12:51:41 - [MESSAGE][PASSED] - com.spotlove.Utility.dating_Pref is PASSED

2023-02-06 12:51:41 - [TEST_STEP][PASSED] - markPassed("Partner gender Selection successfully......!"): Partner gender Selection successfully......!

2023-02-06 12:51:41 - [MESSAGE][PASSED] - Partner gender Selection successfully......!

2023-02-06 12:51:41 - [TEST_STEP][PASSED] - if (waitForElementPresent(btn_S_Continue, 10)): null

2023-02-06 12:51:41 - [MESSAGE][PASSED] - Element 'Object Repository/Regression/SC-012 Into/btn continue' is present

2023-02-06 12:51:41 - [TEST_STEP][PASSED] - tap(btn_S_Continue, 10): Tapped on element 'Object Repository/Regression/SC-012 Into/btn continue'

2023-02-06 12:51:41 - [MESSAGE][PASSED] - Tapped on element 'Object Repository/Regression/SC-012 Into/btn continue'

2023-02-06 12:51:41 - [TEST_STEP][PASSED] - markPassed("User navigate to the Height Screen.......!"): User navigate to the Height Screen.......!

2023-02-06 12:51:41 - [MESSAGE][PASSED] - User navigate to the Height Screen.......!

2023-02-06 12:51:41 - [TEST_STEP][PASSED] - if (waitForElementPresent(Scale_icon, 10)): null

2023-02-06 12:51:42 - [MESSAGE][PASSED] - Element 'Object Repository/Regression/SC-013 Height/scale icon' is present

2023-02-06 12:51:42 - [TEST_STEP][PASSED] - markPassed("Scale icon found on next Screen.......!"): Scale icon found on next Screen.......!

2023-02-06 12:51:42 - [MESSAGE][PASSED] - Scale icon found on next Screen.......!

2023-02-06 12:51:42 - [TEST_STEP][PASSED] - Start listener action : sampleAfterTestCase: null

2023-02-06 12:51:42 - [TEST_STEP][PASSED] - println(testCaseContext.getTestCaseId()): null

2023-02-06 12:51:42 - [TEST_STEP][PASSED] - println(testCaseContext.getTestCaseStatus()): null]]></system-out>
         <system-err><![CDATA[]]></system-err>
      </testcase>
      <testcase name="Test Cases/Regression/LookUps/SL-13 Height Screen" time="17.026" classname="Test Cases/Regression/LookUps/SL-13 Height Screen" status="PASSED">
         <system-out><![CDATA[2023-02-06 12:51:42 - [TEST_CASE][PASSED] - Test Cases/Regression/LookUps/SL-13 Height Screen: Test Cases/Regression/LookUps/SL-13 Height Screen

2023-02-06 12:51:42 - [TEST_STEP][PASSED] - Start listener action : sampleBeforeTestCase: null

2023-02-06 12:51:42 - [TEST_STEP][PASSED] - println(testCaseContext.getTestCaseId()): null

2023-02-06 12:51:42 - [TEST_STEP][PASSED] - println(testCaseContext.getTestCaseVariables()): null

2023-02-06 12:51:42 - [TEST_STEP][PASSED] - if (waitForElementPresent(btn_back, 10)): null

2023-02-06 12:51:44 - [MESSAGE][PASSED] - Element 'Object Repository/Regression/SC-013 Height/btn back' is present

2023-02-06 12:51:44 - [TEST_STEP][PASSED] - tap(btn_back, 10): Tapped on element 'Object Repository/Regression/SC-013 Height/btn back'

2023-02-06 12:51:44 - [MESSAGE][PASSED] - Tapped on element 'Object Repository/Regression/SC-013 Height/btn back'

2023-02-06 12:51:44 - [TEST_STEP][PASSED] - markPassed("User navigate back to the Sexual Orientation screen......!"): User navigate back to the Sexual Orientation screen......!

2023-02-06 12:51:44 - [MESSAGE][PASSED] - User navigate back to the Sexual Orientation screen......!

2023-02-06 12:51:44 - [TEST_STEP][PASSED] - delay(10): Delayed 10 second(s)

2023-02-06 12:51:54 - [MESSAGE][PASSED] - Delayed 10 second(s)

2023-02-06 12:51:54 - [TEST_STEP][PASSED] - if (waitForElementPresent(profile_icon, 10)): null

2023-02-06 12:51:55 - [MESSAGE][PASSED] - Element 'Object Repository/Regression/SC-012 Into/Person Icon' is present

2023-02-06 12:51:55 - [TEST_STEP][PASSED] - markPassed("Profile icon found on Gender screen......!"): Profile icon found on Gender screen......!

2023-02-06 12:51:55 - [MESSAGE][PASSED] - Profile icon found on Gender screen......!

2023-02-06 12:51:55 - [TEST_STEP][PASSED] - if (waitForElementPresent(btn_continue, 10)): null

2023-02-06 12:51:55 - [MESSAGE][PASSED] - Element 'Object Repository/Regression/SC-012 Into/btn continue' is present

2023-02-06 12:51:55 - [TEST_STEP][PASSED] - tap(btn_continue, 10): Tapped on element 'Object Repository/Regression/SC-012 Into/btn continue'

2023-02-06 12:51:55 - [MESSAGE][PASSED] - Tapped on element 'Object Repository/Regression/SC-012 Into/btn continue'

2023-02-06 12:51:55 - [TEST_STEP][PASSED] - markPassed("User navigate to the Height Screen......!"): User navigate to the Height Screen......!

2023-02-06 12:51:55 - [MESSAGE][PASSED] - User navigate to the Height Screen......!

2023-02-06 12:51:55 - [TEST_STEP][PASSED] - if (waitForElementPresent(scale_icon, 10)): null

2023-02-06 12:51:56 - [MESSAGE][PASSED] - Element 'Object Repository/Regression/SC-013 Height/scale icon' is present

2023-02-06 12:51:56 - [TEST_STEP][PASSED] - markPassed("Scale icon found on Into screen......!"): Scale icon found on Into screen......!

2023-02-06 12:51:56 - [MESSAGE][PASSED] - Scale icon found on Into screen......!

2023-02-06 12:51:56 - [TEST_STEP][PASSED] - if (waitForElementPresent(lbl_How, 10)): null

2023-02-06 12:51:58 - [MESSAGE][PASSED] - Element 'Object Repository/Regression/SC-013 Height/Lbl text - How tall are you' is present

2023-02-06 12:51:58 - [TEST_STEP][PASSED] - markPassed("How tall are you? label text found......!"): How tall are you? label text found......!

2023-02-06 12:51:58 - [MESSAGE][PASSED] - How tall are you? label text found......!

2023-02-06 12:51:58 - [TEST_STEP][PASSED] - if (waitForElementPresent(btn_H_Continue, 10)): null

2023-02-06 12:51:58 - [MESSAGE][PASSED] - Element 'Object Repository/Regression/SC-013 Height/btn continue' is present

2023-02-06 12:51:58 - [TEST_STEP][PASSED] - tap(btn_H_Continue, 10): Tapped on element 'Object Repository/Regression/SC-013 Height/btn continue'

2023-02-06 12:51:58 - [MESSAGE][PASSED] - Tapped on element 'Object Repository/Regression/SC-013 Height/btn continue'

2023-02-06 12:51:58 - [TEST_STEP][PASSED] - markPassed("User navigate to the Ethnicity Screen.......!"): User navigate to the Ethnicity Screen.......!

2023-02-06 12:51:58 - [MESSAGE][PASSED] - User navigate to the Ethnicity Screen.......!

2023-02-06 12:51:58 - [TEST_STEP][PASSED] - if (waitForElementPresent(ethnicity_icon, 10)): null

2023-02-06 12:51:59 - [MESSAGE][PASSED] - Element 'Object Repository/Regression/SC-014 Ethnicity/Ethnicity Icon' is present

2023-02-06 12:51:59 - [TEST_STEP][PASSED] - markPassed("Ethnicity icon found on next Screen.......!"): Ethnicity icon found on next Screen.......!

2023-02-06 12:51:59 - [MESSAGE][PASSED] - Ethnicity icon found on next Screen.......!

2023-02-06 12:51:59 - [TEST_STEP][PASSED] - Start listener action : sampleAfterTestCase: null

2023-02-06 12:51:59 - [TEST_STEP][PASSED] - println(testCaseContext.getTestCaseId()): null

2023-02-06 12:51:59 - [TEST_STEP][PASSED] - println(testCaseContext.getTestCaseStatus()): null]]></system-out>
         <system-err><![CDATA[]]></system-err>
      </testcase>
      <testcase name="Test Cases/Regression/LookUps/SL-14 Ethnicity" time="21.697" classname="Test Cases/Regression/LookUps/SL-14 Ethnicity" status="PASSED">
         <system-out><![CDATA[2023-02-06 12:51:59 - [TEST_CASE][PASSED] - Test Cases/Regression/LookUps/SL-14 Ethnicity: Test Cases/Regression/LookUps/SL-14 Ethnicity

2023-02-06 12:51:59 - [TEST_STEP][PASSED] - Start listener action : sampleBeforeTestCase: null

2023-02-06 12:51:59 - [TEST_STEP][PASSED] - println(testCaseContext.getTestCaseId()): null

2023-02-06 12:51:59 - [TEST_STEP][PASSED] - println(testCaseContext.getTestCaseVariables()): null

2023-02-06 12:51:59 - [TEST_STEP][PASSED] - if (waitForElementPresent(btn_back, 10)): null

2023-02-06 12:52:00 - [MESSAGE][PASSED] - Element 'Object Repository/Regression/SC-014 Ethnicity/btn back' is present

2023-02-06 12:52:00 - [TEST_STEP][PASSED] - tap(btn_back, 10): Tapped on element 'Object Repository/Regression/SC-014 Ethnicity/btn back'

2023-02-06 12:52:01 - [MESSAGE][PASSED] - Tapped on element 'Object Repository/Regression/SC-014 Ethnicity/btn back'

2023-02-06 12:52:01 - [TEST_STEP][PASSED] - markPassed("User navigate back to the Height screen......!"): User navigate back to the Height screen......!

2023-02-06 12:52:01 - [MESSAGE][PASSED] - User navigate back to the Height screen......!

2023-02-06 12:52:01 - [TEST_STEP][PASSED] - delay(10): Delayed 10 second(s)

2023-02-06 12:52:11 - [MESSAGE][PASSED] - Delayed 10 second(s)

2023-02-06 12:52:11 - [TEST_STEP][PASSED] - if (waitForElementPresent(scale_icon, 20)): null

2023-02-06 12:52:11 - [MESSAGE][PASSED] - Element 'Object Repository/Regression/SC-013 Height/scale icon' is present

2023-02-06 12:52:11 - [TEST_STEP][PASSED] - markPassed("Scale icon found on Height screen......!"): Scale icon found on Height screen......!

2023-02-06 12:52:11 - [MESSAGE][PASSED] - Scale icon found on Height screen......!

2023-02-06 12:52:11 - [TEST_STEP][PASSED] - if (waitForElementPresent(btn_continue, 10)): null

2023-02-06 12:52:11 - [MESSAGE][PASSED] - Element 'Object Repository/Regression/SC-013 Height/btn continue' is present

2023-02-06 12:52:11 - [TEST_STEP][PASSED] - tap(btn_continue, 10): Tapped on element 'Object Repository/Regression/SC-013 Height/btn continue'

2023-02-06 12:52:12 - [MESSAGE][PASSED] - Tapped on element 'Object Repository/Regression/SC-013 Height/btn continue'

2023-02-06 12:52:12 - [TEST_STEP][PASSED] - markPassed("User navigate to the Ethnicity Screen......!"): User navigate to the Ethnicity Screen......!

2023-02-06 12:52:12 - [MESSAGE][PASSED] - User navigate to the Ethnicity Screen......!

2023-02-06 12:52:12 - [TEST_STEP][PASSED] - if (waitForElementPresent(ethnicity_icon, 10)): null

2023-02-06 12:52:12 - [MESSAGE][PASSED] - Element 'Object Repository/Regression/SC-014 Ethnicity/Ethnicity Icon' is present

2023-02-06 12:52:12 - [TEST_STEP][PASSED] - markPassed("Ethnicity icon found on Ethnicity screen......!"): Ethnicity icon found on Ethnicity screen......!

2023-02-06 12:52:12 - [MESSAGE][PASSED] - Ethnicity icon found on Ethnicity screen......!

2023-02-06 12:52:12 - [TEST_STEP][PASSED] - if (waitForElementPresent(lbl_What, 10)): null

2023-02-06 12:52:14 - [MESSAGE][PASSED] - Element 'Object Repository/Regression/SC-014 Ethnicity/Lbl text - Whats your ethnicity' is present

2023-02-06 12:52:14 - [TEST_STEP][PASSED] - markPassed("What's your ethnicity? label text found......!"): What's your ethnicity? label text found......!

2023-02-06 12:52:14 - [MESSAGE][PASSED] - What's your ethnicity? label text found......!

2023-02-06 12:52:14 - [TEST_STEP][PASSED] - com.spotlove.Utility.dating_Pref(random): com.spotlove.Utility.dating_Pref is PASSED

2023-02-06 12:52:19 - [MESSAGE][PASSED] - com.spotlove.Utility.dating_Pref is PASSED

2023-02-06 12:52:19 - [TEST_STEP][PASSED] - markPassed("Ethnicity Selection successfully......!"): Ethnicity Selection successfully......!

2023-02-06 12:52:19 - [MESSAGE][PASSED] - Ethnicity Selection successfully......!

2023-02-06 12:52:19 - [TEST_STEP][PASSED] - if (waitForElementPresent(btn_E_Continue, 10)): null

2023-02-06 12:52:20 - [MESSAGE][PASSED] - Element 'Object Repository/Regression/SC-014 Ethnicity/btn Continue' is present

2023-02-06 12:52:20 - [TEST_STEP][PASSED] - tap(btn_E_Continue, 10): Tapped on element 'Object Repository/Regression/SC-014 Ethnicity/btn Continue'

2023-02-06 12:52:20 - [MESSAGE][PASSED] - Tapped on element 'Object Repository/Regression/SC-014 Ethnicity/btn Continue'

2023-02-06 12:52:20 - [TEST_STEP][PASSED] - markPassed("User navigate to the Height Screen.......!"): User navigate to the Height Screen.......!

2023-02-06 12:52:20 - [MESSAGE][PASSED] - User navigate to the Height Screen.......!

2023-02-06 12:52:20 - [TEST_STEP][PASSED] - if (waitForElementPresent(book_icon, 10)): null

2023-02-06 12:52:21 - [MESSAGE][PASSED] - Element 'Object Repository/Regression/SC-015 Religion/Holy Book Icon' is present

2023-02-06 12:52:21 - [TEST_STEP][PASSED] - markPassed("Holly Book icon found on next Screen.......!"): Holly Book icon found on next Screen.......!

2023-02-06 12:52:21 - [MESSAGE][PASSED] - Holly Book icon found on next Screen.......!

2023-02-06 12:52:21 - [TEST_STEP][PASSED] - Start listener action : sampleAfterTestCase: null

2023-02-06 12:52:21 - [TEST_STEP][PASSED] - println(testCaseContext.getTestCaseId()): null

2023-02-06 12:52:21 - [TEST_STEP][PASSED] - println(testCaseContext.getTestCaseStatus()): null]]></system-out>
         <system-err><![CDATA[]]></system-err>
      </testcase>
      <testcase name="Test Cases/Regression/LookUps/SL-15 Religion" time="21.512" classname="Test Cases/Regression/LookUps/SL-15 Religion" status="PASSED">
         <system-out><![CDATA[2023-02-06 12:52:21 - [TEST_CASE][PASSED] - Test Cases/Regression/LookUps/SL-15 Religion: Test Cases/Regression/LookUps/SL-15 Religion

2023-02-06 12:52:21 - [TEST_STEP][PASSED] - Start listener action : sampleBeforeTestCase: null

2023-02-06 12:52:21 - [TEST_STEP][PASSED] - println(testCaseContext.getTestCaseId()): null

2023-02-06 12:52:21 - [TEST_STEP][PASSED] - println(testCaseContext.getTestCaseVariables()): null

2023-02-06 12:52:21 - [TEST_STEP][PASSED] - if (waitForElementPresent(btn_back, 10)): null

2023-02-06 12:52:22 - [MESSAGE][PASSED] - Element 'Object Repository/Regression/SC-015 Religion/btn back' is present

2023-02-06 12:52:22 - [TEST_STEP][PASSED] - tap(btn_back, 10): Tapped on element 'Object Repository/Regression/SC-015 Religion/btn back'

2023-02-06 12:52:23 - [MESSAGE][PASSED] - Tapped on element 'Object Repository/Regression/SC-015 Religion/btn back'

2023-02-06 12:52:23 - [TEST_STEP][PASSED] - markPassed("User navigate back to the Ethinicity screen......!"): User navigate back to the Ethinicity screen......!

2023-02-06 12:52:23 - [MESSAGE][PASSED] - User navigate back to the Ethinicity screen......!

2023-02-06 12:52:23 - [TEST_STEP][PASSED] - delay(10): Delayed 10 second(s)

2023-02-06 12:52:33 - [MESSAGE][PASSED] - Delayed 10 second(s)

2023-02-06 12:52:33 - [TEST_STEP][PASSED] - if (waitForElementPresent(ethnicity_icon, 20)): null

2023-02-06 12:52:34 - [MESSAGE][PASSED] - Element 'Object Repository/Regression/SC-014 Ethnicity/Ethnicity Icon' is present

2023-02-06 12:52:34 - [TEST_STEP][PASSED] - markPassed("Ethnicity icon found on Ethnicty screen......!"): Ethnicity icon found on Ethnicty screen......!

2023-02-06 12:52:34 - [MESSAGE][PASSED] - Ethnicity icon found on Ethnicty screen......!

2023-02-06 12:52:34 - [TEST_STEP][PASSED] - if (waitForElementPresent(btn_continue, 10)): null

2023-02-06 12:52:34 - [MESSAGE][PASSED] - Element 'Object Repository/Regression/SC-014 Ethnicity/btn Continue' is present

2023-02-06 12:52:34 - [TEST_STEP][PASSED] - tap(btn_continue, 10): Tapped on element 'Object Repository/Regression/SC-014 Ethnicity/btn Continue'

2023-02-06 12:52:35 - [MESSAGE][PASSED] - Tapped on element 'Object Repository/Regression/SC-014 Ethnicity/btn Continue'

2023-02-06 12:52:35 - [TEST_STEP][PASSED] - markPassed("User navigate to the Religon Screen......!"): User navigate to the Religon Screen......!

2023-02-06 12:52:35 - [MESSAGE][PASSED] - User navigate to the Religon Screen......!

2023-02-06 12:52:35 - [TEST_STEP][PASSED] - if (waitForElementPresent(book_icon, 10)): null

2023-02-06 12:52:35 - [MESSAGE][PASSED] - Element 'Object Repository/Regression/SC-015 Religion/Holy Book Icon' is present

2023-02-06 12:52:35 - [TEST_STEP][PASSED] - markPassed("Book icon found on Religon screen......!"): Book icon found on Religon screen......!

2023-02-06 12:52:35 - [MESSAGE][PASSED] - Book icon found on Religon screen......!

2023-02-06 12:52:35 - [TEST_STEP][PASSED] - if (waitForElementPresent(lbl_What, 10)): null

2023-02-06 12:52:37 - [MESSAGE][PASSED] - Element 'Object Repository/Regression/SC-015 Religion/Lbl text - Whats your religion' is present

2023-02-06 12:52:37 - [TEST_STEP][PASSED] - markPassed("What's your religon? label text found......!"): What's your religon? label text found......!

2023-02-06 12:52:37 - [MESSAGE][PASSED] - What's your religon? label text found......!

2023-02-06 12:52:37 - [TEST_STEP][PASSED] - com.spotlove.Utility.dating_Pref(random): com.spotlove.Utility.dating_Pref is PASSED

2023-02-06 12:52:41 - [MESSAGE][PASSED] - com.spotlove.Utility.dating_Pref is PASSED

2023-02-06 12:52:41 - [TEST_STEP][PASSED] - markPassed("Religon Selection successfully......!"): Religon Selection successfully......!

2023-02-06 12:52:41 - [MESSAGE][PASSED] - Religon Selection successfully......!

2023-02-06 12:52:41 - [TEST_STEP][PASSED] - if (waitForElementPresent(btn_R_Continue, 10)): null

2023-02-06 12:52:41 - [MESSAGE][PASSED] - Element 'Object Repository/Regression/SC-015 Religion/btn Continue' is present

2023-02-06 12:52:41 - [TEST_STEP][PASSED] - tap(btn_R_Continue, 10): Tapped on element 'Object Repository/Regression/SC-015 Religion/btn Continue'

2023-02-06 12:52:42 - [MESSAGE][PASSED] - Tapped on element 'Object Repository/Regression/SC-015 Religion/btn Continue'

2023-02-06 12:52:42 - [TEST_STEP][PASSED] - markPassed("User navigate to the Ethnicity Screen.......!"): User navigate to the Ethnicity Screen.......!

2023-02-06 12:52:42 - [MESSAGE][PASSED] - User navigate to the Ethnicity Screen.......!

2023-02-06 12:52:42 - [TEST_STEP][PASSED] - if (waitForElementPresent(heart_icon, 10)): null

2023-02-06 12:52:42 - [MESSAGE][PASSED] - Element 'Object Repository/Regression/SC-016 Relationship Status/Heart icon' is present

2023-02-06 12:52:42 - [TEST_STEP][PASSED] - markPassed("Heart icon found on next Screen.......!"): Heart icon found on next Screen.......!

2023-02-06 12:52:42 - [MESSAGE][PASSED] - Heart icon found on next Screen.......!

2023-02-06 12:52:42 - [TEST_STEP][PASSED] - Start listener action : sampleAfterTestCase: null

2023-02-06 12:52:42 - [TEST_STEP][PASSED] - println(testCaseContext.getTestCaseId()): null

2023-02-06 12:52:42 - [TEST_STEP][PASSED] - println(testCaseContext.getTestCaseStatus()): null]]></system-out>
         <system-err><![CDATA[]]></system-err>
      </testcase>
      <testcase name="Test Cases/Regression/LookUps/SL-16 Relationship Status" time="20.845" classname="Test Cases/Regression/LookUps/SL-16 Relationship Status" status="PASSED">
         <system-out><![CDATA[2023-02-06 12:52:42 - [TEST_CASE][PASSED] - Test Cases/Regression/LookUps/SL-16 Relationship Status: Test Cases/Regression/LookUps/SL-16 Relationship Status

2023-02-06 12:52:42 - [TEST_STEP][PASSED] - Start listener action : sampleBeforeTestCase: null

2023-02-06 12:52:42 - [TEST_STEP][PASSED] - println(testCaseContext.getTestCaseId()): null

2023-02-06 12:52:42 - [TEST_STEP][PASSED] - println(testCaseContext.getTestCaseVariables()): null

2023-02-06 12:52:42 - [TEST_STEP][PASSED] - if (waitForElementPresent(btn_back, 10)): null

2023-02-06 12:52:45 - [MESSAGE][PASSED] - Element 'Object Repository/Regression/SC-016 Relationship Status/btn back' is present

2023-02-06 12:52:45 - [TEST_STEP][PASSED] - tap(btn_back, 10): Tapped on element 'Object Repository/Regression/SC-016 Relationship Status/btn back'

2023-02-06 12:52:45 - [MESSAGE][PASSED] - Tapped on element 'Object Repository/Regression/SC-016 Relationship Status/btn back'

2023-02-06 12:52:45 - [TEST_STEP][PASSED] - markPassed("User navigate back to the Religon screen......!"): User navigate back to the Religon screen......!

2023-02-06 12:52:45 - [MESSAGE][PASSED] - User navigate back to the Religon screen......!

2023-02-06 12:52:45 - [TEST_STEP][PASSED] - delay(10): Delayed 10 second(s)

2023-02-06 12:52:55 - [MESSAGE][PASSED] - Delayed 10 second(s)

2023-02-06 12:52:55 - [TEST_STEP][PASSED] - if (waitForElementPresent(book_icon, 20)): null

2023-02-06 12:52:55 - [MESSAGE][PASSED] - Element 'Object Repository/Regression/SC-015 Religion/Holy Book Icon' is present

2023-02-06 12:52:55 - [TEST_STEP][PASSED] - markPassed("book icon found on Religon screen......!"): book icon found on Religon screen......!

2023-02-06 12:52:55 - [MESSAGE][PASSED] - book icon found on Religon screen......!

2023-02-06 12:52:55 - [TEST_STEP][PASSED] - if (waitForElementPresent(btn_continue, 10)): null

2023-02-06 12:52:55 - [MESSAGE][PASSED] - Element 'Object Repository/Regression/SC-015 Religion/btn Continue' is present

2023-02-06 12:52:55 - [TEST_STEP][PASSED] - tap(btn_continue, 10): Tapped on element 'Object Repository/Regression/SC-015 Religion/btn Continue'

2023-02-06 12:52:56 - [MESSAGE][PASSED] - Tapped on element 'Object Repository/Regression/SC-015 Religion/btn Continue'

2023-02-06 12:52:56 - [TEST_STEP][PASSED] - markPassed("User navigate to the Reletionship Status Screen......!"): User navigate to the Reletionship Status Screen......!

2023-02-06 12:52:56 - [MESSAGE][PASSED] - User navigate to the Reletionship Status Screen......!

2023-02-06 12:52:56 - [TEST_STEP][PASSED] - if (waitForElementPresent(heart_icon, 10)): null

2023-02-06 12:52:56 - [MESSAGE][PASSED] - Element 'Object Repository/Regression/SC-016 Relationship Status/Heart icon' is present

2023-02-06 12:52:56 - [TEST_STEP][PASSED] - markPassed("Heart icon found on Reletionship Status screen......!"): Heart icon found on Reletionship Status screen......!

2023-02-06 12:52:56 - [MESSAGE][PASSED] - Heart icon found on Reletionship Status screen......!

2023-02-06 12:52:56 - [TEST_STEP][PASSED] - if (waitForElementPresent(lbl_What, 10)): null

2023-02-06 12:52:58 - [MESSAGE][PASSED] - Element 'Object Repository/Regression/SC-016 Relationship Status/Lbl text - Whats your relationship status' is present

2023-02-06 12:52:58 - [TEST_STEP][PASSED] - markPassed("What's your Reletionship Status? label text found......!"): What's your Reletionship Status? label text found......!

2023-02-06 12:52:58 - [MESSAGE][PASSED] - What's your Reletionship Status? label text found......!

2023-02-06 12:52:58 - [TEST_STEP][PASSED] - com.spotlove.Utility.dating_Pref(random): com.spotlove.Utility.dating_Pref is PASSED

2023-02-06 12:53:01 - [MESSAGE][PASSED] - com.spotlove.Utility.dating_Pref is PASSED

2023-02-06 12:53:01 - [TEST_STEP][PASSED] - markPassed("Reletionship Status Selection successfully......!"): Reletionship Status Selection successfully......!

2023-02-06 12:53:01 - [MESSAGE][PASSED] - Reletionship Status Selection successfully......!

2023-02-06 12:53:01 - [TEST_STEP][PASSED] - if (waitForElementPresent(btn_R_Continue, 10)): null

2023-02-06 12:53:02 - [MESSAGE][PASSED] - Element 'Object Repository/Regression/SC-016 Relationship Status/btn continue' is present

2023-02-06 12:53:02 - [TEST_STEP][PASSED] - tap(btn_R_Continue, 10): Tapped on element 'Object Repository/Regression/SC-016 Relationship Status/btn continue'

2023-02-06 12:53:03 - [MESSAGE][PASSED] - Tapped on element 'Object Repository/Regression/SC-016 Relationship Status/btn continue'

2023-02-06 12:53:03 - [TEST_STEP][PASSED] - markPassed("User navigate to the Children & Family Plan Screen.......!"): User navigate to the Children & Family Plan Screen.......!

2023-02-06 12:53:03 - [MESSAGE][PASSED] - User navigate to the Children & Family Plan Screen.......!

2023-02-06 12:53:03 - [TEST_STEP][PASSED] - if (waitForElementPresent(face_icon, 10)): null

2023-02-06 12:53:03 - [MESSAGE][PASSED] - Element 'Object Repository/Regression/SC-017 Family Plan/Face icon' is present

2023-02-06 12:53:03 - [TEST_STEP][PASSED] - markPassed("Face icon found on next Screen.......!"): Face icon found on next Screen.......!

2023-02-06 12:53:03 - [MESSAGE][PASSED] - Face icon found on next Screen.......!

2023-02-06 12:53:03 - [TEST_STEP][PASSED] - Start listener action : sampleAfterTestCase: null

2023-02-06 12:53:03 - [TEST_STEP][PASSED] - println(testCaseContext.getTestCaseId()): null

2023-02-06 12:53:03 - [TEST_STEP][PASSED] - println(testCaseContext.getTestCaseStatus()): null]]></system-out>
         <system-err><![CDATA[]]></system-err>
      </testcase>
      <testcase name="Test Cases/Regression/LookUps/SL-17 Family Plan" time="20.456" classname="Test Cases/Regression/LookUps/SL-17 Family Plan" status="PASSED">
         <system-out><![CDATA[2023-02-06 12:53:03 - [TEST_CASE][PASSED] - Test Cases/Regression/LookUps/SL-17 Family Plan: Test Cases/Regression/LookUps/SL-17 Family Plan

2023-02-06 12:53:03 - [TEST_STEP][PASSED] - Start listener action : sampleBeforeTestCase: null

2023-02-06 12:53:03 - [TEST_STEP][PASSED] - println(testCaseContext.getTestCaseId()): null

2023-02-06 12:53:03 - [TEST_STEP][PASSED] - println(testCaseContext.getTestCaseVariables()): null

2023-02-06 12:53:03 - [TEST_STEP][PASSED] - if (waitForElementPresent(btn_back, 10)): null

2023-02-06 12:53:05 - [MESSAGE][PASSED] - Element 'Object Repository/Regression/SC-017 Family Plan/btn back' is present

2023-02-06 12:53:05 - [TEST_STEP][PASSED] - tap(btn_back, 10): Tapped on element 'Object Repository/Regression/SC-017 Family Plan/btn back'

2023-02-06 12:53:06 - [MESSAGE][PASSED] - Tapped on element 'Object Repository/Regression/SC-017 Family Plan/btn back'

2023-02-06 12:53:06 - [TEST_STEP][PASSED] - markPassed("User navigate back to the Relationship Status screen......!"): User navigate back to the Relationship Status screen......!

2023-02-06 12:53:06 - [MESSAGE][PASSED] - User navigate back to the Relationship Status screen......!

2023-02-06 12:53:06 - [TEST_STEP][PASSED] - delay(10): Delayed 10 second(s)

2023-02-06 12:53:16 - [MESSAGE][PASSED] - Delayed 10 second(s)

2023-02-06 12:53:16 - [TEST_STEP][PASSED] - if (waitForElementPresent(heart_icon, 20)): null

2023-02-06 12:53:16 - [MESSAGE][PASSED] - Element 'Object Repository/Regression/SC-016 Relationship Status/Heart icon' is present

2023-02-06 12:53:16 - [TEST_STEP][PASSED] - markPassed("Heart icon found on  Relationship Status screen......!"): Heart icon found on  Relationship Status screen......!

2023-02-06 12:53:16 - [MESSAGE][PASSED] - Heart icon found on  Relationship Status screen......!

2023-02-06 12:53:16 - [TEST_STEP][PASSED] - if (waitForElementPresent(btn_continue, 10)): null

2023-02-06 12:53:16 - [MESSAGE][PASSED] - Element 'Object Repository/Regression/SC-016 Relationship Status/btn continue' is present

2023-02-06 12:53:16 - [TEST_STEP][PASSED] - tap(btn_continue, 10): Tapped on element 'Object Repository/Regression/SC-016 Relationship Status/btn continue'

2023-02-06 12:53:16 - [MESSAGE][PASSED] - Tapped on element 'Object Repository/Regression/SC-016 Relationship Status/btn continue'

2023-02-06 12:53:16 - [TEST_STEP][PASSED] - markPassed("User navigate to the Family Plan Screen......!"): User navigate to the Family Plan Screen......!

2023-02-06 12:53:16 - [MESSAGE][PASSED] - User navigate to the Family Plan Screen......!

2023-02-06 12:53:16 - [TEST_STEP][PASSED] - if (waitForElementPresent(face_icon, 10)): null

2023-02-06 12:53:17 - [MESSAGE][PASSED] - Element 'Object Repository/Regression/SC-017 Family Plan/Face icon' is present

2023-02-06 12:53:17 - [TEST_STEP][PASSED] - markPassed("Face icon found on Family Plan screen......!"): Face icon found on Family Plan screen......!

2023-02-06 12:53:17 - [MESSAGE][PASSED] - Face icon found on Family Plan screen......!

2023-02-06 12:53:17 - [TEST_STEP][PASSED] - if (waitForElementPresent(lbl_tell, 10)): null

2023-02-06 12:53:19 - [MESSAGE][PASSED] - Element 'Object Repository/Regression/SC-017 Family Plan/Lbl text - Tell us about your family' is present

2023-02-06 12:53:19 - [TEST_STEP][PASSED] - markPassed("Tell us about your family label text found......!"): Tell us about your family label text found......!

2023-02-06 12:53:19 - [MESSAGE][PASSED] - Tell us about your family label text found......!

2023-02-06 12:53:19 - [TEST_STEP][PASSED] - if (waitForElementPresent(lbl_do, 10)): null

2023-02-06 12:53:19 - [MESSAGE][PASSED] - Element 'Object Repository/Regression/SC-017 Family Plan/Lbl text - Do you have children' is present

2023-02-06 12:53:19 - [TEST_STEP][PASSED] - markPassed("Do you have children? label text found......!"): Do you have children? label text found......!

2023-02-06 12:53:19 - [MESSAGE][PASSED] - Do you have children? label text found......!

2023-02-06 12:53:19 - [TEST_STEP][PASSED] - com.spotlove.Utility.comma_sprt_value(random): com.spotlove.Utility.comma_sprt_value is PASSED

2023-02-06 12:53:20 - [MESSAGE][PASSED] - com.spotlove.Utility.comma_sprt_value is PASSED

2023-02-06 12:53:20 - [TEST_STEP][PASSED] - markPassed("Children Selection successfully......!"): Children Selection successfully......!

2023-02-06 12:53:20 - [MESSAGE][PASSED] - Children Selection successfully......!

2023-02-06 12:53:20 - [TEST_STEP][PASSED] - if (waitForElementPresent(lbl_what, 10)): null

2023-02-06 12:53:21 - [MESSAGE][PASSED] - Element 'Object Repository/Regression/SC-017 Family Plan/Lbl text - What are your family plans' is present

2023-02-06 12:53:21 - [TEST_STEP][PASSED] - markPassed("What are your family Plans? label text found......!"): What are your family Plans? label text found......!

2023-02-06 12:53:21 - [MESSAGE][PASSED] - What are your family Plans? label text found......!

2023-02-06 12:53:21 - [TEST_STEP][PASSED] - com.spotlove.Utility.dating_Pref(randoom): com.spotlove.Utility.dating_Pref is PASSED

2023-02-06 12:53:22 - [MESSAGE][PASSED] - com.spotlove.Utility.dating_Pref is PASSED

2023-02-06 12:53:22 - [TEST_STEP][PASSED] - markPassed("Family Plan Selection successfully......!"): Family Plan Selection successfully......!

2023-02-06 12:53:22 - [MESSAGE][PASSED] - Family Plan Selection successfully......!

2023-02-06 12:53:22 - [TEST_STEP][PASSED] - if (waitForElementPresent(btn_F_Continue, 10)): null

2023-02-06 12:53:22 - [MESSAGE][PASSED] - Element 'Object Repository/Regression/SC-017 Family Plan/btn Continue' is present

2023-02-06 12:53:22 - [TEST_STEP][PASSED] - tap(btn_F_Continue, 10): Tapped on element 'Object Repository/Regression/SC-017 Family Plan/btn Continue'

2023-02-06 12:53:23 - [MESSAGE][PASSED] - Tapped on element 'Object Repository/Regression/SC-017 Family Plan/btn Continue'

2023-02-06 12:53:23 - [TEST_STEP][PASSED] - markPassed("User navigate to the Education Screen.......!"): User navigate to the Education Screen.......!

2023-02-06 12:53:23 - [MESSAGE][PASSED] - User navigate to the Education Screen.......!

2023-02-06 12:53:23 - [TEST_STEP][PASSED] - if (waitForElementPresent(studyHat_icon, 10)): null

2023-02-06 12:53:23 - [MESSAGE][PASSED] - Element 'Object Repository/Regression/SC-018 Education/Hat Icon' is present

2023-02-06 12:53:23 - [TEST_STEP][PASSED] - markPassed("Study Hat icon found on next Screen.......!"): Study Hat icon found on next Screen.......!

2023-02-06 12:53:23 - [MESSAGE][PASSED] - Study Hat icon found on next Screen.......!

2023-02-06 12:53:23 - [TEST_STEP][PASSED] - Start listener action : sampleAfterTestCase: null

2023-02-06 12:53:23 - [TEST_STEP][PASSED] - println(testCaseContext.getTestCaseId()): null

2023-02-06 12:53:23 - [TEST_STEP][PASSED] - println(testCaseContext.getTestCaseStatus()): null]]></system-out>
         <system-err><![CDATA[]]></system-err>
      </testcase>
      <testcase name="Test Cases/Regression/LookUps/SL-18 Education" time="20.31" classname="Test Cases/Regression/LookUps/SL-18 Education" status="PASSED">
         <system-out><![CDATA[2023-02-06 12:53:23 - [TEST_CASE][PASSED] - Test Cases/Regression/LookUps/SL-18 Education: Test Cases/Regression/LookUps/SL-18 Education

2023-02-06 12:53:24 - [TEST_STEP][PASSED] - Start listener action : sampleBeforeTestCase: null

2023-02-06 12:53:24 - [TEST_STEP][PASSED] - println(testCaseContext.getTestCaseId()): null

2023-02-06 12:53:24 - [TEST_STEP][PASSED] - println(testCaseContext.getTestCaseVariables()): null

2023-02-06 12:53:24 - [TEST_STEP][PASSED] - if (waitForElementPresent(btn_back, 10)): null

2023-02-06 12:53:26 - [MESSAGE][PASSED] - Element 'Object Repository/Regression/SC-018 Education/btn back' is present

2023-02-06 12:53:26 - [TEST_STEP][PASSED] - tap(btn_back, 10): Tapped on element 'Object Repository/Regression/SC-018 Education/btn back'

2023-02-06 12:53:26 - [MESSAGE][PASSED] - Tapped on element 'Object Repository/Regression/SC-018 Education/btn back'

2023-02-06 12:53:26 - [TEST_STEP][PASSED] - markPassed("User navigate back to the Family Plans screen......!"): User navigate back to the Family Plans screen......!

2023-02-06 12:53:26 - [MESSAGE][PASSED] - User navigate back to the Family Plans screen......!

2023-02-06 12:53:26 - [TEST_STEP][PASSED] - delay(10): Delayed 10 second(s)

2023-02-06 12:53:36 - [MESSAGE][PASSED] - Delayed 10 second(s)

2023-02-06 12:53:36 - [TEST_STEP][PASSED] - if (waitForElementPresent(face_icon, 20)): null

2023-02-06 12:53:36 - [MESSAGE][PASSED] - Element 'Object Repository/Regression/SC-017 Family Plan/Face icon' is present

2023-02-06 12:53:36 - [TEST_STEP][PASSED] - markPassed("Face icon found on Religon screen......!"): Face icon found on Religon screen......!

2023-02-06 12:53:36 - [MESSAGE][PASSED] - Face icon found on Religon screen......!

2023-02-06 12:53:36 - [TEST_STEP][PASSED] - if (waitForElementPresent(btn_continue, 10)): null

2023-02-06 12:53:37 - [MESSAGE][PASSED] - Element 'Object Repository/Regression/SC-017 Family Plan/btn Continue' is present

2023-02-06 12:53:37 - [TEST_STEP][PASSED] - tap(btn_continue, 10): Tapped on element 'Object Repository/Regression/SC-017 Family Plan/btn Continue'

2023-02-06 12:53:37 - [MESSAGE][PASSED] - Tapped on element 'Object Repository/Regression/SC-017 Family Plan/btn Continue'

2023-02-06 12:53:37 - [TEST_STEP][PASSED] - markPassed("User navigate to the Education Screen......!"): User navigate to the Education Screen......!

2023-02-06 12:53:37 - [MESSAGE][PASSED] - User navigate to the Education Screen......!

2023-02-06 12:53:37 - [TEST_STEP][PASSED] - if (waitForElementPresent(hat_icon, 10)): null

2023-02-06 12:53:37 - [MESSAGE][PASSED] - Element 'Object Repository/Regression/SC-018 Education/Hat Icon' is present

2023-02-06 12:53:37 - [TEST_STEP][PASSED] - markPassed("Hat icon found on Education screen......!"): Hat icon found on Education screen......!

2023-02-06 12:53:37 - [MESSAGE][PASSED] - Hat icon found on Education screen......!

2023-02-06 12:53:37 - [TEST_STEP][PASSED] - if (waitForElementPresent(lbl_What, 10)): null

2023-02-06 12:53:40 - [MESSAGE][PASSED] - Element 'Object Repository/Regression/SC-018 Education/Lbl text - Whats your education background' is present

2023-02-06 12:53:40 - [TEST_STEP][PASSED] - markPassed("What's your Education background? label text found......!"): What's your Education background? label text found......!

2023-02-06 12:53:40 - [MESSAGE][PASSED] - What's your Education background? label text found......!

2023-02-06 12:53:40 - [TEST_STEP][PASSED] - com.spotlove.Utility.dating_Pref(random): com.spotlove.Utility.dating_Pref is PASSED

2023-02-06 12:53:42 - [MESSAGE][PASSED] - com.spotlove.Utility.dating_Pref is PASSED

2023-02-06 12:53:42 - [TEST_STEP][PASSED] - markPassed("Education Selection successfully......!"): Education Selection successfully......!

2023-02-06 12:53:42 - [MESSAGE][PASSED] - Education Selection successfully......!

2023-02-06 12:53:42 - [TEST_STEP][PASSED] - if (waitForElementPresent(btn_E_Continue, 10)): null

2023-02-06 12:53:43 - [MESSAGE][PASSED] - Element 'Object Repository/Regression/SC-018 Education/btn continue' is present

2023-02-06 12:53:43 - [TEST_STEP][PASSED] - tap(btn_E_Continue, 10): Tapped on element 'Object Repository/Regression/SC-018 Education/btn continue'

2023-02-06 12:53:43 - [MESSAGE][PASSED] - Tapped on element 'Object Repository/Regression/SC-018 Education/btn continue'

2023-02-06 12:53:43 - [TEST_STEP][PASSED] - markPassed("User navigate to the Vices Screen.......!"): User navigate to the Vices Screen.......!

2023-02-06 12:53:43 - [MESSAGE][PASSED] - User navigate to the Vices Screen.......!

2023-02-06 12:53:43 - [TEST_STEP][PASSED] - if (waitForElementPresent(bottle_icon, 10)): null

2023-02-06 12:53:44 - [MESSAGE][PASSED] - Element 'Object Repository/Regression/SC-019 Vices/bottle icon' is present

2023-02-06 12:53:44 - [TEST_STEP][PASSED] - markPassed("Bottle icon found on next Screen.......!"): Bottle icon found on next Screen.......!

2023-02-06 12:53:44 - [MESSAGE][PASSED] - Bottle icon found on next Screen.......!

2023-02-06 12:53:44 - [TEST_STEP][PASSED] - Start listener action : sampleAfterTestCase: null

2023-02-06 12:53:44 - [TEST_STEP][PASSED] - println(testCaseContext.getTestCaseId()): null

2023-02-06 12:53:44 - [TEST_STEP][PASSED] - println(testCaseContext.getTestCaseStatus()): null]]></system-out>
         <system-err><![CDATA[]]></system-err>
      </testcase>
      <testcase name="Test Cases/Regression/LookUps/Sl-19 Vices" time="28.589" classname="Test Cases/Regression/LookUps/Sl-19 Vices" status="PASSED">
         <system-out><![CDATA[2023-02-06 12:53:44 - [TEST_CASE][PASSED] - Test Cases/Regression/LookUps/Sl-19 Vices: Test Cases/Regression/LookUps/Sl-19 Vices

2023-02-06 12:53:44 - [TEST_STEP][PASSED] - Start listener action : sampleBeforeTestCase: null

2023-02-06 12:53:44 - [TEST_STEP][PASSED] - println(testCaseContext.getTestCaseId()): null

2023-02-06 12:53:44 - [TEST_STEP][PASSED] - println(testCaseContext.getTestCaseVariables()): null

2023-02-06 12:53:44 - [TEST_STEP][PASSED] - if (waitForElementPresent(btn_back, 10)): null

2023-02-06 12:53:45 - [MESSAGE][PASSED] - Element 'Object Repository/Regression/SC-019 Vices/btn back' is present

2023-02-06 12:53:45 - [TEST_STEP][PASSED] - tap(btn_back, 10): Tapped on element 'Object Repository/Regression/SC-019 Vices/btn back'

2023-02-06 12:53:46 - [MESSAGE][PASSED] - Tapped on element 'Object Repository/Regression/SC-019 Vices/btn back'

2023-02-06 12:53:46 - [TEST_STEP][PASSED] - markPassed("User navigate back to the Education screen......!"): User navigate back to the Education screen......!

2023-02-06 12:53:46 - [MESSAGE][PASSED] - User navigate back to the Education screen......!

2023-02-06 12:53:46 - [TEST_STEP][PASSED] - delay(10): Delayed 10 second(s)

2023-02-06 12:53:56 - [MESSAGE][PASSED] - Delayed 10 second(s)

2023-02-06 12:53:56 - [TEST_STEP][PASSED] - if (waitForElementPresent(hat_icon, 20)): null

2023-02-06 12:53:56 - [MESSAGE][PASSED] - Element 'Object Repository/Regression/SC-018 Education/Hat Icon' is present

2023-02-06 12:53:56 - [TEST_STEP][PASSED] - markPassed("Hat icon found on Education screen......!"): Hat icon found on Education screen......!

2023-02-06 12:53:56 - [MESSAGE][PASSED] - Hat icon found on Education screen......!

2023-02-06 12:53:56 - [TEST_STEP][PASSED] - if (waitForElementPresent(btn_continue, 10)): null

2023-02-06 12:53:56 - [MESSAGE][PASSED] - Element 'Object Repository/Regression/SC-018 Education/btn continue' is present

2023-02-06 12:53:56 - [TEST_STEP][PASSED] - tap(btn_continue, 10): Tapped on element 'Object Repository/Regression/SC-018 Education/btn continue'

2023-02-06 12:53:57 - [MESSAGE][PASSED] - Tapped on element 'Object Repository/Regression/SC-018 Education/btn continue'

2023-02-06 12:53:57 - [TEST_STEP][PASSED] - markPassed("User navigate to the Vices Screen......!"): User navigate to the Vices Screen......!

2023-02-06 12:53:57 - [MESSAGE][PASSED] - User navigate to the Vices Screen......!

2023-02-06 12:53:57 - [TEST_STEP][PASSED] - if (waitForElementPresent(bottle_icon, 10)): null

2023-02-06 12:53:57 - [MESSAGE][PASSED] - Element 'Object Repository/Regression/SC-019 Vices/bottle icon' is present

2023-02-06 12:53:57 - [TEST_STEP][PASSED] - markPassed("Bottle icon found on Vices screen......!"): Bottle icon found on Vices screen......!

2023-02-06 12:53:57 - [MESSAGE][PASSED] - Bottle icon found on Vices screen......!

2023-02-06 12:53:57 - [TEST_STEP][PASSED] - if (waitForElementPresent(lbl_What, 10)): null

2023-02-06 12:54:00 - [MESSAGE][PASSED] - Element 'Object Repository/Regression/SC-019 Vices/Lbl text - What are your vices' is present

2023-02-06 12:54:00 - [TEST_STEP][PASSED] - markPassed("What are your vices? label text found......!"): What are your vices? label text found......!

2023-02-06 12:54:00 - [MESSAGE][PASSED] - What are your vices? label text found......!

2023-02-06 12:54:00 - [TEST_STEP][PASSED] - if (waitForElementPresent(btn_toggle_M, 10)): null

2023-02-06 12:54:00 - [MESSAGE][PASSED] - Element 'Object Repository/Regression/SC-019 Vices/btn_Marijuano_Switch - OFF' is present

2023-02-06 12:54:00 - [TEST_STEP][PASSED] - tap(btn_toggle_M, 10): Tapped on element 'Object Repository/Regression/SC-019 Vices/btn_Marijuano_Switch - OFF'

2023-02-06 12:54:01 - [MESSAGE][PASSED] - Tapped on element 'Object Repository/Regression/SC-019 Vices/btn_Marijuano_Switch - OFF'

2023-02-06 12:54:01 - [TEST_STEP][PASSED] - markPassed("Marijuana Toggle button On......!"): Marijuana Toggle button On......!

2023-02-06 12:54:01 - [MESSAGE][PASSED] - Marijuana Toggle button On......!

2023-02-06 12:54:01 - [TEST_STEP][PASSED] - if (waitForElementPresent(btn_toggle_S, 10)): null

2023-02-06 12:54:02 - [MESSAGE][PASSED] - Element 'Object Repository/Regression/SC-019 Vices/btn_Smoking_Switch - OFF' is present

2023-02-06 12:54:02 - [TEST_STEP][PASSED] - tap(btn_toggle_S, 10): Tapped on element 'Object Repository/Regression/SC-019 Vices/btn_Smoking_Switch - OFF'

2023-02-06 12:54:02 - [MESSAGE][PASSED] - Tapped on element 'Object Repository/Regression/SC-019 Vices/btn_Smoking_Switch - OFF'

2023-02-06 12:54:02 - [TEST_STEP][PASSED] - markPassed("Smoking Toggle button On......!"): Smoking Toggle button On......!

2023-02-06 12:54:02 - [MESSAGE][PASSED] - Smoking Toggle button On......!

2023-02-06 12:54:02 - [TEST_STEP][PASSED] - if (waitForElementPresent(btn_toggle_A, 10)): null

2023-02-06 12:54:03 - [MESSAGE][PASSED] - Element 'Object Repository/Regression/SC-019 Vices/btn_Alcohol_Switch - OFF' is present

2023-02-06 12:54:03 - [TEST_STEP][PASSED] - tap(btn_toggle_A, 10): Tapped on element 'Object Repository/Regression/SC-019 Vices/btn_Alcohol_Switch - OFF'

2023-02-06 12:54:04 - [MESSAGE][PASSED] - Tapped on element 'Object Repository/Regression/SC-019 Vices/btn_Alcohol_Switch - OFF'

2023-02-06 12:54:04 - [TEST_STEP][PASSED] - markPassed("Alcohol Toggle button On......!"): Alcohol Toggle button On......!

2023-02-06 12:54:04 - [MESSAGE][PASSED] - Alcohol Toggle button On......!

2023-02-06 12:54:04 - [TEST_STEP][PASSED] - com.spotlove.Utility.dating_Pref(A_random): com.spotlove.Utility.dating_Pref is PASSED

2023-02-06 12:54:06 - [MESSAGE][PASSED] - com.spotlove.Utility.dating_Pref is PASSED

2023-02-06 12:54:06 - [TEST_STEP][PASSED] - markPassed("Alcohol Toggle button On......!"): Alcohol Toggle button On......!

2023-02-06 12:54:06 - [MESSAGE][PASSED] - Alcohol Toggle button On......!

2023-02-06 12:54:06 - [TEST_STEP][PASSED] - com.spotlove.Utility.dating_Pref(S_random): com.spotlove.Utility.dating_Pref is PASSED

2023-02-06 12:54:08 - [MESSAGE][PASSED] - com.spotlove.Utility.dating_Pref is PASSED

2023-02-06 12:54:08 - [TEST_STEP][PASSED] - markPassed("Smoking Selected......!"): Smoking Selected......!

2023-02-06 12:54:08 - [MESSAGE][PASSED] - Smoking Selected......!

2023-02-06 12:54:08 - [TEST_STEP][PASSED] - com.spotlove.Utility.dating_Pref(M_random): com.spotlove.Utility.dating_Pref is PASSED

2023-02-06 12:54:11 - [MESSAGE][PASSED] - com.spotlove.Utility.dating_Pref is PASSED

2023-02-06 12:54:11 - [TEST_STEP][PASSED] - markPassed("Marijuana Selected......!"): Marijuana Selected......!

2023-02-06 12:54:11 - [MESSAGE][PASSED] - Marijuana Selected......!

2023-02-06 12:54:11 - [TEST_STEP][PASSED] - if (waitForElementPresent(btn_V_Continue, 10)): null

2023-02-06 12:54:12 - [MESSAGE][PASSED] - Element 'Object Repository/Regression/SC-019 Vices/android.widget.TextView - Continue' is present

2023-02-06 12:54:12 - [TEST_STEP][PASSED] - tap(btn_V_Continue, 10): Tapped on element 'Object Repository/Regression/SC-019 Vices/android.widget.TextView - Continue'

2023-02-06 12:54:12 - [MESSAGE][PASSED] - Tapped on element 'Object Repository/Regression/SC-019 Vices/android.widget.TextView - Continue'

2023-02-06 12:54:12 - [TEST_STEP][PASSED] - markPassed("User navigate to the justice Screen.......!"): User navigate to the justice Screen.......!

2023-02-06 12:54:12 - [MESSAGE][PASSED] - User navigate to the justice Screen.......!

2023-02-06 12:54:12 - [TEST_STEP][PASSED] - if (waitForElementPresent(justice_icon, 10)): null

2023-02-06 12:54:12 - [MESSAGE][PASSED] - Element 'Object Repository/Regression/SC-020 Politics/justics Icon' is present

2023-02-06 12:54:12 - [TEST_STEP][PASSED] - markPassed("justice icon found on next Screen.......!"): justice icon found on next Screen.......!

2023-02-06 12:54:12 - [MESSAGE][PASSED] - justice icon found on next Screen.......!

2023-02-06 12:54:12 - [TEST_STEP][PASSED] - Start listener action : sampleAfterTestCase: null

2023-02-06 12:54:12 - [TEST_STEP][PASSED] - println(testCaseContext.getTestCaseId()): null

2023-02-06 12:54:12 - [TEST_STEP][PASSED] - println(testCaseContext.getTestCaseStatus()): null]]></system-out>
         <system-err><![CDATA[]]></system-err>
      </testcase>
      <testcase name="Test Cases/Regression/LookUps/SL-20 Politics" time="16.535" classname="Test Cases/Regression/LookUps/SL-20 Politics" status="ERROR">
         <error type="ERROR" message="Test Cases/Regression/LookUps/SL-20 Politics FAILED.
Reason:
org.openqa.selenium.StaleElementReferenceException: The element 'By.xpath: //*[contains(@text, &quot;Liberal&quot; )]' does not exist in DOM anymore
For documentation on this error, please visit: https://www.seleniumhq.org/exceptions/stale_element_reference.html
Build info: version: '3.141.59', revision: 'e82be7d358', time: '2018-11-14T08:25:53'
System info: host: '192.168.1.16', ip: '169.254.219.110', os.name: 'Mac OS X', os.arch: 'x86_64', os.version: '10.16', java.version: '1.8.0_275'
Driver info: com.kms.katalon.core.appium.driver.SwipeableAndroidDriver
Capabilities {appActivity: .Settings, appPackage: com.android.settings, autoGrantPermissions: true, automationName: uiautomator2, chromedriverPort: 49671, databaseEnabled: false, desired: {appActivity: .Settings, appPackage: com.android.settings, autoGrantPermissions: true, automationName: uiautomator2, chromedriverPort: 49671, deviceId: R9JNC0DKDXJ, deviceName: samsung SM-A025F (Android 12), newCommandTimeout: 1800, platform: ANDROID, platformName: android, platformVersion: 12, systemPort: 8274, udid: R9JNC0DKDXJ}, deviceApiLevel: 31, deviceId: R9JNC0DKDXJ, deviceManufacturer: samsung, deviceModel: SM-A025F, deviceName: R9JNC0DKDXJ, deviceScreenDensity: 280, deviceScreenSize: 720x1600, deviceUDID: R9JNC0DKDXJ, javascriptEnabled: true, locationContextEnabled: false, networkConnectionEnabled: true, newCommandTimeout: 1800, pixelRatio: 1.75, platform: ANDROID, platformName: Android, platformVersion: 12, statBarHeight: 45, systemPort: 8274, takesScreenshot: true, udid: R9JNC0DKDXJ, viewportRect: {height: 1426, left: 0, top: 45, width: 720}, warnings: {}, webStorageEnabled: false}
Session ID: a6dcff1b-42c7-4516-a6b1-289caf086ff6
	at org.openqa.selenium.remote.http.W3CHttpResponseCodec.createException(W3CHttpResponseCodec.java:187)
	at org.openqa.selenium.remote.http.W3CHttpResponseCodec.decode(W3CHttpResponseCodec.java:122)
	at org.openqa.selenium.remote.http.W3CHttpResponseCodec.decode(W3CHttpResponseCodec.java:49)
	at org.openqa.selenium.remote.HttpCommandExecutor.execute(HttpCommandExecutor.java:158)
	at io.appium.java_client.remote.AppiumCommandExecutor.execute(AppiumCommandExecutor.java:239)
	at org.openqa.selenium.remote.RemoteWebDriver.execute(RemoteWebDriver.java:552)
	at io.appium.java_client.DefaultGenericMobileDriver.execute(DefaultGenericMobileDriver.java:42)
	at io.appium.java_client.AppiumDriver.execute(AppiumDriver.java:1)
	at io.appium.java_client.android.AndroidDriver.execute(AndroidDriver.java:1)
	at com.kms.katalon.core.appium.driver.SwipeableAndroidDriver.execute(SwipeableAndroidDriver.java:1)
	at org.openqa.selenium.remote.RemoteWebElement.execute(RemoteWebElement.java:285)
	at io.appium.java_client.DefaultGenericMobileElement.execute(DefaultGenericMobileElement.java:45)
	at io.appium.java_client.MobileElement.execute(MobileElement.java:1)
	at io.appium.java_client.android.AndroidElement.execute(AndroidElement.java:1)
	at org.openqa.selenium.remote.RemoteWebElement.click(RemoteWebElement.java:84)
	at org.openqa.selenium.WebElement$click$0.call(Unknown Source)
	at com.spotlove.Utility.dating_Pref(Utility.groovy:64)
	at com.spotlove.Utility.invokeMethod(Utility.groovy)
	at com.kms.katalon.core.main.CustomKeywordDelegatingMetaClass.invokeStaticMethod(CustomKeywordDelegatingMetaClass.java:55)
	at SL-20 Politics.run(SL-20 Politics:47)
	at com.kms.katalon.core.main.ScriptEngine.run(ScriptEngine.java:194)
	at com.kms.katalon.core.main.ScriptEngine.runScriptAsRawText(ScriptEngine.java:119)
	at com.kms.katalon.core.main.TestCaseExecutor.runScript(TestCaseExecutor.java:448)
	at com.kms.katalon.core.main.TestCaseExecutor.doExecute(TestCaseExecutor.java:439)
	at com.kms.katalon.core.main.TestCaseExecutor.processExecutionPhase(TestCaseExecutor.java:418)
	at com.kms.katalon.core.main.TestCaseExecutor.accessMainPhase(TestCaseExecutor.java:410)
	at com.kms.katalon.core.main.TestCaseExecutor.execute(TestCaseExecutor.java:285)
	at com.kms.katalon.core.common.CommonExecutor.accessTestCaseMainPhase(CommonExecutor.java:65)
	at com.kms.katalon.core.main.TestSuiteExecutor.accessTestSuiteMainPhase(TestSuiteExecutor.java:151)
	at com.kms.katalon.core.main.TestSuiteExecutor.execute(TestSuiteExecutor.java:106)
	at com.kms.katalon.core.main.TestCaseMain.startTestSuite(TestCaseMain.java:185)
	at com.kms.katalon.core.main.TestCaseMain$startTestSuite$0.call(Unknown Source)
	at TempTestSuite1675669718470.run(TempTestSuite1675669718470.groovy:36)
"/>
         <system-out><![CDATA[2023-02-06 12:54:12 - [TEST_CASE][ERROR] - Test Cases/Regression/LookUps/SL-20 Politics: Test Cases/Regression/LookUps/SL-20 Politics FAILED.
Reason:
org.openqa.selenium.StaleElementReferenceException: The element 'By.xpath: //*[contains(@text, "Liberal" )]' does not exist in DOM anymore
For documentation on this error, please visit: https://www.seleniumhq.org/exceptions/stale_element_reference.html
Build info: version: '3.141.59', revision: 'e82be7d358', time: '2018-11-14T08:25:53'
System info: host: '192.168.1.16', ip: '169.254.219.110', os.name: 'Mac OS X', os.arch: 'x86_64', os.version: '10.16', java.version: '1.8.0_275'
Driver info: com.kms.katalon.core.appium.driver.SwipeableAndroidDriver
Capabilities {appActivity: .Settings, appPackage: com.android.settings, autoGrantPermissions: true, automationName: uiautomator2, chromedriverPort: 49671, databaseEnabled: false, desired: {appActivity: .Settings, appPackage: com.android.settings, autoGrantPermissions: true, automationName: uiautomator2, chromedriverPort: 49671, deviceId: R9JNC0DKDXJ, deviceName: samsung SM-A025F (Android 12), newCommandTimeout: 1800, platform: ANDROID, platformName: android, platformVersion: 12, systemPort: 8274, udid: R9JNC0DKDXJ}, deviceApiLevel: 31, deviceId: R9JNC0DKDXJ, deviceManufacturer: samsung, deviceModel: SM-A025F, deviceName: R9JNC0DKDXJ, deviceScreenDensity: 280, deviceScreenSize: 720x1600, deviceUDID: R9JNC0DKDXJ, javascriptEnabled: true, locationContextEnabled: false, networkConnectionEnabled: true, newCommandTimeout: 1800, pixelRatio: 1.75, platform: ANDROID, platformName: Android, platformVersion: 12, statBarHeight: 45, systemPort: 8274, takesScreenshot: true, udid: R9JNC0DKDXJ, viewportRect: {height: 1426, left: 0, top: 45, width: 720}, warnings: {}, webStorageEnabled: false}
Session ID: a6dcff1b-42c7-4516-a6b1-289caf086ff6
	at org.openqa.selenium.remote.http.W3CHttpResponseCodec.createException(W3CHttpResponseCodec.java:187)
	at org.openqa.selenium.remote.http.W3CHttpResponseCodec.decode(W3CHttpResponseCodec.java:122)
	at org.openqa.selenium.remote.http.W3CHttpResponseCodec.decode(W3CHttpResponseCodec.java:49)
	at org.openqa.selenium.remote.HttpCommandExecutor.execute(HttpCommandExecutor.java:158)
	at io.appium.java_client.remote.AppiumCommandExecutor.execute(AppiumCommandExecutor.java:239)
	at org.openqa.selenium.remote.RemoteWebDriver.execute(RemoteWebDriver.java:552)
	at io.appium.java_client.DefaultGenericMobileDriver.execute(DefaultGenericMobileDriver.java:42)
	at io.appium.java_client.AppiumDriver.execute(AppiumDriver.java:1)
	at io.appium.java_client.android.AndroidDriver.execute(AndroidDriver.java:1)
	at com.kms.katalon.core.appium.driver.SwipeableAndroidDriver.execute(SwipeableAndroidDriver.java:1)
	at org.openqa.selenium.remote.RemoteWebElement.execute(RemoteWebElement.java:285)
	at io.appium.java_client.DefaultGenericMobileElement.execute(DefaultGenericMobileElement.java:45)
	at io.appium.java_client.MobileElement.execute(MobileElement.java:1)
	at io.appium.java_client.android.AndroidElement.execute(AndroidElement.java:1)
	at org.openqa.selenium.remote.RemoteWebElement.click(RemoteWebElement.java:84)
	at org.openqa.selenium.WebElement$click$0.call(Unknown Source)
	at com.spotlove.Utility.dating_Pref(Utility.groovy:64)
	at com.spotlove.Utility.invokeMethod(Utility.groovy)
	at com.kms.katalon.core.main.CustomKeywordDelegatingMetaClass.invokeStaticMethod(CustomKeywordDelegatingMetaClass.java:55)
	at SL-20 Politics.run(SL-20 Politics:47)
	at com.kms.katalon.core.main.ScriptEngine.run(ScriptEngine.java:194)
	at com.kms.katalon.core.main.ScriptEngine.runScriptAsRawText(ScriptEngine.java:119)
	at com.kms.katalon.core.main.TestCaseExecutor.runScript(TestCaseExecutor.java:448)
	at com.kms.katalon.core.main.TestCaseExecutor.doExecute(TestCaseExecutor.java:439)
	at com.kms.katalon.core.main.TestCaseExecutor.processExecutionPhase(TestCaseExecutor.java:418)
	at com.kms.katalon.core.main.TestCaseExecutor.accessMainPhase(TestCaseExecutor.java:410)
	at com.kms.katalon.core.main.TestCaseExecutor.execute(TestCaseExecutor.java:285)
	at com.kms.katalon.core.common.CommonExecutor.accessTestCaseMainPhase(CommonExecutor.java:65)
	at com.kms.katalon.core.main.TestSuiteExecutor.accessTestSuiteMainPhase(TestSuiteExecutor.java:151)
	at com.kms.katalon.core.main.TestSuiteExecutor.execute(TestSuiteExecutor.java:106)
	at com.kms.katalon.core.main.TestCaseMain.startTestSuite(TestCaseMain.java:185)
	at com.kms.katalon.core.main.TestCaseMain$startTestSuite$0.call(Unknown Source)
	at TempTestSuite1675669718470.run(TempTestSuite1675669718470.groovy:36)


2023-02-06 12:54:13 - [TEST_STEP][PASSED] - Start listener action : sampleBeforeTestCase: null

2023-02-06 12:54:13 - [TEST_STEP][PASSED] - println(testCaseContext.getTestCaseId()): null

2023-02-06 12:54:13 - [TEST_STEP][PASSED] - println(testCaseContext.getTestCaseVariables()): null

2023-02-06 12:54:13 - [TEST_STEP][PASSED] - if (waitForElementPresent(btn_back, 10)): null

2023-02-06 12:54:13 - [MESSAGE][PASSED] - Element 'Object Repository/Regression/SC-020 Politics/btn back' is present

2023-02-06 12:54:13 - [TEST_STEP][PASSED] - tap(btn_back, 10): Tapped on element 'Object Repository/Regression/SC-020 Politics/btn back'

2023-02-06 12:54:15 - [MESSAGE][PASSED] - Tapped on element 'Object Repository/Regression/SC-020 Politics/btn back'

2023-02-06 12:54:15 - [TEST_STEP][PASSED] - markPassed("User navigate back to the Vices screen......!"): User navigate back to the Vices screen......!

2023-02-06 12:54:15 - [MESSAGE][PASSED] - User navigate back to the Vices screen......!

2023-02-06 12:54:15 - [TEST_STEP][PASSED] - delay(10): Delayed 10 second(s)

2023-02-06 12:54:25 - [MESSAGE][PASSED] - Delayed 10 second(s)

2023-02-06 12:54:25 - [TEST_STEP][PASSED] - if (waitForElementPresent(bottle_icon, 20)): null

2023-02-06 12:54:25 - [MESSAGE][PASSED] - Element 'Object Repository/Regression/SC-019 Vices/bottle icon' is present

2023-02-06 12:54:25 - [TEST_STEP][PASSED] - markPassed("bottle icon found on Vices screen......!"): bottle icon found on Vices screen......!

2023-02-06 12:54:25 - [MESSAGE][PASSED] - bottle icon found on Vices screen......!

2023-02-06 12:54:25 - [TEST_STEP][PASSED] - if (waitForElementPresent(btn_continue, 10)): null

2023-02-06 12:54:26 - [MESSAGE][PASSED] - Element 'Object Repository/Regression/SC-019 Vices/android.widget.TextView - Continue' is present

2023-02-06 12:54:26 - [TEST_STEP][PASSED] - tap(btn_continue, 10): Tapped on element 'Object Repository/Regression/SC-019 Vices/android.widget.TextView - Continue'

2023-02-06 12:54:26 - [MESSAGE][PASSED] - Tapped on element 'Object Repository/Regression/SC-019 Vices/android.widget.TextView - Continue'

2023-02-06 12:54:26 - [TEST_STEP][PASSED] - markPassed("User navigate to the Politics Screen......!"): User navigate to the Politics Screen......!

2023-02-06 12:54:26 - [MESSAGE][PASSED] - User navigate to the Politics Screen......!

2023-02-06 12:54:26 - [TEST_STEP][PASSED] - if (waitForElementPresent(Justics_icon, 10)): null

2023-02-06 12:54:26 - [MESSAGE][PASSED] - Element 'Object Repository/Regression/SC-020 Politics/justics Icon' is present

2023-02-06 12:54:26 - [TEST_STEP][PASSED] - markPassed("Justics icon found on Politics screen......!"): Justics icon found on Politics screen......!

2023-02-06 12:54:26 - [MESSAGE][PASSED] - Justics icon found on Politics screen......!

2023-02-06 12:54:26 - [TEST_STEP][PASSED] - if (waitForElementPresent(lbl_What, 10)): null

2023-02-06 12:54:27 - [MESSAGE][PASSED] - Element 'Object Repository/Regression/SC-020 Politics/Lbl text - What are your political views' is present

2023-02-06 12:54:27 - [TEST_STEP][PASSED] - markPassed("What are your political views? label text found......!"): What are your political views? label text found......!

2023-02-06 12:54:27 - [MESSAGE][PASSED] - What are your political views? label text found......!

2023-02-06 12:54:27 - [TEST_STEP][ERROR] - com.spotlove.Utility.dating_Pref(random): Test Cases/Regression/LookUps/SL-20 Politics FAILED.
Reason:
com.kms.katalon.core.exception.StepErrorException: org.openqa.selenium.StaleElementReferenceException: The element 'By.xpath: //*[contains(@text, "Liberal" )]' does not exist in DOM anymore
For documentation on this error, please visit: https://www.seleniumhq.org/exceptions/stale_element_reference.html
Build info: version: '3.141.59', revision: 'e82be7d358', time: '2018-11-14T08:25:53'
System info: host: '192.168.1.16', ip: '169.254.219.110', os.name: 'Mac OS X', os.arch: 'x86_64', os.version: '10.16', java.version: '1.8.0_275'
Driver info: com.kms.katalon.core.appium.driver.SwipeableAndroidDriver
Capabilities {appActivity: .Settings, appPackage: com.android.settings, autoGrantPermissions: true, automationName: uiautomator2, chromedriverPort: 49671, databaseEnabled: false, desired: {appActivity: .Settings, appPackage: com.android.settings, autoGrantPermissions: true, automationName: uiautomator2, chromedriverPort: 49671, deviceId: R9JNC0DKDXJ, deviceName: samsung SM-A025F (Android 12), newCommandTimeout: 1800, platform: ANDROID, platformName: android, platformVersion: 12, systemPort: 8274, udid: R9JNC0DKDXJ}, deviceApiLevel: 31, deviceId: R9JNC0DKDXJ, deviceManufacturer: samsung, deviceModel: SM-A025F, deviceName: R9JNC0DKDXJ, deviceScreenDensity: 280, deviceScreenSize: 720x1600, deviceUDID: R9JNC0DKDXJ, javascriptEnabled: true, locationContextEnabled: false, networkConnectionEnabled: true, newCommandTimeout: 1800, pixelRatio: 1.75, platform: ANDROID, platformName: Android, platformVersion: 12, statBarHeight: 45, systemPort: 8274, takesScreenshot: true, udid: R9JNC0DKDXJ, viewportRect: {height: 1426, left: 0, top: 45, width: 720}, warnings: {}, webStorageEnabled: false}
Session ID: a6dcff1b-42c7-4516-a6b1-289caf086ff6
	at com.kms.katalon.core.main.CustomKeywordDelegatingMetaClass.throwError(CustomKeywordDelegatingMetaClass.java:101)
	at com.kms.katalon.core.main.CustomKeywordDelegatingMetaClass.invokeStaticMethod(CustomKeywordDelegatingMetaClass.java:73)
	at SL-20 Politics.run(SL-20 Politics:47)
	at com.kms.katalon.core.main.ScriptEngine.run(ScriptEngine.java:194)
	at com.kms.katalon.core.main.ScriptEngine.runScriptAsRawText(ScriptEngine.java:119)
	at com.kms.katalon.core.main.TestCaseExecutor.runScript(TestCaseExecutor.java:448)
	at com.kms.katalon.core.main.TestCaseExecutor.doExecute(TestCaseExecutor.java:439)
	at com.kms.katalon.core.main.TestCaseExecutor.processExecutionPhase(TestCaseExecutor.java:418)
	at com.kms.katalon.core.main.TestCaseExecutor.accessMainPhase(TestCaseExecutor.java:410)
	at com.kms.katalon.core.main.TestCaseExecutor.execute(TestCaseExecutor.java:285)
	at com.kms.katalon.core.common.CommonExecutor.accessTestCaseMainPhase(CommonExecutor.java:65)
	at com.kms.katalon.core.main.TestSuiteExecutor.accessTestSuiteMainPhase(TestSuiteExecutor.java:151)
	at com.kms.katalon.core.main.TestSuiteExecutor.execute(TestSuiteExecutor.java:106)
	at com.kms.katalon.core.main.TestCaseMain.startTestSuite(TestCaseMain.java:185)
	at com.kms.katalon.core.main.TestCaseMain$startTestSuite$0.call(Unknown Source)
	at TempTestSuite1675669718470.run(TempTestSuite1675669718470.groovy:36)
Caused by: org.openqa.selenium.StaleElementReferenceException: The element 'By.xpath: //*[contains(@text, "Liberal" )]' does not exist in DOM anymore
For documentation on this error, please visit: https://www.seleniumhq.org/exceptions/stale_element_reference.html
Build info: version: '3.141.59', revision: 'e82be7d358', time: '2018-11-14T08:25:53'
System info: host: '192.168.1.16', ip: '169.254.219.110', os.name: 'Mac OS X', os.arch: 'x86_64', os.version: '10.16', java.version: '1.8.0_275'
Driver info: com.kms.katalon.core.appium.driver.SwipeableAndroidDriver
Capabilities {appActivity: .Settings, appPackage: com.android.settings, autoGrantPermissions: true, automationName: uiautomator2, chromedriverPort: 49671, databaseEnabled: false, desired: {appActivity: .Settings, appPackage: com.android.settings, autoGrantPermissions: true, automationName: uiautomator2, chromedriverPort: 49671, deviceId: R9JNC0DKDXJ, deviceName: samsung SM-A025F (Android 12), newCommandTimeout: 1800, platform: ANDROID, platformName: android, platformVersion: 12, systemPort: 8274, udid: R9JNC0DKDXJ}, deviceApiLevel: 31, deviceId: R9JNC0DKDXJ, deviceManufacturer: samsung, deviceModel: SM-A025F, deviceName: R9JNC0DKDXJ, deviceScreenDensity: 280, deviceScreenSize: 720x1600, deviceUDID: R9JNC0DKDXJ, javascriptEnabled: true, locationContextEnabled: false, networkConnectionEnabled: true, newCommandTimeout: 1800, pixelRatio: 1.75, platform: ANDROID, platformName: Android, platformVersion: 12, statBarHeight: 45, systemPort: 8274, takesScreenshot: true, udid: R9JNC0DKDXJ, viewportRect: {height: 1426, left: 0, top: 45, width: 720}, warnings: {}, webStorageEnabled: false}
Session ID: a6dcff1b-42c7-4516-a6b1-289caf086ff6
	at org.openqa.selenium.remote.http.W3CHttpResponseCodec.createException(W3CHttpResponseCodec.java:187)
	at org.openqa.selenium.remote.http.W3CHttpResponseCodec.decode(W3CHttpResponseCodec.java:122)
	at org.openqa.selenium.remote.http.W3CHttpResponseCodec.decode(W3CHttpResponseCodec.java:49)
	at org.openqa.selenium.remote.HttpCommandExecutor.execute(HttpCommandExecutor.java:158)
	at io.appium.java_client.remote.AppiumCommandExecutor.execute(AppiumCommandExecutor.java:239)
	at org.openqa.selenium.remote.RemoteWebDriver.execute(RemoteWebDriver.java:552)
	at io.appium.java_client.DefaultGenericMobileDriver.execute(DefaultGenericMobileDriver.java:42)
	at io.appium.java_client.AppiumDriver.execute(AppiumDriver.java:1)
	at io.appium.java_client.android.AndroidDriver.execute(AndroidDriver.java:1)
	at com.kms.katalon.core.appium.driver.SwipeableAndroidDriver.execute(SwipeableAndroidDriver.java:1)
	at org.openqa.selenium.remote.RemoteWebElement.execute(RemoteWebElement.java:285)
	at io.appium.java_client.DefaultGenericMobileElement.execute(DefaultGenericMobileElement.java:45)
	at io.appium.java_client.MobileElement.execute(MobileElement.java:1)
	at io.appium.java_client.android.AndroidElement.execute(AndroidElement.java:1)
	at org.openqa.selenium.remote.RemoteWebElement.click(RemoteWebElement.java:84)
	at org.openqa.selenium.WebElement$click$0.call(Unknown Source)
	at com.spotlove.Utility.dating_Pref(Utility.groovy:64)
	at com.spotlove.Utility.invokeMethod(Utility.groovy)
	at com.kms.katalon.core.main.CustomKeywordDelegatingMetaClass.invokeStaticMethod(CustomKeywordDelegatingMetaClass.java:55)
	... 14 more


2023-02-06 12:54:29 - [MESSAGE][ERROR] - The element 'By.xpath: //*[contains(@text, "Liberal" )]' does not exist in DOM anymore
For documentation on this error, please visit: https://www.seleniumhq.org/exceptions/stale_element_reference.html
Build info: version: '3.141.59', revision: 'e82be7d358', time: '2018-11-14T08:25:53'
System info: host: '192.168.1.16', ip: '169.254.219.110', os.name: 'Mac OS X', os.arch: 'x86_64', os.version: '10.16', java.version: '1.8.0_275'
Driver info: com.kms.katalon.core.appium.driver.SwipeableAndroidDriver
Capabilities {appActivity: .Settings, appPackage: com.android.settings, autoGrantPermissions: true, automationName: uiautomator2, chromedriverPort: 49671, databaseEnabled: false, desired: {appActivity: .Settings, appPackage: com.android.settings, autoGrantPermissions: true, automationName: uiautomator2, chromedriverPort: 49671, deviceId: R9JNC0DKDXJ, deviceName: samsung SM-A025F (Android 12), newCommandTimeout: 1800, platform: ANDROID, platformName: android, platformVersion: 12, systemPort: 8274, udid: R9JNC0DKDXJ}, deviceApiLevel: 31, deviceId: R9JNC0DKDXJ, deviceManufacturer: samsung, deviceModel: SM-A025F, deviceName: R9JNC0DKDXJ, deviceScreenDensity: 280, deviceScreenSize: 720x1600, deviceUDID: R9JNC0DKDXJ, javascriptEnabled: true, locationContextEnabled: false, networkConnectionEnabled: true, newCommandTimeout: 1800, pixelRatio: 1.75, platform: ANDROID, platformName: Android, platformVersion: 12, statBarHeight: 45, systemPort: 8274, takesScreenshot: true, udid: R9JNC0DKDXJ, viewportRect: {height: 1426, left: 0, top: 45, width: 720}, warnings: {}, webStorageEnabled: false}
Session ID: a6dcff1b-42c7-4516-a6b1-289caf086ff6

2023-02-06 12:54:29 - [MESSAGE][ERROR] - Test Cases/Regression/LookUps/SL-20 Politics FAILED.
Reason:
com.kms.katalon.core.exception.StepErrorException: org.openqa.selenium.StaleElementReferenceException: The element 'By.xpath: //*[contains(@text, "Liberal" )]' does not exist in DOM anymore
For documentation on this error, please visit: https://www.seleniumhq.org/exceptions/stale_element_reference.html
Build info: version: '3.141.59', revision: 'e82be7d358', time: '2018-11-14T08:25:53'
System info: host: '192.168.1.16', ip: '169.254.219.110', os.name: 'Mac OS X', os.arch: 'x86_64', os.version: '10.16', java.version: '1.8.0_275'
Driver info: com.kms.katalon.core.appium.driver.SwipeableAndroidDriver
Capabilities {appActivity: .Settings, appPackage: com.android.settings, autoGrantPermissions: true, automationName: uiautomator2, chromedriverPort: 49671, databaseEnabled: false, desired: {appActivity: .Settings, appPackage: com.android.settings, autoGrantPermissions: true, automationName: uiautomator2, chromedriverPort: 49671, deviceId: R9JNC0DKDXJ, deviceName: samsung SM-A025F (Android 12), newCommandTimeout: 1800, platform: ANDROID, platformName: android, platformVersion: 12, systemPort: 8274, udid: R9JNC0DKDXJ}, deviceApiLevel: 31, deviceId: R9JNC0DKDXJ, deviceManufacturer: samsung, deviceModel: SM-A025F, deviceName: R9JNC0DKDXJ, deviceScreenDensity: 280, deviceScreenSize: 720x1600, deviceUDID: R9JNC0DKDXJ, javascriptEnabled: true, locationContextEnabled: false, networkConnectionEnabled: true, newCommandTimeout: 1800, pixelRatio: 1.75, platform: ANDROID, platformName: Android, platformVersion: 12, statBarHeight: 45, systemPort: 8274, takesScreenshot: true, udid: R9JNC0DKDXJ, viewportRect: {height: 1426, left: 0, top: 45, width: 720}, warnings: {}, webStorageEnabled: false}
Session ID: a6dcff1b-42c7-4516-a6b1-289caf086ff6
	at com.kms.katalon.core.main.CustomKeywordDelegatingMetaClass.throwError(CustomKeywordDelegatingMetaClass.java:101)
	at com.kms.katalon.core.main.CustomKeywordDelegatingMetaClass.invokeStaticMethod(CustomKeywordDelegatingMetaClass.java:73)
	at SL-20 Politics.run(SL-20 Politics:47)
	at com.kms.katalon.core.main.ScriptEngine.run(ScriptEngine.java:194)
	at com.kms.katalon.core.main.ScriptEngine.runScriptAsRawText(ScriptEngine.java:119)
	at com.kms.katalon.core.main.TestCaseExecutor.runScript(TestCaseExecutor.java:448)
	at com.kms.katalon.core.main.TestCaseExecutor.doExecute(TestCaseExecutor.java:439)
	at com.kms.katalon.core.main.TestCaseExecutor.processExecutionPhase(TestCaseExecutor.java:418)
	at com.kms.katalon.core.main.TestCaseExecutor.accessMainPhase(TestCaseExecutor.java:410)
	at com.kms.katalon.core.main.TestCaseExecutor.execute(TestCaseExecutor.java:285)
	at com.kms.katalon.core.common.CommonExecutor.accessTestCaseMainPhase(CommonExecutor.java:65)
	at com.kms.katalon.core.main.TestSuiteExecutor.accessTestSuiteMainPhase(TestSuiteExecutor.java:151)
	at com.kms.katalon.core.main.TestSuiteExecutor.execute(TestSuiteExecutor.java:106)
	at com.kms.katalon.core.main.TestCaseMain.startTestSuite(TestCaseMain.java:185)
	at com.kms.katalon.core.main.TestCaseMain$startTestSuite$0.call(Unknown Source)
	at TempTestSuite1675669718470.run(TempTestSuite1675669718470.groovy:36)
Caused by: org.openqa.selenium.StaleElementReferenceException: The element 'By.xpath: //*[contains(@text, "Liberal" )]' does not exist in DOM anymore
For documentation on this error, please visit: https://www.seleniumhq.org/exceptions/stale_element_reference.html
Build info: version: '3.141.59', revision: 'e82be7d358', time: '2018-11-14T08:25:53'
System info: host: '192.168.1.16', ip: '169.254.219.110', os.name: 'Mac OS X', os.arch: 'x86_64', os.version: '10.16', java.version: '1.8.0_275'
Driver info: com.kms.katalon.core.appium.driver.SwipeableAndroidDriver
Capabilities {appActivity: .Settings, appPackage: com.android.settings, autoGrantPermissions: true, automationName: uiautomator2, chromedriverPort: 49671, databaseEnabled: false, desired: {appActivity: .Settings, appPackage: com.android.settings, autoGrantPermissions: true, automationName: uiautomator2, chromedriverPort: 49671, deviceId: R9JNC0DKDXJ, deviceName: samsung SM-A025F (Android 12), newCommandTimeout: 1800, platform: ANDROID, platformName: android, platformVersion: 12, systemPort: 8274, udid: R9JNC0DKDXJ}, deviceApiLevel: 31, deviceId: R9JNC0DKDXJ, deviceManufacturer: samsung, deviceModel: SM-A025F, deviceName: R9JNC0DKDXJ, deviceScreenDensity: 280, deviceScreenSize: 720x1600, deviceUDID: R9JNC0DKDXJ, javascriptEnabled: true, locationContextEnabled: false, networkConnectionEnabled: true, newCommandTimeout: 1800, pixelRatio: 1.75, platform: ANDROID, platformName: Android, platformVersion: 12, statBarHeight: 45, systemPort: 8274, takesScreenshot: true, udid: R9JNC0DKDXJ, viewportRect: {height: 1426, left: 0, top: 45, width: 720}, warnings: {}, webStorageEnabled: false}
Session ID: a6dcff1b-42c7-4516-a6b1-289caf086ff6
	at org.openqa.selenium.remote.http.W3CHttpResponseCodec.createException(W3CHttpResponseCodec.java:187)
	at org.openqa.selenium.remote.http.W3CHttpResponseCodec.decode(W3CHttpResponseCodec.java:122)
	at org.openqa.selenium.remote.http.W3CHttpResponseCodec.decode(W3CHttpResponseCodec.java:49)
	at org.openqa.selenium.remote.HttpCommandExecutor.execute(HttpCommandExecutor.java:158)
	at io.appium.java_client.remote.AppiumCommandExecutor.execute(AppiumCommandExecutor.java:239)
	at org.openqa.selenium.remote.RemoteWebDriver.execute(RemoteWebDriver.java:552)
	at io.appium.java_client.DefaultGenericMobileDriver.execute(DefaultGenericMobileDriver.java:42)
	at io.appium.java_client.AppiumDriver.execute(AppiumDriver.java:1)
	at io.appium.java_client.android.AndroidDriver.execute(AndroidDriver.java:1)
	at com.kms.katalon.core.appium.driver.SwipeableAndroidDriver.execute(SwipeableAndroidDriver.java:1)
	at org.openqa.selenium.remote.RemoteWebElement.execute(RemoteWebElement.java:285)
	at io.appium.java_client.DefaultGenericMobileElement.execute(DefaultGenericMobileElement.java:45)
	at io.appium.java_client.MobileElement.execute(MobileElement.java:1)
	at io.appium.java_client.android.AndroidElement.execute(AndroidElement.java:1)
	at org.openqa.selenium.remote.RemoteWebElement.click(RemoteWebElement.java:84)
	at org.openqa.selenium.WebElement$click$0.call(Unknown Source)
	at com.spotlove.Utility.dating_Pref(Utility.groovy:64)
	at com.spotlove.Utility.invokeMethod(Utility.groovy)
	at com.kms.katalon.core.main.CustomKeywordDelegatingMetaClass.invokeStaticMethod(CustomKeywordDelegatingMetaClass.java:55)
	... 14 more


2023-02-06 12:54:29 - [TEST_STEP][PASSED] - Start listener action : sampleAfterTestCase: null

2023-02-06 12:54:29 - [TEST_STEP][PASSED] - println(testCaseContext.getTestCaseId()): null

2023-02-06 12:54:29 - [TEST_STEP][PASSED] - println(testCaseContext.getTestCaseStatus()): null]]></system-out>
         <system-err><![CDATA[2023-02-06 12:54:12 - [TEST_CASE][ERROR] - Test Cases/Regression/LookUps/SL-20 Politics: Test Cases/Regression/LookUps/SL-20 Politics FAILED.
Reason:
org.openqa.selenium.StaleElementReferenceException: The element 'By.xpath: //*[contains(@text, "Liberal" )]' does not exist in DOM anymore
For documentation on this error, please visit: https://www.seleniumhq.org/exceptions/stale_element_reference.html
Build info: version: '3.141.59', revision: 'e82be7d358', time: '2018-11-14T08:25:53'
System info: host: '192.168.1.16', ip: '169.254.219.110', os.name: 'Mac OS X', os.arch: 'x86_64', os.version: '10.16', java.version: '1.8.0_275'
Driver info: com.kms.katalon.core.appium.driver.SwipeableAndroidDriver
Capabilities {appActivity: .Settings, appPackage: com.android.settings, autoGrantPermissions: true, automationName: uiautomator2, chromedriverPort: 49671, databaseEnabled: false, desired: {appActivity: .Settings, appPackage: com.android.settings, autoGrantPermissions: true, automationName: uiautomator2, chromedriverPort: 49671, deviceId: R9JNC0DKDXJ, deviceName: samsung SM-A025F (Android 12), newCommandTimeout: 1800, platform: ANDROID, platformName: android, platformVersion: 12, systemPort: 8274, udid: R9JNC0DKDXJ}, deviceApiLevel: 31, deviceId: R9JNC0DKDXJ, deviceManufacturer: samsung, deviceModel: SM-A025F, deviceName: R9JNC0DKDXJ, deviceScreenDensity: 280, deviceScreenSize: 720x1600, deviceUDID: R9JNC0DKDXJ, javascriptEnabled: true, locationContextEnabled: false, networkConnectionEnabled: true, newCommandTimeout: 1800, pixelRatio: 1.75, platform: ANDROID, platformName: Android, platformVersion: 12, statBarHeight: 45, systemPort: 8274, takesScreenshot: true, udid: R9JNC0DKDXJ, viewportRect: {height: 1426, left: 0, top: 45, width: 720}, warnings: {}, webStorageEnabled: false}
Session ID: a6dcff1b-42c7-4516-a6b1-289caf086ff6
	at org.openqa.selenium.remote.http.W3CHttpResponseCodec.createException(W3CHttpResponseCodec.java:187)
	at org.openqa.selenium.remote.http.W3CHttpResponseCodec.decode(W3CHttpResponseCodec.java:122)
	at org.openqa.selenium.remote.http.W3CHttpResponseCodec.decode(W3CHttpResponseCodec.java:49)
	at org.openqa.selenium.remote.HttpCommandExecutor.execute(HttpCommandExecutor.java:158)
	at io.appium.java_client.remote.AppiumCommandExecutor.execute(AppiumCommandExecutor.java:239)
	at org.openqa.selenium.remote.RemoteWebDriver.execute(RemoteWebDriver.java:552)
	at io.appium.java_client.DefaultGenericMobileDriver.execute(DefaultGenericMobileDriver.java:42)
	at io.appium.java_client.AppiumDriver.execute(AppiumDriver.java:1)
	at io.appium.java_client.android.AndroidDriver.execute(AndroidDriver.java:1)
	at com.kms.katalon.core.appium.driver.SwipeableAndroidDriver.execute(SwipeableAndroidDriver.java:1)
	at org.openqa.selenium.remote.RemoteWebElement.execute(RemoteWebElement.java:285)
	at io.appium.java_client.DefaultGenericMobileElement.execute(DefaultGenericMobileElement.java:45)
	at io.appium.java_client.MobileElement.execute(MobileElement.java:1)
	at io.appium.java_client.android.AndroidElement.execute(AndroidElement.java:1)
	at org.openqa.selenium.remote.RemoteWebElement.click(RemoteWebElement.java:84)
	at org.openqa.selenium.WebElement$click$0.call(Unknown Source)
	at com.spotlove.Utility.dating_Pref(Utility.groovy:64)
	at com.spotlove.Utility.invokeMethod(Utility.groovy)
	at com.kms.katalon.core.main.CustomKeywordDelegatingMetaClass.invokeStaticMethod(CustomKeywordDelegatingMetaClass.java:55)
	at SL-20 Politics.run(SL-20 Politics:47)
	at com.kms.katalon.core.main.ScriptEngine.run(ScriptEngine.java:194)
	at com.kms.katalon.core.main.ScriptEngine.runScriptAsRawText(ScriptEngine.java:119)
	at com.kms.katalon.core.main.TestCaseExecutor.runScript(TestCaseExecutor.java:448)
	at com.kms.katalon.core.main.TestCaseExecutor.doExecute(TestCaseExecutor.java:439)
	at com.kms.katalon.core.main.TestCaseExecutor.processExecutionPhase(TestCaseExecutor.java:418)
	at com.kms.katalon.core.main.TestCaseExecutor.accessMainPhase(TestCaseExecutor.java:410)
	at com.kms.katalon.core.main.TestCaseExecutor.execute(TestCaseExecutor.java:285)
	at com.kms.katalon.core.common.CommonExecutor.accessTestCaseMainPhase(CommonExecutor.java:65)
	at com.kms.katalon.core.main.TestSuiteExecutor.accessTestSuiteMainPhase(TestSuiteExecutor.java:151)
	at com.kms.katalon.core.main.TestSuiteExecutor.execute(TestSuiteExecutor.java:106)
	at com.kms.katalon.core.main.TestCaseMain.startTestSuite(TestCaseMain.java:185)
	at com.kms.katalon.core.main.TestCaseMain$startTestSuite$0.call(Unknown Source)
	at TempTestSuite1675669718470.run(TempTestSuite1675669718470.groovy:36)]]></system-err>
      </testcase>
      <system-out><![CDATA[2023-02-06 12:48:48 - [TEST_SUITE][ERROR] - Updated Regression: Test Cases/Regression/LookUps/SL-20 Politics FAILED.
Reason:
org.openqa.selenium.StaleElementReferenceException: The element 'By.xpath: //*[contains(@text, "Liberal" )]' does not exist in DOM anymore
For documentation on this error, please visit: https://www.seleniumhq.org/exceptions/stale_element_reference.html
Build info: version: '3.141.59', revision: 'e82be7d358', time: '2018-11-14T08:25:53'
System info: host: '192.168.1.16', ip: '169.254.219.110', os.name: 'Mac OS X', os.arch: 'x86_64', os.version: '10.16', java.version: '1.8.0_275'
Driver info: com.kms.katalon.core.appium.driver.SwipeableAndroidDriver
Capabilities {appActivity: .Settings, appPackage: com.android.settings, autoGrantPermissions: true, automationName: uiautomator2, chromedriverPort: 49671, databaseEnabled: false, desired: {appActivity: .Settings, appPackage: com.android.settings, autoGrantPermissions: true, automationName: uiautomator2, chromedriverPort: 49671, deviceId: R9JNC0DKDXJ, deviceName: samsung SM-A025F (Android 12), newCommandTimeout: 1800, platform: ANDROID, platformName: android, platformVersion: 12, systemPort: 8274, udid: R9JNC0DKDXJ}, deviceApiLevel: 31, deviceId: R9JNC0DKDXJ, deviceManufacturer: samsung, deviceModel: SM-A025F, deviceName: R9JNC0DKDXJ, deviceScreenDensity: 280, deviceScreenSize: 720x1600, deviceUDID: R9JNC0DKDXJ, javascriptEnabled: true, locationContextEnabled: false, networkConnectionEnabled: true, newCommandTimeout: 1800, pixelRatio: 1.75, platform: ANDROID, platformName: Android, platformVersion: 12, statBarHeight: 45, systemPort: 8274, takesScreenshot: true, udid: R9JNC0DKDXJ, viewportRect: {height: 1426, left: 0, top: 45, width: 720}, warnings: {}, webStorageEnabled: false}
Session ID: a6dcff1b-42c7-4516-a6b1-289caf086ff6
	at org.openqa.selenium.remote.http.W3CHttpResponseCodec.createException(W3CHttpResponseCodec.java:187)
	at org.openqa.selenium.remote.http.W3CHttpResponseCodec.decode(W3CHttpResponseCodec.java:122)
	at org.openqa.selenium.remote.http.W3CHttpResponseCodec.decode(W3CHttpResponseCodec.java:49)
	at org.openqa.selenium.remote.HttpCommandExecutor.execute(HttpCommandExecutor.java:158)
	at io.appium.java_client.remote.AppiumCommandExecutor.execute(AppiumCommandExecutor.java:239)
	at org.openqa.selenium.remote.RemoteWebDriver.execute(RemoteWebDriver.java:552)
	at io.appium.java_client.DefaultGenericMobileDriver.execute(DefaultGenericMobileDriver.java:42)
	at io.appium.java_client.AppiumDriver.execute(AppiumDriver.java:1)
	at io.appium.java_client.android.AndroidDriver.execute(AndroidDriver.java:1)
	at com.kms.katalon.core.appium.driver.SwipeableAndroidDriver.execute(SwipeableAndroidDriver.java:1)
	at org.openqa.selenium.remote.RemoteWebElement.execute(RemoteWebElement.java:285)
	at io.appium.java_client.DefaultGenericMobileElement.execute(DefaultGenericMobileElement.java:45)
	at io.appium.java_client.MobileElement.execute(MobileElement.java:1)
	at io.appium.java_client.android.AndroidElement.execute(AndroidElement.java:1)
	at org.openqa.selenium.remote.RemoteWebElement.click(RemoteWebElement.java:84)
	at org.openqa.selenium.WebElement$click$0.call(Unknown Source)
	at com.spotlove.Utility.dating_Pref(Utility.groovy:64)
	at com.spotlove.Utility.invokeMethod(Utility.groovy)
	at com.kms.katalon.core.main.CustomKeywordDelegatingMetaClass.invokeStaticMethod(CustomKeywordDelegatingMetaClass.java:55)
	at SL-20 Politics.run(SL-20 Politics:47)
	at com.kms.katalon.core.main.ScriptEngine.run(ScriptEngine.java:194)
	at com.kms.katalon.core.main.ScriptEngine.runScriptAsRawText(ScriptEngine.java:119)
	at com.kms.katalon.core.main.TestCaseExecutor.runScript(TestCaseExecutor.java:448)
	at com.kms.katalon.core.main.TestCaseExecutor.doExecute(TestCaseExecutor.java:439)
	at com.kms.katalon.core.main.TestCaseExecutor.processExecutionPhase(TestCaseExecutor.java:418)
	at com.kms.katalon.core.main.TestCaseExecutor.accessMainPhase(TestCaseExecutor.java:410)
	at com.kms.katalon.core.main.TestCaseExecutor.execute(TestCaseExecutor.java:285)
	at com.kms.katalon.core.common.CommonExecutor.accessTestCaseMainPhase(CommonExecutor.java:65)
	at com.kms.katalon.core.main.TestSuiteExecutor.accessTestSuiteMainPhase(TestSuiteExecutor.java:151)
	at com.kms.katalon.core.main.TestSuiteExecutor.execute(TestSuiteExecutor.java:106)
	at com.kms.katalon.core.main.TestCaseMain.startTestSuite(TestCaseMain.java:185)
	at com.kms.katalon.core.main.TestCaseMain$startTestSuite$0.call(Unknown Source)
	at TempTestSuite1675669718470.run(TempTestSuite1675669718470.groovy:36)]]></system-out>
      <system-err><![CDATA[2023-02-06 12:48:48 - [TEST_SUITE][ERROR] - Updated Regression: Test Cases/Regression/LookUps/SL-20 Politics FAILED.
Reason:
org.openqa.selenium.StaleElementReferenceException: The element 'By.xpath: //*[contains(@text, "Liberal" )]' does not exist in DOM anymore
For documentation on this error, please visit: https://www.seleniumhq.org/exceptions/stale_element_reference.html
Build info: version: '3.141.59', revision: 'e82be7d358', time: '2018-11-14T08:25:53'
System info: host: '192.168.1.16', ip: '169.254.219.110', os.name: 'Mac OS X', os.arch: 'x86_64', os.version: '10.16', java.version: '1.8.0_275'
Driver info: com.kms.katalon.core.appium.driver.SwipeableAndroidDriver
Capabilities {appActivity: .Settings, appPackage: com.android.settings, autoGrantPermissions: true, automationName: uiautomator2, chromedriverPort: 49671, databaseEnabled: false, desired: {appActivity: .Settings, appPackage: com.android.settings, autoGrantPermissions: true, automationName: uiautomator2, chromedriverPort: 49671, deviceId: R9JNC0DKDXJ, deviceName: samsung SM-A025F (Android 12), newCommandTimeout: 1800, platform: ANDROID, platformName: android, platformVersion: 12, systemPort: 8274, udid: R9JNC0DKDXJ}, deviceApiLevel: 31, deviceId: R9JNC0DKDXJ, deviceManufacturer: samsung, deviceModel: SM-A025F, deviceName: R9JNC0DKDXJ, deviceScreenDensity: 280, deviceScreenSize: 720x1600, deviceUDID: R9JNC0DKDXJ, javascriptEnabled: true, locationContextEnabled: false, networkConnectionEnabled: true, newCommandTimeout: 1800, pixelRatio: 1.75, platform: ANDROID, platformName: Android, platformVersion: 12, statBarHeight: 45, systemPort: 8274, takesScreenshot: true, udid: R9JNC0DKDXJ, viewportRect: {height: 1426, left: 0, top: 45, width: 720}, warnings: {}, webStorageEnabled: false}
Session ID: a6dcff1b-42c7-4516-a6b1-289caf086ff6
	at org.openqa.selenium.remote.http.W3CHttpResponseCodec.createException(W3CHttpResponseCodec.java:187)
	at org.openqa.selenium.remote.http.W3CHttpResponseCodec.decode(W3CHttpResponseCodec.java:122)
	at org.openqa.selenium.remote.http.W3CHttpResponseCodec.decode(W3CHttpResponseCodec.java:49)
	at org.openqa.selenium.remote.HttpCommandExecutor.execute(HttpCommandExecutor.java:158)
	at io.appium.java_client.remote.AppiumCommandExecutor.execute(AppiumCommandExecutor.java:239)
	at org.openqa.selenium.remote.RemoteWebDriver.execute(RemoteWebDriver.java:552)
	at io.appium.java_client.DefaultGenericMobileDriver.execute(DefaultGenericMobileDriver.java:42)
	at io.appium.java_client.AppiumDriver.execute(AppiumDriver.java:1)
	at io.appium.java_client.android.AndroidDriver.execute(AndroidDriver.java:1)
	at com.kms.katalon.core.appium.driver.SwipeableAndroidDriver.execute(SwipeableAndroidDriver.java:1)
	at org.openqa.selenium.remote.RemoteWebElement.execute(RemoteWebElement.java:285)
	at io.appium.java_client.DefaultGenericMobileElement.execute(DefaultGenericMobileElement.java:45)
	at io.appium.java_client.MobileElement.execute(MobileElement.java:1)
	at io.appium.java_client.android.AndroidElement.execute(AndroidElement.java:1)
	at org.openqa.selenium.remote.RemoteWebElement.click(RemoteWebElement.java:84)
	at org.openqa.selenium.WebElement$click$0.call(Unknown Source)
	at com.spotlove.Utility.dating_Pref(Utility.groovy:64)
	at com.spotlove.Utility.invokeMethod(Utility.groovy)
	at com.kms.katalon.core.main.CustomKeywordDelegatingMetaClass.invokeStaticMethod(CustomKeywordDelegatingMetaClass.java:55)
	at SL-20 Politics.run(SL-20 Politics:47)
	at com.kms.katalon.core.main.ScriptEngine.run(ScriptEngine.java:194)
	at com.kms.katalon.core.main.ScriptEngine.runScriptAsRawText(ScriptEngine.java:119)
	at com.kms.katalon.core.main.TestCaseExecutor.runScript(TestCaseExecutor.java:448)
	at com.kms.katalon.core.main.TestCaseExecutor.doExecute(TestCaseExecutor.java:439)
	at com.kms.katalon.core.main.TestCaseExecutor.processExecutionPhase(TestCaseExecutor.java:418)
	at com.kms.katalon.core.main.TestCaseExecutor.accessMainPhase(TestCaseExecutor.java:410)
	at com.kms.katalon.core.main.TestCaseExecutor.execute(TestCaseExecutor.java:285)
	at com.kms.katalon.core.common.CommonExecutor.accessTestCaseMainPhase(CommonExecutor.java:65)
	at com.kms.katalon.core.main.TestSuiteExecutor.accessTestSuiteMainPhase(TestSuiteExecutor.java:151)
	at com.kms.katalon.core.main.TestSuiteExecutor.execute(TestSuiteExecutor.java:106)
	at com.kms.katalon.core.main.TestCaseMain.startTestSuite(TestCaseMain.java:185)
	at com.kms.katalon.core.main.TestCaseMain$startTestSuite$0.call(Unknown Source)
	at TempTestSuite1675669718470.run(TempTestSuite1675669718470.groovy:36)]]></system-err>
   </testsuite>
</testsuites>
