<?xml version="1.0" encoding="UTF-8"?>
<testsuites name="SpotLove Sanity" time="24.886" tests="2" failures="0" errors="0">
   <testsuite name="SpotLove Sanity" tests="2" failures="0" errors="0" time="24.886" skipped="0" timestamp="2022-06-15 16:38:11" hostname="pc - localhost" id="Test Suites/SpotLove Sanity">
      <properties>
         <property name="deviceName" value="samsung SM-A025F (Android 11)"/>
         <property name="devicePlatform" value=""/>
         <property name="logFolder" value="/Users/pc/Documents/Katalon Studio/SpotLove_Stagging/Reports/20220615_163802/SpotLove Sanity/20220615_163802"/>
         <property name="logFiles" value="/Users/pc/Documents/Katalon Studio/SpotLove_Stagging/Reports/20220615_163802/SpotLove Sanity/20220615_163802/execution0.log, /Users/pc/Documents/Katalon Studio/SpotLove_Stagging/Reports/20220615_163802/SpotLove Sanity/20220615_163802/appium.log"/>
         <property name="attachments" value=""/>
         <property name="hostName" value="pc - localhost"/>
         <property name="os" value="Mac OS X 64bit"/>
         <property name="appiumServerStatus" value="{&quot;value&quot;:{&quot;build&quot;:{&quot;version&quot;:&quot;1.22.3&quot;}},&quot;sessionId&quot;:null,&quot;status&quot;:0}"/>
         <property name="katalonVersion" value="8.3.0.208"/>
         <property name="deviceOS" value="Android"/>
         <property name="appiumVersion" value="1.22.3"/>
         <property name="deviceModel" value="SM-A025F"/>
         <property name="hostAddress" value="127.0.0.1"/>
         <property name="deviceManufacturer" value="samsung"/>
         <property name="deviceId" value="R9JNC0DKDXJ"/>
         <property name="deviceName" value="samsung SM-A025F (Android 11)"/>
         <property name="deviceOSVersion" value="11"/>
      </properties>
      <testcase name="Test Cases/testing/intro 1" time="22.333" classname="Test Cases/testing/intro 1" status="PASSED">
         <system-out><![CDATA[2022-06-15 16:38:11 - [TEST_CASE][PASSED] - Test Cases/testing/intro 1: Test Cases/testing/intro 1

2022-06-15 16:38:12 - [TEST_STEP][PASSED] - startExistingApplication("com.spotlove.releaseproduction", STOP_ON_FAILURE): Starting app with application ID: 'com.spotlove.releaseproduction'

2022-06-15 16:38:12 - [MESSAGE][INFO] - User set preference: ['deviceId', '']

2022-06-15 16:38:12 - [MESSAGE][INFO] - Detected NodeJS location: "/usr/local/bin/node"

2022-06-15 16:38:14 - [MESSAGE][INFO] - Appium server started on port 56,782

2022-06-15 16:38:26 - [MESSAGE][PASSED] - Starting app with application ID: 'com.spotlove.releaseproduction'

2022-06-15 16:38:26 - [TEST_STEP][PASSED] - if (waitForElementPresent(hearticon, 30)): null

2022-06-15 16:38:32 - [MESSAGE][PASSED] - Element 'Object Repository/intro screens/Intro first/Heart icon' is present

2022-06-15 16:38:32 - [TEST_STEP][PASSED] - markPassed("PASSED: App is launched successfully"): PASSED: App is launched successfully

2022-06-15 16:38:32 - [MESSAGE][PASSED] - PASSED: App is launched successfully

2022-06-15 16:38:32 - [TEST_STEP][PASSED] - if (waitForElementPresent(Access, 30)): null

2022-06-15 16:38:33 - [MESSAGE][PASSED] - Element 'Object Repository/intro screens/Intro first/Access to label text' is present

2022-06-15 16:38:33 - [TEST_STEP][PASSED] - markPassed("PASSED: Access label text is present on the screen"): PASSED: Access label text is present on the screen

2022-06-15 16:38:33 - [MESSAGE][PASSED] - PASSED: Access label text is present on the screen

2022-06-15 16:38:33 - [TEST_STEP][PASSED] - if (waitForElementPresent(Matchmakers, 30)): null

2022-06-15 16:38:33 - [MESSAGE][PASSED] - Element 'Object Repository/intro screens/Intro first/Matchmakers label text' is present

2022-06-15 16:38:33 - [TEST_STEP][PASSED] - markPassed("PASSED: Matchmakers label text is present on the screen"): PASSED: Matchmakers label text is present on the screen

2022-06-15 16:38:33 - [MESSAGE][PASSED] - PASSED: Matchmakers label text is present on the screen

2022-06-15 16:38:33 - [TEST_STEP][PASSED] - if (waitForElementPresent(Berief_Labeltext, 30)): null

2022-06-15 16:38:33 - [MESSAGE][PASSED] - Element 'Object Repository/intro screens/Intro first/We have matchmakers that will help you find your perfect match label text' is present

2022-06-15 16:38:33 - [TEST_STEP][PASSED] - markPassed("PASSED: We have.... label text is present on the screen"): PASSED: We have.... label text is present on the screen

2022-06-15 16:38:33 - [MESSAGE][PASSED] - PASSED: We have.... label text is present on the screen

2022-06-15 16:38:33 - [TEST_STEP][PASSED] - if (waitForElementPresent(background, 30)): null

2022-06-15 16:38:33 - [MESSAGE][PASSED] - Element 'Object Repository/intro screens/Intro first/Background image' is present

2022-06-15 16:38:33 - [TEST_STEP][PASSED] - markPassed("PASSED: background Image is present on the screen"): PASSED: background Image is present on the screen

2022-06-15 16:38:33 - [MESSAGE][PASSED] - PASSED: background Image is present on the screen

2022-06-15 16:38:33 - [TEST_STEP][PASSED] - if (waitForElementPresent(continuebutton, 30)): null

2022-06-15 16:38:33 - [MESSAGE][PASSED] - Element 'Object Repository/intro screens/Intro first/Continue Button' is present

2022-06-15 16:38:33 - [TEST_STEP][PASSED] - tap(continuebutton, 30): Tapped on element 'Object Repository/intro screens/Intro first/Continue Button'

2022-06-15 16:38:34 - [MESSAGE][PASSED] - Tapped on element 'Object Repository/intro screens/Intro first/Continue Button'

2022-06-15 16:38:34 - [TEST_STEP][PASSED] - markPassed("Passed: continue button Element is present"): Passed: continue button Element is present

2022-06-15 16:38:34 - [MESSAGE][PASSED] - Passed: continue button Element is present]]></system-out>
         <system-err><![CDATA[]]></system-err>
      </testcase>
      <testcase name="Test Cases/testing/intro2" time="2.26" classname="Test Cases/testing/intro2" status="PASSED">
         <system-out><![CDATA[2022-06-15 16:38:34 - [TEST_CASE][PASSED] - Test Cases/testing/intro2: Test Cases/testing/intro2

2022-06-15 16:38:34 - [TEST_STEP][PASSED] - if (waitForElementPresent(hearticon, 30)): null

2022-06-15 16:38:35 - [MESSAGE][PASSED] - Element 'Object Repository/intro screens/Second intro/Heart icon' is present

2022-06-15 16:38:35 - [TEST_STEP][PASSED] - markPassed("PASSED: Heart icon is present in the screen"): PASSED: Heart icon is present in the screen

2022-06-15 16:38:35 - [MESSAGE][PASSED] - PASSED: Heart icon is present in the screen

2022-06-15 16:38:35 - [TEST_STEP][PASSED] - if (waitForElementPresent(Connect, 30)): null

2022-06-15 16:38:35 - [MESSAGE][PASSED] - Element 'Object Repository/intro screens/Second intro/Connect On Video label text' is present

2022-06-15 16:38:35 - [TEST_STEP][PASSED] - markPassed("PASSED: Connect label text is present on the screen"): PASSED: Connect label text is present on the screen

2022-06-15 16:38:35 - [MESSAGE][PASSED] - PASSED: Connect label text is present on the screen

2022-06-15 16:38:35 - [TEST_STEP][PASSED] - if (waitForElementPresent(Dates, 30)): null

2022-06-15 16:38:35 - [MESSAGE][PASSED] - Element 'Object Repository/intro screens/Second intro/Dates Label text' is present

2022-06-15 16:38:35 - [TEST_STEP][PASSED] - markPassed("PASSED: Dates label text is present on the screen"): PASSED: Dates label text is present on the screen

2022-06-15 16:38:35 - [MESSAGE][PASSED] - PASSED: Dates label text is present on the screen

2022-06-15 16:38:35 - [TEST_STEP][PASSED] - if (waitForElementPresent(We, 30)): null

2022-06-15 16:38:35 - [MESSAGE][PASSED] - Element 'Object Repository/intro screens/Second intro/We believe in connecting with people through video chat Label text' is present

2022-06-15 16:38:35 - [TEST_STEP][PASSED] - markPassed("PASSED: We.... label text is present on the screen"): PASSED: We.... label text is present on the screen

2022-06-15 16:38:35 - [MESSAGE][PASSED] - PASSED: We.... label text is present on the screen

2022-06-15 16:38:35 - [TEST_STEP][PASSED] - if (waitForElementPresent(background, 30)): null

2022-06-15 16:38:36 - [MESSAGE][PASSED] - Element 'Object Repository/intro screens/Second intro/Background Image' is present

2022-06-15 16:38:36 - [TEST_STEP][PASSED] - markPassed("PASSED: background Image is present on the screen"): PASSED: background Image is present on the screen

2022-06-15 16:38:36 - [MESSAGE][PASSED] - PASSED: background Image is present on the screen

2022-06-15 16:38:36 - [TEST_STEP][PASSED] - if (waitForElementPresent(Continuebutton, 30)): null

2022-06-15 16:38:36 - [MESSAGE][PASSED] - Element 'Object Repository/intro screens/Second intro/Continue button' is present

2022-06-15 16:38:36 - [TEST_STEP][PASSED] - tap(Continuebutton, 30): Tapped on element 'Object Repository/intro screens/Second intro/Continue button'

2022-06-15 16:38:36 - [MESSAGE][PASSED] - Tapped on element 'Object Repository/intro screens/Second intro/Continue button'

2022-06-15 16:38:36 - [TEST_STEP][PASSED] - markPassed("Passed: continue button Element is present"): Passed: continue button Element is present

2022-06-15 16:38:36 - [MESSAGE][PASSED] - Passed: continue button Element is present]]></system-out>
         <system-err><![CDATA[]]></system-err>
      </testcase>
      <system-out><![CDATA[2022-06-15 16:38:11 - [TEST_SUITE][PASSED] - SpotLove Sanity: Test Cases/testing/intro2]]></system-out>
      <system-err><![CDATA[]]></system-err>
   </testsuite>
</testsuites>
